<?xml version="1.0" encoding="UTF-8"?>
<!-- Generated by org.testng.reporters.JUnitReportReporter -->
<testsuite hostname="vdc01hlap0367" name="comcast.test.homepage.VerifyHomePageSections_Old" tests="1" failures="0" timestamp="16 Sep 2016 06:58:54 GMT" time="3.919" errors="0">
  <testcase name="Step01_NavigeteToURL" time="3.919" classname="comcast.test.homepage.VerifyHomePageSections_Old"/>
</testsuite> <!-- comcast.test.homepage.VerifyHomePageSections_Old -->
