<?xml version="1.0" encoding="UTF-8" ?>
<testsuite errors="7" failures="0" hostname="VDC01DELW0204" name="comcast.test.testSuite.runSeleniumTestCasesForQA" skipped="0" tests="238" time="18246.649" timestamp="2015-10-29T18:28:09">
  <properties>
    <property name="java.vendor" value="Oracle Corporation" />
    <property name="env.JENKINS_SERVER_COOKIE" value="7fad01605a21155b" />
    <property name="sun.java.launcher" value="SUN_STANDARD" />
    <property name="sun.management.compiler" value="HotSpot 64-Bit Tiered Compilers" />
    <property name="env.PROMPT" value="$P$G" />
    <property name="os.name" value="Windows 7" />
    <property name="env.FP_NO_HOST_CHECK" value="NO" />
    <property name="sun.boot.class.path" value="C:\Program Files\Java\jdk1.7.0_40\jre\lib\resources.jar;C:\Program Files\Java\jdk1.7.0_40\jre\lib\rt.jar;C:\Program Files\Java\jdk1.7.0_40\jre\lib\sunrsasign.jar;C:\Program Files\Java\jdk1.7.0_40\jre\lib\jsse.jar;C:\Program Files\Java\jdk1.7.0_40\jre\lib\jce.jar;C:\Program Files\Java\jdk1.7.0_40\jre\lib\charsets.jar;C:\Program Files\Java\jdk1.7.0_40\jre\lib\jfr.jar;C:\Program Files\Java\jdk1.7.0_40\jre\classes" />
    <property name="env.COMPUTERNAME" value="VDC01DELW0204" />
    <property name="env.CommonProgramW6432" value="C:\Program Files\Common Files" />
    <property name="env.ALLUSERSPROFILE" value="C:\ProgramData" />
    <property name="sun.desktop" value="windows" />
    <property name="java.vm.specification.vendor" value="Oracle Corporation" />
    <property name="ant.home" value="D:\ant-1.9.1" />
    <property name="java.runtime.version" value="1.7.0_40-b43" />
    <property name="env.BUILD_DISPLAY_NAME" value="#241" />
    <property name="env.HOMEPATH" value="\Users\Manoj.paragen" />
    <property name="user.name" value="manoj.paragen" />
    <property name="user.language" value="en" />
    <property name="env.windows_tracing_flags" value="3" />
    <property name="sun.boot.library.path" value="C:\Program Files\Java\jdk1.7.0_40\jre\bin" />
    <property name="ant.project.default-target" value="build" />
    <property name="ant.project.name" value="Selenium_Web_Driver" />
    <property name="java.version" value="1.7.0_40" />
    <property name="env.PROCESSOR_IDENTIFIER" value="Intel64 Family 6 Model 58 Stepping 9, GenuineIntel" />
    <property name="user.timezone" value="" />
    <property name="env.NODE_NAME" value="master" />
    <property name="env.TEMP" value="C:\Users\MANOJ~1.PAR\AppData\Local\Temp" />
    <property name="sun.arch.data.model" value="64" />
    <property name="java.endorsed.dirs" value="C:\Program Files\Java\jdk1.7.0_40\jre\lib\endorsed" />
    <property name="env._JAVACMD" value="C:\Program Files\Java\jdk1.7.0_40\bin\java.exe" />
    <property name="sun.cpu.isalist" value="amd64" />
    <property name="env.HOMEDRIVE" value="C:" />
    <property name="sun.jnu.encoding" value="Cp1252" />
    <property name="file.encoding.pkg" value="sun.io" />
    <property name="file.separator" value="\" />
    <property name="java.specification.name" value="Java Platform API Specification" />
    <property name="java.class.version" value="51.0" />
    <property name="user.country" value="US" />
    <property name="env.BUILD_NUMBER" value="241" />
    <property name="java.home" value="C:\Program Files\Java\jdk1.7.0_40\jre" />
    <property name="env.PSModulePath" value="C:\Windows\system32\WindowsPowerShell\v1.0\Modules\" />
    <property name="env.ANDROID_HOME" value="E:\adt-bundle-windows" />
    <property name="env.APPDATA" value="C:\Users\Manoj.paragen\AppData\Roaming" />
    <property name="env.PUBLIC" value="C:\Users\Public" />
    <property name="env.windows_tracing_logfile" value="C:\BVTBin\Tests\installpackage\csilogfile.log" />
    <property name="java.vm.info" value="mixed mode" />
    <property name="env.ComSpec" value="C:\Windows\system32\cmd.exe" />
    <property name="env.OS" value="Windows_NT" />
    <property name="env.CommonProgramFiles" value="C:\Program Files\Common Files" />
    <property name="ant.file" value="D:\Watchble_New\Watchable\build.xml" />
    <property name="os.version" value="6.1" />
    <property name="env.ProgramW6432" value="C:\Program Files" />
    <property name="env._USE_CLASSPATH" value="no" />
    <property name="env.HUDSON_COOKIE" value="08351ebd-1fdd-4743-9673-f05709568b6b" />
    <property name="path.separator" value=";" />
    <property name="java.vm.version" value="24.0-b56" />
    <property name="env.USERPROFILE" value="C:\Users\Manoj.paragen" />
    <property name="user.variant" value="" />
    <property name="ant.library.dir" value="D:\ant-1.9.1\lib" />
    <property name="junit.output.dir" value="junit" />
    <property name="env.JOB_NAME" value="Watchable_Functional_Suite" />
    <property name="env.JAVA_HOME" value="C:\Program Files\Java\jdk1.7.0_40" />
    <property name="java.awt.printerjob" value="sun.awt.windows.WPrinterJob" />
    <property name="env.TMP" value="C:\Users\MANOJ~1.PAR\AppData\Local\Temp" />
    <property name="sun.io.unicode.encoding" value="UnicodeLittle" />
    <property name="ant.file.type.Selenium_Web_Driver" value="file" />
    <property name="ant.file.Selenium_Web_Driver" value="D:\Watchble_New\Watchable\build.xml" />
    <property name="env.JMETER_HOME" value="E:\JMeter" />
    <property name="awt.toolkit" value="sun.awt.windows.WToolkit" />
    <property name="user.script" value="" />
    <property name="env.HUDSON_URL" value="http://192.168.162.28:8080/" />
    <property name="env.BUILD_TAG" value="jenkins-Watchable_Functional_Suite-241" />
    <property name="target" value="1.6" />
    <property name="user.home" value="C:\Users\Manoj.paragen" />
    <property name="env.JENKINS_HOME" value="C:\Users\Manoj.paragen\.jenkins" />
    <property name="env.JOB_URL" value="http://192.168.162.28:8080/job/Watchable_Functional_Suite/" />
    <property name="env.ProgramData" value="C:\ProgramData" />
    <property name="env.ProgramFiles(x86)" value="C:\Program Files (x86)" />
    <property name="env.SESSIONNAME" value="Console" />
    <property name="java.specification.vendor" value="Oracle Corporation" />
    <property name="java.vendor.url" value="http://java.oracle.com/" />
    <property name="java.library.path" value="C:\Program Files\Java\jdk1.7.0_40\jre\bin;C:\Windows\Sun\Java\bin;C:\Windows\system32;C:\Windows;C:\Program Files\Java\jdk1.7.0_40/bin;C:\Program Files\Java\jdk1.7.0_40/bin;C:\Program Files\Common Files\Microsoft Shared\Microsoft Online Services;C:\Program Files (x86)\Common Files\Microsoft Shared\Microsoft Online Services;C:\Windows\system32;C:\Windows;C:\Windows\System32\Wbem;C:\Windows\System32\WindowsPowerShell\v1.0\;C:\Program Files\Java\jdk1.7.0_40\bin;E:\JMeter\apache-jmeter-2.9\bin;D:\ant-1.9.1\bin;E:\android-sdks\platform-tools;E:\android-sdks\tools;C:\Program Files\nodejs\;D:\ant-1.9.1/bin;C:\Program Files (x86)\Skype\Phone\;C:\Users\Manoj.paragen\AppData\Roaming\npm;." />
    <property name="env.NUMBER_OF_PROCESSORS" value="4" />
    <property name="env.USERDNSDOMAIN" value="IN.VALTECH.COM" />
    <property name="env.HUDSON_HOME" value="C:\Users\Manoj.paragen\.jenkins" />
    <property name="java.vm.vendor" value="Oracle Corporation" />
    <property name="env.HUDSON_SERVER_COOKIE" value="7fad01605a21155b" />
    <property name="java.runtime.name" value="Java(TM) SE Runtime Environment" />
    <property name="java.class.path" value="D:\Watchble_New\Watchable\bin;D:\Watchble_New\Watchable\lib\selenium-server-standalone-2.43.1.jar;D:\Watchble_New\Watchable\lib\log4j-1.2.17.jar;D:\ant-1.9.1\lib\ant-launcher.jar;D:\ant-1.9.1\lib\ant.jar;D:\ant-1.9.1\lib\ant-junit.jar;D:\ant-1.9.1\lib\ant-junit4.jar" />
    <property name="sun.java.command" value="org.apache.tools.ant.taskdefs.optional.junit.JUnitTestRunner comcast.test.testSuite.runSeleniumTestCasesForQA filtertrace=true haltOnError=false haltOnFailure=false formatter=org.apache.tools.ant.taskdefs.optional.junit.OutErrSummaryJUnitResultFormatter showoutput=false outputtoformatters=true logfailedtests=true logtestlistenerevents=false formatter=org.apache.tools.ant.taskdefs.optional.junit.XMLJUnitResultFormatter,D:\Watchble_New\Watchable\junit\TEST-comcast.test.testSuite.runSeleniumTestCasesForQA.xml crashfile=D:\Watchble_New\Watchable\junitvmwatcher5961119835832348029.properties propsfile=D:\Watchble_New\Watchable\junit4862838269499523645.properties" />
    <property name="ant.version" value="Apache Ant(TM) version 1.9.1 compiled on May 15 2013" />
    <property name="env.EXECUTOR_NUMBER" value="1" />
    <property name="java.vm.specification.name" value="Java Virtual Machine Specification" />
    <property name="ant.file.type" value="file" />
    <property name="env.LOGONSERVER" value="\\INBLR-AD08" />
    <property name="env.windir" value="C:\Windows" />
    <property name="java.vm.specification.version" value="1.7" />
    <property name="env.PROCESSOR_ARCHITECTURE" value="AMD64" />
    <property name="sun.cpu.endian" value="little" />
    <property name="sun.os.patch.level" value="Service Pack 1" />
    <property name="debuglevel" value="source,lines,vars" />
    <property name="env.ProgramFiles" value="C:\Program Files" />
    <property name="env.ANT_HOME" value="D:\ant-1.9.1" />
    <property name="java.io.tmpdir" value="C:\Users\MANOJ~1.PAR\AppData\Local\Temp\" />
    <property name="env.BUILD_URL" value="http://192.168.162.28:8080/job/Watchable_Functional_Suite/241/" />
    <property name="env.PROCESSOR_REVISION" value="3a09" />
    <property name="env.UATDATA" value="C:\Windows\CCM\UATData\D9F8C395-CAB8-491d-B8AC-179A1FE1BE77" />
    <property name="env.CommonProgramFiles(x86)" value="C:\Program Files (x86)\Common Files" />
    <property name="java.vendor.url.bug" value="http://bugreport.sun.com/bugreport/" />
    <property name="env.SystemRoot" value="C:\Windows" />
    <property name="java.awt.graphicsenv" value="sun.awt.Win32GraphicsEnvironment" />
    <property name="os.arch" value="amd64" />
    <property name="env.ANT_CMD_LINE_ARGS" value=" runSeleniumTestCasesForQA" />
    <property name="java.ext.dirs" value="C:\Program Files\Java\jdk1.7.0_40\jre\lib\ext;C:\Windows\Sun\Java\lib\ext" />
    <property name="env.=D:" value="D:\Watchble_New\Watchable" />
    <property name="env.BUILD_ID" value="241" />
    <property name="env.LOCALAPPDATA" value="C:\Users\Manoj.paragen\AppData\Local" />
    <property name="user.dir" value="D:\Watchble_New\Watchable" />
    <property name="line.separator" value="&#xd;&#xa;" />
    <property name="java.vm.name" value="Java HotSpot(TM) 64-Bit Server VM" />
    <property name="env.JENKINS_URL" value="http://192.168.162.28:8080/" />
    <property name="env.PATHEXT" value=".COM;.EXE;.BAT;.CMD;.VBS;.VBE;.JS;.JSE;.WSF;.WSH;.MSC" />
    <property name="env.Path" value="C:\Program Files\Java\jdk1.7.0_40/bin;C:\Program Files\Java\jdk1.7.0_40/bin;C:\Program Files\Common Files\Microsoft Shared\Microsoft Online Services;C:\Program Files (x86)\Common Files\Microsoft Shared\Microsoft Online Services;C:\Windows\system32;C:\Windows;C:\Windows\System32\Wbem;C:\Windows\System32\WindowsPowerShell\v1.0\;C:\Program Files\Java\jdk1.7.0_40\bin;E:\JMeter\apache-jmeter-2.9\bin;D:\ant-1.9.1\bin;E:\android-sdks\platform-tools;E:\android-sdks\tools;C:\Program Files\nodejs\;D:\ant-1.9.1/bin;C:\Program Files (x86)\Skype\Phone\;C:\Users\Manoj.paragen\AppData\Roaming\npm" />
    <property name="basedir" value="D:\Watchble_New\Watchable" />
    <property name="ant.java.version" value="1.7" />
    <property name="ant.core.lib" value="D:\ant-1.9.1\lib\ant.jar" />
    <property name="env.USERNAME" value="manoj.paragen" />
    <property name="source" value="1.6" />
    <property name="env.SystemDrive" value="C:" />
    <property name="file.encoding" value="Cp1252" />
    <property name="env.WORKSPACE" value="D:\Watchble_New\Watchable" />
    <property name="env.USERDOMAIN" value="IN" />
    <property name="java.specification.version" value="1.7" />
    <property name="ant.project.invoked-targets" value="runSeleniumTestCasesForQA" />
    <property name="env.NODE_LABELS" value="master" />
    <property name="env.PROCESSOR_LEVEL" value="6" />
  </properties>
  <testcase classname="comcast.test.app.testCases.homePage.VerifyAllHomeCategoriesAreDisplayed" name="testVerifyAllHomeCategoriesAreDisplayed" time="115.636" />
  <testcase classname="comcast.test.app.testCases.homePage.VerifyHeaderlinksWithoutLogin" name="testVerifyHeaderlinksWithoutLogin" time="71.722" />
  <testcase classname="comcast.test.app.testCases.homePage.VerifyHeaderlinksWithLogin" name="testVerifyHeaderlinksWithLogin" time="88.422" />
  <testcase classname="comcast.test.app.testCases.homePage.VerifyFooterlinksWithoutLogin" name="testVerifyFooterlinksWithoutLogin" time="90.282" />
  <testcase classname="comcast.test.app.testCases.homePage.VerifyFooterlinksWithLogin" name="testVerifyFooterlinksWithLogin" time="105.589" />
  <testcase classname="comcast.test.app.testCases.homePage.VerifyClickingOnWatchableHeaderLogoNavigatesHomePage" name="testVerifyClickingOnWatchableHeaderLogoNavigatesHomePage" time="82.91" />
  <testcase classname="comcast.test.app.testCases.homePage.VerifyClickingOnWatchableFooterLogoNavigatesHomePage" name="testVerifyClickingOnWatchableFooterLogoNavigatesHomePage" time="99.836" />
  <testcase classname="comcast.test.app.testCases.homePage.VerifyFeaturedPlaylistsAreDisplayed" name="testVerifyFeaturedPlaylistsAreDisplayed" time="63.934" />
  <testcase classname="comcast.test.app.testCases.homePage.VerifySixVideosDisplayedInFeaturedPlaylistsSection" name="testVerifySixVideosDisplayedInFeaturedPlaylistsSection" time="50.176" />
  <testcase classname="comcast.test.app.testCases.homePage.VerifySelectedVideoDetailsInFeaturedPlaylists" name="testVerifySelectedVideoDetailsInFeaturedPlaylists" time="52.381" />
  <testcase classname="comcast.test.app.testCases.homePage.VerifyGenreButtonDisplayedInFeaturedPlaylistsVideos" name="testVerifyGenreButtonDisplayedInFeaturedPlaylistsVideos" time="56.723" />
  <testcase classname="comcast.test.app.testCases.homePage.VerifyFeaturedVideosAreDisplayed" name="testVerifyFeaturedVideosAreDisplayed" time="78.29" />
  <testcase classname="comcast.test.app.testCases.homePage.VerifyFeaturedChannelsAreDisplayed" name="testVerifyFeaturedChannelsAreDisplayed" time="73.229" />
  <testcase classname="comcast.test.app.testCases.homePage.VerifyAllGenreCategories" name="testVerifyAllGenreCategories" time="69.158" />
  <testcase classname="comcast.test.app.testCases.homePage.VerifyAllGenreChannelsCategories" name="testVerifyAllGenreChannelsCategories" time="83.771" />
  <testcase classname="comcast.test.app.testCases.homePage.VerifyEightVideosDisplayedInFeaturedVideosSection" name="testVerifyEightVideosDisplayedInFeaturedVideosSection" time="64.494" />
  <testcase classname="comcast.test.app.testCases.homePage.VerifyEightChannelsDisplayedInFeaturedShowSection" name="testVerifyEightChannelsDisplayedInFeaturedShowSection" time="85.541" />
  <testcase classname="comcast.test.app.testCases.homePage.VerifyHomePageTitle" name="testVerifyHomePageTitle" time="65.34" />
  <testcase classname="comcast.test.app.testCases.homePage.VerifyWatchButtonDisplayedInFeaturedPlaylistsVideos" name="testVerifyWatchButtonDisplayedInFeaturedPlaylistsVideos" time="42.444" />
  <testcase classname="comcast.test.app.testCases.homePage.VerifyPlayIconDisplayedInFeaturedPlaylistsVideos" name="testVerifyPlayIconDisplayedInFeaturedPlaylistsVideos" time="63.163" />
  <testcase classname="comcast.test.app.testCases.homePage.VerifyMoreLinkDisplayedInGenreShowSection" name="testVerifyMoreLinkDisplayedInGenreShowSection" time="71.047" />
  <testcase classname="comcast.test.app.testCases.homePage.VerifyFooterWatchableLogoNotClickableInHomePage" name="testVerifyFooterWatchableLogoNotClickableInHomePage" time="92.308" />
  <testcase classname="comcast.test.app.testCases.homePage.VerifyFooterHomeLinkNotClickableInHomePage" name="testVerifyFooterHomeLinkNotClickableInHomePage" time="85.407" />
  <testcase classname="comcast.test.app.testCases.homePage.VerifyHeaderWatchableLogoNotClickableInHomePage" name="testVerifyHeaderWatchableLogoNotClickableInHomePage" time="43.325" />
  <testcase classname="comcast.test.app.testCases.loginPageAndLogin.VeriyLogInPageContent" name="testVeriyLogInPageContent" time="66.803" />
  <testcase classname="comcast.test.app.testCases.loginPageAndLogin.VerifyLoginPageDetailsWithEmptyFields" name="testVerifyLoginPageDetailsWithEmptyFields" time="60.171" />
  <testcase classname="comcast.test.app.testCases.loginPageAndLogin.LoginToWatchableUsingDigits" name="testLoginToWatchableUsingDigits" time="77.64" />
  <testcase classname="comcast.test.app.testCases.loginPageAndLogin.LoginToWatchableUsingInValidPassword" name="testLoginToWatchableUsingInValidPassword" time="74.403" />
  <testcase classname="comcast.test.app.testCases.loginPageAndLogin.LoginToWatchableUsingInValidUserName" name="testLoginToWatchableUsingInValidUserName" time="71.298" />
  <testcase classname="comcast.test.app.testCases.loginPageAndLogin.LoginToWatchableUsingJavaScript" name="testLoginToWatchableUsingJavaScript" time="75.263" />
  <testcase classname="comcast.test.app.testCases.loginPageAndLogin.LoginToWatchableUsingSpecialCharacters" name="testLoginToWatchableUsingSpecialCharacters" time="66.975" />
  <testcase classname="comcast.test.app.testCases.loginPageAndLogin.LoginToWatchableUsingSQLKeyWords" name="testLoginToWatchableUsingSQLKeyWords" time="54.036" />
  <testcase classname="comcast.test.app.testCases.loginPageAndLogin.LoginToWatchableUsingSQLStatement" name="testLoginToWatchableUsingSQLStatement" time="80.49" />
  <testcase classname="comcast.test.app.testCases.loginPageAndLogin.LoginToWatchableWithInValidCredentials" name="testLoginToWatchableWithInValidCredentials" time="69.045" />
  <testcase classname="comcast.test.app.testCases.loginPageAndLogin.VerifyLoginPageMandatoryFields" name="testVerifyLoginPageMandatoryFields" time="61.411" />
  <testcase classname="comcast.test.app.testCases.loginPageAndLogin.LoginToWatchableWithValidCredentials" name="testLoginToWatchableWithValidCredentials" time="52.124" />
  <testcase classname="comcast.test.app.testCases.loginPageAndLogin.ValidateRememberMeFunctionality" name="testValidateRememberMeFunctionality" time="98.122" />
  <testcase classname="comcast.test.app.testCases.loginPageAndLogin.VerifyLogoutFromWatchable" name="testVerifyLogoutFromWatchable" time="107.056" />
  <testcase classname="comcast.test.app.testCases.loginPageAndLogin.VerifyLogInFormCloseButton" name="testVerifyLogInFormCloseButton" time="43.56" />
  <testcase classname="comcast.test.app.testCases.loginPageAndLogin.VerifyUserProfileMenu" name="testVerifyUserProfileMenu" time="69.895" />
  <testcase classname="comcast.test.app.testCases.loginPageAndLogin.VerifyLoginPageDirectURL" name="testVerifyLoginPageDirectURL" time="47.933" />
  <testcase classname="comcast.test.app.testCases.loginPageAndLogin.VeriyForgotPasswordPageContent" name="testVeriyForgotPasswordPageContent" time="54.667" />
  <testcase classname="comcast.test.app.testCases.loginPageAndLogin.VerifyForgotPasswordPageDetailsWithEmptyFields" name="testVerifyForgotPasswordPageDetailsWithEmptyFields" time="55.526" />
  <testcase classname="comcast.test.app.testCases.loginPageAndLogin.VerifyForgotPasswordFunctionalityWithNoEmail" name="testVerifyForgotPasswordFunctionalityWithNoEmail" time="56.646" />
  <testcase classname="comcast.test.app.testCases.loginPageAndLogin.VerifyForgotPasswordWithInValidEmailIdFormat" name="testVerifyForgotPasswordWithInValidEmailIdFormat" time="50.336" />
  <testcase classname="comcast.test.app.testCases.loginPageAndLogin.VerifyForgotPasswordWithInValidEmailId" name="testVerifyForgotPasswordWithInValidEmailId" time="60.077" />
  <testcase classname="comcast.test.app.testCases.loginPageAndLogin.VerifyForgotPasswordFunctionalityWithValidEmail" name="testVerifyForgotPasswordFunctionalityWithValidEmail" time="67.644" />
  <testcase classname="comcast.test.app.testCases.loginPageAndLogin.VerifyForgotPasswordFormCloseButton" name="testVerifyForgotPasswordFormCloseButton" time="52.418" />
  <testcase classname="comcast.test.app.testCases.loginPageAndLogin.VeriyResetPasswordPageContent" name="testVeriyResetPasswordPageContent" time="75.669" />
  <testcase classname="comcast.test.app.testCases.loginPageAndLogin.VerifyChangePasswordPageDetailsWithEmptyFields" name="testVerifyChangePasswordPageDetailsWithEmptyFields" time="73.956" />
  <testcase classname="comcast.test.app.testCases.loginPageAndLogin.VerifyChangePasswordMandatoryFields" name="testVerifyChangePasswordMandatoryFields" time="75.205" />
  <testcase classname="comcast.test.app.testCases.loginPageAndLogin.ValidateChangePassByEnteringCurrentPassword" name="testValidateChangePassByEnteringCurrentPassword" time="87.2" />
  <testcase classname="comcast.test.app.testCases.loginPageAndLogin.ValidateCurrentPasswordWhenChangingPassword" name="testValidateChangePassByEnteringCurrentPassword" time="79.562" />
  <testcase classname="comcast.test.app.testCases.loginPageAndLogin.ValidateNewPasswordAndConfirmPasswordMatch" name="testValidateNewPasswordAndConfirmPasswordMatch" time="87.308" />
  <testcase classname="comcast.test.app.testCases.loginPageAndLogin.VerifyChangePasswordFunctionality" name="testVerifyChangePasswordFunctionality" time="45.135" />
  <testcase classname="comcast.test.app.testCases.loginPageAndLogin.VerifyResetPasswordFormCloseButton" name="testVerifyResetPasswordFormCloseButton" time="76.232" />
  <testcase classname="comcast.test.app.testCases.signUp.VeriySignUpPageContent" name="testVeriySignUpPageContent" time="54.582" />
  <testcase classname="comcast.test.app.testCases.signUp.RegToWatchableWithoutProvidingAnyDetails" name="testRegToWatchableWithoutProvidingAnyDetails" time="56.698" />
  <testcase classname="comcast.test.app.testCases.signUp.ValidateCaptchaMandarotyField" name="testValidateCaptchaMandarotyField" time="62.843" />
  <testcase classname="comcast.test.app.testCases.signUp.RegToWatchableByEnteringExistingEmailID" name="testRegToWatchableByEnteringExistingEmailID" time="55.35" />
  <testcase classname="comcast.test.app.testCases.signUp.RegToWatchableByEnteringInValidEmail" name="testRegToWatchableByEnteringInValidEmail" time="56.498" />
  <testcase classname="comcast.test.app.testCases.signUp.RegToWatchableWithoutEnteringEmail" name="testRegToWatchableWithoutEnteringEmail" time="52.058">
    <error message="invalid element state: Element is not currently interactable and may not be manipulated&#xa;  (Session info: chrome=46.0.2490.80)&#xa;  (Driver info: chromedriver=2.9.248315,platform=Windows NT 6.1 SP1 x86_64) (WARNING: The server did not provide any stacktrace information)&#xa;Command duration or timeout: 664 milliseconds&#xa;Build info: version: &apos;2.43.1&apos;, revision: &apos;5163bce&apos;, time: &apos;2014-09-10 16:27:33&apos;&#xa;System info: host: &apos;VDC01DELW0204&apos;, ip: &apos;192.168.162.28&apos;, os.name: &apos;Windows 7&apos;, os.arch: &apos;amd64&apos;, os.version: &apos;6.1&apos;, java.version: &apos;1.7.0_40&apos;&#xa;Session ID: 3525f9f16911e66507c99d73ccd24765&#xa;Driver info: org.openqa.selenium.chrome.ChromeDriver&#xa;Capabilities [{platform=XP, acceptSslCerts=true, javascriptEnabled=true, browserName=chrome, chrome={userDataDir=C:\Users\MANOJ~1.PAR\AppData\Local\Temp\scoped_dir4876_9189}, rotatable=false, locationContextEnabled=true, version=46.0.2490.80, takesHeapSnapshot=true, cssSelectorsEnabled=true, databaseEnabled=false, handlesAlerts=true, browserConnectionEnabled=false, nativeEvents=true, webStorageEnabled=true, applicationCacheEnabled=false, takesScreenshot=true}]" type="org.openqa.selenium.InvalidElementStateException">org.openqa.selenium.InvalidElementStateException: invalid element state: Element is not currently interactable and may not be manipulated
  (Session info: chrome=46.0.2490.80)
  (Driver info: chromedriver=2.9.248315,platform=Windows NT 6.1 SP1 x86_64) (WARNING: The server did not provide any stacktrace information)
Command duration or timeout: 664 milliseconds
Build info: version: &apos;2.43.1&apos;, revision: &apos;5163bce&apos;, time: &apos;2014-09-10 16:27:33&apos;
System info: host: &apos;VDC01DELW0204&apos;, ip: &apos;192.168.162.28&apos;, os.name: &apos;Windows 7&apos;, os.arch: &apos;amd64&apos;, os.version: &apos;6.1&apos;, java.version: &apos;1.7.0_40&apos;
Session ID: 3525f9f16911e66507c99d73ccd24765
Driver info: org.openqa.selenium.chrome.ChromeDriver
Capabilities [{platform=XP, acceptSslCerts=true, javascriptEnabled=true, browserName=chrome, chrome={userDataDir=C:\Users\MANOJ~1.PAR\AppData\Local\Temp\scoped_dir4876_9189}, rotatable=false, locationContextEnabled=true, version=46.0.2490.80, takesHeapSnapshot=true, cssSelectorsEnabled=true, databaseEnabled=false, handlesAlerts=true, browserConnectionEnabled=false, nativeEvents=true, webStorageEnabled=true, applicationCacheEnabled=false, takesScreenshot=true}]
	at java.lang.reflect.Constructor.newInstance(Constructor.java:526)
	at org.openqa.selenium.remote.ErrorHandler.createThrowable(ErrorHandler.java:204)
	at org.openqa.selenium.remote.ErrorHandler.throwIfResponseFailed(ErrorHandler.java:156)
	at org.openqa.selenium.remote.RemoteWebDriver.execute(RemoteWebDriver.java:599)
	at org.openqa.selenium.remote.RemoteWebElement.execute(RemoteWebElement.java:268)
	at org.openqa.selenium.remote.RemoteWebElement.clear(RemoteWebElement.java:113)
	at comcast.test.app.testCases.signUp.signUpFunctions.SignUpFun.enterSignUpDetails(SignUpFun.java:176)
	at comcast.test.app.testCases.signUp.RegToWatchableWithoutEnteringEmail.testRegToWatchableWithoutEnteringEmail(RegToWatchableWithoutEnteringEmail.java:52)
</error>
  </testcase>
  <testcase classname="comcast.test.app.testCases.signUp.RegToWatchableByProvidingDifferentConfPass" name="testRegToWatchableByProvidingDifferentConfPass" time="60.521" />
  <testcase classname="comcast.test.app.testCases.signUp.RegToWatchableWithoutEnteringConfPass" name="testRegToWatchableWithoutEnteringConfPass" time="64.534" />
  <testcase classname="comcast.test.app.testCases.signUp.RegisterToWatchableByEnteringInValidLengthOfPassword" name="testRegisterToWatchableByEnteringInValidLengthOfPassword" time="55.661" />
  <testcase classname="comcast.test.app.testCases.signUp.RegisterToWatchableByEnteringNonCapitalLetterPassword" name="testRegisterToWatchableByEnteringNonCapitalLetterPassword" time="49.56" />
  <testcase classname="comcast.test.app.testCases.signUp.RegisterToWatchableByEnteringNonDigitPassword" name="testRegisterToWatchableByEnteringNonDigitPassword" time="46.182" />
  <testcase classname="comcast.test.app.testCases.signUp.RegisterToWatchableWithoutEnteringPassword" name="testRegisterToWatchableWithoutEnteringPassword" time="55.858" />
  <testcase classname="comcast.test.app.testCases.signUp.RegToWatchableWithoutSelectingACheckBox" name="testRegToWatchableWithoutSelectingACheckBox" time="51.405" />
  <testcase classname="comcast.test.app.testCases.signUp.VerifySignUpFormCloseButton" name="testVerifySignUpFormCloseButton" time="41.374" />
  <testcase classname="comcast.test.app.testCases.signUp.VerifySignUpPageDirectURL" name="testVerifySignUpPageDirectURL" time="33.49" />
  <testcase classname="comcast.test.app.testCases.signUp.VeriyCaptchaContents" name="testVeriyCaptchaContents" time="39.112" />
  <testcase classname="comcast.test.app.testCases.signUp.VerifyCaptchaButton" name="testVerifyCaptchaButton" time="49.262" />
  <testcase classname="comcast.test.app.testCases.signUp.VerifyCaptchaPrivacyLink" name="testVerifyCaptchaPrivacyLink" time="48.705" />
  <testcase classname="comcast.test.app.testCases.signUp.VerifyCaptchaTermsLink" name="testVerifyCaptchaTermsLink" time="47.651" />
  <testcase classname="comcast.test.app.testCases.signUp.VerifyPresenceOfTermsOfServiceLinkInSignUpForm" name="testVerifyPresenceOfTermsOfServiceLinkInSignUpForm" time="37.855" />
  <testcase classname="comcast.test.app.testCases.signUp.VerifyPresenceOfPrivacyPolicyLinkInSignUpForm" name="testVerifyPresenceOfPrivacyPolicyLinkInSignUpForm" time="36.79" />
  <testcase classname="comcast.test.app.testCases.signUp.VerifyPrivacyPolicyLinkClickableInSignUpForm" name="testVerifyPrivacyPolicyLinkClickableInSignUpForm" time="38.068" />
  <testcase classname="comcast.test.app.testCases.signUp.VerifyTermsOfServiceLinkClickableInSignUpForm" name="testVerifyTermsOfServiceLinkClickableInSignUpForm" time="34.816" />
  <testcase classname="comcast.test.app.testCases.contactUs.VeriyContactUsPageContent" name="testVeriyContactUsPageContent" time="66.686" />
  <testcase classname="comcast.test.app.testCases.contactUs.VerifyContactUsMandatoryFields" name="testVerifyContactUsMandatoryFields" time="86.606" />
  <testcase classname="comcast.test.app.testCases.contactUs.VerifyResetButtonFunctionality" name="testVerifyResetButtonFunctionality" time="85.779" />
  <testcase classname="comcast.test.app.testCases.contactUs.ValidateCaptchaByEnteringInvalidKey" name="testValidateCaptchaByEnteringInvalidKey" time="94.053" />
  <testcase classname="comcast.test.app.testCases.contactUs.VerifyContactUsFormCloseButton" name="testVerifyContactUsFormCloseButton" time="58.243" />
  <testcase classname="comcast.test.app.testCases.contactUs.VeriyContactUsCaptchaButton" name="testVeriyContactUsCaptchaButton" time="78.242" />
  <testcase classname="comcast.test.app.testCases.contactUs.VeriyContactUsCaptchaPrivacyLink" name="testVeriyContactUsCaptchaPrivacyLink" time="71.158" />
  <testcase classname="comcast.test.app.testCases.contactUs.VeriyContactUsCaptchaTermsLink" name="testVeriyContactUsCaptchaTermsLink" time="70.868" />
  <testcase classname="comcast.test.app.testCases.footerLink.VerifyClickingOnHomeFooterLinkNavigatesHomePage" name="testVerifyClickingOnHomeFooterLinkNavigatesHomePage" time="73.425" />
  <testcase classname="comcast.test.app.testCases.footerLink.VerifyHelpLinkTitle" name="testVerifyHelpLinkTitle" time="51.571" />
  <testcase classname="comcast.test.app.testCases.footerLink.VerifyHelpLink" name="testVerifyHelpLink" time="50.812" />
  <testcase classname="comcast.test.app.testCases.footerLink.VerifyPrivacyPolicyLinkTitle" name="testVerifyPrivacyPolicyLinkTitle" time="66.022" />
  <testcase classname="comcast.test.app.testCases.footerLink.VerifyPrivacyPolicyLink" name="testVerifyPrivacyPolicyLink" time="50.918" />
  <testcase classname="comcast.test.app.testCases.footerLink.VerifyTermsOfUseLinkTitle" name="testVerifyTermsOfUseLinkTitle" time="47.066" />
  <testcase classname="comcast.test.app.testCases.footerLink.VerifyTermsOfUseLink" name="testVerifyTermsOfUseLink" time="51.942" />
  <testcase classname="comcast.test.app.testCases.footerLink.VerifyAdChoicesLinkTitle" name="testVerifyAdChoicesLinkTitle" time="52.946" />
  <testcase classname="comcast.test.app.testCases.footerLink.VerifyAdChoicesLink" name="testVerifyAdChoicesLink" time="61.852" />
  <testcase classname="comcast.test.app.testCases.footerLink.VerifyClickOnWatchableLogoFromHelpPageNavigatesHomePage" name="testVerifyClickOnWatchableLogoFromHelpPageNavigatesHomePage" time="63.412" />
  <testcase classname="comcast.test.app.testCases.footerLink.VerifyCopyRightText" name="testVerifyCopyRightText" time="65.739" />
  <testcase classname="comcast.test.app.testCases.footerLink.VerifyHelpPageTitle" name="testVerifyHelpPageTitle" time="75.402" />
  <testcase classname="comcast.test.app.testCases.footerLink.VerifyClickingOnHomeFooterLinkFromHelpPageNavigatesHomePage" name="testVerifyClickingOnHomeFooterLinkFromHelpPageNavigatesHomePage" time="96.279" />
  <testcase classname="comcast.test.app.testCases.footerLink.VerifyUserNavigatingToHomePageLogoutFromHelpPage" name="testVerifyUserNavigatingToHomePageLogoutFromHelpPage" time="123.068" />
  <testcase classname="comcast.test.app.testCases.channelPage.VerifyNavigationToChannelPage" name="testVerifyNavigationToChannelPage" time="63.608" />
  <testcase classname="comcast.test.app.testCases.channelPage.VerifyChannelDetailPageContent" name="testVerifyChannelDetailPageContent" time="75.359" />
  <testcase classname="comcast.test.app.testCases.channelPage.VerifyChannelDetailPageVideoSectionContent" name="testVerifyChannelDetailPageVideoSectionContent" time="64.928" />
  <testcase classname="comcast.test.app.testCases.channelPage.VerifyOtherChannelsSectionContent" name="testVerifyOtherChannelsSectionContent" time="95.838" />
  <testcase classname="comcast.test.app.testCases.channelPage.VerifyNavigationToProviderPageFromOtherChannelsSection" name="testVerifyNavigationToProviderPageFromOtherChannelsSection" time="106.717" />
  <testcase classname="comcast.test.app.testCases.channelPage.VerifyNextButton" name="testVerifyNextButton" time="167.284" />
  <testcase classname="comcast.test.app.testCases.channelPage.VerifyPreviousButton" name="testVerifyPreviousButton" time="278.8" />
  <testcase classname="comcast.test.app.testCases.channelPage.VeriyVideoLastUpdatedInChannelPage" name="testVeriyVideoLastUpdatedInChannelPage" time="76.595" />
  <testcase classname="comcast.test.app.testCases.channelPage.VerifyingClickOnChannlFromOtherChannelsSection" name="testVerifyingClickOnChannlFromOtherChannelsSection" time="95.379" />
  <testcase classname="comcast.test.app.testCases.channelPage.VerifyChannelPageTitle" name="testVerifyChannelPageTitle" time="49.006" />
  <testcase classname="comcast.test.app.testCases.channelPage.VerifyNavigationToChannelPageFromFeaturedShows" name="testVerifyNavigationToChannelPageFromFeaturedVideos" time="50.173" />
  <testcase classname="comcast.test.app.testCases.channelPage.VerifyClickOnWatchableLogoFromShowPageNavigatesHomePage" name="testVerifyClickOnWatchableLogoFromShowPageNavigatesHomePage" time="70.828" />
  <testcase classname="comcast.test.app.testCases.channelPage.VerifyClickingOnHomeFooterLinkFromShowPageNavigatesHomePage" name="testVerifyClickingOnHomeFooterLinkFromShowPageNavigatesHomePage" time="64.344" />
  <testcase classname="comcast.test.app.testCases.channelPage.VerifyUserNavigatingToHomePageLogoutFromShowsPage" name="testVerifyUserNavigatingToHomePageLogoutFromShowsPage" time="99.456" />
  <testcase classname="comcast.test.app.testCases.providerPage.VerifyNavigationToProviderPage" name="testVerifyNavigationToProviderPage" time="73.309" />
  <testcase classname="comcast.test.app.testCases.providerPage.VerifyProviderDetailPageContent" name="testVerifyProviderDetailPageContent" time="79.47" />
  <testcase classname="comcast.test.app.testCases.providerPage.VerifyChannelSection" name="testVerifyChannelSection" time="66.142" />
  <testcase classname="comcast.test.app.testCases.providerPage.VerifyChannelVideoCount" name="testVerifyChannelVideoCount" time="78.818" />
  <testcase classname="comcast.test.app.testCases.providerPage.VerifyingClickOnChannlNavigatingToChannelPage" name="testVerifyingClickOnChannlNavigatingToChannelPage" time="122.144" />
  <testcase classname="comcast.test.app.testCases.providerPage.VerifyClickOnWatchableLogoFromProviderPageNavigatesHomePage" name="testVerifyClickOnWatchableLogoFromProviderPageNavigatesHomePage" time="77.865" />
  <testcase classname="comcast.test.app.testCases.providerPage.VerifyProviderPageTitle" name="testVerifyProviderPageTitle" time="75.117" />
  <testcase classname="comcast.test.app.testCases.providerPage.VerifyNavigationToProviderPageFromFeaturedShows" name="testVerifyNavigationToProviderPageFromFeaturedShows" time="60.415" />
  <testcase classname="comcast.test.app.testCases.providerPage.VerifyClickingOnHomeFooterLinkFromProviderPageNavigatesHomePage" name="testVerifyClickingOnHomeFooterLinkFromProviderPageNavigatesHomePage" time="101.303" />
  <testcase classname="comcast.test.app.testCases.providerPage.VerifyUserNavigatingToHomePageLogoutFromProvidePage" name="testVerifyUserNavigatingToHomePageLogoutFromProvidePage" time="127.244" />
  <testcase classname="comcast.test.app.testCases.search.VerifySearchResultPageContentWithResult" name="testVerifySearchResultPageContentWithResult" time="47.32" />
  <testcase classname="comcast.test.app.testCases.search.VerifySearchResultPageContentWithOutResult" name="testVerifySearchResultPageContentWithOutResult" time="45.3" />
  <testcase classname="comcast.test.app.testCases.search.SearchWithChannelName" name="testSearchWithChannelName" time="58.104" />
  <testcase classname="comcast.test.app.testCases.search.SearchWithChannelId" name="testSearchWithChannelId" time="50.87" />
  <testcase classname="comcast.test.app.testCases.search.SearchWithVideoName" name="testSearchWithVideoName" time="51.266" />
  <testcase classname="comcast.test.app.testCases.search.SearchWithVideoId" name="testSearchWithVideoId" time="58.284" />
  <testcase classname="comcast.test.app.testCases.search.SearchWithProviderName" name="testSearchWithProviderName" time="56.899" />
  <testcase classname="comcast.test.app.testCases.search.SearchWithProviderId" name="testSearchWithProviderId" time="61.257" />
  <testcase classname="comcast.test.app.testCases.search.SearchWithInvalidKey" name="testSearchWithInvalidKey" time="40.673" />
  <testcase classname="comcast.test.app.testCases.search.SearchWithDigitsKey" name="testSearchWithDigitsKey" time="58.413" />
  <testcase classname="comcast.test.app.testCases.search.SearchWithSpecialCharacters" name="testSearchWithSpecialCharacters" time="53.962" />
  <testcase classname="comcast.test.app.testCases.search.VerifyBackToHomepageLinkWhenNoResult" name="testVerifyBackToHomepageLinkWhenNoResult" time="55.458" />
  <testcase classname="comcast.test.app.testCases.search.VerifyClickOnWatchableLogoFromSearchResultPageNavigatesHomePage" name="testVerifyClickOnWatchableLogoFromSearchResultPageNavigatesHomePage" time="45.227" />
  <testcase classname="comcast.test.app.testCases.search.VerifySearchResultPageTitle" name="testVerifySearchResultPageTitle" time="36.099" />
  <testcase classname="comcast.test.app.testCases.search.VerifyNavigatingToShowPageFromShowSectionFromSearchResult" name="testVerifyNavigatingToShowPageFromShowSectionFromSearchResult" time="48.769" />
  <testcase classname="comcast.test.app.testCases.search.VerifyNavigatingToShowPageFromVideoSectionFromSearchResult" name="testVerifyNavigatingToShowPageFromVideoSectionFromSearchResult" time="48.564" />
  <testcase classname="comcast.test.app.testCases.search.VerifyClickingOnHomeFooterLinkFromSearchResultPageNavigatesHomePage" name="testVerifyClickingOnHomeFooterLinkFromSearchResultPageNavigatesHomePage" time="78.015" />
  <testcase classname="comcast.test.app.testCases.search.VerifyUserNavigatingToHomePageLogoutFromSearchResultPage" name="testVerifyUserNavigatingToHomePageLogoutFromSearchResultPage" time="92.848" />
  <testcase classname="comcast.test.app.testCases.myWatchlist.VeriyMyWatchlistTitle" name="testVeriyMyWatchlistTitle" time="26.852" />
  <testcase classname="comcast.test.app.testCases.myWatchlist.VeriyClickOnMyWatchlistWithOutLogin" name="testVeriyClickOnMyWatchlistWithOutLogin" time="32.074" />
  <testcase classname="comcast.test.app.testCases.myWatchlist.VerifyNavigatingToMyWatchlistAfterLoginFromPopup" name="testVerifyNavigatingToMyWatchlistAfterLoginFromPopup" time="48.337" />
  <testcase classname="comcast.test.app.testCases.myWatchlist.VerifyNavigatingToMyWatchlistAfterLogin" name="testVerifyNavigatingToMyWatchlistAfterLogin" time="52.421" />
  <testcase classname="comcast.test.app.testCases.myWatchlist.VerifyNavigatingToChannelPageFromMyWatchlistPage" name="testVerifyNavigatingToChannelPageFromMyWatchlistPage" time="65.425" />
  <testcase classname="comcast.test.app.testCases.myWatchlist.VerifyChannelNameDisplayInMyWatchlistPageWhenVideosPresent" name="testVerifyChannelNameDisplayInMyWatchlistPageWhenVideosPresent" time="55.204" />
  <testcase classname="comcast.test.app.testCases.myWatchlist.VerifyMyWatchlistPageContentWhenVideosPresent" name="testVerifyMyWatchlistPageContentWhenVideosPresent" time="56.094" />
  <testcase classname="comcast.test.app.testCases.myWatchlist.VerifyMyWatchlistPageContentWhenVideosNotPresent" name="testVerifyMyWatchlistPageContentWhenVideosNotPresent" time="61.113" />
  <testcase classname="comcast.test.app.testCases.myWatchlist.VerifyNavigatingToChannelPageFromMyWatchlist" name="testVerifyNavigatingToChannelPageFromMyWatchlist" time="124.057" />
  <testcase classname="comcast.test.app.testCases.myWatchlist.VerifyUserNavigatingToHomePageLogoutFromMyWatchlist" name="testVerifyUserNavigatingToHomePageLogoutFromMyWatchlist" time="104.066" />
  <testcase classname="comcast.test.app.testCases.myWatchlist.VerifyClickOnWatchableLogoFromMyWatchlistPageNavigatesHomePage" name="testVerifyClickOnWatchableLogoFromMyWatchlistPageNavigatesHomePage" time="66.595" />
  <testcase classname="comcast.test.app.testCases.myWatchlist.VerifyMyWatchlistPageTitle" name="testVerifyMyWatchlistPageTitle" time="54.679" />
  <testcase classname="comcast.test.app.testCases.myWatchlist.VerifyNavigatingToShowsPageFromFeaturedShowsSectionOfMyShows" name="testVerifyNavigatingToShowsPageFromFeaturedShowsSectionOfMyShows" time="67.652" />
  <testcase classname="comcast.test.app.testCases.myWatchlist.VerifyMyWatchlistPageVideosSectionDetails" name="testVerifyMyWatchlistPageVideosSectionDetails" time="60.666" />
  <testcase classname="comcast.test.app.testCases.myWatchlist.VerifyNavigatingToShowPageAfterClickingOnShowTitle" name="testVerifyNavigatingToShowPageAfterClickingOnShowTitle" time="67.228" />
  <testcase classname="comcast.test.app.testCases.myWatchlist.VerifyClickingOnHomeFooterLinkFromMyShowsPageNavigatesHomePage" name="testVerifyClickingOnHomeFooterLinkFromMyShowsPageNavigatesHomePage" time="113.579" />
  <testcase classname="comcast.test.app.testCases.follow.VerifyFollowFromChannelPageWithoutLogin" name="testVerifyFollowFromChannelPageWithoutLogin" time="71.405" />
  <testcase classname="comcast.test.app.testCases.follow.VerifyFollowFromVideoPageWithoutLogin" name="testVerifyFollowFromVideoPageWithoutLogin" time="83.43" />
  <testcase classname="comcast.test.app.testCases.follow.VerifyFollowFromVideoControlWithoutLogin" name="testVerifyFollowFromVideoControlWithoutLogin" time="93.757" />
  <testcase classname="comcast.test.app.testCases.follow.VerifyFollowFromChannelPageAfterLogin" name="testVerifyFollowFromChannelPageAfterLogin" time="66.589" />
  <testcase classname="comcast.test.app.testCases.follow.VerifyFollowFromVideoPageAfterLogin" name="testVerifyFollowFromVideoPageAfterLogin" time="127.287" />
  <testcase classname="comcast.test.app.testCases.follow.VerifyFollowFromVideoControlAfterLogin" name="testVerifyFollowFromVideoControlAfterLogin" time="111.735" />
  <testcase classname="comcast.test.app.testCases.follow.VerifyUnfollowConfirmationPopupDisplay" name="testVerifyUnfollowConfirmationPopupDisplay" time="70.144" />
  <testcase classname="comcast.test.app.testCases.follow.VerifyUnfollowFromChannelPage" name="testVerifyUnfollowFromChannelPage" time="54.216" />
  <testcase classname="comcast.test.app.testCases.follow.VerifyUnfollowFromVideoPage" name="testVerifyUnfollowFromVideoPage" time="129.049" />
  <testcase classname="comcast.test.app.testCases.follow.VerifyUnfollowFromVideoPlayerControls" name="testVerifyUnfollowFromVideoPlayerControls" time="54.991" />
  <testcase classname="comcast.test.app.testCases.follow.VerifyFollowConfirmationPopupDisplay" name="testVerifyFollowConfirmationPopupDisplay" time="87.758" />
  <testcase classname="comcast.test.app.testCases.socialSharing.VerifyPresenceOfSocialSharingFunctionalityInVideoControls" name="testVerifyPresenceOfSocialSharingFunctionalityInVideoControls" time="84.356" />
  <testcase classname="comcast.test.app.testCases.socialSharing.VerifyFacebookFunctionalityFromVideoControls" name="testVerifyFacebookFunctionalityFromVideoControls" time="108.917" />
  <testcase classname="comcast.test.app.testCases.socialSharing.VerifyTwitterFunctionalityFromVideoControls" name="testVerifyTwitterFunctionalityFromVideoControls" time="130.684">
    <error message="Timed out after 30 seconds waiting for element to be clickable: By.xpath: //div[@id=&apos;player_container&apos;]/descendant::li[@class=&apos;share&apos;]/descendant::li[2]&#xa;Build info: version: &apos;2.43.1&apos;, revision: &apos;5163bce&apos;, time: &apos;2014-09-10 16:27:33&apos;&#xa;System info: host: &apos;VDC01DELW0204&apos;, ip: &apos;192.168.162.28&apos;, os.name: &apos;Windows 7&apos;, os.arch: &apos;amd64&apos;, os.version: &apos;6.1&apos;, java.version: &apos;1.7.0_40&apos;&#xa;Session ID: 8e3be7d9c2df5b1a4a422b5e5782cd77&#xa;Driver info: org.openqa.selenium.chrome.ChromeDriver&#xa;Capabilities [{platform=XP, acceptSslCerts=true, javascriptEnabled=true, browserName=chrome, chrome={userDataDir=C:\Users\MANOJ~1.PAR\AppData\Local\Temp\scoped_dir2124_18339}, rotatable=false, locationContextEnabled=true, version=46.0.2490.80, takesHeapSnapshot=true, cssSelectorsEnabled=true, databaseEnabled=false, handlesAlerts=true, browserConnectionEnabled=false, nativeEvents=true, webStorageEnabled=true, applicationCacheEnabled=false, takesScreenshot=true}]" type="org.openqa.selenium.TimeoutException">org.openqa.selenium.TimeoutException: Timed out after 30 seconds waiting for element to be clickable: By.xpath: //div[@id=&apos;player_container&apos;]/descendant::li[@class=&apos;share&apos;]/descendant::li[2]
Build info: version: &apos;2.43.1&apos;, revision: &apos;5163bce&apos;, time: &apos;2014-09-10 16:27:33&apos;
System info: host: &apos;VDC01DELW0204&apos;, ip: &apos;192.168.162.28&apos;, os.name: &apos;Windows 7&apos;, os.arch: &apos;amd64&apos;, os.version: &apos;6.1&apos;, java.version: &apos;1.7.0_40&apos;
Session ID: 8e3be7d9c2df5b1a4a422b5e5782cd77
Driver info: org.openqa.selenium.chrome.ChromeDriver
Capabilities [{platform=XP, acceptSslCerts=true, javascriptEnabled=true, browserName=chrome, chrome={userDataDir=C:\Users\MANOJ~1.PAR\AppData\Local\Temp\scoped_dir2124_18339}, rotatable=false, locationContextEnabled=true, version=46.0.2490.80, takesHeapSnapshot=true, cssSelectorsEnabled=true, databaseEnabled=false, handlesAlerts=true, browserConnectionEnabled=false, nativeEvents=true, webStorageEnabled=true, applicationCacheEnabled=false, takesScreenshot=true}]
	at org.openqa.selenium.support.ui.WebDriverWait.timeoutException(WebDriverWait.java:79)
	at org.openqa.selenium.support.ui.FluentWait.until(FluentWait.java:228)
	at comcast.test.app.testCases.socialSharing.socialSharingFunctions.SocialSharingFun.clickonTwitterButtonFromPlayer(SocialSharingFun.java:208)
	at comcast.test.app.testCases.socialSharing.VerifyTwitterFunctionalityFromVideoControls.testVerifyTwitterFunctionalityFromVideoControls(VerifyTwitterFunctionalityFromVideoControls.java:89)
</error>
  </testcase>
  <testcase classname="comcast.test.app.testCases.socialSharing.VerifyEmailFunctionalityFromVideoControls" name="testVerifyEmailFunctionalityFromVideoControls" time="133.057">
    <error message="Timed out after 30 seconds waiting for element to be clickable: By.xpath: //div[@id=&apos;player_container&apos;]/descendant::li[@class=&apos;share&apos;]/descendant::li[3]&#xa;Build info: version: &apos;2.43.1&apos;, revision: &apos;5163bce&apos;, time: &apos;2014-09-10 16:27:33&apos;&#xa;System info: host: &apos;VDC01DELW0204&apos;, ip: &apos;192.168.162.28&apos;, os.name: &apos;Windows 7&apos;, os.arch: &apos;amd64&apos;, os.version: &apos;6.1&apos;, java.version: &apos;1.7.0_40&apos;&#xa;Session ID: 3879bc59687a7fd3e67dc53fe99bd7b3&#xa;Driver info: org.openqa.selenium.chrome.ChromeDriver&#xa;Capabilities [{platform=XP, acceptSslCerts=true, javascriptEnabled=true, browserName=chrome, chrome={userDataDir=C:\Users\MANOJ~1.PAR\AppData\Local\Temp\scoped_dir4760_5631}, rotatable=false, locationContextEnabled=true, version=46.0.2490.80, takesHeapSnapshot=true, cssSelectorsEnabled=true, databaseEnabled=false, handlesAlerts=true, browserConnectionEnabled=false, nativeEvents=true, webStorageEnabled=true, applicationCacheEnabled=false, takesScreenshot=true}]" type="org.openqa.selenium.TimeoutException">org.openqa.selenium.TimeoutException: Timed out after 30 seconds waiting for element to be clickable: By.xpath: //div[@id=&apos;player_container&apos;]/descendant::li[@class=&apos;share&apos;]/descendant::li[3]
Build info: version: &apos;2.43.1&apos;, revision: &apos;5163bce&apos;, time: &apos;2014-09-10 16:27:33&apos;
System info: host: &apos;VDC01DELW0204&apos;, ip: &apos;192.168.162.28&apos;, os.name: &apos;Windows 7&apos;, os.arch: &apos;amd64&apos;, os.version: &apos;6.1&apos;, java.version: &apos;1.7.0_40&apos;
Session ID: 3879bc59687a7fd3e67dc53fe99bd7b3
Driver info: org.openqa.selenium.chrome.ChromeDriver
Capabilities [{platform=XP, acceptSslCerts=true, javascriptEnabled=true, browserName=chrome, chrome={userDataDir=C:\Users\MANOJ~1.PAR\AppData\Local\Temp\scoped_dir4760_5631}, rotatable=false, locationContextEnabled=true, version=46.0.2490.80, takesHeapSnapshot=true, cssSelectorsEnabled=true, databaseEnabled=false, handlesAlerts=true, browserConnectionEnabled=false, nativeEvents=true, webStorageEnabled=true, applicationCacheEnabled=false, takesScreenshot=true}]
	at org.openqa.selenium.support.ui.WebDriverWait.timeoutException(WebDriverWait.java:79)
	at org.openqa.selenium.support.ui.FluentWait.until(FluentWait.java:228)
	at comcast.test.app.testCases.socialSharing.socialSharingFunctions.SocialSharingFun.clickonEmailButtonFromPlayer(SocialSharingFun.java:111)
	at comcast.test.app.testCases.socialSharing.VerifyEmailFunctionalityFromVideoControls.testVerifyEmailFunctionalityFromVideoControls(VerifyEmailFunctionalityFromVideoControls.java:89)
</error>
  </testcase>
  <testcase classname="comcast.test.app.testCases.socialSharing.VerifyEmailSharringPopuoWindowContents" name="testVerifyEmailSharringPopuoWindowContents" time="104.298" />
  <testcase classname="comcast.test.app.testCases.socialSharing.VerifyEmailSharingFormMessageContent" name="testVerifyEmailSharingFormMessageContent" time="103.087" />
  <testcase classname="comcast.test.app.testCases.socialSharing.VerifyEmailSharingFormCloseButton" name="testVerifyEmailSharingFormCloseButton" time="108.334" />
  <testcase classname="comcast.test.app.testCases.socialSharing.VerifyEmailSharingSendWithBlankFields" name="testVerifyEmailSharingSendWithBlankFields" time="106.178" />
  <testcase classname="comcast.test.app.testCases.socialSharing.VerifyEmailSharingSendFunctionality" name="testVerifyEmailSharingSendFunctionality" time="143.533">
    <error message="Timed out after 30 seconds waiting for element to be clickable: By.xpath: //div[@id=&apos;player_container&apos;]/descendant::li[@class=&apos;share&apos;]/descendant::li[3]&#xa;Build info: version: &apos;2.43.1&apos;, revision: &apos;5163bce&apos;, time: &apos;2014-09-10 16:27:33&apos;&#xa;System info: host: &apos;VDC01DELW0204&apos;, ip: &apos;192.168.162.28&apos;, os.name: &apos;Windows 7&apos;, os.arch: &apos;amd64&apos;, os.version: &apos;6.1&apos;, java.version: &apos;1.7.0_40&apos;&#xa;Session ID: 0bdfe31f256cafb911da8e17ad950bfc&#xa;Driver info: org.openqa.selenium.chrome.ChromeDriver&#xa;Capabilities [{platform=XP, acceptSslCerts=true, javascriptEnabled=true, browserName=chrome, chrome={userDataDir=C:\Users\MANOJ~1.PAR\AppData\Local\Temp\scoped_dir5448_23358}, rotatable=false, locationContextEnabled=true, version=46.0.2490.80, takesHeapSnapshot=true, cssSelectorsEnabled=true, databaseEnabled=false, handlesAlerts=true, browserConnectionEnabled=false, nativeEvents=true, webStorageEnabled=true, applicationCacheEnabled=false, takesScreenshot=true}]" type="org.openqa.selenium.TimeoutException">org.openqa.selenium.TimeoutException: Timed out after 30 seconds waiting for element to be clickable: By.xpath: //div[@id=&apos;player_container&apos;]/descendant::li[@class=&apos;share&apos;]/descendant::li[3]
Build info: version: &apos;2.43.1&apos;, revision: &apos;5163bce&apos;, time: &apos;2014-09-10 16:27:33&apos;
System info: host: &apos;VDC01DELW0204&apos;, ip: &apos;192.168.162.28&apos;, os.name: &apos;Windows 7&apos;, os.arch: &apos;amd64&apos;, os.version: &apos;6.1&apos;, java.version: &apos;1.7.0_40&apos;
Session ID: 0bdfe31f256cafb911da8e17ad950bfc
Driver info: org.openqa.selenium.chrome.ChromeDriver
Capabilities [{platform=XP, acceptSslCerts=true, javascriptEnabled=true, browserName=chrome, chrome={userDataDir=C:\Users\MANOJ~1.PAR\AppData\Local\Temp\scoped_dir5448_23358}, rotatable=false, locationContextEnabled=true, version=46.0.2490.80, takesHeapSnapshot=true, cssSelectorsEnabled=true, databaseEnabled=false, handlesAlerts=true, browserConnectionEnabled=false, nativeEvents=true, webStorageEnabled=true, applicationCacheEnabled=false, takesScreenshot=true}]
	at org.openqa.selenium.support.ui.WebDriverWait.timeoutException(WebDriverWait.java:79)
	at org.openqa.selenium.support.ui.FluentWait.until(FluentWait.java:228)
	at comcast.test.app.testCases.socialSharing.socialSharingFunctions.SocialSharingFun.clickonEmailButtonFromPlayer(SocialSharingFun.java:111)
	at comcast.test.app.testCases.socialSharing.VerifyEmailSharingSendFunctionality.testVerifyEmailSharingSendFunctionality(VerifyEmailSharingSendFunctionality.java:90)
</error>
  </testcase>
  <testcase classname="comcast.test.app.testCases.socialSharing.VerifyEmailSharingSendWithInvalidEmails" name="testVerifyEmailSharingSendWithInvalidEmails" time="122.57" />
  <testcase classname="comcast.test.app.testCases.socialSharing.VerifyEmailSharingSendWithInvalidFromEmail" name="testVerifyEmailSharingSendWithInvalidFromEmail" time="126.365">
    <error message="Timed out after 30 seconds waiting for element to be clickable: By.xpath: //div[@id=&apos;player_container&apos;]/descendant::li[@class=&apos;share&apos;]/descendant::li[3]&#xa;Build info: version: &apos;2.43.1&apos;, revision: &apos;5163bce&apos;, time: &apos;2014-09-10 16:27:33&apos;&#xa;System info: host: &apos;VDC01DELW0204&apos;, ip: &apos;192.168.162.28&apos;, os.name: &apos;Windows 7&apos;, os.arch: &apos;amd64&apos;, os.version: &apos;6.1&apos;, java.version: &apos;1.7.0_40&apos;&#xa;Session ID: 0c71184c5ef954788e0a6f917c0b666e&#xa;Driver info: org.openqa.selenium.chrome.ChromeDriver&#xa;Capabilities [{platform=XP, acceptSslCerts=true, javascriptEnabled=true, browserName=chrome, chrome={userDataDir=C:\Users\MANOJ~1.PAR\AppData\Local\Temp\scoped_dir6952_14544}, rotatable=false, locationContextEnabled=true, version=46.0.2490.80, takesHeapSnapshot=true, cssSelectorsEnabled=true, databaseEnabled=false, handlesAlerts=true, browserConnectionEnabled=false, nativeEvents=true, webStorageEnabled=true, applicationCacheEnabled=false, takesScreenshot=true}]" type="org.openqa.selenium.TimeoutException">org.openqa.selenium.TimeoutException: Timed out after 30 seconds waiting for element to be clickable: By.xpath: //div[@id=&apos;player_container&apos;]/descendant::li[@class=&apos;share&apos;]/descendant::li[3]
Build info: version: &apos;2.43.1&apos;, revision: &apos;5163bce&apos;, time: &apos;2014-09-10 16:27:33&apos;
System info: host: &apos;VDC01DELW0204&apos;, ip: &apos;192.168.162.28&apos;, os.name: &apos;Windows 7&apos;, os.arch: &apos;amd64&apos;, os.version: &apos;6.1&apos;, java.version: &apos;1.7.0_40&apos;
Session ID: 0c71184c5ef954788e0a6f917c0b666e
Driver info: org.openqa.selenium.chrome.ChromeDriver
Capabilities [{platform=XP, acceptSslCerts=true, javascriptEnabled=true, browserName=chrome, chrome={userDataDir=C:\Users\MANOJ~1.PAR\AppData\Local\Temp\scoped_dir6952_14544}, rotatable=false, locationContextEnabled=true, version=46.0.2490.80, takesHeapSnapshot=true, cssSelectorsEnabled=true, databaseEnabled=false, handlesAlerts=true, browserConnectionEnabled=false, nativeEvents=true, webStorageEnabled=true, applicationCacheEnabled=false, takesScreenshot=true}]
	at org.openqa.selenium.support.ui.WebDriverWait.timeoutException(WebDriverWait.java:79)
	at org.openqa.selenium.support.ui.FluentWait.until(FluentWait.java:228)
	at comcast.test.app.testCases.socialSharing.socialSharingFunctions.SocialSharingFun.clickonEmailButtonFromPlayer(SocialSharingFun.java:111)
	at comcast.test.app.testCases.socialSharing.VerifyEmailSharingSendWithInvalidFromEmail.testVerifyEmailSharingSendWithInvalidFromEmail(VerifyEmailSharingSendWithInvalidFromEmail.java:87)
</error>
  </testcase>
  <testcase classname="comcast.test.app.testCases.socialSharing.VerifyEmailSharingSendWithInvalidToEmail" name="testVerifyEmailSharingSendWithInvalidToEmail" time="104.664" />
  <testcase classname="comcast.test.app.testCases.socialSharing.VerifyCopyUrlFunctionalityFromVideoControls" name="testVerifyCopyUrlFunctionalityFromVideoControls" time="100.495" />
  <testcase classname="comcast.test.app.testCases.playLists.VeriyPlayListsTitle" name="testVeriyPlayListsTitle" time="28.636" />
  <testcase classname="comcast.test.app.testCases.playLists.VeriyPlayListsPageTitle" name="testVeriyPlayListsPageTitle" time="40.003" />
  <testcase classname="comcast.test.app.testCases.playLists.VerifyClickOnWatchableLogoFromAllPlayListsPageNavigatesHomePage" name="testVerifyClickOnWatchableLogoFromAllPlayListsPageNavigatesHomePage" time="49.851" />
  <testcase classname="comcast.test.app.testCases.playLists.VerifyAllPlayListsPageContents" name="testVerifyAllPlayListsPageContents" time="40.243" />
  <testcase classname="comcast.test.app.testCases.playLists.VerifySinglePlayListContents" name="testVerifySinglePlayListContents" time="42.221" />
  <testcase classname="comcast.test.app.testCases.playLists.VerifyVideoPageTitleNavigatingFromPlayList" name="testVerifyVideoPageTitleNavigatingFromPlayList" time="69.703" />
  <testcase classname="comcast.test.app.testCases.playLists.VerifyNavigatingToVideoPageClickingOnWatchLinkFromPlayList" name="testVerifyNavigatingToVideoPageClickingOnWatchLinkFromPlayList" time="69.79" />
  <testcase classname="comcast.test.app.testCases.playLists.VerifyNavigatingToVideoPageClickingOnPlayIconFromPlayList" name="testVerifyNavigatingToVideoPageClickingOnPlayIconFromPlayList" time="70.132" />
  <testcase classname="comcast.test.app.testCases.playLists.VerifyNavigatingToVideoPageClickingOnGenreButtonFromPlayList" name="testVerifyNavigatingToVideoPageClickingOnGenreButtonFromPlayList" time="71.285" />
  <testcase classname="comcast.test.app.testCases.playLists.VerifyNavigatingToVideoPageClickingOnPlayListImgFromPlayList" name="testVerifyNavigatingToVideoPageClickingOnPlayListImgFromPlayList" time="69.471" />
  <testcase classname="comcast.test.app.testCases.playLists.VerifyNavigatingToVideoPageClickingOnPlayListTitleFromPlayList" name="testVerifyNavigatingToVideoPageClickingOnPlayListTitleFromPlayList" time="70.837" />
  <testcase classname="comcast.test.app.testCases.playLists.VerifyNavigatingToVideoPageClickingOnPlayListDescFromPlayList" name="testVerifyNavigatingToVideoPageClickingOnPlayListDescFromPlayList" time="70.399" />
  <testcase classname="comcast.test.app.testCases.playLists.VerifyNavigatingToVideoPageClickingOnPlayListVideoDetailFromPlayList" name="testVerifyNavigatingToVideoPageClickingOnPlayListVideoDetailFromPlayList" time="70.679" />
  <testcase classname="comcast.test.app.testCases.playLists.VerifyPlayListShareOptionInVideoPage" name="testVerifyPlayListShareOptionInVideoPage" time="77.265" />
  <testcase classname="comcast.test.app.testCases.playLists.VerifyCopyPlayListUrlButton" name="testVerifyPlayListShareOptionInVideoPage" time="78.641" />
  <testcase classname="comcast.test.app.testCases.playLists.VerifyPlayListEmailSharringPopuoWindowContents" name="testVerifyPlayListEmailSharringPopuoWindowContents" time="95.35" />
  <testcase classname="comcast.test.app.testCases.playLists.VerifyPlayListEmailSharringFormCloseButton" name="testVerifyPlayListEmailSharringFormCloseButton" time="94.564" />
  <testcase classname="comcast.test.app.testCases.playLists.VerifyPlayListEmailSharringFunctionality" name="testVerifyPlayListEmailSharringFunctionality" time="89.14" />
  <testcase classname="comcast.test.app.testCases.playLists.VerifyPlayListSharingFormMessageContent" name="testVerifyPlayListSharingFormMessageContent" time="90.041" />
  <testcase classname="comcast.test.app.testCases.playLists.VerifyPlayListSharingSendFunctionality" name="testVerifyPlayListSharingSendFunctionality" time="98.529" />
  <testcase classname="comcast.test.app.testCases.playLists.VerifyPlayListSharingSendWithBlankFields" name="testVerifyPlayListSharingSendWithBlankFields" time="100.979" />
  <testcase classname="comcast.test.app.testCases.playLists.VerifyPlayListSharingSendWithInvalidEmails" name="testVerifyPlayListSharingSendWithInvalidEmails" time="100.149" />
  <testcase classname="comcast.test.app.testCases.playLists.VerifyPlayListSharingSendWithInvalidFromEmail" name="testVerifyPlayListSharingSendWithInvalidFromEmail" time="98.274" />
  <testcase classname="comcast.test.app.testCases.playLists.VerifyPlayListSharingSendWithInvalidToEmail" name="testVerifyPlayListSharingSendWithInvalidToEmail" time="97.64" />
  <testcase classname="comcast.test.app.testCases.playLists.VerifyPlayListSharingTwitterFunctionality" name="testVerifyPlayListSharingTwitterFunctionality" time="94.52" />
  <testcase classname="comcast.test.app.testCases.playLists.VerifyPlayListSharingFaceBookFunctionality" name="testVerifyPlayListSharingFaceBookFunctionality" time="92.978" />
  <testcase classname="comcast.test.app.testCases.playLists.VerifyClickingOnHomeFooterLinkFromPlayListsPageNavigatesHomePage" name="testVerifyClickingOnHomeFooterLinkFromPlayListsPageNavigatesHomePage" time="67.504" />
  <testcase classname="comcast.test.app.testCases.playLists.VerifyUserNavigatingToHomePageLogoutFromAllPlayListsPage" name="testVerifyUserNavigatingToHomePageLogoutFromAllPlayListsPage" time="106.487" />
  <testcase classname="comcast.test.app.testCases.playerVideoPage.VerifyNavigatingToVideoPageFromHomePage" name="testVerifyNavigatingToVideoPageFromHomePage" time="76.981" />
  <testcase classname="comcast.test.app.testCases.playerVideoPage.VerifyNavigatingToVideoPageFromChannelPage" name="testVerifyNavigatingToVideoPageFromChannelPage" time="102.928" />
  <testcase classname="comcast.test.app.testCases.playerVideoPage.VerifyNavigatingToVideoPageFromSearchResultPage" name="testVerifyNavigatingToVideoPageFromSearchResultPage" time="68.042" />
  <testcase classname="comcast.test.app.testCases.playerVideoPage.VerifyNavigatingToVideoPageFromMyWatchlistPage" name="testVerifyNavigatingToVideoPageFromMyWatchlistPage" time="93.714" />
  <testcase classname="comcast.test.app.testCases.playerVideoPage.VerifyControlsOnVideoPlayerDuringPlay" name="testVerifyControlsOnVideoPlayerDuringPlay" time="189.969" />
  <testcase classname="comcast.test.app.testCases.playerVideoPage.VerifyControlsOnVideoPlayerDuringPause" name="testVerifyControlsOnVideoPlayerDuringPause" time="197.293" />
  <testcase classname="comcast.test.app.testCases.playerVideoPage.VerifyCurrentDuration" name="testVerifyCurrentDuration" time="108.352" />
  <testcase classname="comcast.test.app.testCases.playerVideoPage.VerifyVideoTotalDuration" name="testVerifyVideoTotalDuration" time="127.204" />
  <testcase classname="comcast.test.app.testCases.playerVideoPage.VerifyCurrentPlayingVideoTitle" name="testVerifyCurrentPlayingVideoTitle" time="75.434" />
  <testcase classname="comcast.test.app.testCases.playerVideoPage.VerifyChannelNameOfCurrentPlayingVideo" name="testVerifyChannelNameOfCurrentPlayingVideo" time="82.901" />
  <testcase classname="comcast.test.app.testCases.playerVideoPage.VerifyNavigatingToChannelPageFromVideoPage" name="testVerifyNavigatingToChannelPageFromVideoPage" time="92.712" />
  <testcase classname="comcast.test.app.testCases.playerVideoPage.VerifyPauseFunctionality" name="testVerifyPauseFunctionality" time="104.616" />
  <testcase classname="comcast.test.app.testCases.playerVideoPage.VerifyReportWithoutLogin" name="testVerifyReportWithoutLogin" time="122.449">
    <error message="Timed out after 20 seconds waiting for element to be clickable: By.xpath: //li[@id=&apos;report&apos;]&#xa;Build info: version: &apos;2.43.1&apos;, revision: &apos;5163bce&apos;, time: &apos;2014-09-10 16:27:33&apos;&#xa;System info: host: &apos;VDC01DELW0204&apos;, ip: &apos;192.168.162.28&apos;, os.name: &apos;Windows 7&apos;, os.arch: &apos;amd64&apos;, os.version: &apos;6.1&apos;, java.version: &apos;1.7.0_40&apos;&#xa;Session ID: ef4ec3a7a6745d812289f8f93adb1caa&#xa;Driver info: org.openqa.selenium.chrome.ChromeDriver&#xa;Capabilities [{platform=XP, acceptSslCerts=true, javascriptEnabled=true, browserName=chrome, chrome={userDataDir=C:\Users\MANOJ~1.PAR\AppData\Local\Temp\scoped_dir4504_17311}, rotatable=false, locationContextEnabled=true, version=46.0.2490.80, takesHeapSnapshot=true, cssSelectorsEnabled=true, databaseEnabled=false, handlesAlerts=true, browserConnectionEnabled=false, nativeEvents=true, webStorageEnabled=true, applicationCacheEnabled=false, takesScreenshot=true}]" type="org.openqa.selenium.TimeoutException">org.openqa.selenium.TimeoutException: Timed out after 20 seconds waiting for element to be clickable: By.xpath: //li[@id=&apos;report&apos;]
Build info: version: &apos;2.43.1&apos;, revision: &apos;5163bce&apos;, time: &apos;2014-09-10 16:27:33&apos;
System info: host: &apos;VDC01DELW0204&apos;, ip: &apos;192.168.162.28&apos;, os.name: &apos;Windows 7&apos;, os.arch: &apos;amd64&apos;, os.version: &apos;6.1&apos;, java.version: &apos;1.7.0_40&apos;
Session ID: ef4ec3a7a6745d812289f8f93adb1caa
Driver info: org.openqa.selenium.chrome.ChromeDriver
Capabilities [{platform=XP, acceptSslCerts=true, javascriptEnabled=true, browserName=chrome, chrome={userDataDir=C:\Users\MANOJ~1.PAR\AppData\Local\Temp\scoped_dir4504_17311}, rotatable=false, locationContextEnabled=true, version=46.0.2490.80, takesHeapSnapshot=true, cssSelectorsEnabled=true, databaseEnabled=false, handlesAlerts=true, browserConnectionEnabled=false, nativeEvents=true, webStorageEnabled=true, applicationCacheEnabled=false, takesScreenshot=true}]
	at org.openqa.selenium.support.ui.WebDriverWait.timeoutException(WebDriverWait.java:79)
	at org.openqa.selenium.support.ui.FluentWait.until(FluentWait.java:228)
	at comcast.test.app.testCases.playerVideoPage.playerPageFunctions.PlayerPageFun.clickOnReportButton(PlayerPageFun.java:268)
	at comcast.test.app.testCases.playerVideoPage.VerifyReportWithoutLogin.testVerifyReportWithoutLogin(VerifyReportWithoutLogin.java:75)
</error>
  </testcase>
  <testcase classname="comcast.test.app.testCases.playerVideoPage.VerifyReportAfterLogin" name="testVerifyReportAfterLogin" time="158.174">
    <error message="Timed out after 20 seconds waiting for element to be clickable: By.xpath: //li[@id=&apos;report&apos;]&#xa;Build info: version: &apos;2.43.1&apos;, revision: &apos;5163bce&apos;, time: &apos;2014-09-10 16:27:33&apos;&#xa;System info: host: &apos;VDC01DELW0204&apos;, ip: &apos;192.168.162.28&apos;, os.name: &apos;Windows 7&apos;, os.arch: &apos;amd64&apos;, os.version: &apos;6.1&apos;, java.version: &apos;1.7.0_40&apos;&#xa;Session ID: fc096f01496566620edbb17a616e9912&#xa;Driver info: org.openqa.selenium.chrome.ChromeDriver&#xa;Capabilities [{platform=XP, acceptSslCerts=true, javascriptEnabled=true, browserName=chrome, chrome={userDataDir=C:\Users\MANOJ~1.PAR\AppData\Local\Temp\scoped_dir5492_21199}, rotatable=false, locationContextEnabled=true, version=46.0.2490.80, takesHeapSnapshot=true, cssSelectorsEnabled=true, databaseEnabled=false, handlesAlerts=true, browserConnectionEnabled=false, nativeEvents=true, webStorageEnabled=true, applicationCacheEnabled=false, takesScreenshot=true}]" type="org.openqa.selenium.TimeoutException">org.openqa.selenium.TimeoutException: Timed out after 20 seconds waiting for element to be clickable: By.xpath: //li[@id=&apos;report&apos;]
Build info: version: &apos;2.43.1&apos;, revision: &apos;5163bce&apos;, time: &apos;2014-09-10 16:27:33&apos;
System info: host: &apos;VDC01DELW0204&apos;, ip: &apos;192.168.162.28&apos;, os.name: &apos;Windows 7&apos;, os.arch: &apos;amd64&apos;, os.version: &apos;6.1&apos;, java.version: &apos;1.7.0_40&apos;
Session ID: fc096f01496566620edbb17a616e9912
Driver info: org.openqa.selenium.chrome.ChromeDriver
Capabilities [{platform=XP, acceptSslCerts=true, javascriptEnabled=true, browserName=chrome, chrome={userDataDir=C:\Users\MANOJ~1.PAR\AppData\Local\Temp\scoped_dir5492_21199}, rotatable=false, locationContextEnabled=true, version=46.0.2490.80, takesHeapSnapshot=true, cssSelectorsEnabled=true, databaseEnabled=false, handlesAlerts=true, browserConnectionEnabled=false, nativeEvents=true, webStorageEnabled=true, applicationCacheEnabled=false, takesScreenshot=true}]
	at org.openqa.selenium.support.ui.WebDriverWait.timeoutException(WebDriverWait.java:79)
	at org.openqa.selenium.support.ui.FluentWait.until(FluentWait.java:228)
	at comcast.test.app.testCases.playerVideoPage.playerPageFunctions.PlayerPageFun.clickOnReportButton(PlayerPageFun.java:268)
	at comcast.test.app.testCases.playerVideoPage.VerifyReportAfterLogin.testVerifyReportAfterLogin(VerifyReportAfterLogin.java:125)
</error>
  </testcase>
  <testcase classname="comcast.test.app.testCases.playerVideoPage.VerifyReportCancelAfterLogin" name="testVerifyReportCancelAfterLogin" time="117.051" />
  <testcase classname="comcast.test.app.testCases.playerVideoPage.VerifyPartiallyPlayedVideo" name="testVerifyPartiallyPlayedVideo" time="94.024" />
  <testcase classname="comcast.test.app.testCases.playerVideoPage.VerifyPlayFromStartPoint" name="testVerifyPlayFromStartPoint" time="77.029" />
  <testcase classname="comcast.test.app.testCases.playerVideoPage.VerifyPlayFromResumePoint" name="testVerifyPlayFromResumePoint" time="41.112" />
  <testcase classname="comcast.test.app.testCases.playerVideoPage.VerifyClickOnWatchableLogoFromVideoPageNavigatesHomePage" name="testVerifyClickOnWatchableLogoFromVideoPageNavigatesHomePage" time="83.186" />
  <testcase classname="comcast.test.app.testCases.playerVideoPage.VerifyVideoPageTitle" name="testVerifyVideoPageTitle" time="76.07" />
  <testcase classname="comcast.test.app.testCases.playerVideoPage.VerifyVideoContentsWhenPlayPaused" name="testVerifyVideoContentsWhenPlayPaused" time="82.062" />
  <testcase classname="comcast.test.app.testCases.playerVideoPage.VerifyUpNexSectionInVideoPage" name="testVerifyUpNexSectionInVideoPage" time="80.828" />
  <testcase classname="comcast.test.app.testCases.playerVideoPage.VerifyShowTitleInUpNextSectionInVideoPage" name="testVerifyShowTitleInUpNextSectionInVideoPage" time="69.861" />
  <testcase classname="comcast.test.app.testCases.playerVideoPage.VerifyNavigatingToShowPageOnClickingShowTitleFromUpNextSection" name="testVerifyNavigatingToShowPageOnClickingShowTitleFromUpNextSection" time="98.628" />
  <testcase classname="comcast.test.app.testCases.playerVideoPage.VerifyMetadataDisplayedMouseOverOnVideo" name="testVerifyMetadataDisplayedMouseOverOnVideo" time="82.717" />
  <testcase classname="comcast.test.app.testCases.playerVideoPage.VerifyClickingOnHomeFooterLinkFromVideoPageNavigatesHomePage" name="testVerifyClickingOnHomeFooterLinkFromVideoPageNavigatesHomePage" time="127.423" />
  <testcase classname="comcast.test.app.testCases.playerVideoPage.VerifyUserNavigatingToHomePageLogoutFromVideoPage" name="testVerifyUserNavigatingToHomePageLogoutFromVideoPage" time="140.071" />
  <system-out><![CDATA[ INFO [main] (VerifyAllHomeCategoriesAreDisplayed.java:34) - Script: VerifyAllHomeCategoriesAreDisplayed
 INFO [main] (VerifyAllHomeCategoriesAreDisplayed.java:35) - *******************************************
 INFO [main] (VerifyAllHomeCategoriesAreDisplayed.java:42) - Successfully opened the application
 INFO [main] (AssertionRepoFunctions.java:1113) - Playlists menu is present in Header section
 INFO [main] (AssertionRepoFunctions.java:1126) - My Shows menu is present in Header section
 INFO [main] (AssertionRepoFunctions.java:1132) - Login menu is present in Header section
 INFO [main] (AssertionRepoFunctions.java:1138) - Sign Up menu is present in Header section
 INFO [main] (VerifyAllHomeCategoriesAreDisplayed.java:51) - Header section is present in home page
 INFO [main] (VerifyAllHomeCategoriesAreDisplayed.java:65) - What we're watching section is present in home page
 INFO [main] (VerifyAllHomeCategoriesAreDisplayed.java:78) - Watchable shows of the week section is present in home page
 INFO [main] (VerifyAllHomeCategoriesAreDisplayed.java:89) - Shows by genre section is present in home page
 INFO [main] (VerifyAllHomeCategoriesAreDisplayed.java:101) - Footer section is present in home page
 INFO [main] (VerifyAllHomeCategoriesAreDisplayed.java:102) - 
 INFO [main] (VerifyHeaderlinksWithoutLogin.java:31) - Script: VerifyHeaderlinksWithoutLogin
 INFO [main] (VerifyHeaderlinksWithoutLogin.java:32) - *************************************
 INFO [main] (VerifyHeaderlinksWithoutLogin.java:38) - Successfully opened the application
 INFO [main] (VerifyHeaderlinksWithoutLogin.java:46) - Watchable Logo is present in header
 INFO [main] (VerifyHeaderlinksWithoutLogin.java:54) - Playlists menu is present in header
 INFO [main] (VerifyHeaderlinksWithoutLogin.java:72) - My Shows menu is present in header
 INFO [main] (VerifyHeaderlinksWithoutLogin.java:80) - Search icon(button) is present in header
 INFO [main] (HomeFun.java:187) - Successfully clicked on Search icon
 INFO [main] (VerifyHeaderlinksWithoutLogin.java:91) - Search text box is present in header
 INFO [main] (VerifyHeaderlinksWithoutLogin.java:99) - Log In menu is present in header
 INFO [main] (VerifyHeaderlinksWithoutLogin.java:107) - Sign Up menu is present in header
 INFO [main] (VerifyHeaderlinksWithoutLogin.java:108) - 
 INFO [main] (VerifyHeaderlinksWithLogin.java:32) - Script: VerifyHeaderlinksWithLogin
 INFO [main] (VerifyHeaderlinksWithLogin.java:33) - **********************************
 INFO [main] (VerifyHeaderlinksWithLogin.java:40) - Successfully opened the application
 INFO [main] (LoginFun.java:44) - Login form opened successfully
 INFO [main] (LoginFun.java:52) - User name entered: watchable_v2.30.26.6@gmail.com
 INFO [main] (LoginFun.java:60) - Password entered: Demo1111
 INFO [main] (LoginFun.java:66) - Clicked on Login button from Login form
 INFO [main] (LoginFun.java:78) - Successfully login Watchable application...!
 INFO [main] (VerifyHeaderlinksWithLogin.java:58) - Watchable Logo is present in header
 INFO [main] (VerifyHeaderlinksWithLogin.java:66) - Playlists menu is present in header
 INFO [main] (VerifyHeaderlinksWithLogin.java:74) - All Shows menu is present in header
 INFO [main] (VerifyHeaderlinksWithLogin.java:82) - My Shows menu is present in header
 INFO [main] (VerifyHeaderlinksWithLogin.java:90) - Search icon(button) is present in header
 INFO [main] (HomeFun.java:187) - Successfully clicked on Search icon
 INFO [main] (VerifyHeaderlinksWithLogin.java:101) - Search text box is present in header
 INFO [main] (VerifyHeaderlinksWithLogin.java:109) - User profile icon is present in header
 INFO [main] (VerifyHeaderlinksWithLogin.java:118) - Login user email is present in header
 INFO [main] (VerifyHeaderlinksWithLogin.java:122) - 
 INFO [main] (VerifyFooterlinksWithoutLogin.java:30) - Script: VerifyFooterlinksWithoutLogin
 INFO [main] (VerifyFooterlinksWithoutLogin.java:31) - *************************************
 INFO [main] (VerifyFooterlinksWithoutLogin.java:38) - Successfully opened the application
 INFO [main] (VerifyFooterlinksWithoutLogin.java:49) - Watchable Logo is present in footer
 INFO [main] (VerifyFooterlinksWithoutLogin.java:57) - Home link is present in footer
 INFO [main] (VerifyFooterlinksWithoutLogin.java:75) - Help link is present in footer
 INFO [main] (VerifyFooterlinksWithoutLogin.java:83) - Contact Us link is present in footer
 INFO [main] (VerifyFooterlinksWithoutLogin.java:92) - Privacy Policy link is present in footer
 INFO [main] (VerifyFooterlinksWithoutLogin.java:99) - Terms of Use link is present in footer
 INFO [main] (VerifyFooterlinksWithoutLogin.java:107) - Ad Choices link is present in footer
 INFO [main] (VerifyFooterlinksWithoutLogin.java:115) - Copyright text is present in footer
 INFO [main] (VerifyFooterlinksWithoutLogin.java:116) - 
 INFO [main] (VerifyFooterlinksWithLogin.java:34) - Script: VerifyFooterlinksWithLogin
 INFO [main] (VerifyFooterlinksWithLogin.java:35) - **********************************
 INFO [main] (VerifyFooterlinksWithLogin.java:42) - Successfully opened the application
 INFO [main] (LoginFun.java:44) - Login form opened successfully
 INFO [main] (LoginFun.java:52) - User name entered: watchable_v2.30.26.6@gmail.com
 INFO [main] (LoginFun.java:60) - Password entered: Demo1111
 INFO [main] (LoginFun.java:66) - Clicked on Login button from Login form
 INFO [main] (LoginFun.java:78) - Successfully login Watchable application...!
 INFO [main] (VerifyFooterlinksWithLogin.java:63) - Watchable Logo is present in footer
 INFO [main] (VerifyFooterlinksWithLogin.java:70) - Home link is present in footer
 INFO [main] (VerifyFooterlinksWithLogin.java:88) - Help link is present in footer
 INFO [main] (VerifyFooterlinksWithLogin.java:97) - Contact Us link is present in footer
 INFO [main] (VerifyFooterlinksWithLogin.java:106) - Privacy Policy link is present in footer
 INFO [main] (VerifyFooterlinksWithLogin.java:115) - Terms of Use link is present in footer
 INFO [main] (VerifyFooterlinksWithLogin.java:124) - Ad Choices link is present in footer
 INFO [main] (VerifyFooterlinksWithLogin.java:133) - Copyright text is present in footer
 INFO [main] (VerifyFooterlinksWithLogin.java:152) - 
 INFO [main] (VerifyClickingOnWatchableHeaderLogoNavigatesHomePage.java:31) - Script: VerifyClickingOnWatchableHeaderLogoNavigatesHomePage
 INFO [main] (VerifyClickingOnWatchableHeaderLogoNavigatesHomePage.java:32) - ************************************************************
 INFO [main] (VerifyClickingOnWatchableHeaderLogoNavigatesHomePage.java:40) - Successfully opened the application
 INFO [main] (HomeFun.java:25) - Successfully clicked On First show Link from Watchable SHOWS OF THE WEEK section
 INFO [main] (HomeFun.java:34) - Successfully navigate to show details page
 INFO [main] (HomeFun.java:85) - Successfully clicked On Top Watchable Logo
 INFO [main] (VerifyClickingOnWatchableHeaderLogoNavigatesHomePage.java:59) - Successfully Navigated to Home page after clicking on Home link
 INFO [main] (VerifyClickingOnWatchableHeaderLogoNavigatesHomePage.java:60) - 
 INFO [main] (VerifyClickingOnWatchableFooterLogoNavigatesHomePage.java:32) - Script: VerifyClickingOnWatchableFooterLogoNavigatesHomePage
 INFO [main] (VerifyClickingOnWatchableFooterLogoNavigatesHomePage.java:33) - ************************************************************
 INFO [main] (VerifyClickingOnWatchableFooterLogoNavigatesHomePage.java:41) - Successfully opened the application
 INFO [main] (HomeFun.java:25) - Successfully clicked On First show Link from Watchable SHOWS OF THE WEEK section
 INFO [main] (HomeFun.java:34) - Successfully navigate to show details page
 INFO [main] (HomeFun.java:103) - Successfully clicked On footer Watchable Logo
 INFO [main] (VerifyClickingOnWatchableFooterLogoNavigatesHomePage.java:63) - Successfully Navigated to Home page after clicking on Home link
 INFO [main] (VerifyClickingOnWatchableFooterLogoNavigatesHomePage.java:64) - 
 INFO [main] (VerifyFeaturedPlaylistsAreDisplayed.java:31) - Script: VerifyFeaturedPlaylistsAreDisplayed
 INFO [main] (VerifyFeaturedPlaylistsAreDisplayed.java:32) - ********************************************
 INFO [main] (VerifyFeaturedPlaylistsAreDisplayed.java:40) - Successfully opened the application
 INFO [main] (VerifyFeaturedPlaylistsAreDisplayed.java:51) - Featured Playlists video row is present in home page
 INFO [main] (VerifyFeaturedPlaylistsAreDisplayed.java:59) - Featured Playlists row contains videos
 INFO [main] (VerifyFeaturedPlaylistsAreDisplayed.java:60) - 6 Videos are present in featured Playlists section in home page
 INFO [main] (VerifyFeaturedPlaylistsAreDisplayed.java:62) - The following videos are present in featured Playlists section
 INFO [main] (VerifyFeaturedPlaylistsAreDisplayed.java:63) - --------------------------------------------------------------
 INFO [main] (VerifyFeaturedPlaylistsAreDisplayed.java:66) - 1. Going "Rogue" at the movies
 INFO [main] (VerifyFeaturedPlaylistsAreDisplayed.java:72) -    Video description: Your "Mission:Impossible" should you choose to accept: preview of 10 of this year's hottest movies.
 INFO [main] (VerifyFeaturedPlaylistsAreDisplayed.java:77) -    Video detail: 10 videos / 24:46
 INFO [main] (VerifyFeaturedPlaylistsAreDisplayed.java:66) - 2. Going "Rogue" at the movies
 INFO [main] (VerifyFeaturedPlaylistsAreDisplayed.java:72) -    Video description: Your "Mission:Impossible" should you choose to accept: preview of 10 of this year's hottest movies.
 INFO [main] (VerifyFeaturedPlaylistsAreDisplayed.java:77) -    Video detail: 10 videos / 24:46
 INFO [main] (VerifyFeaturedPlaylistsAreDisplayed.java:66) - 3. Obama Nation
 INFO [main] (VerifyFeaturedPlaylistsAreDisplayed.java:72) -    Video description: President...
 INFO [main] (VerifyFeaturedPlaylistsAreDisplayed.java:77) -    Video detail: 6 videos / 54:26
 INFO [main] (VerifyFeaturedPlaylistsAreDisplayed.java:66) - 4. Obama Nation
 INFO [main] (VerifyFeaturedPlaylistsAreDisplayed.java:72) -    Video description: President...
 INFO [main] (VerifyFeaturedPlaylistsAreDisplayed.java:77) -    Video detail: 6 videos / 54:26
 INFO [main] (VerifyFeaturedPlaylistsAreDisplayed.java:66) - 5. Obama Nation
 INFO [main] (VerifyFeaturedPlaylistsAreDisplayed.java:72) -    Video description: President...
 INFO [main] (VerifyFeaturedPlaylistsAreDisplayed.java:77) -    Video detail: 6 videos / 54:26
 INFO [main] (VerifyFeaturedPlaylistsAreDisplayed.java:66) - 6. Do Your Best
 INFO [main] (VerifyFeaturedPlaylistsAreDisplayed.java:72) -    Video description: Videos of healthy and fitness tips...
 INFO [main] (VerifyFeaturedPlaylistsAreDisplayed.java:77) -    Video detail: 11 videos / 1:06:16
 INFO [main] (VerifyFeaturedPlaylistsAreDisplayed.java:92) - Carousel is present in featured play list section
 INFO [main] (VerifyFeaturedPlaylistsAreDisplayed.java:94) - 
 INFO [main] (VerifySixVideosDisplayedInFeaturedPlaylistsSection.java:35) - Script: VerifySixVideosDisplayedInFeaturedPlaylistsSection
 INFO [main] (VerifySixVideosDisplayedInFeaturedPlaylistsSection.java:36) - ***********************************************************
 INFO [main] (VerifySixVideosDisplayedInFeaturedPlaylistsSection.java:43) - Successfully opened the application
 INFO [main] (VerifySixVideosDisplayedInFeaturedPlaylistsSection.java:54) - Featured Playlists video row is present in home page
 INFO [main] (VerifySixVideosDisplayedInFeaturedPlaylistsSection.java:65) - Featured Playlists section contains 6 videos
 INFO [main] (VerifySixVideosDisplayedInFeaturedPlaylistsSection.java:67) - 
 INFO [main] (VerifySelectedVideoDetailsInFeaturedPlaylists.java:33) - Script: VerifySelectedVideoDetailsInFeaturedPlaylists
 INFO [main] (VerifySelectedVideoDetailsInFeaturedPlaylists.java:34) - *****************************************************
 INFO [main] (VerifySelectedVideoDetailsInFeaturedPlaylists.java:42) - Successfully opened the application
 INFO [main] (VerifySelectedVideoDetailsInFeaturedPlaylists.java:53) - Featured Playlists video row is present in home page
 INFO [main] (VerifySelectedVideoDetailsInFeaturedPlaylists.java:61) - Featured Playlists row contains videos
 INFO [main] (VerifySelectedVideoDetailsInFeaturedPlaylists.java:62) - The details of selected video in featured Playlists section
 INFO [main] (VerifySelectedVideoDetailsInFeaturedPlaylists.java:63) - --------------------------------------------------------------
 INFO [main] (VerifySelectedVideoDetailsInFeaturedPlaylists.java:65) - Name: TODAY'S PLAYLIST
 INFO [main] (VerifySelectedVideoDetailsInFeaturedPlaylists.java:69) - Name: Going "Rogue" at the movies
 INFO [main] (VerifySelectedVideoDetailsInFeaturedPlaylists.java:74) - Description: Your "Mission:Impossible" should you choose to accept: preview of 10 of this year's hottest movies.
 INFO [main] (VerifySelectedVideoDetailsInFeaturedPlaylists.java:79) - Video detail: 10 videos / 24:46
 INFO [main] (VerifySelectedVideoDetailsInFeaturedPlaylists.java:84) - 
 INFO [main] (VerifyGenreButtonDisplayedInFeaturedPlaylistsVideos.java:35) - Script: VerifyGenreButtonDisplayedInFeaturedPlaylistsVideos
 INFO [main] (VerifyGenreButtonDisplayedInFeaturedPlaylistsVideos.java:36) - ***********************************************************
 INFO [main] (VerifyGenreButtonDisplayedInFeaturedPlaylistsVideos.java:43) - Successfully opened the application
 INFO [main] (VerifyGenreButtonDisplayedInFeaturedPlaylistsVideos.java:54) - Featured Playlists video row is present in home page
 INFO [main] (VerifyGenreButtonDisplayedInFeaturedPlaylistsVideos.java:69) - Genre buttons is present in all 6 videos in playlist
 INFO [main] (VerifyGenreButtonDisplayedInFeaturedPlaylistsVideos.java:80) - Genre button is displayed on video 1
 INFO [main] (VerifyGenreButtonDisplayedInFeaturedPlaylistsVideos.java:80) - Genre button is displayed on video 2
 INFO [main] (VerifyGenreButtonDisplayedInFeaturedPlaylistsVideos.java:80) - Genre button is displayed on video 3
 INFO [main] (VerifyGenreButtonDisplayedInFeaturedPlaylistsVideos.java:80) - Genre button is displayed on video 4
 INFO [main] (VerifyGenreButtonDisplayedInFeaturedPlaylistsVideos.java:80) - Genre button is displayed on video 5
 INFO [main] (VerifyGenreButtonDisplayedInFeaturedPlaylistsVideos.java:80) - Genre button is displayed on video 6
 INFO [main] (VerifyGenreButtonDisplayedInFeaturedPlaylistsVideos.java:83) - 
 INFO [main] (VerifyFeaturedVideosAreDisplayed.java:31) - Script: VerifyFeaturedVideosAreDisplayed
 INFO [main] (VerifyFeaturedVideosAreDisplayed.java:32) - ****************************************
 INFO [main] (VerifyFeaturedVideosAreDisplayed.java:40) - Successfully opened the application
 INFO [main] (AssertionRepoFunctions.java:1377) - Video Section title 'What we're watching' is present in Home Page
 INFO [main] (VerifyFeaturedVideosAreDisplayed.java:53) - What We're WATCHING video row is present in home page
 INFO [main] (VerifyFeaturedVideosAreDisplayed.java:61) - What We're WATCHING video row contains videos
 INFO [main] (VerifyFeaturedVideosAreDisplayed.java:62) - 4 Videos are present in What We're WATCHING video section in home page
 INFO [main] (VerifyFeaturedVideosAreDisplayed.java:64) - The following videos are present in What We're WATCHING video section
 INFO [main] (VerifyFeaturedVideosAreDisplayed.java:65) - ----------------------------------------------------------
 INFO [main] (VerifyFeaturedVideosAreDisplayed.java:67) - 1. Build a Gaming PC on Your Budget- Holiday Buyer's..
 INFO [main] (VerifyFeaturedVideosAreDisplayed.java:73) -    Video duration: 13:47
 INFO [main] (VerifyFeaturedVideosAreDisplayed.java:85) -    Show Name: LINUSTECHTIPS 
 INFO [main] (VerifyFeaturedVideosAreDisplayed.java:86) -    Last Updated:  3 months ago
 INFO [main] (VerifyFeaturedVideosAreDisplayed.java:88) -  
 INFO [main] (VerifyFeaturedVideosAreDisplayed.java:67) - 2. Enjoy The Colors- Season 1 Episode 8
 INFO [main] (VerifyFeaturedVideosAreDisplayed.java:73) -    Video duration: 2:50
 INFO [main] (VerifyFeaturedVideosAreDisplayed.java:85) -    Show Name: FULLSCREEN ENTERTAINMENT 
 INFO [main] (VerifyFeaturedVideosAreDisplayed.java:86) -    Last Updated:  14 months ago
 INFO [main] (VerifyFeaturedVideosAreDisplayed.java:88) -  
 INFO [main] (VerifyFeaturedVideosAreDisplayed.java:67) - 3. The Man From U.N.C.L.E.
 INFO [main] (VerifyFeaturedVideosAreDisplayed.java:73) -    Video duration: 5:15
 INFO [main] (VerifyFeaturedVideosAreDisplayed.java:85) -    Show Name: TRAILERS: COMING TO THEATERS 
 INFO [main] (VerifyFeaturedVideosAreDisplayed.java:86) -    Last Updated:  3 months ago
 INFO [main] (VerifyFeaturedVideosAreDisplayed.java:88) -  
 INFO [main] (VerifyFeaturedVideosAreDisplayed.java:67) - 4. 7 reasons medical care in America can be deadly
 INFO [main] (VerifyFeaturedVideosAreDisplayed.java:73) -    Video duration: 1:15
 INFO [main] (VerifyFeaturedVideosAreDisplayed.java:85) -    Show Name: VOX 
 INFO [main] (VerifyFeaturedVideosAreDisplayed.java:86) -    Last Updated:  4 months ago
 INFO [main] (VerifyFeaturedVideosAreDisplayed.java:88) -  
 INFO [main] (VerifyFeaturedVideosAreDisplayed.java:91) - 
 INFO [main] (VerifyFeaturedChannelsAreDisplayed.java:31) - Script: VerifyFeaturedChannelsAreDisplayed
 INFO [main] (VerifyFeaturedChannelsAreDisplayed.java:32) - ******************************************
 INFO [main] (VerifyFeaturedChannelsAreDisplayed.java:40) - Successfully opened the application
 INFO [main] (AssertionRepoFunctions.java:1433) - The shows Section title 'Watchable shows of the week' is present  in Home Page
 INFO [main] (VerifyFeaturedChannelsAreDisplayed.java:54) - Watchable SHOWS OF THE WEEK row is present in home page
 INFO [main] (VerifyFeaturedChannelsAreDisplayed.java:63) - Watchable SHOWS OF THE WEEK row contains channels
 INFO [main] (VerifyFeaturedChannelsAreDisplayed.java:64) - 8 Shows are present in Watchable SHOWS OF THE WEEK section in home page
 INFO [main] (VerifyFeaturedChannelsAreDisplayed.java:66) - The following shows are present in Watchable SHOWS OF THE WEEK section
 INFO [main] (VerifyFeaturedChannelsAreDisplayed.java:67) - ----------------------------------------------------------------------
 INFO [main] (VerifyFeaturedChannelsAreDisplayed.java:69) - 1. JukinVideo
 INFO [main] (VerifyFeaturedChannelsAreDisplayed.java:69) - 2. POPSUGAR Fashion
 INFO [main] (VerifyFeaturedChannelsAreDisplayed.java:69) - 3. Fail Army
 INFO [main] (VerifyFeaturedChannelsAreDisplayed.java:69) - 4. Devin Supertramp
 INFO [main] (VerifyFeaturedChannelsAreDisplayed.java:69) - 5. LinusTechTips
 INFO [main] (VerifyFeaturedChannelsAreDisplayed.java:69) - 6. Munchies
 INFO [main] (VerifyFeaturedChannelsAreDisplayed.java:69) - 7. The Verge
 INFO [main] (VerifyFeaturedChannelsAreDisplayed.java:69) - 8. Raw.Vegan.Not Gross
 INFO [main] (VerifyFeaturedChannelsAreDisplayed.java:76) - 
 INFO [main] (VerifyAllGenreCategories.java:31) - Script: VerifyAllGenreCategories
 INFO [main] (VerifyAllGenreCategories.java:32) - ********************************
 INFO [main] (VerifyAllGenreCategories.java:40) - Successfully opened the application
 INFO [main] (AssertionRepoFunctions.java:1449) - The Genre Channel Section title 'Shows by genre' is present  in Home Page
 INFO [main] (VerifyAllGenreCategories.java:53) - Genre channel section is present in home page
 INFO [main] (VerifyAllGenreCategories.java:63) - Genre channel section contains Genre categories
 INFO [main] (VerifyAllGenreCategories.java:64) - 12 Genre categories are present in Genre channel section in home page
 INFO [main] (VerifyAllGenreCategories.java:66) - The following categories are present in categories
 INFO [main] (VerifyAllGenreCategories.java:67) - --------------------------------------------------
 INFO [main] (VerifyAllGenreCategories.java:85) - 
 INFO [main] (VerifyAllGenreChannelsCategories.java:33) - Script: VerifyAllGenreChannelsCategories
 INFO [main] (VerifyAllGenreChannelsCategories.java:34) - ****************************************
 INFO [main] (VerifyAllGenreChannelsCategories.java:42) - Successfully opened the application
 INFO [main] (AssertionRepoFunctions.java:1449) - The Genre Channel Section title 'Shows by genre' is present  in Home Page
 INFO [main] (VerifyAllGenreChannelsCategories.java:55) - Genre channel section is present in home page
 INFO [main] (VerifyAllGenreChannelsCategories.java:64) - Genre channel section contains Genre categories
 INFO [main] (VerifyAllGenreChannelsCategories.java:65) - 11 Genre categories are present in Genre channel section in home page
 INFO [main] (VerifyAllGenreChannelsCategories.java:67) - The following categories are present in categories
 INFO [main] (VerifyAllGenreChannelsCategories.java:68) - --------------------------------------------------
 INFO [main] (VerifyEightVideosDisplayedInFeaturedVideosSection.java:34) - Script: VerifyEightVideosDisplayedInFeaturedVideosSection
 INFO [main] (VerifyEightVideosDisplayedInFeaturedVideosSection.java:35) - *********************************************************
 INFO [main] (VerifyEightVideosDisplayedInFeaturedVideosSection.java:42) - Successfully opened the application
 INFO [main] (AssertionRepoFunctions.java:1377) - Video Section title 'What we're watching' is present in Home Page
 INFO [main] (VerifyEightVideosDisplayedInFeaturedVideosSection.java:55) - What We're WATCHING row is present in home page
 INFO [main] (VerifyEightVideosDisplayedInFeaturedVideosSection.java:66) - What We're WATCHING section contains 4 videos
 INFO [main] (VerifyEightVideosDisplayedInFeaturedVideosSection.java:68) - 
 INFO [main] (VerifyEightChannelsDisplayedInFeaturedShowSection.java:37) - Script: VerifyEightChannelsDisplayedInFeaturedShowSection
 INFO [main] (VerifyEightChannelsDisplayedInFeaturedShowSection.java:38) - **********************************************************
 INFO [main] (VerifyEightChannelsDisplayedInFeaturedShowSection.java:46) - Successfully opened the application
 INFO [main] (AssertionRepoFunctions.java:1433) - The shows Section title 'Watchable shows of the week' is present  in Home Page
 INFO [main] (VerifyEightChannelsDisplayedInFeaturedShowSection.java:61) - Watchable SHOWS OF THE WEEK row is present in home page
 INFO [main] (VerifyEightChannelsDisplayedInFeaturedShowSection.java:83) - Watchable SHOWS OF THE WEEK section contains 8 Showss
 INFO [main] (VerifyEightChannelsDisplayedInFeaturedShowSection.java:86) - 
 INFO [main] (VerifyHomePageTitle.java:27) - Script: VerifyHomePageTitle
 INFO [main] (VerifyHomePageTitle.java:28) - ********************************
 INFO [main] (VerifyHomePageTitle.java:36) - The home page title displayed is 'Home | Watchable'
 INFO [main] (VerifyHomePageTitle.java:39) - 
 INFO [main] (VerifyWatchButtonDisplayedInFeaturedPlaylistsVideos.java:35) - Script: VerifyWatchButtonDisplayedInFeaturedPlaylistsVideos
 INFO [main] (VerifyWatchButtonDisplayedInFeaturedPlaylistsVideos.java:36) - ***********************************************************
 INFO [main] (VerifyWatchButtonDisplayedInFeaturedPlaylistsVideos.java:43) - Successfully opened the application
 INFO [main] (VerifyWatchButtonDisplayedInFeaturedPlaylistsVideos.java:54) - Featured Playlists video row is present in home page
 INFO [main] (VerifyWatchButtonDisplayedInFeaturedPlaylistsVideos.java:69) - Watch buttons is present in all 6 videos in playlist
 INFO [main] (VerifyWatchButtonDisplayedInFeaturedPlaylistsVideos.java:83) - 
 INFO [main] (VerifyPlayIconDisplayedInFeaturedPlaylistsVideos.java:35) - Script: VerifyPlayIconDisplayedInFeaturedPlaylistsVideos
 INFO [main] (VerifyPlayIconDisplayedInFeaturedPlaylistsVideos.java:36) - ***********************************************************
 INFO [main] (VerifyPlayIconDisplayedInFeaturedPlaylistsVideos.java:43) - Successfully opened the application
 INFO [main] (VerifyPlayIconDisplayedInFeaturedPlaylistsVideos.java:54) - Featured Playlists video row is present in home page
 INFO [main] (VerifyPlayIconDisplayedInFeaturedPlaylistsVideos.java:69) - Play Icons is present in all 6 videos in playlist
 INFO [main] (VerifyPlayIconDisplayedInFeaturedPlaylistsVideos.java:83) - 
 INFO [main] (VerifyMoreLinkDisplayedInGenreShowSection.java:35) - Script: VerifyMoreLinkDisplayedInGenreShowSection
 INFO [main] (VerifyMoreLinkDisplayedInGenreShowSection.java:36) - ***********************************************************
 INFO [main] (VerifyMoreLinkDisplayedInGenreShowSection.java:43) - Successfully opened the application
 INFO [main] (AssertionRepoFunctions.java:1449) - The Genre Channel Section title 'Shows by genre' is present  in Home Page
 INFO [main] (VerifyMoreLinkDisplayedInGenreShowSection.java:56) - Genre shows section is present in home page
 INFO [main] (VerifyMoreLinkDisplayedInGenreShowSection.java:70) - More Link is present when more that 8 shows in a row in Genre section
 INFO [main] (VerifyMoreLinkDisplayedInGenreShowSection.java:71) - Total number of Generic Category Present: 11
 INFO [main] (VerifyMoreLinkDisplayedInGenreShowSection.java:73) - Number of category 'More link Present: 5
 INFO [main] (VerifyMoreLinkDisplayedInGenreShowSection.java:91) - 
 INFO [main] (VerifyFooterWatchableLogoNotClickableInHomePage.java:32) - Script: VerifyFooterWatchableLogoNotClickableInHomePage
 INFO [main] (VerifyFooterWatchableLogoNotClickableInHomePage.java:33) - ******************************************************
 INFO [main] (VerifyFooterWatchableLogoNotClickableInHomePage.java:40) - Successfully opened the application
 INFO [main] (VerifyFooterWatchableLogoNotClickableInHomePage.java:51) - Watchable Logo is present in footer
 INFO [main] (CommonFun.java:88) - auto
 INFO [main] (CommonFun.java:106) - Watchable Logo is not clickable
 INFO [main] (VerifyFooterWatchableLogoNotClickableInHomePage.java:60) - false
 INFO [main] (VerifyFooterWatchableLogoNotClickableInHomePage.java:64) - The footer WATCHABLE logo is NOT clickable in Home Page
 INFO [main] (VerifyFooterWatchableLogoNotClickableInHomePage.java:66) - 
 INFO [main] (VerifyFooterHomeLinkNotClickableInHomePage.java:32) - Script: VerifyFooterHomeLinkNotClickableInHomePage
 INFO [main] (VerifyFooterHomeLinkNotClickableInHomePage.java:33) - ******************************************************
 INFO [main] (VerifyFooterHomeLinkNotClickableInHomePage.java:40) - Successfully opened the application
 INFO [main] (VerifyFooterHomeLinkNotClickableInHomePage.java:50) - Home link is present in footer
 INFO [main] (CommonFun.java:88) - auto
 INFO [main] (CommonFun.java:106) - Home Link is not clickable
 INFO [main] (VerifyFooterHomeLinkNotClickableInHomePage.java:59) - false
 INFO [main] (VerifyFooterHomeLinkNotClickableInHomePage.java:63) - The footer Home Link is NOT clickable in Home Page
 INFO [main] (VerifyFooterHomeLinkNotClickableInHomePage.java:65) - 
 INFO [main] (VerifyHeaderWatchableLogoNotClickableInHomePage.java:33) - Script: VerifyHeaderWatchableLogoNotClickableInHomePage
 INFO [main] (VerifyHeaderWatchableLogoNotClickableInHomePage.java:34) - ******************************************************
 INFO [main] (VerifyHeaderWatchableLogoNotClickableInHomePage.java:41) - Successfully opened the application
 INFO [main] (VerifyHeaderWatchableLogoNotClickableInHomePage.java:49) - Watchable Logo is present in header
 INFO [main] (CommonFun.java:88) - auto
 INFO [main] (CommonFun.java:106) - Watchable Logo is not clickable
 INFO [main] (VerifyHeaderWatchableLogoNotClickableInHomePage.java:58) - false
 INFO [main] (VerifyHeaderWatchableLogoNotClickableInHomePage.java:62) - The header WATCHABLE logo is NOT clickable in Home Page
 INFO [main] (VerifyHeaderWatchableLogoNotClickableInHomePage.java:64) - 
 INFO [main] (VeriyLogInPageContent.java:28) - Script: VeriyLogInPageContent
 INFO [main] (VeriyLogInPageContent.java:29) - *****************************
 INFO [main] (VeriyLogInPageContent.java:36) - Successfully opened the application
 INFO [main] (LoginFun.java:215) - Successfully clicked On Login button
 INFO [main] (VeriyLogInPageContent.java:46) - Login form opened successfully
 INFO [main] (VeriyLogInPageContent.java:53) - The title 'Log in to Watchable' Present in login form
 INFO [main] (VeriyLogInPageContent.java:62) - Close icon is present in login form
 INFO [main] (VeriyLogInPageContent.java:69) - Email text box is present in login form
 INFO [main] (VeriyLogInPageContent.java:76) - Password text box is present in login form
 INFO [main] (VeriyLogInPageContent.java:84) - Remember me check box is present in login form
 INFO [main] (VeriyLogInPageContent.java:92) - Remember me label is present in login form
 INFO [main] (VeriyLogInPageContent.java:100) - FORGOT YOUR PASSWORD link is present in login form
 INFO [main] (VeriyLogInPageContent.java:107) - Login button is present in login form
 INFO [main] (LoginFun.java:233) - Successfully clicked On close icon
 INFO [main] (VeriyLogInPageContent.java:118) - Login Form is closed
 INFO [main] (VeriyLogInPageContent.java:120) - 
 INFO [main] (VerifyLoginPageDetailsWithEmptyFields.java:30) - Script: VerifyLoginPageDetailsWithEmptyFields
 INFO [main] (VerifyLoginPageDetailsWithEmptyFields.java:31) - *********************************************
 INFO [main] (VerifyLoginPageDetailsWithEmptyFields.java:38) - Successfully opened the application
 INFO [main] (LoginFun.java:215) - Successfully clicked On Login button
 INFO [main] (VerifyLoginPageDetailsWithEmptyFields.java:48) - Login form opened successfully
 INFO [main] (VerifyLoginPageDetailsWithEmptyFields.java:59) - Email text box is blank
 INFO [main] (VerifyLoginPageDetailsWithEmptyFields.java:70) - Password text box is blank
 INFO [main] (LoginFun.java:233) - Successfully clicked On close icon
 INFO [main] (VerifyLoginPageDetailsWithEmptyFields.java:81) - Login Form is closed
 INFO [main] (VerifyLoginPageDetailsWithEmptyFields.java:83) - 
 INFO [main] (LoginToWatchableUsingDigits.java:29) - Script: LoginToWatchableUsingDigits
 INFO [main] (LoginToWatchableUsingDigits.java:30) - ***********************************
 INFO [main] (LoginToWatchableUsingDigits.java:37) - Successfully opened the application
 INFO [main] (LoginFun.java:44) - Login form opened successfully
 INFO [main] (LoginFun.java:52) - User name entered: 1234567890
 INFO [main] (LoginFun.java:60) - Password entered: Demo1111
 INFO [main] (LoginFun.java:66) - Clicked on Login button from Login form
ERROR [main] (LoginFun.java:80) - Login to Watchable application is failed with invalid credentials...!
 INFO [main] (LoginToWatchableUsingDigits.java:43) - Login to watchable application failed using digits as user name
 INFO [main] (LoginToWatchableUsingDigits.java:44) - Error Message: Incorrect email or password
 INFO [main] (LoginFun.java:233) - Successfully clicked On close icon
 INFO [main] (LoginToWatchableUsingDigits.java:57) - Login Form is closed
 INFO [main] (LoginToWatchableUsingDigits.java:59) - 
 INFO [main] (LoginToWatchableUsingInValidPassword.java:29) - Script: LoginToWatchableUsingInValidPassword
 INFO [main] (LoginToWatchableUsingInValidPassword.java:30) - ********************************************
 INFO [main] (LoginToWatchableUsingInValidPassword.java:37) - Successfully opened the application
 INFO [main] (LoginFun.java:44) - Login form opened successfully
 INFO [main] (LoginFun.java:52) - User name entered: watchable_v2.30.26.6@gmail.com
 INFO [main] (LoginFun.java:60) - Password entered: Abacefgh
 INFO [main] (LoginFun.java:66) - Clicked on Login button from Login form
ERROR [main] (LoginFun.java:80) - Login to Watchable application is failed with invalid credentials...!
 INFO [main] (LoginToWatchableUsingInValidPassword.java:43) - Login to watchable application failed using invalid pasword for a registered user
 INFO [main] (LoginToWatchableUsingInValidPassword.java:44) - Error Message: Incorrect email or password
 INFO [main] (LoginFun.java:233) - Successfully clicked On close icon
 INFO [main] (LoginToWatchableUsingInValidPassword.java:57) - Login Form is closed
 INFO [main] (LoginToWatchableUsingInValidPassword.java:59) - 
 INFO [main] (LoginToWatchableUsingInValidUserName.java:29) - Script: LoginToWatchableUsingInValidUserName
 INFO [main] (LoginToWatchableUsingInValidUserName.java:30) - ********************************************
 INFO [main] (LoginToWatchableUsingInValidUserName.java:37) - Successfully opened the application
 INFO [main] (LoginFun.java:44) - Login form opened successfully
 INFO [main] (LoginFun.java:52) - User name entered: abc@abcef.com
 INFO [main] (LoginFun.java:60) - Password entered: Demo1111
 INFO [main] (LoginFun.java:66) - Clicked on Login button from Login form
ERROR [main] (LoginFun.java:80) - Login to Watchable application is failed with invalid credentials...!
 INFO [main] (LoginToWatchableUsingInValidUserName.java:43) - Login to watchable application failed invalid user name and valid password
 INFO [main] (LoginToWatchableUsingInValidUserName.java:44) - Error Message: Incorrect email or password
 INFO [main] (LoginFun.java:233) - Successfully clicked On close icon
 INFO [main] (LoginToWatchableUsingInValidUserName.java:57) - Login Form is closed
 INFO [main] (LoginToWatchableUsingInValidUserName.java:59) - 
 INFO [main] (LoginToWatchableUsingJavaScript.java:29) - Script: LoginToWatchableUsingJavaScript
 INFO [main] (LoginToWatchableUsingJavaScript.java:30) - ********************************************
 INFO [main] (LoginToWatchableUsingJavaScript.java:37) - Successfully opened the application
 INFO [main] (LoginFun.java:44) - Login form opened successfully
 INFO [main] (LoginFun.java:52) - User name entered: <script>alert('Injected!');</script>
 INFO [main] (LoginFun.java:60) - Password entered: Demo1111
 INFO [main] (LoginFun.java:66) - Clicked on Login button from Login form
ERROR [main] (LoginFun.java:80) - Login to Watchable application is failed with invalid credentials...!
 INFO [main] (LoginToWatchableUsingJavaScript.java:43) - Login to watchable application failed user name as Javas Script and valid password
 INFO [main] (LoginToWatchableUsingJavaScript.java:44) - Error Message: Incorrect email or password
 INFO [main] (LoginFun.java:233) - Successfully clicked On close icon
 INFO [main] (LoginToWatchableUsingJavaScript.java:57) - Login Form is closed
 INFO [main] (LoginToWatchableUsingJavaScript.java:59) - 
 INFO [main] (LoginToWatchableUsingSpecialCharacters.java:29) - Script: LoginToWatchableUsingSpecialCharacters
 INFO [main] (LoginToWatchableUsingSpecialCharacters.java:30) - ********************************************
 INFO [main] (LoginToWatchableUsingSpecialCharacters.java:37) - Successfully opened the application
 INFO [main] (LoginFun.java:44) - Login form opened successfully
 INFO [main] (LoginFun.java:52) - User name entered: @#$%^!@$
 INFO [main] (LoginFun.java:60) - Password entered: Demo1111
 INFO [main] (LoginFun.java:66) - Clicked on Login button from Login form
ERROR [main] (LoginFun.java:80) - Login to Watchable application is failed with invalid credentials...!
 INFO [main] (LoginToWatchableUsingSpecialCharacters.java:43) - Login to watchable application failed user name as special characters and valid password
 INFO [main] (LoginToWatchableUsingSpecialCharacters.java:44) - Error Message: Incorrect email or password
 INFO [main] (LoginFun.java:233) - Successfully clicked On close icon
 INFO [main] (LoginToWatchableUsingSpecialCharacters.java:57) - Login Form is closed
 INFO [main] (LoginToWatchableUsingSpecialCharacters.java:59) - 
 INFO [main] (LoginToWatchableUsingSQLKeyWords.java:29) - Script: LoginToWatchableUsingSQLKeyWords
 INFO [main] (LoginToWatchableUsingSQLKeyWords.java:30) - ********************************************
 INFO [main] (LoginToWatchableUsingSQLKeyWords.java:37) - Successfully opened the application
 INFO [main] (LoginFun.java:44) - Login form opened successfully
 INFO [main] (LoginFun.java:52) - User name entered: test_301 OR 1=1
 INFO [main] (LoginFun.java:60) - Password entered: Demo1111
 INFO [main] (LoginFun.java:66) - Clicked on Login button from Login form
ERROR [main] (LoginFun.java:80) - Login to Watchable application is failed with invalid credentials...!
 INFO [main] (LoginToWatchableUsingSQLKeyWords.java:44) - Login to watchable application failed user name as SQL keywords and valid password
 INFO [main] (LoginToWatchableUsingSQLKeyWords.java:45) - Error Message: Incorrect email or password
 INFO [main] (LoginFun.java:233) - Successfully clicked On close icon
 INFO [main] (LoginToWatchableUsingSQLKeyWords.java:58) - Login Form is closed
 INFO [main] (LoginToWatchableUsingSQLKeyWords.java:60) - 
 INFO [main] (LoginToWatchableUsingSQLStatement.java:29) - Script: LoginToWatchableUsingSQLStatement
 INFO [main] (LoginToWatchableUsingSQLStatement.java:30) - ********************************************
 INFO [main] (LoginToWatchableUsingSQLStatement.java:37) - Successfully opened the application
 INFO [main] (LoginFun.java:44) - Login form opened successfully
 INFO [main] (LoginFun.java:52) - User name entered: test_301 OR first_name LIKE '%Test%'
 INFO [main] (LoginFun.java:60) - Password entered: Demo1111
 INFO [main] (LoginFun.java:66) - Clicked on Login button from Login form
ERROR [main] (LoginFun.java:80) - Login to Watchable application is failed with invalid credentials...!
 INFO [main] (LoginToWatchableUsingSQLStatement.java:44) - Login to watchable application failed user name as SQL statement and valid password
 INFO [main] (LoginToWatchableUsingSQLStatement.java:45) - Error Message: Incorrect email or password
 INFO [main] (LoginFun.java:233) - Successfully clicked On close icon
 INFO [main] (LoginToWatchableUsingSQLStatement.java:58) - Login Form is closed
 INFO [main] (LoginToWatchableUsingSQLStatement.java:60) - 
 INFO [main] (LoginToWatchableWithInValidCredentials.java:29) - Script: LoginToWatchableWithInValidCredentials
 INFO [main] (LoginToWatchableWithInValidCredentials.java:30) - ********************************************
 INFO [main] (LoginToWatchableWithInValidCredentials.java:37) - Successfully opened the application
 INFO [main] (LoginFun.java:44) - Login form opened successfully
 INFO [main] (LoginFun.java:52) - User name entered: abc@abcef.com
 INFO [main] (LoginFun.java:60) - Password entered: Abacefgh
 INFO [main] (LoginFun.java:66) - Clicked on Login button from Login form
ERROR [main] (LoginFun.java:80) - Login to Watchable application is failed with invalid credentials...!
 INFO [main] (LoginToWatchableWithInValidCredentials.java:44) - Login to watchable application failed invalid user and invalid password
 INFO [main] (LoginToWatchableWithInValidCredentials.java:45) - Error Message: Incorrect email or password
 INFO [main] (LoginFun.java:233) - Successfully clicked On close icon
 INFO [main] (LoginToWatchableWithInValidCredentials.java:58) - Login Form is closed
 INFO [main] (LoginToWatchableWithInValidCredentials.java:60) - 
 INFO [main] (VerifyLoginPageMandatoryFields.java:29) - Script: VerifyLoginPageMandatoryFields
 INFO [main] (VerifyLoginPageMandatoryFields.java:30) - ********************************************
 INFO [main] (VerifyLoginPageMandatoryFields.java:37) - Successfully opened the application
 INFO [main] (LoginFun.java:215) - Successfully clicked On Login button
 INFO [main] (VerifyLoginPageMandatoryFields.java:47) - Login form opened successfully
 INFO [main] (LoginFun.java:371) - Successfully clicked On login button from login form icon
 INFO [main] (VerifyLoginPageMandatoryFields.java:57) - Email Error Message 'Email is required' is displayed
 INFO [main] (VerifyLoginPageMandatoryFields.java:67) - Password Error Message 'Password is required' is displayed
 INFO [main] (VerifyLoginPageMandatoryFields.java:72) - Login to watchable application failed with blank user name and password
 INFO [main] (LoginFun.java:233) - Successfully clicked On close icon
 INFO [main] (VerifyLoginPageMandatoryFields.java:83) - Login Form is closed
 INFO [main] (VerifyLoginPageMandatoryFields.java:85) - 
 INFO [main] (LoginToWatchableWithValidCredentials.java:31) - Script: LoginToWatchableWithValidCredentials
 INFO [main] (LoginToWatchableWithValidCredentials.java:32) - ********************************************
 INFO [main] (LoginToWatchableWithValidCredentials.java:39) - Successfully opened the application
 INFO [main] (LoginFun.java:44) - Login form opened successfully
 INFO [main] (LoginFun.java:52) - User name entered: watchable_v2.30.26.6@gmail.com
 INFO [main] (LoginFun.java:60) - Password entered: Demo1111
 INFO [main] (LoginFun.java:66) - Clicked on Login button from Login form
 INFO [main] (LoginFun.java:78) - Successfully login Watchable application...!
 INFO [main] (LoginToWatchableWithValidCredentials.java:57) - Login Form is closed after successful login to application
 INFO [main] (LoginToWatchableWithValidCredentials.java:62) - 
 INFO [main] (ValidateRememberMeFunctionality.java:29) - Script: ValidateRememberMeFunctionality
 INFO [main] (ValidateRememberMeFunctionality.java:30) - ***************************************
 INFO [main] (ValidateRememberMeFunctionality.java:37) - Successfully opened the application
 INFO [main] (LoginFun.java:215) - Successfully clicked On Login button
 INFO [main] (ValidateRememberMeFunctionality.java:47) - Login form opened successfully
 INFO [main] (ValidateRememberMeFunctionality.java:55) - Remember me check box is present in login form
 INFO [main] (ValidateRememberMeFunctionality.java:63) - Remember me label is present in login form
 INFO [main] (ValidateRememberMeFunctionality.java:74) - true
 INFO [main] (LoginFun.java:44) - Login form opened successfully
 INFO [main] (LoginFun.java:52) - User name entered: watchable_v2.30.26.6@gmail.com
 INFO [main] (LoginFun.java:60) - Password entered: Demo1111
 INFO [main] (LoginFun.java:66) - Clicked on Login button from Login form
 INFO [main] (LoginFun.java:78) - Successfully login Watchable application...!
 INFO [main] (ValidateRememberMeFunctionality.java:96) - Successfully updated the email id in home page with logged in user email id
 INFO [main] (ValidateRememberMeFunctionality.java:108) - Successfully Re-opened the application
 INFO [main] (ValidateRememberMeFunctionality.java:121) - Updated email id is present in home page
 INFO [main] (ValidateRememberMeFunctionality.java:123) - 
 INFO [main] (VerifyLogoutFromWatchable.java:31) - Script: VerifyLogoutFromWatchable
 INFO [main] (VerifyLogoutFromWatchable.java:32) - ********************************************
 INFO [main] (VerifyLogoutFromWatchable.java:39) - Successfully opened the application
 INFO [main] (LoginFun.java:44) - Login form opened successfully
 INFO [main] (LoginFun.java:52) - User name entered: watchable_v2.30.26.6@gmail.com
 INFO [main] (LoginFun.java:60) - Password entered: Demo1111
 INFO [main] (LoginFun.java:66) - Clicked on Login button from Login form
 INFO [main] (LoginFun.java:78) - Successfully login Watchable application...!
 INFO [main] (VerifyLogoutFromWatchable.java:56) - Login Form is closed after successful login to application
 INFO [main] (LoginFun.java:181) - Successfully Selected Logout option
 INFO [main] (LoginFun.java:189) - Successfully logout from the application...!
 INFO [main] (VerifyLogoutFromWatchable.java:61) - 
 INFO [main] (VerifyLogInFormCloseButton.java:29) - Script: VerifyLogInFormCloseButton
 INFO [main] (VerifyLogInFormCloseButton.java:30) - **********************************
 INFO [main] (VerifyLogInFormCloseButton.java:37) - Successfully opened the application
 INFO [main] (LoginFun.java:215) - Successfully clicked On Login button
 INFO [main] (VerifyLogInFormCloseButton.java:47) - Login form opened successfully
 INFO [main] (VerifyLogInFormCloseButton.java:53) - Close icon is present in login form
 INFO [main] (LoginFun.java:233) - Successfully clicked On close icon
 INFO [main] (VerifyLogInFormCloseButton.java:64) - Login Form is closed
 INFO [main] (VerifyLogInFormCloseButton.java:66) - 
 INFO [main] (VerifyUserProfileMenu.java:32) - Script: VerifyUserProfileMenu
 INFO [main] (VerifyUserProfileMenu.java:33) - *******************************
 INFO [main] (VerifyUserProfileMenu.java:40) - Successfully opened the application
 INFO [main] (LoginFun.java:44) - Login form opened successfully
 INFO [main] (LoginFun.java:52) - User name entered: watchable_v2.30.26.6@gmail.com
 INFO [main] (LoginFun.java:60) - Password entered: Demo1111
 INFO [main] (LoginFun.java:66) - Clicked on Login button from Login form
 INFO [main] (LoginFun.java:78) - Successfully login Watchable application...!
 INFO [main] (VerifyUserProfileMenu.java:61) - User profile drop down menu contains 'Settings' option
 INFO [main] (VerifyUserProfileMenu.java:68) - User profile drop down menu contains 'Log Out' option
 INFO [main] (VerifyUserProfileMenu.java:70) - 
 INFO [main] (VerifyLoginPageDirectURL.java:27) - Script: VerifyLoginPageDirectURL
 INFO [main] (VerifyLoginPageDirectURL.java:28) - *********************************
 INFO [main] (VerifyLoginPageDirectURL.java:35) - Successfully opened the application
 INFO [main] (VerifyLoginPageDirectURL.java:44) - Login form opened successfully using direct login page URL
 INFO [main] (VerifyLoginPageDirectURL.java:46) - 
 INFO [main] (VeriyForgotPasswordPageContent.java:28) - Script: VeriyForgotPasswordPageContent
 INFO [main] (VeriyForgotPasswordPageContent.java:29) - **************************************
 INFO [main] (VeriyForgotPasswordPageContent.java:36) - Successfully opened the application
 INFO [main] (LoginFun.java:215) - Successfully clicked On Login button
 INFO [main] (VeriyForgotPasswordPageContent.java:46) - Login form opened successfully
 INFO [main] (VeriyForgotPasswordPageContent.java:54) - FORGOT YOUR PASSWORD link is present in login form
 INFO [main] (LoginFun.java:390) - Successfully clicked On forgot your password link from login form
 INFO [main] (VeriyForgotPasswordPageContent.java:65) - Forgot password form opened successfully
 INFO [main] (VeriyForgotPasswordPageContent.java:73) - The title 'Log in to Watchable' Present in forgot password form
 INFO [main] (VeriyForgotPasswordPageContent.java:84) - Close icon is present in forgot password form
 INFO [main] (VeriyForgotPasswordPageContent.java:91) - Email text box is present in forgot password form
 INFO [main] (VeriyForgotPasswordPageContent.java:99) - Continue button is present in forgot password form
 INFO [main] (LoginFun.java:252) - Successfully clicked On close icon
 INFO [main] (VeriyForgotPasswordPageContent.java:113) - Forgot password Form is closed
 INFO [main] (VeriyForgotPasswordPageContent.java:118) - 
 INFO [main] (VerifyForgotPasswordPageDetailsWithEmptyFields.java:31) - Script: VerifyForgotPasswordPageDetailsWithEmptyFields
 INFO [main] (VerifyForgotPasswordPageDetailsWithEmptyFields.java:32) - ******************************************************
 INFO [main] (VerifyForgotPasswordPageDetailsWithEmptyFields.java:39) - Successfully opened the application
 INFO [main] (LoginFun.java:215) - Successfully clicked On Login button
 INFO [main] (VerifyForgotPasswordPageDetailsWithEmptyFields.java:49) - Login form opened successfully
 INFO [main] (VerifyForgotPasswordPageDetailsWithEmptyFields.java:57) - FORGOT YOUR PASSWORD link is present in login form
 INFO [main] (LoginFun.java:390) - Successfully clicked On forgot your password link from login form
 INFO [main] (VerifyForgotPasswordPageDetailsWithEmptyFields.java:68) - Forgot password form opened successfully
 INFO [main] (VerifyForgotPasswordPageDetailsWithEmptyFields.java:79) - Email text box is blank
 INFO [main] (LoginFun.java:252) - Successfully clicked On close icon
 INFO [main] (VerifyForgotPasswordPageDetailsWithEmptyFields.java:93) - Forgot password Form is closed
 INFO [main] (VerifyForgotPasswordPageDetailsWithEmptyFields.java:98) - 
 INFO [main] (VerifyForgotPasswordFunctionalityWithNoEmail.java:31) - Script: VerifyForgotPasswordFunctionalityWithNoEmail
 INFO [main] (VerifyForgotPasswordFunctionalityWithNoEmail.java:32) - ****************************************************
 INFO [main] (VerifyForgotPasswordFunctionalityWithNoEmail.java:39) - Successfully opened the application
 INFO [main] (LoginFun.java:215) - Successfully clicked On Login button
 INFO [main] (VerifyForgotPasswordFunctionalityWithNoEmail.java:49) - Login form opened successfully
 INFO [main] (VerifyForgotPasswordFunctionalityWithNoEmail.java:57) - FORGOT YOUR PASSWORD link is present in login form
 INFO [main] (LoginFun.java:390) - Successfully clicked On forgot your password link from login form
 INFO [main] (VerifyForgotPasswordFunctionalityWithNoEmail.java:68) - Forgot password form opened successfully
 INFO [main] (LoginFun.java:290) - Successfully clicked On Continue button
 INFO [main] (VerifyForgotPasswordFunctionalityWithNoEmail.java:79) - Email Error Message 'Email is required' is displayed
 INFO [main] (LoginFun.java:252) - Successfully clicked On close icon
 INFO [main] (VerifyForgotPasswordFunctionalityWithNoEmail.java:96) - Forgot password Form is closed
 INFO [main] (VerifyForgotPasswordFunctionalityWithNoEmail.java:100) - 
 INFO [main] (VerifyForgotPasswordWithInValidEmailIdFormat.java:32) - Script: VerifyForgotPasswordWithInValidEmailIdFormat
 INFO [main] (VerifyForgotPasswordWithInValidEmailIdFormat.java:33) - ****************************************************
 INFO [main] (VerifyForgotPasswordWithInValidEmailIdFormat.java:40) - Successfully opened the application
 INFO [main] (LoginFun.java:215) - Successfully clicked On Login button
 INFO [main] (VerifyForgotPasswordWithInValidEmailIdFormat.java:50) - Login form opened successfully
 INFO [main] (VerifyForgotPasswordWithInValidEmailIdFormat.java:58) - FORGOT YOUR PASSWORD link is present in login form
 INFO [main] (LoginFun.java:390) - Successfully clicked On forgot your password link from login form
 INFO [main] (VerifyForgotPasswordWithInValidEmailIdFormat.java:69) - Forgot password form opened successfully
 INFO [main] (VerifyForgotPasswordWithInValidEmailIdFormat.java:80) - Entered the invalid formated Email ID: abc.com@d
 INFO [main] (LoginFun.java:290) - Successfully clicked On Continue button
 INFO [main] (VerifyForgotPasswordWithInValidEmailIdFormat.java:92) - Email Error Message 'Please enter a valid email address' is displayed
 INFO [main] (LoginFun.java:252) - Successfully clicked On close icon
 INFO [main] (VerifyForgotPasswordWithInValidEmailIdFormat.java:109) - Forgot password Form is closed
 INFO [main] (VerifyForgotPasswordWithInValidEmailIdFormat.java:114) - 
 INFO [main] (VerifyForgotPasswordWithInValidEmailId.java:31) - Script: VerifyForgotPasswordWithInValidEmailId
 INFO [main] (VerifyForgotPasswordWithInValidEmailId.java:32) - **********************************************
 INFO [main] (VerifyForgotPasswordWithInValidEmailId.java:39) - Successfully opened the application
 INFO [main] (LoginFun.java:215) - Successfully clicked On Login button
 INFO [main] (VerifyForgotPasswordWithInValidEmailId.java:49) - Login form opened successfully
 INFO [main] (VerifyForgotPasswordWithInValidEmailId.java:57) - FORGOT YOUR PASSWORD link is present in login form
 INFO [main] (LoginFun.java:390) - Successfully clicked On forgot your password link from login form
 INFO [main] (VerifyForgotPasswordWithInValidEmailId.java:68) - Forgot password form opened successfully
 INFO [main] (VerifyForgotPasswordWithInValidEmailId.java:79) - Entered the invalid Email ID: abc@abcef.com
 INFO [main] (LoginFun.java:290) - Successfully clicked On Continue button
 INFO [main] (VerifyForgotPasswordWithInValidEmailId.java:93) - Email Error Message 'Email address missing or not found' is displayed
 INFO [main] (LoginFun.java:252) - Successfully clicked On close icon
 INFO [main] (VerifyForgotPasswordWithInValidEmailId.java:110) - Forgot password Form is closed
 INFO [main] (VerifyForgotPasswordWithInValidEmailId.java:114) - 
 INFO [main] (VerifyForgotPasswordFunctionalityWithValidEmail.java:32) - Script: VerifyForgotPasswordFunctionalityWithValidEmail
 INFO [main] (VerifyForgotPasswordFunctionalityWithValidEmail.java:33) - *******************************************************
 INFO [main] (VerifyForgotPasswordFunctionalityWithValidEmail.java:40) - Successfully opened the application
 INFO [main] (LoginFun.java:215) - Successfully clicked On Login button
 INFO [main] (VerifyForgotPasswordFunctionalityWithValidEmail.java:50) - Login form opened successfully
 INFO [main] (VerifyForgotPasswordFunctionalityWithValidEmail.java:58) - FORGOT YOUR PASSWORD link is present in login form
 INFO [main] (LoginFun.java:390) - Successfully clicked On forgot your password link from login form
 INFO [main] (VerifyForgotPasswordFunctionalityWithValidEmail.java:69) - Forgot password form opened successfully
 INFO [main] (VerifyForgotPasswordFunctionalityWithValidEmail.java:80) - Entered the valid Email ID: forgot.pass.request@gmail.com
 INFO [main] (LoginFun.java:290) - Successfully clicked On Continue button
 INFO [main] (VerifyForgotPasswordFunctionalityWithValidEmail.java:91) - Forgot password confirmation Message '' is displayed
 INFO [main] (LoginFun.java:252) - Successfully clicked On close icon
 INFO [main] (VerifyForgotPasswordFunctionalityWithValidEmail.java:108) - Forgot password Form is closed
 INFO [main] (VerifyForgotPasswordFunctionalityWithValidEmail.java:113) - 
 INFO [main] (VerifyForgotPasswordFormCloseButton.java:29) - Script: VerifyForgotPasswordFormCloseButton
 INFO [main] (VerifyForgotPasswordFormCloseButton.java:30) - *******************************************
 INFO [main] (VerifyForgotPasswordFormCloseButton.java:37) - Successfully opened the application
 INFO [main] (LoginFun.java:215) - Successfully clicked On Login button
 INFO [main] (VerifyForgotPasswordFormCloseButton.java:47) - Login form opened successfully
 INFO [main] (VerifyForgotPasswordFormCloseButton.java:55) - FORGOT YOUR PASSWORD link is present in login form
 INFO [main] (LoginFun.java:390) - Successfully clicked On forgot your password link from login form
 INFO [main] (VerifyForgotPasswordFormCloseButton.java:66) - Forgot password form opened successfully
 INFO [main] (VerifyForgotPasswordFormCloseButton.java:74) - Close icon is present in forgot password form
 INFO [main] (LoginFun.java:252) - Successfully clicked On close icon
 INFO [main] (VerifyForgotPasswordFormCloseButton.java:88) - Forgot password Form is closed
 INFO [main] (VerifyForgotPasswordFormCloseButton.java:93) - 
 INFO [main] (VeriyResetPasswordPageContent.java:31) - Script: VeriyResetPasswordPageContent
 INFO [main] (VeriyResetPasswordPageContent.java:32) - **************************************
 INFO [main] (VeriyResetPasswordPageContent.java:39) - Successfully opened the application
 INFO [main] (LoginFun.java:44) - Login form opened successfully
 INFO [main] (LoginFun.java:52) - User name entered: watchable_v2.30.26.6@gmail.com
 INFO [main] (LoginFun.java:60) - Password entered: Demo1111
 INFO [main] (LoginFun.java:66) - Clicked on Login button from Login form
 INFO [main] (LoginFun.java:78) - Successfully login Watchable application...!
 INFO [main] (LoginFun.java:429) - Successfully Selected Settings option
 INFO [main] (VeriyResetPasswordPageContent.java:64) - Reset Passwordn form opened successfully
 INFO [main] (VeriyResetPasswordPageContent.java:72) - The title 'Reset Password' Present in Reset password form
 INFO [main] (VeriyResetPasswordPageContent.java:84) - Close icon is present in Reset password form
 INFO [main] (VeriyResetPasswordPageContent.java:92) - Old password text box is present in Reset password form
 INFO [main] (VeriyResetPasswordPageContent.java:100) - New password text box is present in Reset password form
 INFO [main] (VeriyResetPasswordPageContent.java:108) - Confirm password text box is present in Reset password form
 INFO [main] (VeriyResetPasswordPageContent.java:116) - Update button is present in Reset password form
 INFO [main] (VeriyResetPasswordPageContent.java:118) - 
 INFO [main] (VerifyChangePasswordPageDetailsWithEmptyFields.java:33) - Script: VerifyChangePasswordPageDetailsWithEmptyFields
 INFO [main] (VerifyChangePasswordPageDetailsWithEmptyFields.java:34) - ******************************************************
 INFO [main] (VerifyChangePasswordPageDetailsWithEmptyFields.java:41) - Successfully opened the application
 INFO [main] (LoginFun.java:44) - Login form opened successfully
 INFO [main] (LoginFun.java:52) - User name entered: watchable_v2.30.26.6@gmail.com
 INFO [main] (LoginFun.java:60) - Password entered: Demo1111
 INFO [main] (LoginFun.java:66) - Clicked on Login button from Login form
 INFO [main] (LoginFun.java:78) - Successfully login Watchable application...!
 INFO [main] (LoginFun.java:429) - Successfully Selected Settings option
 INFO [main] (VerifyChangePasswordPageDetailsWithEmptyFields.java:68) - Reset Passwordn form opened successfully
 INFO [main] (VerifyChangePasswordPageDetailsWithEmptyFields.java:80) - Old password text box is blank
 INFO [main] (VerifyChangePasswordPageDetailsWithEmptyFields.java:92) - New password text box is blank
 INFO [main] (VerifyChangePasswordPageDetailsWithEmptyFields.java:105) - Confirm password text box is blank
 INFO [main] (VerifyChangePasswordPageDetailsWithEmptyFields.java:110) - 
 INFO [main] (VerifyChangePasswordMandatoryFields.java:32) - Script: VerifyChangePasswordMandatoryFields
 INFO [main] (VerifyChangePasswordMandatoryFields.java:33) - *******************************************
 INFO [main] (VerifyChangePasswordMandatoryFields.java:40) - Successfully opened the application
 INFO [main] (LoginFun.java:44) - Login form opened successfully
 INFO [main] (LoginFun.java:52) - User name entered: watchable_v2.30.26.6@gmail.com
 INFO [main] (LoginFun.java:60) - Password entered: Demo1111
 INFO [main] (LoginFun.java:66) - Clicked on Login button from Login form
 INFO [main] (LoginFun.java:78) - Successfully login Watchable application...!
 INFO [main] (LoginFun.java:429) - Successfully Selected Settings option
 INFO [main] (VerifyChangePasswordMandatoryFields.java:66) - Reset Passwordn form opened successfully
 INFO [main] (LoginFun.java:309) - Successfully clicked On Update button
 INFO [main] (VerifyChangePasswordMandatoryFields.java:77) - Old Password Error Message 'Old password is required' is displayed
 INFO [main] (VerifyChangePasswordMandatoryFields.java:88) - New Password Error Message 'Password is required' is displayed
 INFO [main] (VerifyChangePasswordMandatoryFields.java:99) - Confirm Password Error Message 'Confirm Password is required' is displayed
 INFO [main] (VerifyChangePasswordMandatoryFields.java:107) - 
 INFO [main] (ValidateChangePassByEnteringCurrentPassword.java:33) - Script: ValidateChangePassByEnteringCurrentPassword
 INFO [main] (ValidateChangePassByEnteringCurrentPassword.java:34) - ***************************************************
 INFO [main] (ValidateChangePassByEnteringCurrentPassword.java:41) - Successfully opened the application
 INFO [main] (LoginFun.java:44) - Login form opened successfully
 INFO [main] (LoginFun.java:52) - User name entered: watchable_v2.30.26.6@gmail.com
 INFO [main] (LoginFun.java:60) - Password entered: Demo1111
 INFO [main] (LoginFun.java:66) - Clicked on Login button from Login form
 INFO [main] (LoginFun.java:78) - Successfully login Watchable application...!
 INFO [main] (LoginFun.java:429) - Successfully Selected Settings option
 INFO [main] (ValidateChangePassByEnteringCurrentPassword.java:67) - Reset Passwordn form opened successfully
 INFO [main] (LoginFun.java:332) - Old Password entered: Demo1111
 INFO [main] (LoginFun.java:343) - New Password entered: Demo1111
 INFO [main] (LoginFun.java:354) - Confirm Password entered: Demo1111
 INFO [main] (LoginFun.java:309) - Successfully clicked On Update button
 INFO [main] (ValidateChangePassByEnteringCurrentPassword.java:84) - New Password Error Message 'Please enter a different password as your new password.' is displayed
 INFO [main] (ValidateChangePassByEnteringCurrentPassword.java:92) - 
 INFO [main] (ValidateCurrentPasswordWhenChangingPassword.java:33) - Script: ValidateCurrentPasswordWhenChangingPassword
 INFO [main] (ValidateCurrentPasswordWhenChangingPassword.java:34) - ***************************************************
 INFO [main] (ValidateCurrentPasswordWhenChangingPassword.java:41) - Successfully opened the application
 INFO [main] (LoginFun.java:44) - Login form opened successfully
 INFO [main] (LoginFun.java:52) - User name entered: watchable_v2.30.26.6@gmail.com
 INFO [main] (LoginFun.java:60) - Password entered: Demo1111
 INFO [main] (LoginFun.java:66) - Clicked on Login button from Login form
 INFO [main] (LoginFun.java:78) - Successfully login Watchable application...!
 INFO [main] (LoginFun.java:429) - Successfully Selected Settings option
 INFO [main] (ValidateCurrentPasswordWhenChangingPassword.java:67) - Reset Passwordn form opened successfully
 INFO [main] (LoginFun.java:332) - Old Password entered: Abacefgh
 INFO [main] (LoginFun.java:343) - New Password entered: Demo4444
 INFO [main] (LoginFun.java:354) - Confirm Password entered: Demo4444
 INFO [main] (LoginFun.java:309) - Successfully clicked On Update button
 INFO [main] (ValidateCurrentPasswordWhenChangingPassword.java:84) - Invalid old Error Message 'Current password entered is not correct' is displayed
 INFO [main] (ValidateCurrentPasswordWhenChangingPassword.java:92) - 
 INFO [main] (ValidateNewPasswordAndConfirmPasswordMatch.java:33) - Script: ValidateNewPasswordAndConfirmPasswordMatch
 INFO [main] (ValidateNewPasswordAndConfirmPasswordMatch.java:34) - **************************************************
 INFO [main] (ValidateNewPasswordAndConfirmPasswordMatch.java:41) - Successfully opened the application
 INFO [main] (LoginFun.java:44) - Login form opened successfully
 INFO [main] (LoginFun.java:52) - User name entered: watchable_v2.30.26.6@gmail.com
 INFO [main] (LoginFun.java:60) - Password entered: Demo1111
 INFO [main] (LoginFun.java:66) - Clicked on Login button from Login form
 INFO [main] (LoginFun.java:78) - Successfully login Watchable application...!
 INFO [main] (LoginFun.java:429) - Successfully Selected Settings option
 INFO [main] (ValidateNewPasswordAndConfirmPasswordMatch.java:67) - Reset Passwordn form opened successfully
 INFO [main] (LoginFun.java:332) - Old Password entered: Demo1111
 INFO [main] (LoginFun.java:343) - New Password entered: Demo4444
 INFO [main] (LoginFun.java:354) - Confirm Password entered: Abacefgh
 INFO [main] (LoginFun.java:309) - Successfully clicked On Update button
 INFO [main] (ValidateNewPasswordAndConfirmPasswordMatch.java:83) - Different confirm Error Message 'Please enter the same value as your new password.' is displayed
 INFO [main] (ValidateNewPasswordAndConfirmPasswordMatch.java:91) - 
 INFO [main] (VerifyChangePasswordFunctionality.java:31) - Script: VerifyChangePasswordFunctionality
 INFO [main] (VerifyChangePasswordFunctionality.java:32) - *****************************************
 INFO [main] (VerifyChangePasswordFunctionality.java:39) - Successfully opened the application
 INFO [main] (LoginFun.java:44) - Login form opened successfully
 INFO [main] (LoginFun.java:52) - User name entered: change.pass@gmail.com
 INFO [main] (LoginFun.java:60) - Password entered: Demo1111
 INFO [main] (LoginFun.java:66) - Clicked on Login button from Login form
ERROR [main] (LoginFun.java:80) - Login to Watchable application is failed with invalid credentials...!
 INFO [main] (VerifyResetPasswordFormCloseButton.java:32) - Script: VerifyResetPasswordFormCloseButton
 INFO [main] (VerifyResetPasswordFormCloseButton.java:33) - ******************************************
 INFO [main] (VerifyResetPasswordFormCloseButton.java:40) - Successfully opened the application
 INFO [main] (LoginFun.java:44) - Login form opened successfully
 INFO [main] (LoginFun.java:52) - User name entered: watchable_v2.30.26.6@gmail.com
 INFO [main] (LoginFun.java:60) - Password entered: Demo1111
 INFO [main] (LoginFun.java:66) - Clicked on Login button from Login form
 INFO [main] (LoginFun.java:78) - Successfully login Watchable application...!
 INFO [main] (LoginFun.java:429) - Successfully Selected Settings option
 INFO [main] (VerifyResetPasswordFormCloseButton.java:64) - Reset Passwordn form opened successfully
 INFO [main] (VerifyResetPasswordFormCloseButton.java:72) - Close icon is present in Reset password form
 INFO [main] (LoginFun.java:270) - Successfully clicked On close icon
 INFO [main] (VerifyResetPasswordFormCloseButton.java:85) - Reset password Form is closed
 INFO [main] (VerifyResetPasswordFormCloseButton.java:86) - 
 INFO [main] (VeriySignUpPageContent.java:27) - Script: VeriySignUpPageContent
 INFO [main] (VeriySignUpPageContent.java:28) - ******************************
 INFO [main] (VeriySignUpPageContent.java:35) - Successfully opened the application
 INFO [main] (SignUpFun.java:24) - Successfully clicked On Sign Up button
 INFO [main] (VeriySignUpPageContent.java:45) - Sign Up form opened successfully
 INFO [main] (VeriySignUpPageContent.java:52) - The title 'Sign Up' Present in Sign Up form
 INFO [main] (VeriySignUpPageContent.java:68) - The Welcome message 'Join Watchable and get full access to all the site's features. It's easy and free.' is present in Sign Up form
 INFO [main] (VeriySignUpPageContent.java:78) - Email text box is present in Sign Up form
 INFO [main] (VeriySignUpPageContent.java:85) - Password text box is present in Sign Up form
 INFO [main] (VeriySignUpPageContent.java:93) - Confirm Password text box is present in Sign Up form
 INFO [main] (VeriySignUpPageContent.java:104) - Captcha image is present in Sign Up form
 INFO [main] (VeriySignUpPageContent.java:114) - Terms and conditions check box is present in Sign Up form
 INFO [main] (VeriySignUpPageContent.java:132) - Sign Up button is present in Sign Up form
 INFO [main] (SignUpFun.java:60) - Successfully clicked On close icon
 INFO [main] (VeriySignUpPageContent.java:143) - Sign Up form is closed
 INFO [main] (VeriySignUpPageContent.java:145) - 
 INFO [main] (RegToWatchableWithoutProvidingAnyDetails.java:30) - Script: RegToWatchableWithoutProvidingAnyDetails
 INFO [main] (RegToWatchableWithoutProvidingAnyDetails.java:31) - ************************************************
 INFO [main] (RegToWatchableWithoutProvidingAnyDetails.java:38) - Successfully opened the application
 INFO [main] (SignUpFun.java:24) - Successfully clicked On Sign Up button
 INFO [main] (RegToWatchableWithoutProvidingAnyDetails.java:48) - Sign Up form opened successfully
 INFO [main] (SignUpFun.java:140) - Successfully clicked On Sign Up button from sign up form
 INFO [main] (RegToWatchableWithoutProvidingAnyDetails.java:57) - Email Error Message 'Email is required' is displayed
 INFO [main] (RegToWatchableWithoutProvidingAnyDetails.java:68) - Password Error Message 'Password is required' is displayed
 INFO [main] (RegToWatchableWithoutProvidingAnyDetails.java:79) - Confirm Password Error Message 'Confirm Password is required' is displayed
 INFO [main] (RegToWatchableWithoutProvidingAnyDetails.java:90) - Captcha Error Message 'Security Check is required' is displayed
 INFO [main] (RegToWatchableWithoutProvidingAnyDetails.java:101) - Terms and Conditions Error Message 'You have to agree to terms and conditions' is displayed
 INFO [main] (SignUpFun.java:60) - Successfully clicked On close icon
 INFO [main] (RegToWatchableWithoutProvidingAnyDetails.java:115) - Sign Up form is closed
 INFO [main] (RegToWatchableWithoutProvidingAnyDetails.java:117) - 
 INFO [main] (ValidateCaptchaMandarotyField.java:30) - Script: ValidateCaptchaMandarotyField
 INFO [main] (ValidateCaptchaMandarotyField.java:31) - *************************************
 INFO [main] (ValidateCaptchaMandarotyField.java:38) - Successfully opened the application
 INFO [main] (SignUpFun.java:24) - Successfully clicked On Sign Up button
 INFO [main] (ValidateCaptchaMandarotyField.java:48) - Sign Up form opened successfully
 INFO [main] (SignUpFun.java:165) - User name entered: new.user@gmail.com
 INFO [main] (SignUpFun.java:173) - Password entered: Demo1111
 INFO [main] (SignUpFun.java:183) - Confirm Password entered: Demo1111
 INFO [main] (SignUpFun.java:209) - false
 INFO [main] (SignUpFun.java:140) - Successfully clicked On Sign Up button from sign up form
 INFO [main] (ValidateCaptchaMandarotyField.java:66) - Captcha Error Message 'Security Check is required' is displayed
 INFO [main] (SignUpFun.java:60) - Successfully clicked On close icon
 INFO [main] (ValidateCaptchaMandarotyField.java:80) - Sign Up form is closed
 INFO [main] (ValidateCaptchaMandarotyField.java:82) - 
 INFO [main] (RegToWatchableByEnteringExistingEmailID.java:31) - Script: RegToWatchableByEnteringExistingEmailID
 INFO [main] (RegToWatchableByEnteringExistingEmailID.java:32) - ***********************************************
 INFO [main] (RegToWatchableByEnteringExistingEmailID.java:39) - Successfully opened the application
 INFO [main] (SignUpFun.java:24) - Successfully clicked On Sign Up button
 INFO [main] (RegToWatchableByEnteringExistingEmailID.java:49) - Sign Up form opened successfully
 INFO [main] (SignUpFun.java:165) - User name entered: watchable_v2.30.26.6@gmail.com
 INFO [main] (SignUpFun.java:173) - Password entered: Demo1111
 INFO [main] (SignUpFun.java:183) - Confirm Password entered: Demo1111
 INFO [main] (SignUpFun.java:209) - false
 INFO [main] (SignUpFun.java:140) - Successfully clicked On Sign Up button from sign up form
 INFO [main] (RegToWatchableByEnteringExistingEmailID.java:65) - Email Error Message 'Email is already in use' is displayed
 INFO [main] (SignUpFun.java:60) - Successfully clicked On close icon
 INFO [main] (RegToWatchableByEnteringExistingEmailID.java:79) - Sign Up form is closed
 INFO [main] (RegToWatchableByEnteringExistingEmailID.java:81) - 
 INFO [main] (RegToWatchableByEnteringInValidEmail.java:31) - Script: RegToWatchableByEnteringInValidEmail
 INFO [main] (RegToWatchableByEnteringInValidEmail.java:32) - ********************************************
 INFO [main] (RegToWatchableByEnteringInValidEmail.java:39) - Successfully opened the application
 INFO [main] (SignUpFun.java:24) - Successfully clicked On Sign Up button
 INFO [main] (RegToWatchableByEnteringInValidEmail.java:49) - Sign Up form opened successfully
 INFO [main] (SignUpFun.java:165) - User name entered: abc.com@d
 INFO [main] (SignUpFun.java:173) - Password entered: Demo1111
 INFO [main] (SignUpFun.java:183) - Confirm Password entered: Demo1111
 INFO [main] (SignUpFun.java:209) - false
 INFO [main] (SignUpFun.java:140) - Successfully clicked On Sign Up button from sign up form
 INFO [main] (RegToWatchableByEnteringInValidEmail.java:66) - Email Error Message 'Please enter a valid email address' is displayed
 INFO [main] (SignUpFun.java:60) - Successfully clicked On close icon
 INFO [main] (RegToWatchableByEnteringInValidEmail.java:80) - Sign Up form is closed
 INFO [main] (RegToWatchableByEnteringInValidEmail.java:82) - 
 INFO [main] (RegToWatchableWithoutEnteringEmail.java:31) - Script: RegToWatchableWithoutEnteringEmail
 INFO [main] (RegToWatchableWithoutEnteringEmail.java:32) - ******************************************
 INFO [main] (RegToWatchableWithoutEnteringEmail.java:39) - Successfully opened the application
 INFO [main] (SignUpFun.java:24) - Successfully clicked On Sign Up button
 INFO [main] (RegToWatchableWithoutEnteringEmail.java:49) - Sign Up form opened successfully
 INFO [main] (SignUpFun.java:165) - User name entered: 
 INFO [main] (SignUpFun.java:173) - Password entered: Demo1111
comcast.test.app.testCases.signUp.RegToWatchableWithoutEnteringEmail
RegToWatchableWithoutEnteringEmail
comcast.test.app.testCases.signUp.RegToWatchableWithoutEnteringEmail
 INFO [main] (RegToWatchableByProvidingDifferentConfPass.java:32) - Script: RegToWatchableByProvidingDifferentConfPass
 INFO [main] (RegToWatchableByProvidingDifferentConfPass.java:33) - **************************************************
 INFO [main] (RegToWatchableByProvidingDifferentConfPass.java:40) - Successfully opened the application
 INFO [main] (SignUpFun.java:24) - Successfully clicked On Sign Up button
 INFO [main] (RegToWatchableByProvidingDifferentConfPass.java:50) - Sign Up form opened successfully
 INFO [main] (SignUpFun.java:165) - User name entered: new.user@gmail.com
 INFO [main] (SignUpFun.java:173) - Password entered: Demo4444
 INFO [main] (SignUpFun.java:183) - Confirm Password entered: Demo1111
 INFO [main] (SignUpFun.java:209) - false
 INFO [main] (SignUpFun.java:140) - Successfully clicked On Sign Up button from sign up form
 INFO [main] (RegToWatchableByProvidingDifferentConfPass.java:69) - Confirm Password Error Message 'Please enter the same value as your password.' is displayed
 INFO [main] (SignUpFun.java:60) - Successfully clicked On close icon
 INFO [main] (RegToWatchableByProvidingDifferentConfPass.java:83) - Sign Up form is closed
 INFO [main] (RegToWatchableByProvidingDifferentConfPass.java:85) - 
 INFO [main] (RegToWatchableWithoutEnteringConfPass.java:31) - Script: RegToWatchableWithoutEnteringConfPass
 INFO [main] (RegToWatchableWithoutEnteringConfPass.java:32) - *********************************************
 INFO [main] (RegToWatchableWithoutEnteringConfPass.java:39) - Successfully opened the application
 INFO [main] (SignUpFun.java:24) - Successfully clicked On Sign Up button
 INFO [main] (RegToWatchableWithoutEnteringConfPass.java:49) - Sign Up form opened successfully
 INFO [main] (SignUpFun.java:165) - User name entered: new.user@gmail.com
 INFO [main] (SignUpFun.java:173) - Password entered: Demo4444
 INFO [main] (SignUpFun.java:183) - Confirm Password entered: 
 INFO [main] (SignUpFun.java:209) - false
 INFO [main] (SignUpFun.java:140) - Successfully clicked On Sign Up button from sign up form
 INFO [main] (RegToWatchableWithoutEnteringConfPass.java:67) - Confirm Password Error Message 'Confirm Password is required' is displayed
 INFO [main] (SignUpFun.java:60) - Successfully clicked On close icon
 INFO [main] (RegToWatchableWithoutEnteringConfPass.java:81) - Sign Up form is closed
 INFO [main] (RegToWatchableWithoutEnteringConfPass.java:83) - 
 INFO [main] (RegisterToWatchableByEnteringInValidLengthOfPassword.java:33) - Script: RegisterToWatchableByEnteringInValidLengthOfPassword
 INFO [main] (RegisterToWatchableByEnteringInValidLengthOfPassword.java:34) - ************************************************************
 INFO [main] (RegisterToWatchableByEnteringInValidLengthOfPassword.java:41) - Successfully opened the application
 INFO [main] (SignUpFun.java:24) - Successfully clicked On Sign Up button
 INFO [main] (RegisterToWatchableByEnteringInValidLengthOfPassword.java:51) - Sign Up form opened successfully
 INFO [main] (SignUpFun.java:165) - User name entered: new.user@gmail.com
 INFO [main] (SignUpFun.java:173) - Password entered: Demo4
 INFO [main] (SignUpFun.java:183) - Confirm Password entered: Demo4
 INFO [main] (SignUpFun.java:209) - false
 INFO [main] (SignUpFun.java:140) - Successfully clicked On Sign Up button from sign up form
 INFO [main] (RegisterToWatchableByEnteringInValidLengthOfPassword.java:70) - Password Error Message 'Please enter at least 6 characters in Password' is displayed
 INFO [main] (SignUpFun.java:60) - Successfully clicked On close icon
 INFO [main] (RegisterToWatchableByEnteringInValidLengthOfPassword.java:84) - Sign Up form is closed
 INFO [main] (RegisterToWatchableByEnteringInValidLengthOfPassword.java:86) - 
 INFO [main] (RegisterToWatchableByEnteringNonCapitalLetterPassword.java:33) - Script: RegisterToWatchableByEnteringNonCapitalLetterPassword
 INFO [main] (RegisterToWatchableByEnteringNonCapitalLetterPassword.java:34) - *************************************************************
 INFO [main] (RegisterToWatchableByEnteringNonCapitalLetterPassword.java:41) - Successfully opened the application
 INFO [main] (SignUpFun.java:24) - Successfully clicked On Sign Up button
 INFO [main] (RegisterToWatchableByEnteringNonCapitalLetterPassword.java:51) - Sign Up form opened successfully
 INFO [main] (SignUpFun.java:165) - User name entered: new.user@gmail.com
 INFO [main] (SignUpFun.java:173) - Password entered: demo1111
 INFO [main] (SignUpFun.java:183) - Confirm Password entered: demo1111
 INFO [main] (SignUpFun.java:209) - false
 INFO [main] (SignUpFun.java:140) - Successfully clicked On Sign Up button from sign up form
 INFO [main] (RegisterToWatchableByEnteringNonCapitalLetterPassword.java:74) - As per the business requirement, Password is now accepting without Upper Case letter
 INFO [main] (SignUpFun.java:60) - Successfully clicked On close icon
 INFO [main] (RegisterToWatchableByEnteringNonCapitalLetterPassword.java:85) - Sign Up form is closed
 INFO [main] (RegisterToWatchableByEnteringNonCapitalLetterPassword.java:87) - 
 INFO [main] (RegisterToWatchableByEnteringNonDigitPassword.java:32) - Script: RegisterToWatchableByEnteringNonDigitPassword
 INFO [main] (RegisterToWatchableByEnteringNonDigitPassword.java:33) - *****************************************************
 INFO [main] (RegisterToWatchableByEnteringNonDigitPassword.java:40) - Successfully opened the application
 INFO [main] (SignUpFun.java:24) - Successfully clicked On Sign Up button
 INFO [main] (RegisterToWatchableByEnteringNonDigitPassword.java:50) - Sign Up form opened successfully
 INFO [main] (SignUpFun.java:165) - User name entered: new.user@gmail.com
 INFO [main] (SignUpFun.java:173) - Password entered: Abacefgh
 INFO [main] (SignUpFun.java:183) - Confirm Password entered: Abacefgh
 INFO [main] (SignUpFun.java:209) - false
 INFO [main] (SignUpFun.java:140) - Successfully clicked On Sign Up button from sign up form
 INFO [main] (RegisterToWatchableByEnteringNonDigitPassword.java:74) - As per the business requirement, Password is now accepting withot Digits
 INFO [main] (SignUpFun.java:60) - Successfully clicked On close icon
 INFO [main] (RegisterToWatchableByEnteringNonDigitPassword.java:85) - Sign Up form is closed
 INFO [main] (RegisterToWatchableByEnteringNonDigitPassword.java:87) - 
 INFO [main] (RegisterToWatchableWithoutEnteringPassword.java:32) - Script: RegisterToWatchableWithoutEnteringPassword
 INFO [main] (RegisterToWatchableWithoutEnteringPassword.java:33) - **************************************************
 INFO [main] (RegisterToWatchableWithoutEnteringPassword.java:40) - Successfully opened the application
 INFO [main] (SignUpFun.java:24) - Successfully clicked On Sign Up button
 INFO [main] (RegisterToWatchableWithoutEnteringPassword.java:50) - Sign Up form opened successfully
 INFO [main] (SignUpFun.java:165) - User name entered: new.user@gmail.com
 INFO [main] (SignUpFun.java:173) - Password entered: 
 INFO [main] (SignUpFun.java:183) - Confirm Password entered: 
 INFO [main] (SignUpFun.java:209) - false
 INFO [main] (SignUpFun.java:140) - Successfully clicked On Sign Up button from sign up form
 INFO [main] (RegisterToWatchableWithoutEnteringPassword.java:67) - Password Error Message 'Password is required' is displayed
 INFO [main] (SignUpFun.java:60) - Successfully clicked On close icon
 INFO [main] (RegisterToWatchableWithoutEnteringPassword.java:81) - Sign Up form is closed
 INFO [main] (RegisterToWatchableWithoutEnteringPassword.java:83) - 
 INFO [main] (RegToWatchableWithoutSelectingACheckBox.java:31) - Script: RegToWatchableWithoutSelectingACheckBox
 INFO [main] (RegToWatchableWithoutSelectingACheckBox.java:32) - ***********************************************
 INFO [main] (RegToWatchableWithoutSelectingACheckBox.java:39) - Successfully opened the application
 INFO [main] (SignUpFun.java:24) - Successfully clicked On Sign Up button
 INFO [main] (RegToWatchableWithoutSelectingACheckBox.java:49) - Sign Up form opened successfully
 INFO [main] (SignUpFun.java:165) - User name entered: new.user@gmail.com
 INFO [main] (SignUpFun.java:173) - Password entered: Demo1111
 INFO [main] (SignUpFun.java:183) - Confirm Password entered: Demo1111
 INFO [main] (SignUpFun.java:140) - Successfully clicked On Sign Up button from sign up form
 INFO [main] (RegToWatchableWithoutSelectingACheckBox.java:65) - Terms And Conditions Error Message 'You have to agree to terms and conditions' is displayed
 INFO [main] (SignUpFun.java:60) - Successfully clicked On close icon
 INFO [main] (RegToWatchableWithoutSelectingACheckBox.java:79) - Sign Up form is closed
 INFO [main] (RegToWatchableWithoutSelectingACheckBox.java:81) - 
 INFO [main] (VerifySignUpFormCloseButton.java:28) - Script: VerifySignUpFormCloseButton
 INFO [main] (VerifySignUpFormCloseButton.java:29) - ***********************************
 INFO [main] (VerifySignUpFormCloseButton.java:36) - Successfully opened the application
 INFO [main] (SignUpFun.java:24) - Successfully clicked On Sign Up button
 INFO [main] (VerifySignUpFormCloseButton.java:46) - Sign Up form opened successfully
 INFO [main] (SignUpFun.java:60) - Successfully clicked On close icon
 INFO [main] (VerifySignUpFormCloseButton.java:63) - Sign Up form is closed
 INFO [main] (VerifySignUpFormCloseButton.java:65) - 
 INFO [main] (VerifySignUpPageDirectURL.java:27) - Script: VerifySignUpPageDirectURL
 INFO [main] (VerifySignUpPageDirectURL.java:28) - ******************************
 INFO [main] (VerifySignUpPageDirectURL.java:35) - Successfully opened the application
 INFO [main] (VerifySignUpPageDirectURL.java:44) - Sign Up form opened successfully using direct URL
 INFO [main] (VerifySignUpPageDirectURL.java:46) - 
 INFO [main] (VeriyCaptchaContents.java:27) - Script: VeriyCaptchaContents
 INFO [main] (VeriyCaptchaContents.java:28) - ******************************
 INFO [main] (VeriyCaptchaContents.java:35) - Successfully opened the application
 INFO [main] (SignUpFun.java:24) - Successfully clicked On Sign Up button
 INFO [main] (VeriyCaptchaContents.java:45) - Sign Up form opened successfully
 INFO [main] (VeriyCaptchaContents.java:56) - Captcha image is present in Sign Up form
 INFO [main] (VeriyCaptchaContents.java:63) - Anchor button is present in captcha container
 INFO [main] (VeriyCaptchaContents.java:70) - Anchor Label is present in captcha container
 INFO [main] (VeriyCaptchaContents.java:77) - Logo Image is present in captcha container
 INFO [main] (VeriyCaptchaContents.java:84) - Logo Text is present in captcha container
 INFO [main] (VeriyCaptchaContents.java:91) - Captcha Privacy Linkis present in captcha container
 INFO [main] (VeriyCaptchaContents.java:98) - Captcha Terms Linkis present in captcha container
 INFO [main] (SignUpFun.java:60) - Successfully clicked On close icon
 INFO [main] (VeriyCaptchaContents.java:111) - Sign Up form is closed
 INFO [main] (VeriyCaptchaContents.java:113) - 
 INFO [main] (VerifyCaptchaButton.java:30) - Script: VerifyCaptchaButton
 INFO [main] (VerifyCaptchaButton.java:31) - ******************************
 INFO [main] (VerifyCaptchaButton.java:38) - Successfully opened the application
 INFO [main] (SignUpFun.java:24) - Successfully clicked On Sign Up button
 INFO [main] (VerifyCaptchaButton.java:48) - Sign Up form opened successfully
 INFO [main] (VerifyCaptchaButton.java:59) - Captcha image is present in Sign Up form
 INFO [main] (VerifyCaptchaButton.java:66) - Anchor button is present in captcha container
 INFO [main] (CommonFun.java:88) - auto
 INFO [main] (CommonFun.java:106) - Captcha Anchor button is not clickable
 INFO [main] (VerifyCaptchaButton.java:75) - true
 INFO [main] (VerifyCaptchaButton.java:78) - The captcha Anchor button is clickable
 INFO [main] (HomeFun.java:129) - Successfully clicked On captcha Anchor button
 INFO [main] (SignUpFun.java:60) - Successfully clicked On close icon
 INFO [main] (VerifyCaptchaButton.java:95) - Sign Up form is closed
 INFO [main] (VerifyCaptchaButton.java:97) - 
 INFO [main] (VerifyCaptchaPrivacyLink.java:30) - Script: VerifyCaptchaPrivacyLink
 INFO [main] (VerifyCaptchaPrivacyLink.java:31) - ******************************
 INFO [main] (VerifyCaptchaPrivacyLink.java:38) - Successfully opened the application
 INFO [main] (SignUpFun.java:24) - Successfully clicked On Sign Up button
 INFO [main] (VerifyCaptchaPrivacyLink.java:48) - Sign Up form opened successfully
 INFO [main] (VerifyCaptchaPrivacyLink.java:59) - Captcha image is present in Sign Up form
 INFO [main] (VerifyCaptchaPrivacyLink.java:66) - Captcha Privacy link is present in captcha container
 INFO [main] (CommonFun.java:88) - auto
 INFO [main] (CommonFun.java:106) - Captcha Privacy link is not clickable
 INFO [main] (VerifyCaptchaPrivacyLink.java:75) - true
 INFO [main] (VerifyCaptchaPrivacyLink.java:78) - The Captcha Privacy link is clickable
 INFO [main] (HomeFun.java:149) - Successfully clicked On captcha Privacy Link
 INFO [main] (SignUpFun.java:60) - Successfully clicked On close icon
 INFO [main] (VerifyCaptchaPrivacyLink.java:95) - Sign Up form is closed
 INFO [main] (VerifyCaptchaPrivacyLink.java:97) - 
 INFO [main] (VerifyCaptchaTermsLink.java:30) - Script: VerifyCaptchaTermsLink
 INFO [main] (VerifyCaptchaTermsLink.java:31) - ******************************
 INFO [main] (VerifyCaptchaTermsLink.java:38) - Successfully opened the application
 INFO [main] (SignUpFun.java:24) - Successfully clicked On Sign Up button
 INFO [main] (VerifyCaptchaTermsLink.java:48) - Sign Up form opened successfully
 INFO [main] (VerifyCaptchaTermsLink.java:59) - Captcha image is present in Sign Up form
 INFO [main] (VerifyCaptchaTermsLink.java:66) - Captcha Terms link is present in captcha container
 INFO [main] (CommonFun.java:88) - auto
 INFO [main] (CommonFun.java:106) - Captcha Terms link is not clickable
 INFO [main] (VerifyCaptchaTermsLink.java:75) - true
 INFO [main] (VerifyCaptchaTermsLink.java:78) - The Captcha Terms link is clickable
 INFO [main] (HomeFun.java:169) - Successfully clicked On captcha Terms Link
 INFO [main] (SignUpFun.java:60) - Successfully clicked On close icon
 INFO [main] (VerifyCaptchaTermsLink.java:95) - Sign Up form is closed
 INFO [main] (VerifyCaptchaTermsLink.java:97) - 
 INFO [main] (VerifyPresenceOfTermsOfServiceLinkInSignUpForm.java:29) - Script: VerifyPresenceOfTermsOfServiceLinkInSignUpForm
 INFO [main] (VerifyPresenceOfTermsOfServiceLinkInSignUpForm.java:30) - ******************************************************
 INFO [main] (VerifyPresenceOfTermsOfServiceLinkInSignUpForm.java:37) - Successfully opened the application
 INFO [main] (SignUpFun.java:24) - Successfully clicked On Sign Up button
 INFO [main] (VerifyPresenceOfTermsOfServiceLinkInSignUpForm.java:47) - Sign Up form opened successfully
 INFO [main] (VerifyPresenceOfTermsOfServiceLinkInSignUpForm.java:55) - Terms of Service Link is present in Sign Up form
 INFO [main] (SignUpFun.java:60) - Successfully clicked On close icon
 INFO [main] (VerifyPresenceOfTermsOfServiceLinkInSignUpForm.java:66) - Sign Up form is closed
 INFO [main] (VerifyPresenceOfTermsOfServiceLinkInSignUpForm.java:68) - 
 INFO [main] (VerifyPresenceOfPrivacyPolicyLinkInSignUpForm.java:29) - Script: VerifyPresenceOfPrivacyPolicyLinkInSignUpForm
 INFO [main] (VerifyPresenceOfPrivacyPolicyLinkInSignUpForm.java:30) - ******************************************************
 INFO [main] (VerifyPresenceOfPrivacyPolicyLinkInSignUpForm.java:37) - Successfully opened the application
 INFO [main] (SignUpFun.java:24) - Successfully clicked On Sign Up button
 INFO [main] (VerifyPresenceOfPrivacyPolicyLinkInSignUpForm.java:47) - Sign Up form opened successfully
 INFO [main] (VerifyPresenceOfPrivacyPolicyLinkInSignUpForm.java:55) - Privacy Policy Link is present in Sign Up form
 INFO [main] (SignUpFun.java:60) - Successfully clicked On close icon
 INFO [main] (VerifyPresenceOfPrivacyPolicyLinkInSignUpForm.java:66) - Sign Up form is closed
 INFO [main] (VerifyPresenceOfPrivacyPolicyLinkInSignUpForm.java:68) - 
 INFO [main] (VerifyPrivacyPolicyLinkClickableInSignUpForm.java:29) - Script: VerifyPrivacyPolicyLinkClickableInSignUpForm
 INFO [main] (VerifyPrivacyPolicyLinkClickableInSignUpForm.java:30) - ******************************************************
 INFO [main] (VerifyPrivacyPolicyLinkClickableInSignUpForm.java:37) - Successfully opened the application
 INFO [main] (SignUpFun.java:24) - Successfully clicked On Sign Up button
 INFO [main] (VerifyPrivacyPolicyLinkClickableInSignUpForm.java:47) - Sign Up form opened successfully
 INFO [main] (VerifyPrivacyPolicyLinkClickableInSignUpForm.java:55) - Privacy Policy Link is present in Sign Up form
 INFO [main] (VerifyPrivacyPolicyLinkClickableInSignUpForm.java:63) - The Privacy Policy Link is clickable in Sign Up Form
 INFO [main] (SignUpFun.java:60) - Successfully clicked On close icon
 INFO [main] (VerifyPrivacyPolicyLinkClickableInSignUpForm.java:79) - Sign Up form is closed
 INFO [main] (VerifyPrivacyPolicyLinkClickableInSignUpForm.java:81) - 
 INFO [main] (VerifyTermsOfServiceLinkClickableInSignUpForm.java:31) - Script: VerifyTermsOfServiceLinkClickableInSignUpForm
 INFO [main] (VerifyTermsOfServiceLinkClickableInSignUpForm.java:32) - ******************************************************
 INFO [main] (VerifyTermsOfServiceLinkClickableInSignUpForm.java:39) - Successfully opened the application
 INFO [main] (SignUpFun.java:24) - Successfully clicked On Sign Up button
 INFO [main] (VerifyTermsOfServiceLinkClickableInSignUpForm.java:49) - Sign Up form opened successfully
 INFO [main] (VerifyTermsOfServiceLinkClickableInSignUpForm.java:57) - Terms of Service Link is present in Sign Up form
 INFO [main] (VerifyTermsOfServiceLinkClickableInSignUpForm.java:65) - The Terms of Service Link is clickable in Sign Up Form
 INFO [main] (SignUpFun.java:60) - Successfully clicked On close icon
 INFO [main] (VerifyTermsOfServiceLinkClickableInSignUpForm.java:81) - Sign Up form is closed
 INFO [main] (VerifyTermsOfServiceLinkClickableInSignUpForm.java:83) - 
 INFO [main] (VeriyContactUsPageContent.java:29) - Script: VeriyContactUsPageContent
 INFO [main] (VeriyContactUsPageContent.java:30) - ******************************
 INFO [main] (VeriyContactUsPageContent.java:37) - Successfully opened the application
 INFO [main] (ContactUsFun.java:26) - Successfully clicked On Contact Us link
 INFO [main] (VeriyContactUsPageContent.java:51) - Contact Us form opened successfully
 INFO [main] (VeriyContactUsPageContent.java:58) - The title 'Contact Us' Present in Contact Us form
 INFO [main] (VeriyContactUsPageContent.java:68) - Close icon is present in Contact Us form
 INFO [main] (VeriyContactUsPageContent.java:76) - Reason drop down List is present in Contact Us form
 INFO [main] (VeriyContactUsPageContent.java:84) - Reason description text box is present in Contact Us form
 INFO [main] (VeriyContactUsPageContent.java:91) - Email text box is present in Contact Us form
 INFO [main] (VeriyContactUsPageContent.java:101) - Captcha image is present in Contact Us form
 INFO [main] (VeriyContactUsPageContent.java:108) - Anchor button is present in captcha container
 INFO [main] (VeriyContactUsPageContent.java:115) - Anchor Label is present in captcha container
 INFO [main] (VeriyContactUsPageContent.java:122) - Logo Image is present in captcha container
 INFO [main] (VeriyContactUsPageContent.java:129) - Logo Text is present in captcha container
 INFO [main] (VeriyContactUsPageContent.java:136) - Captcha Privacy Linkis present in captcha container
 INFO [main] (VeriyContactUsPageContent.java:143) - Captcha Terms Linkis present in captcha container
 INFO [main] (VeriyContactUsPageContent.java:160) - Submit button is present in Contact Us form
 INFO [main] (VeriyContactUsPageContent.java:167) - Reset button is present in Contact Us form
 INFO [main] (ContactUsFun.java:45) - Successfully clicked On close icon
 INFO [main] (VeriyContactUsPageContent.java:178) - Contact Us form is closed
 INFO [main] (VeriyContactUsPageContent.java:180) - 
 INFO [main] (VerifyContactUsMandatoryFields.java:28) - Script: VerifyContactUsMandatoryFields
 INFO [main] (VerifyContactUsMandatoryFields.java:29) - **************************************
 INFO [main] (VerifyContactUsMandatoryFields.java:36) - Successfully opened the application
 INFO [main] (ContactUsFun.java:26) - Successfully clicked On Contact Us link
 INFO [main] (VerifyContactUsMandatoryFields.java:50) - Contact Us form opened successfully
 INFO [main] (ContactUsFun.java:63) - Successfully clicked On submit button
 INFO [main] (VerifyContactUsMandatoryFields.java:61) - Contact Reason Error Message 'Contact Reason is required' is displayed
 INFO [main] (VerifyContactUsMandatoryFields.java:72) - Reason Description Error Message 'This field is required' is displayed
 INFO [main] (VerifyContactUsMandatoryFields.java:83) - Email Error Message 'Email is required' is displayed
 INFO [main] (VerifyContactUsMandatoryFields.java:94) - Captcha Error Message 'Security Check is required' is displayed
 INFO [main] (ContactUsFun.java:45) - Successfully clicked On close icon
 INFO [main] (VerifyContactUsMandatoryFields.java:108) - Contact Us form is closed
 INFO [main] (VerifyContactUsMandatoryFields.java:110) - 
 INFO [main] (VerifyResetButtonFunctionality.java:31) - Script: VerifyResetButtonFunctionality
 INFO [main] (VerifyResetButtonFunctionality.java:32) - **************************************
 INFO [main] (VerifyResetButtonFunctionality.java:39) - Successfully opened the application
 INFO [main] (ContactUsFun.java:26) - Successfully clicked On Contact Us link
 INFO [main] (VerifyResetButtonFunctionality.java:53) - Contact Us form opened successfully
 INFO [main] (ContactUsFun.java:99) - Successfully selected value from reason list
 INFO [main] (ContactUsFun.java:128) - Reason Description entered: I am experiencing video quality issues on Watchable
 INFO [main] (ContactUsFun.java:137) - Email entered: watchable_v2.30.26.6@gmail.com
 INFO [main] (ContactUsFun.java:63) - Successfully clicked On submit button
 INFO [main] (ContactUsFun.java:81) - Successfully clicked On Reset button
 INFO [main] (VerifyResetButtonFunctionality.java:85) - Reason description reset to blank
 INFO [main] (VerifyResetButtonFunctionality.java:96) - Email reset to blank
 INFO [main] (VerifyResetButtonFunctionality.java:116) - Reason description error message not present after clicking reset button
 INFO [main] (VerifyResetButtonFunctionality.java:125) - Reason list error message not present after clicking reset button
 INFO [main] (VerifyResetButtonFunctionality.java:134) - Email error message not present after clicking reset button
 INFO [main] (VerifyResetButtonFunctionality.java:143) - Email error message not present after clicking reset button
 INFO [main] (ContactUsFun.java:45) - Successfully clicked On close icon
 INFO [main] (VerifyResetButtonFunctionality.java:154) - Contact Us form is closed
 INFO [main] (VerifyResetButtonFunctionality.java:156) - 
 INFO [main] (ValidateCaptchaByEnteringInvalidKey.java:29) - Script: ValidateCaptchaByEnteringInvalidKey
 INFO [main] (ValidateCaptchaByEnteringInvalidKey.java:30) - ********************************************
 INFO [main] (ValidateCaptchaByEnteringInvalidKey.java:37) - Successfully opened the application
 INFO [main] (ContactUsFun.java:26) - Successfully clicked On Contact Us link
 INFO [main] (ValidateCaptchaByEnteringInvalidKey.java:51) - Contact Us form opened successfully
 INFO [main] (ContactUsFun.java:99) - Successfully selected value from reason list
 INFO [main] (ContactUsFun.java:128) - Reason Description entered: I am experiencing video quality issues on Watchable
 INFO [main] (ContactUsFun.java:137) - Email entered: watchable_v2.30.26.6@gmail.com
 INFO [main] (ContactUsFun.java:63) - Successfully clicked On submit button
 INFO [main] (ValidateCaptchaByEnteringInvalidKey.java:68) - Captcha Error Message 'Security Check is required' is displayed
 INFO [main] (ContactUsFun.java:45) - Successfully clicked On close icon
 INFO [main] (ValidateCaptchaByEnteringInvalidKey.java:82) - Contact Us form is closed
 INFO [main] (ValidateCaptchaByEnteringInvalidKey.java:84) - 
 INFO [main] (VerifyContactUsFormCloseButton.java:28) - Script: VerifyContactUsFormCloseButton
 INFO [main] (VerifyContactUsFormCloseButton.java:29) - **************************************
 INFO [main] (VerifyContactUsFormCloseButton.java:36) - Successfully opened the application
 INFO [main] (ContactUsFun.java:26) - Successfully clicked On Contact Us link
 INFO [main] (VerifyContactUsFormCloseButton.java:50) - Contact Us form opened successfully
 INFO [main] (VerifyContactUsFormCloseButton.java:57) - Close icon is present in Contact Us form
 INFO [main] (ContactUsFun.java:45) - Successfully clicked On close icon
 INFO [main] (VerifyContactUsFormCloseButton.java:68) - Contact Us form is closed
 INFO [main] (VerifyContactUsFormCloseButton.java:70) - 
 INFO [main] (VeriyContactUsCaptchaButton.java:31) - Script: VeriyContactUsCaptchaButton
 INFO [main] (VeriyContactUsCaptchaButton.java:32) - ************************************
 INFO [main] (VeriyContactUsCaptchaButton.java:39) - Successfully opened the application
 INFO [main] (ContactUsFun.java:26) - Successfully clicked On Contact Us link
 INFO [main] (VeriyContactUsCaptchaButton.java:53) - Contact Us form opened successfully
 INFO [main] (VeriyContactUsCaptchaButton.java:63) - Captcha image is present in Contact Us form
 INFO [main] (VeriyContactUsCaptchaButton.java:70) - Anchor button is present in captcha container
 INFO [main] (CommonFun.java:88) - auto
 INFO [main] (CommonFun.java:106) - Captcha Anchor button is not clickable
 INFO [main] (VeriyContactUsCaptchaButton.java:79) - true
 INFO [main] (VeriyContactUsCaptchaButton.java:82) - The captcha Anchor button is clickable
 INFO [main] (ContactUsFun.java:45) - Successfully clicked On close icon
 INFO [main] (VeriyContactUsCaptchaButton.java:107) - Contact Us form is closed
 INFO [main] (VeriyContactUsCaptchaButton.java:109) - 
 INFO [main] (VeriyContactUsCaptchaPrivacyLink.java:31) - Script: VeriyContactUsCaptchaPrivacyLink
 INFO [main] (VeriyContactUsCaptchaPrivacyLink.java:32) - ****************************************
 INFO [main] (VeriyContactUsCaptchaPrivacyLink.java:39) - Successfully opened the application
 INFO [main] (ContactUsFun.java:26) - Successfully clicked On Contact Us link
 INFO [main] (VeriyContactUsCaptchaPrivacyLink.java:53) - Contact Us form opened successfully
 INFO [main] (VeriyContactUsCaptchaPrivacyLink.java:60) - The title 'Contact Us' Present in Contact Us form
 INFO [main] (VeriyContactUsCaptchaPrivacyLink.java:70) - Close icon is present in Contact Us form
 INFO [main] (VeriyContactUsCaptchaPrivacyLink.java:78) - Reason drop down List is present in Contact Us form
 INFO [main] (VeriyContactUsCaptchaPrivacyLink.java:86) - Reason description text box is present in Contact Us form
 INFO [main] (VeriyContactUsCaptchaPrivacyLink.java:93) - Email text box is present in Contact Us form
 INFO [main] (VeriyContactUsCaptchaPrivacyLink.java:103) - Captcha image is present in Contact Us form
 INFO [main] (VeriyContactUsCaptchaPrivacyLink.java:110) - Captcha Privacy Linkis present in captcha container
 INFO [main] (CommonFun.java:88) - auto
 INFO [main] (CommonFun.java:106) - Captcha Privacy link is not clickable
 INFO [main] (VeriyContactUsCaptchaPrivacyLink.java:119) - true
 INFO [main] (VeriyContactUsCaptchaPrivacyLink.java:122) - The Captcha Privacy link is clickable
 INFO [main] (ContactUsFun.java:45) - Successfully clicked On close icon
 INFO [main] (VeriyContactUsCaptchaPrivacyLink.java:147) - Contact Us form is closed
 INFO [main] (VeriyContactUsCaptchaPrivacyLink.java:149) - 
 INFO [main] (VeriyContactUsCaptchaTermsLink.java:31) - Script: VeriyContactUsCaptchaTermsLink
 INFO [main] (VeriyContactUsCaptchaTermsLink.java:32) - *************************************
 INFO [main] (VeriyContactUsCaptchaTermsLink.java:39) - Successfully opened the application
 INFO [main] (ContactUsFun.java:26) - Successfully clicked On Contact Us link
 INFO [main] (VeriyContactUsCaptchaTermsLink.java:53) - Contact Us form opened successfully
 INFO [main] (VeriyContactUsCaptchaTermsLink.java:63) - Captcha image is present in Contact Us form
 INFO [main] (VeriyContactUsCaptchaTermsLink.java:70) - Captcha Terms Linkis present in captcha container
 INFO [main] (CommonFun.java:88) - auto
 INFO [main] (CommonFun.java:106) - Captcha Terms link is not clickable
 INFO [main] (VeriyContactUsCaptchaTermsLink.java:79) - true
 INFO [main] (VeriyContactUsCaptchaTermsLink.java:82) - The Captcha Terms link is clickable
 INFO [main] (ContactUsFun.java:45) - Successfully clicked On close icon
 INFO [main] (VeriyContactUsCaptchaTermsLink.java:107) - Contact Us form is closed
 INFO [main] (VeriyContactUsCaptchaTermsLink.java:109) - 
 INFO [main] (VerifyClickingOnHomeFooterLinkNavigatesHomePage.java:33) - Script: VerifyClickingOnHomeFooterLinkNavigatesHomePage
 INFO [main] (VerifyClickingOnHomeFooterLinkNavigatesHomePage.java:34) - *******************************************************
 INFO [main] (VerifyClickingOnHomeFooterLinkNavigatesHomePage.java:41) - Successfully opened the application
 INFO [main] (HomeFun.java:25) - Successfully clicked On First show Link from Watchable SHOWS OF THE WEEK section
 INFO [main] (HomeFun.java:34) - Successfully navigate to show details page
 INFO [main] (VerifyClickingOnHomeFooterLinkNavigatesHomePage.java:60) - Home Link is present
 INFO [main] (FooterLinkFun.java:50) - Successfully clicked On Home link
 INFO [main] (VerifyClickingOnHomeFooterLinkNavigatesHomePage.java:68) - Successfully Navigated to Home page after clicking on Home link
 INFO [main] (VerifyHelpLinkTitle.java:30) - Script: VerifyHelpLinkTitle
 INFO [main] (VerifyHelpLinkTitle.java:31) - ***************************
 INFO [main] (VerifyHelpLinkTitle.java:38) - Successfully opened the application
 INFO [main] (VerifyHelpLinkTitle.java:48) - Help Link is present
 INFO [main] (VerifyHelpLinkTitle.java:56) - The Help Link title 'Help' is present
 INFO [main] (VerifyHelpLinkTitle.java:61) - 
 INFO [main] (VerifyHelpLink.java:30) - Script: VerifyHelpLink
 INFO [main] (VerifyHelpLink.java:31) - *********************
 INFO [main] (VerifyHelpLink.java:38) - Successfully opened the application
 INFO [main] (VerifyHelpLink.java:48) - Help Link is present
 INFO [main] (FooterLinkFun.java:27) - Successfully clicked On Help link
 INFO [main] (VerifyHelpLink.java:58) - Help form is opened
 INFO [main] (VerifyHelpLink.java:66) - The Title 'Frequently Asked QUESTIONS' is present in help form
 INFO [main] (VerifyHelpLink.java:77) - Questions are present in help page
 INFO [main] (VerifyHelpLink.java:78) - 16 Questions are present in help page
 INFO [main] (VerifyHelpLink.java:79) - The following Questions are present in help page
 INFO [main] (VerifyHelpLink.java:80) - --------------------------------------------------
 INFO [main] (VerifyHelpLink.java:85) - 1. How can I use Watchable on my phone?
 INFO [main] (VerifyHelpLink.java:85) - 2. Why should I sign up for an account with Watchable?
 INFO [main] (VerifyHelpLink.java:85) - 3. How do I sign up for an account?
 INFO [main] (VerifyHelpLink.java:85) - 4. How do I access my account after completing the sign-up process?
 INFO [main] (VerifyHelpLink.java:85) - 5. What should I do if forgot my password or want to reset it?
 INFO [main] (VerifyHelpLink.java:85) - 6. How do I follow a show?
 INFO [main] (VerifyHelpLink.java:85) - 7. How do I unfollow a show?
 INFO [main] (VerifyHelpLink.java:85) - 8. How do I search for shows or videos?
 INFO [main] (VerifyHelpLink.java:85) - 9. My video is not loading. What can I do to fix this?
 INFO [main] (VerifyHelpLink.java:85) - 10. How does Watchable protect my privacy and keep my information secure?
 INFO [main] (VerifyHelpLink.java:85) - 11. How can I contact Watchable if I have a question or want to provide feedback?
 INFO [main] (VerifyHelpLink.java:85) - 12. How does Watchable choose “featured” videos, playlists or shows?
 INFO [main] (VerifyHelpLink.java:85) - 13. Can I watch videos if I’m located or traveling outside the US?
 INFO [main] (VerifyHelpLink.java:85) - 14. How can I report a video for inappropriate content or copyright violations?
 INFO [main] (VerifyHelpLink.java:85) - 15. How can I get Watchable on my XFINITY service?
 INFO [main] (VerifyHelpLink.java:85) - 16. I have an XFINITY X1 DVR. Where can I find Watchable?
 INFO [main] (VerifyPrivacyPolicyLinkTitle.java:31) - Script: VerifyPrivacyPolicyLinkTitle
 INFO [main] (VerifyPrivacyPolicyLinkTitle.java:32) - ************************************
 INFO [main] (VerifyPrivacyPolicyLinkTitle.java:39) - Successfully opened the application
 INFO [main] (VerifyPrivacyPolicyLinkTitle.java:50) - Privacy Policy Link is present
 INFO [main] (VerifyPrivacyPolicyLinkTitle.java:59) - The Privacy Policy Link title 'Privacy policy' is present
 INFO [main] (VerifyPrivacyPolicyLinkTitle.java:64) - 
 INFO [main] (VerifyPrivacyPolicyLink.java:31) - Script: VerifyPrivacyPolicyLink
 INFO [main] (VerifyPrivacyPolicyLink.java:32) - *******************************
 INFO [main] (VerifyPrivacyPolicyLink.java:39) - Successfully opened the application
 INFO [main] (VerifyPrivacyPolicyLink.java:50) - Privacy Policy Link is present
 INFO [main] (FooterLinkFun.java:69) - Successfully clicked On Privacy Policy link
 INFO [main] (VerifyTermsOfUseLinkTitle.java:31) - Script: VerifyTermsOfUseLinkTitle
 INFO [main] (VerifyTermsOfUseLinkTitle.java:32) - *********************************
 INFO [main] (VerifyTermsOfUseLinkTitle.java:39) - Successfully opened the application
 INFO [main] (VerifyTermsOfUseLinkTitle.java:48) - Terms of Use Link is present
 INFO [main] (VerifyTermsOfUseLinkTitle.java:57) - The Terms of Use Link title 'Terms of service' is present
 INFO [main] (VerifyTermsOfUseLinkTitle.java:62) - 
 INFO [main] (VerifyTermsOfUseLink.java:30) - Script: VerifyTermsOfUseLink
 INFO [main] (VerifyTermsOfUseLink.java:31) - ****************************
 INFO [main] (VerifyTermsOfUseLink.java:38) - Successfully opened the application
 INFO [main] (VerifyTermsOfUseLink.java:47) - Terms of Use Link is present
 INFO [main] (FooterLinkFun.java:87) - Successfully clicked On Terms of Use link
 INFO [main] (VerifyAdChoicesLinkTitle.java:31) - Script: VerifyAdChoicesLinkTitle
 INFO [main] (VerifyAdChoicesLinkTitle.java:32) - ********************************
 INFO [main] (VerifyAdChoicesLinkTitle.java:39) - Successfully opened the application
 INFO [main] (VerifyAdChoicesLinkTitle.java:49) - Ad Choices Link is present
 INFO [main] (VerifyAdChoicesLinkTitle.java:58) - The Ad Choices Link title 'AD choices' is present
 INFO [main] (VerifyAdChoicesLinkTitle.java:63) - 
 INFO [main] (VerifyAdChoicesLink.java:29) - Script: VerifyAdChoicesLink
 INFO [main] (VerifyAdChoicesLink.java:30) - ***************************
 INFO [main] (VerifyAdChoicesLink.java:37) - Successfully opened the application
 INFO [main] (VerifyAdChoicesLink.java:46) - Ad Choices Link is present
 INFO [main] (FooterLinkFun.java:105) - Successfully clicked On Ad Choices link
 INFO [main] (VerifyClickOnWatchableLogoFromHelpPageNavigatesHomePage.java:34) - Script: VerifyClickOnWatchableLogoFromHelpPageNavigatesHomePage
 INFO [main] (VerifyClickOnWatchableLogoFromHelpPageNavigatesHomePage.java:35) - ***************************************************************
 INFO [main] (VerifyClickOnWatchableLogoFromHelpPageNavigatesHomePage.java:42) - Successfully opened the application
 INFO [main] (VerifyClickOnWatchableLogoFromHelpPageNavigatesHomePage.java:52) - Help Link is present
 INFO [main] (FooterLinkFun.java:27) - Successfully clicked On Help link
 INFO [main] (VerifyClickOnWatchableLogoFromHelpPageNavigatesHomePage.java:62) - Help form is opened
 INFO [main] (HomeFun.java:85) - Successfully clicked On Top Watchable Logo
 INFO [main] (VerifyClickOnWatchableLogoFromHelpPageNavigatesHomePage.java:73) - Successfully Navigated to Home page after clicking on Watchable logo from help Page
 INFO [main] (VerifyClickOnWatchableLogoFromHelpPageNavigatesHomePage.java:75) - 
 INFO [main] (VerifyCopyRightText.java:27) - Script: VerifyCopyRightText
 INFO [main] (VerifyCopyRightText.java:28) - ***************************
 INFO [main] (VerifyCopyRightText.java:35) - Successfully opened the application
 INFO [main] (VerifyCopyRightText.java:45) - Copy right text is present in the footer
 INFO [main] (VerifyCopyRightText.java:49) - Copy right text displayed is '© 2015 Comcast. All rights reserved.'
 INFO [main] (VerifyHelpPageTitle.java:30) - Script: VerifyHelpPageTitle
 INFO [main] (VerifyHelpPageTitle.java:31) - ***************************
 INFO [main] (VerifyHelpPageTitle.java:38) - Successfully opened the application
 INFO [main] (VerifyHelpPageTitle.java:48) - Help Link is present
 INFO [main] (FooterLinkFun.java:27) - Successfully clicked On Help link
 INFO [main] (AssertionRepoFunctions.java:73) - Successfully navigate to Help page
 INFO [main] (VerifyHelpPageTitle.java:55) - The help page title displayed is 'Help | Watchable'
 INFO [main] (VerifyClickingOnHomeFooterLinkFromHelpPageNavigatesHomePage.java:33) - Script: VerifyClickingOnHomeFooterLinkFromHelpPageNavigatesHomePage
 INFO [main] (VerifyClickingOnHomeFooterLinkFromHelpPageNavigatesHomePage.java:34) - *******************************************************************
 INFO [main] (VerifyClickingOnHomeFooterLinkFromHelpPageNavigatesHomePage.java:41) - Successfully opened the application
 INFO [main] (VerifyClickingOnHomeFooterLinkFromHelpPageNavigatesHomePage.java:51) - Help Link is present
 INFO [main] (FooterLinkFun.java:27) - Successfully clicked On Help link
 INFO [main] (AssertionRepoFunctions.java:73) - Successfully navigate to Help page
 INFO [main] (VerifyClickingOnHomeFooterLinkFromHelpPageNavigatesHomePage.java:68) - Home Link is present
 INFO [main] (FooterLinkFun.java:50) - Successfully clicked On Home link
 INFO [main] (VerifyClickingOnHomeFooterLinkFromHelpPageNavigatesHomePage.java:76) - Successfully Navigated to Home page after clicking on Home link from Help page
 INFO [main] (VerifyUserNavigatingToHomePageLogoutFromHelpPage.java:35) - Script: VerifyUserNavigatingToHomePageLogoutFromHelpPage
 INFO [main] (VerifyUserNavigatingToHomePageLogoutFromHelpPage.java:36) - *******************************************************
 INFO [main] (VerifyUserNavigatingToHomePageLogoutFromHelpPage.java:43) - Successfully opened the application
 INFO [main] (LoginFun.java:44) - Login form opened successfully
 INFO [main] (LoginFun.java:52) - User name entered: watchable_v2.30.26.6@gmail.com
 INFO [main] (LoginFun.java:60) - Password entered: Demo1111
 INFO [main] (LoginFun.java:66) - Clicked on Login button from Login form
 INFO [main] (LoginFun.java:78) - Successfully login Watchable application...!
 INFO [main] (VerifyUserNavigatingToHomePageLogoutFromHelpPage.java:63) - Help Link is present
 INFO [main] (FooterLinkFun.java:27) - Successfully clicked On Help link
 INFO [main] (AssertionRepoFunctions.java:73) - Successfully navigate to Help page
 INFO [main] (LoginFun.java:181) - Successfully Selected Logout option
 INFO [main] (LoginFun.java:189) - Successfully logout from the application...!
 INFO [main] (VerifyUserNavigatingToHomePageLogoutFromHelpPage.java:77) - Successfully navigate back to Home Page after logout from Help Page
 INFO [main] (VerifyUserNavigatingToHomePageLogoutFromHelpPage.java:78) - 
 INFO [main] (VerifyNavigationToChannelPage.java:32) - Script: VerifyNavigationToChannelPage
 INFO [main] (VerifyNavigationToChannelPage.java:33) - *************************************
 INFO [main] (VerifyNavigationToChannelPage.java:41) - Successfully opened the application
 INFO [main] (AssertionRepoFunctions.java:1433) - The shows Section title 'Watchable shows of the week' is present  in Home Page
 INFO [main] (VerifyNavigationToChannelPage.java:57) - 8 Shows are present in Watchable SHOWS OF THE WEEK section in home page
 INFO [main] (ChannelPageFun.java:30) - Successfully clicked On First Show 'Devin Supertramp' from Watchable SHOWS OF THE WEEK section
 INFO [main] (AssertionRepoFunctions.java:304) - User is successfully navigate to Show detail page.
 INFO [main] (VerifyNavigationToChannelPage.java:66) - 
 INFO [main] (VerifyChannelDetailPageContent.java:32) - Script: VerifyChannelDetailPageContent
 INFO [main] (VerifyChannelDetailPageContent.java:33) - **************************************
 INFO [main] (VerifyChannelDetailPageContent.java:41) - Successfully opened the application
 INFO [main] (ChannelPageFun.java:30) - Successfully clicked On First Show 'Devin Supertramp' from Watchable SHOWS OF THE WEEK section
 INFO [main] (AssertionRepoFunctions.java:304) - User is successfully navigate to Show detail page.
 INFO [main] (VerifyChannelDetailPageContent.java:68) - Shows icon is present in Shows detail page
 INFO [main] (VerifyChannelDetailPageContent.java:76) - Shows name title is present in Shows detail page
 INFO [main] (VerifyChannelDetailPageContent.java:84) - Provider name is present in Shows detail page
 INFO [main] (VerifyChannelDetailPageContent.java:92) - Shows description is present in Shows detail page
 INFO [main] (VerifyChannelDetailPageContent.java:100) - Video title is present in Shows detail page
 INFO [main] (VerifyChannelDetailPageContent.java:109) - Videos are present in Shows detail page
 INFO [main] (VerifyChannelDetailPageContent.java:125) - Next page button is present in video section of Shows detail page
 INFO [main] (VerifyChannelDetailPageContent.java:134) - Previous page button is present in video section of Shows detail page
 INFO [main] (VerifyChannelDetailPageContent.java:142) - Page number is present in video section of Shows detail page
 INFO [main] (VerifyChannelDetailPageContent.java:155) - Other show section is present in Shows detail page for selected show
 INFO [main] (VerifyChannelDetailPageContent.java:160) - 
 INFO [main] (VerifyChannelDetailPageVideoSectionContent.java:35) - Script: VerifyChannelDetailPageVideoSectionContent
 INFO [main] (VerifyChannelDetailPageVideoSectionContent.java:36) - **************************************************
 INFO [main] (VerifyChannelDetailPageVideoSectionContent.java:44) - Successfully opened the application
 INFO [main] (ChannelPageFun.java:30) - Successfully clicked On First Show 'Devin Supertramp' from Watchable SHOWS OF THE WEEK section
 INFO [main] (AssertionRepoFunctions.java:304) - User is successfully navigate to Show detail page.
 INFO [main] (VerifyChannelDetailPageVideoSectionContent.java:74) - Video title is present in Shows detail page
 INFO [main] (VerifyChannelDetailPageVideoSectionContent.java:80) - 8 Videos are present in first page of the video section in Shows page
 INFO [main] (VerifyChannelDetailPageVideoSectionContent.java:82) - Following Videos are present in first page of the video section in Shows page
 INFO [main] (VerifyChannelDetailPageVideoSectionContent.java:83) - -------------------------------------------------------------------------------
 INFO [main] (VerifyChannelDetailPageVideoSectionContent.java:87) - 1. X Games in Slow Motion- 1000 fps
 INFO [main] (VerifyChannelDetailPageVideoSectionContent.java:96) -    Duration: 1:59
 INFO [main] (VerifyChannelDetailPageVideoSectionContent.java:87) - 2. YoYo Kid- World s Best YoYo Champion
 INFO [main] (VerifyChannelDetailPageVideoSectionContent.java:96) -    Duration: 1:58
 INFO [main] (VerifyChannelDetailPageVideoSectionContent.java:87) - 3. Zelda Medley
 INFO [main] (VerifyChannelDetailPageVideoSectionContent.java:96) -    Duration: 3:52
 INFO [main] (VerifyChannelDetailPageVideoSectionContent.java:87) - 4. Zipline Catapult- Bluehouse Skis
 INFO [main] (VerifyChannelDetailPageVideoSectionContent.java:96) -    Duration: 2:09
 INFO [main] (VerifyChannelDetailPageVideoSectionContent.java:87) - 5. Zombie Mall- One Shot
 INFO [main] (VerifyChannelDetailPageVideoSectionContent.java:96) -    Duration: 1:56
 INFO [main] (VerifyChannelDetailPageVideoSectionContent.java:87) - 6. Wheelchair Freestyle- Wheelz- Gnarly!
 INFO [main] (VerifyChannelDetailPageVideoSectionContent.java:96) -    Duration: 2:39
 INFO [main] (VerifyChannelDetailPageVideoSectionContent.java:87) - 7. World s Largest Rope Swing
 INFO [main] (VerifyChannelDetailPageVideoSectionContent.java:96) -    Duration: 2:27
 INFO [main] (VerifyChannelDetailPageVideoSectionContent.java:87) - 8. Wingsuit Racing- Human Flight at 140mph!
 INFO [main] (VerifyChannelDetailPageVideoSectionContent.java:96) -    Duration: 2:12
 INFO [main] (VerifyChannelDetailPageVideoSectionContent.java:106) - 
 INFO [main] (VerifyOtherChannelsSectionContent.java:32) - Script: VerifyOtherChannelsSectionContent
 INFO [main] (VerifyOtherChannelsSectionContent.java:33) - *****************************************
 INFO [main] (VerifyOtherChannelsSectionContent.java:41) - Successfully opened the application
 INFO [main] (ChannelPageFun.java:30) - Successfully clicked On First Show 'Devin Supertramp' from Watchable SHOWS OF THE WEEK section
 INFO [main] (AssertionRepoFunctions.java:304) - User is successfully navigate to Show detail page.
 INFO [main] (VerifyOtherChannelsSectionContent.java:77) - Other show section is present in show detail page of selected show
 INFO [main] (VerifyOtherChannelsSectionContent.java:85) - Show is present in other Show section in Show detail page
 INFO [main] (VerifyOtherChannelsSectionContent.java:93) - 8 Show(s) is present in other Show section on Show detail page
 INFO [main] (VerifyOtherChannelsSectionContent.java:96) - The following Show are present in other Show section on Show page
 INFO [main] (VerifyOtherChannelsSectionContent.java:97) - ---------------------------------------------------------------------------
 INFO [main] (VerifyOtherChannelsSectionContent.java:99) - 1. Animeme
 INFO [main] (VerifyOtherChannelsSectionContent.java:99) - 2. Counter656
 INFO [main] (VerifyOtherChannelsSectionContent.java:99) - 3. ScottDW
 INFO [main] (VerifyOtherChannelsSectionContent.java:99) - 4. Jack Vale Films
 INFO [main] (VerifyOtherChannelsSectionContent.java:99) - 5. JukinVideo
 INFO [main] (VerifyOtherChannelsSectionContent.java:99) - 6. Brittani Louise Taylor
 INFO [main] (VerifyOtherChannelsSectionContent.java:99) - 7. BroScienceLife
 INFO [main] (VerifyOtherChannelsSectionContent.java:99) - 8. Kian Lawley
 INFO [main] (VerifyOtherChannelsSectionContent.java:113) - 
 INFO [main] (VerifyNavigationToProviderPageFromOtherChannelsSection.java:36) - Script: VerifyNavigationToProviderPageFromOtherChannelsSection
 INFO [main] (VerifyNavigationToProviderPageFromOtherChannelsSection.java:37) - **************************************************************
 INFO [main] (VerifyNavigationToProviderPageFromOtherChannelsSection.java:45) - Successfully opened the application
 INFO [main] (ChannelPageFun.java:30) - Successfully clicked On First Show 'Devin Supertramp' from Watchable SHOWS OF THE WEEK section
 INFO [main] (AssertionRepoFunctions.java:304) - User is successfully navigate to Show detail page.
 INFO [main] (VerifyNavigationToProviderPageFromOtherChannelsSection.java:82) - Other shows section is present in shows detail page
 INFO [main] (VerifyNavigationToProviderPageFromOtherChannelsSection.java:90) - Other shows section title contain Provider name
 INFO [main] (ChannelPageFun.java:83) - Successfully clicked On 'Defy Media Test' from Other Shows section
 INFO [main] (AssertionRepoFunctions.java:320) - User is successfully navigate to Provider detail page.
 INFO [main] (VerifyNavigationToProviderPageFromOtherChannelsSection.java:101) - 
 INFO [main] (VerifyNextButton.java:35) - Script: VerifyNextButton
 INFO [main] (VerifyNextButton.java:36) - ************************
 INFO [main] (VerifyNextButton.java:44) - Successfully opened the application
 INFO [main] (ChannelPageFun.java:30) - Successfully clicked On First Show 'Devin Supertramp' from Watchable SHOWS OF THE WEEK section
 INFO [main] (AssertionRepoFunctions.java:304) - User is successfully navigate to Show detail page.
 INFO [main] (VerifyNextButton.java:75) - Videos are present in shows detail page
 INFO [main] (VerifyNextButton.java:85) - Next page button is present in video section of shows detail page
 INFO [main] (VerifyNextButton.java:95) - 21 Pages present in video section
 INFO [main] (VerifyNextButton.java:109) - Next button is enabled eventhough the page count is greated that one
 INFO [main] (VerifyNextButton.java:120) - Navigate to '2' Page in video section
 INFO [main] (VerifyNextButton.java:120) - Navigate to '3' Page in video section
 INFO [main] (VerifyNextButton.java:120) - Navigate to '4' Page in video section
 INFO [main] (VerifyNextButton.java:120) - Navigate to '5' Page in video section
 INFO [main] (VerifyNextButton.java:120) - Navigate to '6' Page in video section
 INFO [main] (VerifyNextButton.java:120) - Navigate to '7' Page in video section
 INFO [main] (VerifyNextButton.java:120) - Navigate to '8' Page in video section
 INFO [main] (VerifyNextButton.java:120) - Navigate to '9' Page in video section
 INFO [main] (VerifyNextButton.java:120) - Navigate to '10' Page in video section
 INFO [main] (VerifyNextButton.java:120) - Navigate to '11' Page in video section
 INFO [main] (VerifyNextButton.java:120) - Navigate to '12' Page in video section
 INFO [main] (VerifyNextButton.java:120) - Navigate to '13' Page in video section
 INFO [main] (VerifyNextButton.java:120) - Navigate to '14' Page in video section
 INFO [main] (VerifyNextButton.java:120) - Navigate to '15' Page in video section
 INFO [main] (VerifyNextButton.java:120) - Navigate to '16' Page in video section
 INFO [main] (VerifyNextButton.java:120) - Navigate to '17' Page in video section
 INFO [main] (VerifyNextButton.java:120) - Navigate to '18' Page in video section
 INFO [main] (VerifyNextButton.java:120) - Navigate to '19' Page in video section
 INFO [main] (VerifyNextButton.java:120) - Navigate to '20' Page in video section
 INFO [main] (VerifyNextButton.java:120) - Navigate to '21' Page in video section
 INFO [main] (VerifyNextButton.java:136) - Next button is disabled in last page of video section
 INFO [main] (VerifyNextButton.java:144) - 
 INFO [main] (VerifyPreviousButton.java:35) - Script: VerifyPreviousButton
 INFO [main] (VerifyPreviousButton.java:36) - ****************************
 INFO [main] (VerifyPreviousButton.java:44) - Successfully opened the application
 INFO [main] (ChannelPageFun.java:30) - Successfully clicked On First Show 'Devin Supertramp' from Watchable SHOWS OF THE WEEK section
 INFO [main] (AssertionRepoFunctions.java:304) - User is successfully navigate to Show detail page.
 INFO [main] (VerifyPreviousButton.java:75) - Videos are present in shows detail page
 INFO [main] (VerifyPreviousButton.java:85) - Previous page button is present in video section of shows detail page
 INFO [main] (VerifyPreviousButton.java:95) - 21 Pages present in video section
 INFO [main] (VerifyPreviousButton.java:109) - Previous button is not enabled in first page of video section
 INFO [main] (VerifyPreviousButton.java:133) - Previous button is enabled in last page of video section
 INFO [main] (VerifyPreviousButton.java:145) - Navigate back to '20' Page in video section
 INFO [main] (VerifyPreviousButton.java:145) - Navigate back to '19' Page in video section
 INFO [main] (VerifyPreviousButton.java:145) - Navigate back to '18' Page in video section
 INFO [main] (VerifyPreviousButton.java:145) - Navigate back to '17' Page in video section
 INFO [main] (VerifyPreviousButton.java:145) - Navigate back to '16' Page in video section
 INFO [main] (VerifyPreviousButton.java:145) - Navigate back to '15' Page in video section
 INFO [main] (VerifyPreviousButton.java:145) - Navigate back to '14' Page in video section
 INFO [main] (VerifyPreviousButton.java:145) - Navigate back to '13' Page in video section
 INFO [main] (VerifyPreviousButton.java:145) - Navigate back to '12' Page in video section
 INFO [main] (VerifyPreviousButton.java:145) - Navigate back to '11' Page in video section
 INFO [main] (VerifyPreviousButton.java:145) - Navigate back to '10' Page in video section
 INFO [main] (VerifyPreviousButton.java:145) - Navigate back to '9' Page in video section
 INFO [main] (VerifyPreviousButton.java:145) - Navigate back to '8' Page in video section
 INFO [main] (VerifyPreviousButton.java:145) - Navigate back to '7' Page in video section
 INFO [main] (VerifyPreviousButton.java:145) - Navigate back to '6' Page in video section
 INFO [main] (VerifyPreviousButton.java:145) - Navigate back to '5' Page in video section
 INFO [main] (VerifyPreviousButton.java:145) - Navigate back to '4' Page in video section
 INFO [main] (VerifyPreviousButton.java:145) - Navigate back to '3' Page in video section
 INFO [main] (VerifyPreviousButton.java:145) - Navigate back to '2' Page in video section
 INFO [main] (VerifyPreviousButton.java:145) - Navigate back to '1' Page in video section
 INFO [main] (VerifyPreviousButton.java:160) - Previous button is not enabled in first page of video section
 INFO [main] (VerifyPreviousButton.java:166) - 
 INFO [main] (VeriyVideoLastUpdatedInChannelPage.java:33) - Script: VeriyVideoLastUpdatedInChannelPage
 INFO [main] (VeriyVideoLastUpdatedInChannelPage.java:34) - ******************************************
 INFO [main] (VeriyVideoLastUpdatedInChannelPage.java:42) - Successfully opened the application
 INFO [main] (ChannelPageFun.java:30) - Successfully clicked On First Show 'Devin Supertramp' from Watchable SHOWS OF THE WEEK section
 INFO [main] (AssertionRepoFunctions.java:304) - User is successfully navigate to Show detail page.
 INFO [main] (VeriyVideoLastUpdatedInChannelPage.java:73) - Video title is present in shows detail page
 INFO [main] (VeriyVideoLastUpdatedInChannelPage.java:80) - 8 Videos are present in first page of the video section in shows page
 INFO [main] (VeriyVideoLastUpdatedInChannelPage.java:83) - Following Videos are present in first page of the video section in shows page
 INFO [main] (VeriyVideoLastUpdatedInChannelPage.java:84) - -------------------------------------------------------------------------------
 INFO [main] (VeriyVideoLastUpdatedInChannelPage.java:88) - X Games in Slow Motion- 1000 fps
 INFO [main] (VeriyVideoLastUpdatedInChannelPage.java:103) - Last updated value is displaying over the Video
 INFO [main] (VeriyVideoLastUpdatedInChannelPage.java:114) - Last Updated: 4 months ago
 INFO [main] (VeriyVideoLastUpdatedInChannelPage.java:115) - 
 INFO [main] (VeriyVideoLastUpdatedInChannelPage.java:88) - YoYo Kid- World s Best YoYo Champion
 INFO [main] (VeriyVideoLastUpdatedInChannelPage.java:103) - Last updated value is displaying over the Video
 INFO [main] (VeriyVideoLastUpdatedInChannelPage.java:114) - Last Updated: 4 months ago
 INFO [main] (VeriyVideoLastUpdatedInChannelPage.java:115) - 
 INFO [main] (VeriyVideoLastUpdatedInChannelPage.java:88) - Zelda Medley
 INFO [main] (VeriyVideoLastUpdatedInChannelPage.java:103) - Last updated value is displaying over the Video
 INFO [main] (VeriyVideoLastUpdatedInChannelPage.java:114) - Last Updated: 4 months ago
 INFO [main] (VeriyVideoLastUpdatedInChannelPage.java:115) - 
 INFO [main] (VeriyVideoLastUpdatedInChannelPage.java:88) - Zipline Catapult- Bluehouse Skis
 INFO [main] (VeriyVideoLastUpdatedInChannelPage.java:103) - Last updated value is displaying over the Video
 INFO [main] (VeriyVideoLastUpdatedInChannelPage.java:114) - Last Updated: 4 months ago
 INFO [main] (VeriyVideoLastUpdatedInChannelPage.java:115) - 
 INFO [main] (VeriyVideoLastUpdatedInChannelPage.java:88) - Zombie Mall- One Shot
 INFO [main] (VeriyVideoLastUpdatedInChannelPage.java:103) - Last updated value is displaying over the Video
 INFO [main] (VeriyVideoLastUpdatedInChannelPage.java:114) - Last Updated: 4 months ago
 INFO [main] (VeriyVideoLastUpdatedInChannelPage.java:115) - 
 INFO [main] (VeriyVideoLastUpdatedInChannelPage.java:88) - Wheelchair Freestyle- Wheelz- Gnarly!
 INFO [main] (VeriyVideoLastUpdatedInChannelPage.java:103) - Last updated value is displaying over the Video
 INFO [main] (VeriyVideoLastUpdatedInChannelPage.java:114) - Last Updated: 4 months ago
 INFO [main] (VeriyVideoLastUpdatedInChannelPage.java:115) - 
 INFO [main] (VeriyVideoLastUpdatedInChannelPage.java:88) - World s Largest Rope Swing
 INFO [main] (VeriyVideoLastUpdatedInChannelPage.java:103) - Last updated value is displaying over the Video
 INFO [main] (VeriyVideoLastUpdatedInChannelPage.java:114) - Last Updated: 4 months ago
 INFO [main] (VeriyVideoLastUpdatedInChannelPage.java:115) - 
 INFO [main] (VeriyVideoLastUpdatedInChannelPage.java:88) - Wingsuit Racing- Human Flight at 140mph!
 INFO [main] (VeriyVideoLastUpdatedInChannelPage.java:103) - Last updated value is displaying over the Video
 INFO [main] (VeriyVideoLastUpdatedInChannelPage.java:114) - Last Updated: 4 months ago
 INFO [main] (VeriyVideoLastUpdatedInChannelPage.java:115) - 
 INFO [main] (VeriyVideoLastUpdatedInChannelPage.java:121) - 
 INFO [main] (VerifyingClickOnChannlFromOtherChannelsSection.java:35) - Script: VerifyingClickOnChannlFromOtherChannelsSection
 INFO [main] (VerifyingClickOnChannlFromOtherChannelsSection.java:36) - ******************************************************
 INFO [main] (VerifyingClickOnChannlFromOtherChannelsSection.java:44) - Successfully opened the application
 INFO [main] (ChannelPageFun.java:30) - Successfully clicked On First Show 'Devin Supertramp' from Watchable SHOWS OF THE WEEK section
 INFO [main] (AssertionRepoFunctions.java:304) - User is successfully navigate to Show detail page.
 INFO [main] (VerifyingClickOnChannlFromOtherChannelsSection.java:80) - Other Shows section is present in Shows detail page
 INFO [main] (VerifyingClickOnChannlFromOtherChannelsSection.java:88) - Shows is present in other show section in Shows detail page
 INFO [main] (ChannelPageFun.java:109) - Successfully clicked On 'Animeme' from Other Shows section
 INFO [main] (AssertionRepoFunctions.java:304) - User is successfully navigate to Show detail page.
 INFO [main] (VerifyingClickOnChannlFromOtherChannelsSection.java:119) - Shows detail page is changed from the Shows 'Devin Supertramp' To 'Animeme'
 INFO [main] (VerifyingClickOnChannlFromOtherChannelsSection.java:129) - 
 INFO [main] (VerifyChannelPageTitle.java:30) - Script: VerifyChannelPageTitle
 INFO [main] (VerifyChannelPageTitle.java:31) - **************************************
 INFO [main] (VerifyChannelPageTitle.java:39) - Successfully opened the application
 INFO [main] (ChannelPageFun.java:30) - Successfully clicked On First Show 'Devin Supertramp' from Watchable SHOWS OF THE WEEK section
 INFO [main] (AssertionRepoFunctions.java:304) - User is successfully navigate to Show detail page.
 INFO [main] (VerifyChannelPageTitle.java:60) - The Shows page title displayed is 'Show | Watchable'
 INFO [main] (VerifyChannelPageTitle.java:63) - 
 INFO [main] (VerifyNavigationToChannelPageFromFeaturedShows.java:32) - Script: VerifyNavigationToChannelPageFromFeaturedVideos
 INFO [main] (VerifyNavigationToChannelPageFromFeaturedShows.java:33) - ******************************************************
 INFO [main] (VerifyNavigationToChannelPageFromFeaturedShows.java:41) - Successfully opened the application
 INFO [main] (AssertionRepoFunctions.java:1377) - Video Section title 'What we're watching' is present in Home Page
 INFO [main] (VerifyNavigationToChannelPageFromFeaturedShows.java:57) - 4 Videos are present in What We're WATCHING section in home page
 INFO [main] (ChannelPageFun.java:55) - Successfully clicked On First Show 'LINUSTECHTIPS' from What We're WATCHING section
 INFO [main] (AssertionRepoFunctions.java:304) - User is successfully navigate to Show detail page.
 INFO [main] (VerifyNavigationToChannelPageFromFeaturedShows.java:66) - 
 INFO [main] (VerifyClickOnWatchableLogoFromShowPageNavigatesHomePage.java:35) - Script: VerifyClickOnWatchableLogoFromShowPageNavigatesHomePage
 INFO [main] (VerifyClickOnWatchableLogoFromShowPageNavigatesHomePage.java:36) - ***************************************************************
 INFO [main] (VerifyClickOnWatchableLogoFromShowPageNavigatesHomePage.java:44) - Successfully opened the application
 INFO [main] (ChannelPageFun.java:30) - Successfully clicked On First Show 'Devin Supertramp' from Watchable SHOWS OF THE WEEK section
 INFO [main] (AssertionRepoFunctions.java:304) - User is successfully navigate to Show detail page.
 INFO [main] (HomeFun.java:85) - Successfully clicked On Top Watchable Logo
 INFO [main] (VerifyClickOnWatchableLogoFromShowPageNavigatesHomePage.java:74) - Successfully Navigated to Home page after clicking on Watchable logo from Show Page
 INFO [main] (VerifyClickOnWatchableLogoFromShowPageNavigatesHomePage.java:76) - 
 INFO [main] (VerifyClickingOnHomeFooterLinkFromShowPageNavigatesHomePage.java:35) - Script: VerifyClickingOnHomeFooterLinkFromShowPageNavigatesHomePage
 INFO [main] (VerifyClickingOnHomeFooterLinkFromShowPageNavigatesHomePage.java:36) - *******************************************************************
 INFO [main] (VerifyClickingOnHomeFooterLinkFromShowPageNavigatesHomePage.java:43) - Successfully opened the application
 INFO [main] (HomeFun.java:25) - Successfully clicked On First show Link from Watchable SHOWS OF THE WEEK section
 INFO [main] (HomeFun.java:34) - Successfully navigate to show details page
 INFO [main] (VerifyClickingOnHomeFooterLinkFromShowPageNavigatesHomePage.java:62) - Home Link is present
 INFO [main] (FooterLinkFun.java:50) - Successfully clicked On Home link
 INFO [main] (VerifyClickingOnHomeFooterLinkFromShowPageNavigatesHomePage.java:70) - Successfully Navigated to Home page after clicking on Home link from show page
 INFO [main] (VerifyUserNavigatingToHomePageLogoutFromShowsPage.java:36) - Script: VerifyUserNavigatingToHomePageLogoutFromShowsPage
 INFO [main] (VerifyUserNavigatingToHomePageLogoutFromShowsPage.java:37) - **********************************************************
 INFO [main] (VerifyUserNavigatingToHomePageLogoutFromShowsPage.java:45) - Successfully opened the application
 INFO [main] (LoginFun.java:44) - Login form opened successfully
 INFO [main] (LoginFun.java:52) - User name entered: watchable_v2.30.26.6@gmail.com
 INFO [main] (LoginFun.java:60) - Password entered: Demo1111
 INFO [main] (LoginFun.java:66) - Clicked on Login button from Login form
 INFO [main] (LoginFun.java:78) - Successfully login Watchable application...!
 INFO [main] (ChannelPageFun.java:30) - Successfully clicked On First Show 'Devin Supertramp' from Watchable SHOWS OF THE WEEK section
 INFO [main] (AssertionRepoFunctions.java:304) - User is successfully navigate to Show detail page.
 INFO [main] (VerifyUserNavigatingToHomePageLogoutFromShowsPage.java:76) - The Shows page title displayed is 'Show | Watchable'
 INFO [main] (LoginFun.java:181) - Successfully Selected Logout option
 INFO [main] (LoginFun.java:189) - Successfully logout from the application...!
 INFO [main] (VerifyUserNavigatingToHomePageLogoutFromShowsPage.java:86) - Successfully navigate back to Home Page after logout from Shows Page
 INFO [main] (VerifyUserNavigatingToHomePageLogoutFromShowsPage.java:88) - 
 INFO [main] (VerifyNavigationToProviderPage.java:34) - Script: VerifyNavigationToProviderPage
 INFO [main] (VerifyNavigationToProviderPage.java:35) - **************************************
 INFO [main] (VerifyNavigationToProviderPage.java:43) - Successfully opened the application
 INFO [main] (AssertionRepoFunctions.java:1433) - The shows Section title 'Watchable shows of the week' is present  in Home Page
 INFO [main] (VerifyNavigationToProviderPage.java:60) - 8 Shows are present in Watchable SHOWS OF THE WEEK section in home page
 INFO [main] (ChannelPageFun.java:30) - Successfully clicked On First Show 'Devin Supertramp' from Watchable SHOWS OF THE WEEK section
 INFO [main] (AssertionRepoFunctions.java:304) - User is successfully navigate to Show detail page.
 INFO [main] (VerifyNavigationToProviderPage.java:76) - Provider name is present in channel detail page
 INFO [main] (providerPageFun.java:29) - Successfully clicked On provider title 'DEFY MEDIA TEST' from Show Page
 INFO [main] (AssertionRepoFunctions.java:320) - User is successfully navigate to Provider detail page.
 INFO [main] (VerifyNavigationToProviderPage.java:84) - 
 INFO [main] (VerifyProviderDetailPageContent.java:33) - Script: VerifyProviderDetailPageContent
 INFO [main] (VerifyProviderDetailPageContent.java:34) - ***************************************
 INFO [main] (VerifyProviderDetailPageContent.java:42) - Successfully opened the application
 INFO [main] (AssertionRepoFunctions.java:1433) - The shows Section title 'Watchable shows of the week' is present  in Home Page
 INFO [main] (VerifyProviderDetailPageContent.java:59) - 8 Shows are present in Watchable SHOWS OF THE WEEK section in home page
 INFO [main] (ChannelPageFun.java:30) - Successfully clicked On First Show 'Devin Supertramp' from Watchable SHOWS OF THE WEEK section
 INFO [main] (AssertionRepoFunctions.java:304) - User is successfully navigate to Show detail page.
 INFO [main] (VerifyProviderDetailPageContent.java:75) - Provider name is present in Shows detail page
 INFO [main] (providerPageFun.java:29) - Successfully clicked On provider title 'DEFY MEDIA TEST' from Show Page
 INFO [main] (AssertionRepoFunctions.java:320) - User is successfully navigate to Provider detail page.
 INFO [main] (VerifyProviderDetailPageContent.java:89) - Provider icon is present in provider detail page
 INFO [main] (VerifyProviderDetailPageContent.java:97) - Provider title 'Defy Media Test' is present in provider detail page
 INFO [main] (VerifyProviderDetailPageContent.java:109) - Shows/video count is present in provider detail page
 INFO [main] (VerifyProviderDetailPageContent.java:117) - Provider description is present in provider detail page
 INFO [main] (VerifyProviderDetailPageContent.java:125) - Shows section title 'Shows from Defy Media Test' is present in provider detail page
 INFO [main] (VerifyProviderDetailPageContent.java:137) - Shows are  present in provider detail page
 INFO [main] (VerifyProviderDetailPageContent.java:139) - 
 INFO [main] (VerifyChannelSection.java:33) - Script: VerifyChannelSection
 INFO [main] (VerifyChannelSection.java:34) - ****************************
 INFO [main] (VerifyChannelSection.java:42) - Successfully opened the application
 INFO [main] (AssertionRepoFunctions.java:1433) - The shows Section title 'Watchable shows of the week' is present  in Home Page
 INFO [main] (VerifyChannelSection.java:59) - 8 Shows are present in Watchable SHOWS OF THE WEEK section in home page
 INFO [main] (ChannelPageFun.java:30) - Successfully clicked On First Show 'Devin Supertramp' from Watchable SHOWS OF THE WEEK section
 INFO [main] (AssertionRepoFunctions.java:304) - User is successfully navigate to Show detail page.
 INFO [main] (VerifyChannelSection.java:75) - Provider name is present in channel detail page
 INFO [main] (providerPageFun.java:29) - Successfully clicked On provider title 'DEFY MEDIA TEST' from Show Page
 INFO [main] (AssertionRepoFunctions.java:320) - User is successfully navigate to Provider detail page.
 INFO [main] (VerifyChannelSection.java:89) - Shows section title 'Shows from Defy Media Test' is present in provider detail page
 INFO [main] (VerifyChannelSection.java:101) - Shows are  present in provider detail page
 INFO [main] (VerifyChannelSection.java:108) - Shows are present in channel section of provider detail page
 INFO [main] (VerifyChannelSection.java:109) - 8 Shows are present in channel section of provider detail page
 INFO [main] (VerifyChannelSection.java:111) - The below Shows are present in Provider page
 INFO [main] (VerifyChannelSection.java:112) - -----------------------------------------------
 INFO [main] (VerifyChannelSection.java:115) - 1. Animeme
 INFO [main] (VerifyChannelSection.java:115) - 2. Counter656
 INFO [main] (VerifyChannelSection.java:115) - 3. ScottDW
 INFO [main] (VerifyChannelSection.java:115) - 4. Jack Vale Films
 INFO [main] (VerifyChannelSection.java:115) - 5. JukinVideo
 INFO [main] (VerifyChannelSection.java:115) - 6. Brittani Louise Taylor
 INFO [main] (VerifyChannelSection.java:115) - 7. BroScienceLife
 INFO [main] (VerifyChannelSection.java:115) - 8. Kian Lawley
 INFO [main] (VerifyChannelSection.java:127) - 
 INFO [main] (VerifyChannelVideoCount.java:33) - Script: VerifyChannelVideoCount
 INFO [main] (VerifyChannelVideoCount.java:34) - *******************************
 INFO [main] (VerifyChannelVideoCount.java:42) - Successfully opened the application
 INFO [main] (AssertionRepoFunctions.java:1433) - The shows Section title 'Watchable shows of the week' is present  in Home Page
 INFO [main] (VerifyChannelVideoCount.java:59) - 8 Shows are present in Watchable SHOWS OF THE WEEK section in home page
 INFO [main] (ChannelPageFun.java:30) - Successfully clicked On First Show 'Devin Supertramp' from Watchable SHOWS OF THE WEEK section
 INFO [main] (AssertionRepoFunctions.java:304) - User is successfully navigate to Show detail page.
 INFO [main] (VerifyChannelVideoCount.java:75) - Provider name is present in channel detail page
 INFO [main] (providerPageFun.java:29) - Successfully clicked On provider title 'DEFY MEDIA TEST' from Show Page
 INFO [main] (AssertionRepoFunctions.java:320) - User is successfully navigate to Provider detail page.
 INFO [main] (VerifyChannelVideoCount.java:89) - Shows/video count is present in provider detail page
 INFO [main] (VerifyChannelVideoCount.java:96) -    Channel Count: 39 SHOWS 
 INFO [main] (VerifyChannelVideoCount.java:97) -    Video Count:  1747 VIDEOS
 INFO [main] (VerifyChannelVideoCount.java:98) - 
 INFO [main] (VerifyingClickOnChannlNavigatingToChannelPage.java:35) - Script: VerifyingClickOnChannlNavigatingToChannelPage
 INFO [main] (VerifyingClickOnChannlNavigatingToChannelPage.java:36) - *****************************************************
 INFO [main] (VerifyingClickOnChannlNavigatingToChannelPage.java:44) - Successfully opened the application
 INFO [main] (AssertionRepoFunctions.java:1433) - The shows Section title 'Watchable shows of the week' is present  in Home Page
 INFO [main] (VerifyingClickOnChannlNavigatingToChannelPage.java:61) - 8 Shows are present in featured Watchable SHOWS OF THE WEEK in home page
 INFO [main] (ChannelPageFun.java:30) - Successfully clicked On First Show 'Devin Supertramp' from Watchable SHOWS OF THE WEEK section
 INFO [main] (AssertionRepoFunctions.java:304) - User is successfully navigate to Show detail page.
 INFO [main] (VerifyingClickOnChannlNavigatingToChannelPage.java:77) - Provider name is present in Shows detail page
 INFO [main] (providerPageFun.java:29) - Successfully clicked On provider title 'DEFY MEDIA TEST' from Show Page
 INFO [main] (AssertionRepoFunctions.java:320) - User is successfully navigate to Provider detail page.
 INFO [main] (VerifyingClickOnChannlNavigatingToChannelPage.java:91) - Shows are  present in provider detail page
 INFO [main] (VerifyingClickOnChannlNavigatingToChannelPage.java:98) - Shows are present in channel section of provider detail page
 INFO [main] (VerifyingClickOnChannlNavigatingToChannelPage.java:99) - 8 Shows are present in channel section of provider detail page
 INFO [main] (VerifyingClickOnChannlNavigatingToChannelPage.java:101) - The below Shows are present in Provider page
 INFO [main] (VerifyingClickOnChannlNavigatingToChannelPage.java:102) - -----------------------------------------------
 INFO [main] (VerifyingClickOnChannlNavigatingToChannelPage.java:107) - Clicking on the Shows title 'Animeme'...
 INFO [main] (AssertionRepoFunctions.java:304) - User is successfully navigate to Show detail page.
 INFO [main] (VerifyingClickOnChannlNavigatingToChannelPage.java:107) - Clicking on the Shows title 'Jack Vale Films'...
 INFO [main] (AssertionRepoFunctions.java:304) - User is successfully navigate to Show detail page.
 INFO [main] (VerifyingClickOnChannlNavigatingToChannelPage.java:107) - Clicking on the Shows title 'BroScienceLife'...
 INFO [main] (AssertionRepoFunctions.java:304) - User is successfully navigate to Show detail page.
 INFO [main] (VerifyingClickOnChannlNavigatingToChannelPage.java:130) - 
 INFO [main] (VerifyClickOnWatchableLogoFromProviderPageNavigatesHomePage.java:37) - Script: VerifyClickOnWatchableLogoFromProviderPageNavigatesHomePage
 INFO [main] (VerifyClickOnWatchableLogoFromProviderPageNavigatesHomePage.java:38) - *******************************************************************
 INFO [main] (VerifyClickOnWatchableLogoFromProviderPageNavigatesHomePage.java:46) - Successfully opened the application
 INFO [main] (AssertionRepoFunctions.java:1433) - The shows Section title 'Watchable shows of the week' is present  in Home Page
 INFO [main] (VerifyClickOnWatchableLogoFromProviderPageNavigatesHomePage.java:63) - 8 Shows are present in Watchable SHOWS OF THE WEEK section in home page
 INFO [main] (ChannelPageFun.java:30) - Successfully clicked On First Show 'Devin Supertramp' from Watchable SHOWS OF THE WEEK section
 INFO [main] (AssertionRepoFunctions.java:304) - User is successfully navigate to Show detail page.
 INFO [main] (VerifyClickOnWatchableLogoFromProviderPageNavigatesHomePage.java:79) - Provider name is present in channel detail page
 INFO [main] (providerPageFun.java:29) - Successfully clicked On provider title 'DEFY MEDIA TEST' from Show Page
 INFO [main] (AssertionRepoFunctions.java:320) - User is successfully navigate to Provider detail page.
 INFO [main] (HomeFun.java:85) - Successfully clicked On Top Watchable Logo
 INFO [main] (VerifyClickOnWatchableLogoFromProviderPageNavigatesHomePage.java:96) - Successfully Navigated to Home page after clicking on Watchable logo from Provider Page
 INFO [main] (VerifyClickOnWatchableLogoFromProviderPageNavigatesHomePage.java:98) - 
 INFO [main] (VerifyProviderPageTitle.java:33) - Script: VerifyProviderPageTitle
 INFO [main] (VerifyProviderPageTitle.java:34) - **************************************
 INFO [main] (VerifyProviderPageTitle.java:42) - Successfully opened the application
 INFO [main] (AssertionRepoFunctions.java:1433) - The shows Section title 'Watchable shows of the week' is present  in Home Page
 INFO [main] (VerifyProviderPageTitle.java:59) - 8 Shows are present in Watchable SHOWS OF THE WEEK section in home page
 INFO [main] (ChannelPageFun.java:30) - Successfully clicked On First Show 'Devin Supertramp' from Watchable SHOWS OF THE WEEK section
 INFO [main] (AssertionRepoFunctions.java:304) - User is successfully navigate to Show detail page.
 INFO [main] (VerifyProviderPageTitle.java:75) - Provider name is present in Shows detail page
 INFO [main] (providerPageFun.java:29) - Successfully clicked On provider title 'DEFY MEDIA TEST' from Show Page
 INFO [main] (AssertionRepoFunctions.java:320) - User is successfully navigate to Provider detail page.
 INFO [main] (VerifyProviderPageTitle.java:85) - The Provider page title displayed is 'Provider | Watchable'
 INFO [main] (VerifyProviderPageTitle.java:88) - 
 INFO [main] (VerifyNavigationToProviderPageFromFeaturedShows.java:35) - Script: VerifyNavigationToProviderPageFromFeaturedShows
 INFO [main] (VerifyNavigationToProviderPageFromFeaturedShows.java:36) - ******************************************************
 INFO [main] (VerifyNavigationToProviderPageFromFeaturedShows.java:44) - Successfully opened the application
 INFO [main] (AssertionRepoFunctions.java:1433) - The shows Section title 'Watchable shows of the week' is present  in Home Page
 INFO [main] (VerifyNavigationToProviderPageFromFeaturedShows.java:69) - 4 Videos are present in What We're WATCHING section in home page
 INFO [main] (ChannelPageFun.java:55) - Successfully clicked On First Show 'LINUSTECHTIPS' from What We're WATCHING section
 INFO [main] (AssertionRepoFunctions.java:304) - User is successfully navigate to Show detail page.
 INFO [main] (providerPageFun.java:29) - Successfully clicked On provider title 'DEFY MEDIA TEST' from Show Page
 INFO [main] (AssertionRepoFunctions.java:320) - User is successfully navigate to Provider detail page.
 INFO [main] (VerifyNavigationToProviderPageFromFeaturedShows.java:85) - 
 INFO [main] (VerifyClickingOnHomeFooterLinkFromProviderPageNavigatesHomePage.java:39) - Script: VerifyClickingOnHomeFooterLinkFromProviderPageNavigatesHomePage
 INFO [main] (VerifyClickingOnHomeFooterLinkFromProviderPageNavigatesHomePage.java:40) - ***********************************************************************
 INFO [main] (VerifyClickingOnHomeFooterLinkFromProviderPageNavigatesHomePage.java:48) - Successfully opened the application
 INFO [main] (AssertionRepoFunctions.java:1433) - The shows Section title 'Watchable shows of the week' is present  in Home Page
 INFO [main] (VerifyClickingOnHomeFooterLinkFromProviderPageNavigatesHomePage.java:65) - 8 Shows are present in Watchable SHOWS OF THE WEEK section in home page
 INFO [main] (ChannelPageFun.java:30) - Successfully clicked On First Show 'Devin Supertramp' from Watchable SHOWS OF THE WEEK section
 INFO [main] (AssertionRepoFunctions.java:304) - User is successfully navigate to Show detail page.
 INFO [main] (VerifyClickingOnHomeFooterLinkFromProviderPageNavigatesHomePage.java:81) - Provider name is present in Shows detail page
 INFO [main] (providerPageFun.java:29) - Successfully clicked On provider title 'DEFY MEDIA TEST' from Show Page
 INFO [main] (AssertionRepoFunctions.java:320) - User is successfully navigate to Provider detail page.
 INFO [main] (VerifyClickingOnHomeFooterLinkFromProviderPageNavigatesHomePage.java:98) - Home Link is present
 INFO [main] (FooterLinkFun.java:50) - Successfully clicked On Home link
 INFO [main] (VerifyClickingOnHomeFooterLinkFromProviderPageNavigatesHomePage.java:106) - Successfully Navigated to Home page after clicking on Home link from Provider page
 INFO [main] (VerifyClickingOnHomeFooterLinkFromProviderPageNavigatesHomePage.java:108) - 
 INFO [main] (VerifyUserNavigatingToHomePageLogoutFromProvidePage.java:41) - Script: VerifyUserNavigatingToHomePageLogoutFromProvidePage
 INFO [main] (VerifyUserNavigatingToHomePageLogoutFromProvidePage.java:42) - ***********************************************************
 INFO [main] (VerifyUserNavigatingToHomePageLogoutFromProvidePage.java:50) - Successfully opened the application
 INFO [main] (LoginFun.java:44) - Login form opened successfully
 INFO [main] (LoginFun.java:52) - User name entered: watchable_v2.30.26.6@gmail.com
 INFO [main] (LoginFun.java:60) - Password entered: Demo1111
 INFO [main] (LoginFun.java:66) - Clicked on Login button from Login form
 INFO [main] (LoginFun.java:78) - Successfully login Watchable application...!
 INFO [main] (AssertionRepoFunctions.java:1433) - The shows Section title 'Watchable shows of the week' is present  in Home Page
 INFO [main] (VerifyUserNavigatingToHomePageLogoutFromProvidePage.java:75) - 8 Shows are present in Watchable SHOWS OF THE WEEK section in home page
 INFO [main] (ChannelPageFun.java:30) - Successfully clicked On First Show 'Devin Supertramp' from Watchable SHOWS OF THE WEEK section
 INFO [main] (AssertionRepoFunctions.java:304) - User is successfully navigate to Show detail page.
 INFO [main] (VerifyUserNavigatingToHomePageLogoutFromProvidePage.java:92) - Provider name is present in Shows detail page
 INFO [main] (providerPageFun.java:29) - Successfully clicked On provider title 'DEFY MEDIA TEST' from Show Page
 INFO [main] (AssertionRepoFunctions.java:320) - User is successfully navigate to Provider detail page.
 INFO [main] (LoginFun.java:181) - Successfully Selected Logout option
 INFO [main] (LoginFun.java:189) - Successfully logout from the application...!
 INFO [main] (VerifyUserNavigatingToHomePageLogoutFromProvidePage.java:107) - Successfully navigate back to Home Page after logout from Provider Page
 INFO [main] (VerifyUserNavigatingToHomePageLogoutFromProvidePage.java:108) - 
 INFO [main] (VerifySearchResultPageContentWithResult.java:32) - Script: VerifySearchResultPageContentWithResult
 INFO [main] (VerifySearchResultPageContentWithResult.java:33) - ***********************************************
 INFO [main] (VerifySearchResultPageContentWithResult.java:39) - Successfully opened the application
 INFO [main] (VerifySearchResultPageContentWithResult.java:47) - Search icon(button) is present in header
 INFO [main] (searchFun.java:26) - Successfully clicked on Search icon
 INFO [main] (VerifySearchResultPageContentWithResult.java:58) - Search text box is present in header
 INFO [main] (searchFun.java:47) - The search key entered is : food
 INFO [main] (AssertionRepoFunctions.java:58) - Successfully navigate to search result page
 INFO [main] (VerifySearchResultPageContentWithResult.java:75) -  The Search result title 'Search Results for "food"' present in search result page
 INFO [main] (VerifySearchResultPageContentWithResult.java:86) - The Channel title 'Shows' present in search result page
 INFO [main] (VerifySearchResultPageContentWithResult.java:98) - Channel row present in search result page
 INFO [main] (VerifySearchResultPageContentWithResult.java:106) - The Video title 'Videos' present in search result page
 INFO [main] (VerifySearchResultPageContentWithResult.java:118) - Video row present in search result page
 INFO [main] (VerifySearchResultPageContentWithResult.java:126) - 
 INFO [main] (VerifySearchResultPageContentWithOutResult.java:33) - Script: VerifySearchResultPageContentWithOutResult
 INFO [main] (VerifySearchResultPageContentWithOutResult.java:34) - **************************************************
 INFO [main] (VerifySearchResultPageContentWithOutResult.java:40) - Successfully opened the application
 INFO [main] (VerifySearchResultPageContentWithOutResult.java:48) - Search icon(button) is present in header
 INFO [main] (searchFun.java:26) - Successfully clicked on Search icon
 INFO [main] (VerifySearchResultPageContentWithOutResult.java:59) - Search text box is present in header
 INFO [main] (searchFun.java:47) - The search key entered is : abcdefghijk
 INFO [main] (AssertionRepoFunctions.java:58) - Successfully navigate to search result page
 INFO [main] (VerifySearchResultPageContentWithOutResult.java:76) - No search results for "abcdefghijk" were found.
 INFO [main] (VerifySearchResultPageContentWithOutResult.java:86) - Back to home page link displayed when no search result
 INFO [main] (VerifySearchResultPageContentWithOutResult.java:94) - Popular videos Title 'What We're WATCHING' displayed when no search result
 INFO [main] (VerifySearchResultPageContentWithOutResult.java:106) - Popular videos are displayed when no search result
 INFO [main] (VerifySearchResultPageContentWithOutResult.java:108) - 
 INFO [main] (SearchWithChannelName.java:31) - Script: SearchWithChannelName
 INFO [main] (SearchWithChannelName.java:32) - *****************************
 INFO [main] (SearchWithChannelName.java:38) - Successfully opened the application
 INFO [main] (SearchWithChannelName.java:46) - Search icon(button) is present in header
 INFO [main] (searchFun.java:26) - Successfully clicked on Search icon
 INFO [main] (SearchWithChannelName.java:57) - Search text box is present in header
 INFO [main] (searchFun.java:47) - The search key entered is : food
 INFO [main] (AssertionRepoFunctions.java:58) - Successfully navigate to search result page
 INFO [main] (SearchWithChannelName.java:68) - Search Results for "food"
 INFO [main] (SearchWithChannelName.java:71) - --------------------------------------------------
 INFO [main] (SearchWithChannelName.java:80) - 9 Shows present in search result
 INFO [main] (SearchWithChannelName.java:82) - The Shows present in search result are:
 INFO [main] (SearchWithChannelName.java:88) - 1. POPSUGAR Food
 INFO [main] (SearchWithChannelName.java:88) - 2. Eater
 INFO [main] (SearchWithChannelName.java:88) - 3. Munchies
 INFO [main] (SearchWithChannelName.java:88) - 4. Daym Drops
 INFO [main] (SearchWithChannelName.java:88) - 5. ifood.tv
 INFO [main] (SearchWithChannelName.java:88) - 6. Coastal
 INFO [main] (SearchWithChannelName.java:88) - 7. Day of Gluttony
 INFO [main] (SearchWithChannelName.java:88) - 8. MEM1
 INFO [main] (SearchWithChannelName.java:88) - 9. 
 INFO [main] (SearchWithChannelName.java:98) - 
 INFO [main] (SearchWithChannelName.java:105) - 16 Video(s) present in search result
 INFO [main] (SearchWithChannelName.java:107) - The Video(s) present in search result are:
 INFO [main] (SearchWithChannelName.java:114) - 1. Pork Chops
 INFO [main] (SearchWithChannelName.java:114) - 2. Meatballs Cajoes
 INFO [main] (SearchWithChannelName.java:114) - 3. Food Foxes
 INFO [main] (SearchWithChannelName.java:114) - 4. Introducing Poutine, Your New Favorite Junk Food
 INFO [main] (SearchWithChannelName.java:114) - 5. English Muffin Pizzas
 INFO [main] (SearchWithChannelName.java:114) - 6. Dudetastic Chicken Wings
 INFO [main] (SearchWithChannelName.java:114) - 7. Taco Taco Taco Taco Tacos
 INFO [main] (SearchWithChannelName.java:114) - 8. One Pan Chicken and Rice
 INFO [main] (SearchWithChannelName.java:114) - 9. Crispy Garlic-Parmesan Fries
 INFO [main] (SearchWithChannelName.java:114) - 10. Chinese Chicken and Tofu Sliders
 INFO [main] (SearchWithChannelName.java:114) - 11. Manly Mac and Cheese
 INFO [main] (SearchWithChannelName.java:114) - 12. Peanut Butter-Swirl Brownie Muffins
 INFO [main] (SearchWithChannelName.java:114) - 13. Peanut Butter No Cheese Quesadillas
 INFO [main] (SearchWithChannelName.java:114) - 14. Hack Shake Shack's ShackBurger
 INFO [main] (SearchWithChannelName.java:114) - 15. How Animals Eat Their Food 2
 INFO [main] (SearchWithChannelName.java:114) - 16. How Animals Eat Their Food
 INFO [main] (SearchWithChannelName.java:128) - 
 INFO [main] (SearchWithChannelId.java:31) - Script: SearchWithChannelId
 INFO [main] (SearchWithChannelId.java:32) - ***************************
 INFO [main] (SearchWithChannelId.java:38) - Successfully opened the application
 INFO [main] (SearchWithChannelId.java:46) - Search icon(button) is present in header
 INFO [main] (searchFun.java:26) - Successfully clicked on Search icon
 INFO [main] (SearchWithChannelId.java:57) - Search text box is present in header
 INFO [main] (searchFun.java:47) - The search key entered is : 10602
 INFO [main] (AssertionRepoFunctions.java:58) - Successfully navigate to search result page
 INFO [main] (SearchWithChannelId.java:68) - Search Results for "10602"
 INFO [main] (SearchWithChannelId.java:71) - --------------------------------------------------
 INFO [main] (SearchWithChannelId.java:80) - 1 Shows present in search result
 INFO [main] (SearchWithChannelId.java:82) - The shows present in search result are:
 INFO [main] (SearchWithChannelId.java:89) - 1. AWE me
 INFO [main] (SearchWithChannelId.java:98) - 
 INFO [main] (SearchWithChannelId.java:105) - 1 Video(s) present in search result
 INFO [main] (SearchWithChannelId.java:107) - The Video(s) present in search result are:
 INFO [main] (SearchWithChannelId.java:114) - 1. Internet Shock Quiz - Minecraft Fail - Episode 9
 INFO [main] (SearchWithChannelId.java:128) - 
 INFO [main] (SearchWithVideoName.java:31) - Script: SearchWithVideoName
 INFO [main] (SearchWithVideoName.java:32) - ***************************
 INFO [main] (SearchWithVideoName.java:38) - Successfully opened the application
 INFO [main] (SearchWithVideoName.java:46) - Search icon(button) is present in header
 INFO [main] (searchFun.java:26) - Successfully clicked on Search icon
 INFO [main] (SearchWithVideoName.java:57) - Search text box is present in header
 INFO [main] (searchFun.java:47) - The search key entered is : Thinking Is Not Included
 INFO [main] (AssertionRepoFunctions.java:58) - Successfully navigate to search result page
 INFO [main] (SearchWithVideoName.java:70) - Search Results for "Thinking Is Not Included"
 INFO [main] (SearchWithVideoName.java:73) - --------------------------------------------------
 INFO [main] (SearchWithVideoName.java:100) - 
 INFO [main] (SearchWithVideoName.java:106) - 1 Video(s) present in search result
 INFO [main] (SearchWithVideoName.java:108) - The Video(s) present in search result are:
 INFO [main] (SearchWithVideoName.java:115) - 1. Thinking Is Not Included
 INFO [main] (SearchWithVideoName.java:129) - 
 INFO [main] (SearchWithVideoId.java:31) - Script: SearchWithVideoId
 INFO [main] (SearchWithVideoId.java:32) - *************************
 INFO [main] (SearchWithVideoId.java:38) - Successfully opened the application
 INFO [main] (SearchWithVideoId.java:46) - Search icon(button) is present in header
 INFO [main] (searchFun.java:26) - Successfully clicked on Search icon
 INFO [main] (SearchWithVideoId.java:58) - Search text box is present in header
 INFO [main] (searchFun.java:47) - The search key entered is : 8050
 INFO [main] (AssertionRepoFunctions.java:58) - Successfully navigate to search result page
 INFO [main] (SearchWithVideoId.java:69) - Search Results for "8050"
 INFO [main] (SearchWithVideoId.java:72) - --------------------------------------------------
 INFO [main] (SearchWithVideoId.java:99) - 
 INFO [main] (SearchWithVideoId.java:105) - 1 Video(s) present in search result
 INFO [main] (SearchWithVideoId.java:107) - The Video(s) present in search result are:
 INFO [main] (SearchWithVideoId.java:114) - 1. SS6- Sci-Fi Short Film
 INFO [main] (SearchWithVideoId.java:128) - 
 INFO [main] (SearchWithProviderName.java:31) - Script: SearchWithProviderName
 INFO [main] (SearchWithProviderName.java:32) - ******************************
 INFO [main] (SearchWithProviderName.java:38) - Successfully opened the application
 INFO [main] (SearchWithProviderName.java:46) - Search icon(button) is present in header
 INFO [main] (searchFun.java:26) - Successfully clicked on Search icon
 INFO [main] (SearchWithProviderName.java:57) - Search text box is present in header
 INFO [main] (searchFun.java:47) - The search key entered is : DEFY MEDIA
 INFO [main] (AssertionRepoFunctions.java:58) - Successfully navigate to search result page
 INFO [main] (SearchWithProviderName.java:68) - Search Results for "DEFY MEDIA"
 INFO [main] (SearchWithProviderName.java:71) - --------------------------------------------------
 INFO [main] (SearchWithProviderName.java:80) - 33 Shows present in search result
 INFO [main] (SearchWithProviderName.java:82) - The shows present in search result are:
 INFO [main] (SearchWithProviderName.java:89) - 1. Test Channel !?!
 INFO [main] (SearchWithProviderName.java:89) - 2. POPSUGAR Beauty
 INFO [main] (SearchWithProviderName.java:89) - 3. POPSUGAR Fashion
 INFO [main] (SearchWithProviderName.java:89) - 4. POPSUGAR Fitness
 INFO [main] (SearchWithProviderName.java:89) - 5. POPSUGAR Entertainment
 INFO [main] (SearchWithProviderName.java:89) - 6. POPSUGAR Food
 INFO [main] (SearchWithProviderName.java:89) - 7. Unbox Therapy
 INFO [main] (SearchWithProviderName.java:89) - 8. Tinkernut
 INFO [main] (SearchWithProviderName.java:89) - 9. 
 INFO [main] (SearchWithProviderName.java:89) - 10. 
 INFO [main] (SearchWithProviderName.java:89) - 11. 
 INFO [main] (SearchWithProviderName.java:89) - 12. 
 INFO [main] (SearchWithProviderName.java:89) - 13. 
 INFO [main] (SearchWithProviderName.java:89) - 14. 
 INFO [main] (SearchWithProviderName.java:89) - 15. 
 INFO [main] (SearchWithProviderName.java:89) - 16. 
 INFO [main] (SearchWithProviderName.java:89) - 17. 
 INFO [main] (SearchWithProviderName.java:89) - 18. 
 INFO [main] (SearchWithProviderName.java:89) - 19. 
 INFO [main] (SearchWithProviderName.java:89) - 20. 
 INFO [main] (SearchWithProviderName.java:89) - 21. 
 INFO [main] (SearchWithProviderName.java:89) - 22. 
 INFO [main] (SearchWithProviderName.java:89) - 23. 
 INFO [main] (SearchWithProviderName.java:89) - 24. 
 INFO [main] (SearchWithProviderName.java:89) - 25. 
 INFO [main] (SearchWithProviderName.java:89) - 26. 
 INFO [main] (SearchWithProviderName.java:89) - 27. 
 INFO [main] (SearchWithProviderName.java:89) - 28. 
 INFO [main] (SearchWithProviderName.java:89) - 29. 
 INFO [main] (SearchWithProviderName.java:89) - 30. 
 INFO [main] (SearchWithProviderName.java:89) - 31. 
 INFO [main] (SearchWithProviderName.java:89) - 32. 
 INFO [main] (SearchWithProviderName.java:89) - 33. 
 INFO [main] (SearchWithProviderName.java:98) - 
 INFO [main] (SearchWithProviderName.java:104) - 16 Video(s) present in search result
 INFO [main] (SearchWithProviderName.java:106) - The Video(s) present in search result are:
 INFO [main] (SearchWithProviderName.java:113) - 1. Random Celebrity Prank
 INFO [main] (SearchWithProviderName.java:113) - 2. Test Video
 INFO [main] (SearchWithProviderName.java:113) - 3. Butter Cream Cake
 INFO [main] (SearchWithProviderName.java:113) - 4. Shapeways
 INFO [main] (SearchWithProviderName.java:113) - 5. Small Empires: Kitchensurfing and the disruptio...
 INFO [main] (SearchWithProviderName.java:113) - 6. Clown Attacked After Firing Coworkers - Odd Jobs
 INFO [main] (SearchWithProviderName.java:113) - 7. MY GIRL CRUSH! S.O.S. 256
 INFO [main] (SearchWithProviderName.java:113) - 8. Plus 1 Follower- Episode 13- Red vs. Blue Season..
 INFO [main] (SearchWithProviderName.java:113) - 9. Logitech Harmony Ultimate- Universal Remote
 INFO [main] (SearchWithProviderName.java:113) - 10. How Did a White Woman Pose as a Black NAACP Leader? A Fascinating Timeline
 INFO [main] (SearchWithProviderName.java:113) - 11. FailArmy's Top Fails Breakdown || Failvengers
 INFO [main] (SearchWithProviderName.java:113) - 12. Make a Crave-Worthy Cake in a Matter of Minutes
 INFO [main] (SearchWithProviderName.java:113) - 13. Get Rid of Acne Scars For Good - and Keep Them Gone
 INFO [main] (SearchWithProviderName.java:113) - 14. Finding Your Best Manicure Shade is in Your Astrological Sign
 INFO [main] (SearchWithProviderName.java:113) - 15. This Is the Best Camping Meal, Hands Down
 INFO [main] (SearchWithProviderName.java:113) - 16. Toast to 7-Eleven's Birthday With a Slurry Slurpee
 INFO [main] (SearchWithProviderName.java:127) - 
 INFO [main] (SearchWithProviderId.java:31) - Script: SearchWithProviderId
 INFO [main] (SearchWithProviderId.java:32) - ****************************
 INFO [main] (SearchWithProviderId.java:38) - Successfully opened the application
 INFO [main] (SearchWithProviderId.java:46) - Search icon(button) is present in header
 INFO [main] (searchFun.java:26) - Successfully clicked on Search icon
 INFO [main] (SearchWithProviderId.java:57) - Search text box is present in header
 INFO [main] (searchFun.java:47) - The search key entered is : 274
 INFO [main] (AssertionRepoFunctions.java:58) - Successfully navigate to search result page
 INFO [main] (SearchWithProviderId.java:68) - Search Results for "274"
 INFO [main] (SearchWithProviderId.java:71) - --------------------------------------------------
 INFO [main] (SearchWithProviderId.java:98) - 
 INFO [main] (SearchWithProviderId.java:104) - 16 Video(s) present in search result
 INFO [main] (SearchWithProviderId.java:106) - The Video(s) present in search result are:
 INFO [main] (SearchWithProviderId.java:113) - 1. 
 INFO [main] (SearchWithProviderId.java:113) - 2. 
 INFO [main] (SearchWithProviderId.java:113) - 3. 
 INFO [main] (SearchWithProviderId.java:113) - 4. 
 INFO [main] (SearchWithProviderId.java:113) - 5. Social Media Stalker- Libby
 INFO [main] (SearchWithProviderId.java:113) - 6. Shit On Yourself
 INFO [main] (SearchWithProviderId.java:113) - 7. Shopping Cart Challenge!
 INFO [main] (SearchWithProviderId.java:113) - 8. Social Media Experiment- JESUS
 INFO [main] (SearchWithProviderId.java:113) - 9. Social Media Experiment
 INFO [main] (SearchWithProviderId.java:113) - 10. Social Media Stalker Chris
 INFO [main] (SearchWithProviderId.java:113) - 11. Predicting Peoples Passcodes!
 INFO [main] (SearchWithProviderId.java:113) - 12. Pretending To Know People!
 INFO [main] (SearchWithProviderId.java:113) - 13. Punched For Farting- Extended, Raw
 INFO [main] (SearchWithProviderId.java:113) - 14. Peeing In A Bucket Prank
 INFO [main] (SearchWithProviderId.java:113) - 15. Pointing At People Prank
 INFO [main] (SearchWithProviderId.java:113) - 16. Paranoid In The Hood
 INFO [main] (SearchWithProviderId.java:127) - 
 INFO [main] (SearchWithInvalidKey.java:32) - Script: SearchWithInvalidKey
 INFO [main] (SearchWithInvalidKey.java:33) - ****************************
 INFO [main] (SearchWithInvalidKey.java:39) - Successfully opened the application
 INFO [main] (SearchWithInvalidKey.java:47) - Search icon(button) is present in header
 INFO [main] (searchFun.java:26) - Successfully clicked on Search icon
 INFO [main] (SearchWithInvalidKey.java:58) - Search text box is present in header
 INFO [main] (searchFun.java:47) - The search key entered is : abcdefghijk
 INFO [main] (AssertionRepoFunctions.java:58) - Successfully navigate to search result page
 INFO [main] (SearchWithInvalidKey.java:123) - No search results for "abcdefghijk" were found.
 INFO [main] (SearchWithInvalidKey.java:133) - Popular videos displayed when no search result
 INFO [main] (SearchWithInvalidKey.java:140) - 4 Videos are present in Popular videos section
 INFO [main] (SearchWithInvalidKey.java:142) - The following videos are present in Popular videos section
 INFO [main] (SearchWithInvalidKey.java:143) - ----------------------------------------------------------
 INFO [main] (SearchWithInvalidKey.java:145) - 1. Build a Gaming PC on Your Budget- Holiday Buyer's..
 INFO [main] (SearchWithInvalidKey.java:145) - 2. Enjoy The Colors- Season 1 Episode 8
 INFO [main] (SearchWithInvalidKey.java:145) - 3. The Man From U.N.C.L.E.
 INFO [main] (SearchWithInvalidKey.java:145) - 4. 7 reasons medical care in America can be deadly
 INFO [main] (SearchWithInvalidKey.java:155) - 
 INFO [main] (SearchWithDigitsKey.java:31) - Script: SearchWithDigitsKey
 INFO [main] (SearchWithDigitsKey.java:32) - **************************
 INFO [main] (SearchWithDigitsKey.java:38) - Successfully opened the application
 INFO [main] (SearchWithDigitsKey.java:46) - Search icon(button) is present in header
 INFO [main] (searchFun.java:26) - Successfully clicked on Search icon
 INFO [main] (SearchWithDigitsKey.java:57) - Search text box is present in header
 INFO [main] (searchFun.java:47) - The search key entered is : 1234567890
 INFO [main] (AssertionRepoFunctions.java:58) - Successfully navigate to search result page
 INFO [main] (SearchWithDigitsKey.java:123) - No search results for "1234567890" were found.
 INFO [main] (SearchWithDigitsKey.java:133) - Popular videos displayed when no search result
 INFO [main] (SearchWithDigitsKey.java:140) - 4 Videos are present in Popular videos section
 INFO [main] (SearchWithDigitsKey.java:142) - The following videos are present in Popular videos section
 INFO [main] (SearchWithDigitsKey.java:143) - ----------------------------------------------------------
 INFO [main] (SearchWithDigitsKey.java:145) - 1. Build a Gaming PC on Your Budget- Holiday Buyer's..
 INFO [main] (SearchWithDigitsKey.java:145) - 2. Enjoy The Colors- Season 1 Episode 8
 INFO [main] (SearchWithDigitsKey.java:145) - 3. The Man From U.N.C.L.E.
 INFO [main] (SearchWithDigitsKey.java:145) - 4. 7 reasons medical care in America can be deadly
 INFO [main] (SearchWithDigitsKey.java:155) - 
 INFO [main] (SearchWithSpecialCharacters.java:32) - Script: SearchWithSpecialCharacters
 INFO [main] (SearchWithSpecialCharacters.java:33) - ****************************
 INFO [main] (SearchWithSpecialCharacters.java:39) - Successfully opened the application
 INFO [main] (SearchWithSpecialCharacters.java:47) - Search icon(button) is present in header
 INFO [main] (searchFun.java:26) - Successfully clicked on Search icon
 INFO [main] (SearchWithSpecialCharacters.java:58) - Search text box is present in header
 INFO [main] (searchFun.java:47) - The search key entered is : a@#$^!@$z
 INFO [main] (AssertionRepoFunctions.java:58) - Successfully navigate to search result page
 INFO [main] (SearchWithSpecialCharacters.java:69) - Search Results for "az"
 INFO [main] (SearchWithSpecialCharacters.java:72) - --------------------------------------------------
 INFO [main] (SearchWithSpecialCharacters.java:99) - 
 INFO [main] (SearchWithSpecialCharacters.java:105) - 16 Video(s) present in search result
 INFO [main] (SearchWithSpecialCharacters.java:107) - The Video(s) present in search result are:
 INFO [main] (SearchWithSpecialCharacters.java:114) - 1. 
 INFO [main] (SearchWithSpecialCharacters.java:114) - 2. 
 INFO [main] (SearchWithSpecialCharacters.java:114) - 3. 
 INFO [main] (SearchWithSpecialCharacters.java:114) - 4. 
 INFO [main] (SearchWithSpecialCharacters.java:114) - 5. Drinking Games with Aziz Ansari - Speakeasy
 INFO [main] (SearchWithSpecialCharacters.java:114) - 6. Interview with Aziz Ansari - Speakeasy
 INFO [main] (SearchWithSpecialCharacters.java:114) - 7. Interview with Aziz Ansari - Speakeasy
 INFO [main] (SearchWithSpecialCharacters.java:114) - 8. Drinking Games with Aziz Ansari - Speakeasy
 INFO [main] (SearchWithSpecialCharacters.java:114) - 9. Drinking Games with Aziz Ansari - Speakeasy
 INFO [main] (SearchWithSpecialCharacters.java:114) - 10. Jennifer Lopez and Iggy Azaleas Booty Video is..
 INFO [main] (SearchWithSpecialCharacters.java:114) - 11. Iggy Azalea Alleged Sex Tape Could Make Millions
 INFO [main] (SearchWithSpecialCharacters.java:114) - 12. Iggy Azalea- Fancy FANGIRL Parody
 INFO [main] (SearchWithSpecialCharacters.java:114) - 13. Ariana Grande- Problem ft. Iggy Azalea Parody
 INFO [main] (SearchWithSpecialCharacters.java:114) - 14. ARIANA GRANDE & IGGY AZALEA EXPOSED - "Problem"...
 INFO [main] (SearchWithSpecialCharacters.java:114) - 15. Iggy Azalea ft. Charli XCX - "Fancy" PARODY
 INFO [main] (SearchWithSpecialCharacters.java:114) - 16. Jennifer Lopez ft. Iggy Azalea - "Booty" PARODY
 INFO [main] (SearchWithSpecialCharacters.java:155) - 
 INFO [main] (VerifyBackToHomepageLinkWhenNoResult.java:32) - Script: VerifyBackToHomepageLinkWhenNoResult
 INFO [main] (VerifyBackToHomepageLinkWhenNoResult.java:33) - ********************************************
 INFO [main] (VerifyBackToHomepageLinkWhenNoResult.java:39) - Successfully opened the application
 INFO [main] (VerifyBackToHomepageLinkWhenNoResult.java:47) - Search icon(button) is present in header
 INFO [main] (searchFun.java:26) - Successfully clicked on Search icon
 INFO [main] (VerifyBackToHomepageLinkWhenNoResult.java:58) - Search text box is present in header
 INFO [main] (searchFun.java:47) - The search key entered is : abcdefghijk
 INFO [main] (AssertionRepoFunctions.java:58) - Successfully navigate to search result page
 INFO [main] (VerifyBackToHomepageLinkWhenNoResult.java:123) - No search results for "abcdefghijk" were found.
 INFO [main] (VerifyBackToHomepageLinkWhenNoResult.java:133) - Back to home page link displayed when no search result
 INFO [main] (searchFun.java:77) - Successfully clicked on back to home page link
 INFO [main] (VerifyBackToHomepageLinkWhenNoResult.java:140) - Successfully navigate to home page
 INFO [main] (VerifyBackToHomepageLinkWhenNoResult.java:144) - 
 INFO [main] (VerifyClickOnWatchableLogoFromSearchResultPageNavigatesHomePage.java:28) - Script: VerifyClickOnWatchableLogoFromSearchResultPageNavigatesHomePage
 INFO [main] (VerifyClickOnWatchableLogoFromSearchResultPageNavigatesHomePage.java:29) - ***********************************************************************
 INFO [main] (VerifyClickOnWatchableLogoFromSearchResultPageNavigatesHomePage.java:35) - Successfully opened the application
 INFO [main] (searchFun.java:26) - Successfully clicked on Search icon
 INFO [main] (searchFun.java:47) - The search key entered is : food
 INFO [main] (AssertionRepoFunctions.java:58) - Successfully navigate to search result page
 INFO [main] (HomeFun.java:85) - Successfully clicked On Top Watchable Logo
 INFO [main] (VerifyClickOnWatchableLogoFromSearchResultPageNavigatesHomePage.java:53) - Successfully Navigated to Home page after clicking on Watchable logo from search result Page
 INFO [main] (VerifyClickOnWatchableLogoFromSearchResultPageNavigatesHomePage.java:55) - 
 INFO [main] (VerifySearchResultPageTitle.java:28) - Script: VerifySearchResultPageTitle
 INFO [main] (VerifySearchResultPageTitle.java:29) - *****************************
 INFO [main] (VerifySearchResultPageTitle.java:35) - Successfully opened the application
 INFO [main] (VerifySearchResultPageTitle.java:43) - Search icon(button) is present in header
 INFO [main] (searchFun.java:26) - Successfully clicked on Search icon
 INFO [main] (VerifySearchResultPageTitle.java:54) - Search text box is present in header
 INFO [main] (searchFun.java:47) - The search key entered is : food
 INFO [main] (AssertionRepoFunctions.java:58) - Successfully navigate to search result page
 INFO [main] (VerifySearchResultPageTitle.java:61) - The Search Result page title displayed is 'Search | Watchable'
 INFO [main] (VerifySearchResultPageTitle.java:64) - 
 INFO [main] (VerifyNavigatingToShowPageFromShowSectionFromSearchResult.java:31) - Script: VerifyNavigatingToShowPageFromShowSectionFromSearchResult
 INFO [main] (VerifyNavigatingToShowPageFromShowSectionFromSearchResult.java:32) - ***************************************************************
 INFO [main] (VerifyNavigatingToShowPageFromShowSectionFromSearchResult.java:38) - Successfully opened the application
 INFO [main] (VerifyNavigatingToShowPageFromShowSectionFromSearchResult.java:46) - Search icon(button) is present in header
 INFO [main] (searchFun.java:26) - Successfully clicked on Search icon
 INFO [main] (VerifyNavigatingToShowPageFromShowSectionFromSearchResult.java:57) - Search text box is present in header
 INFO [main] (searchFun.java:47) - The search key entered is : food
 INFO [main] (AssertionRepoFunctions.java:58) - Successfully navigate to search result page
 INFO [main] (VerifyNavigatingToShowPageFromShowSectionFromSearchResult.java:68) - Search Results for "food"
 INFO [main] (VerifyNavigatingToShowPageFromShowSectionFromSearchResult.java:71) - --------------------------------------------------
 INFO [main] (VerifyNavigatingToShowPageFromShowSectionFromSearchResult.java:80) - 9 Shows present in search result
 INFO [main] (VerifyNavigatingToShowPageFromShowSectionFromSearchResult.java:82) - The Shows present in search result are:
 INFO [main] (searchFun.java:96) - Successfully clicked on first show title link
 INFO [main] (AssertionRepoFunctions.java:304) - User is successfully navigate to Show detail page.
 INFO [main] (VerifyNavigatingToShowPageFromShowSectionFromSearchResult.java:98) - 
 INFO [main] (VerifyNavigatingToShowPageFromVideoSectionFromSearchResult.java:31) - Script: VerifyNavigatingToShowPageFromVideoSectionFromSearchResult
 INFO [main] (VerifyNavigatingToShowPageFromVideoSectionFromSearchResult.java:32) - ***************************************************************
 INFO [main] (VerifyNavigatingToShowPageFromVideoSectionFromSearchResult.java:38) - Successfully opened the application
 INFO [main] (VerifyNavigatingToShowPageFromVideoSectionFromSearchResult.java:46) - Search icon(button) is present in header
 INFO [main] (searchFun.java:26) - Successfully clicked on Search icon
 INFO [main] (VerifyNavigatingToShowPageFromVideoSectionFromSearchResult.java:57) - Search text box is present in header
 INFO [main] (searchFun.java:47) - The search key entered is : food
 INFO [main] (AssertionRepoFunctions.java:58) - Successfully navigate to search result page
 INFO [main] (VerifyNavigatingToShowPageFromVideoSectionFromSearchResult.java:68) - Search Results for "food"
 INFO [main] (VerifyNavigatingToShowPageFromVideoSectionFromSearchResult.java:71) - --------------------------------------------------
 INFO [main] (VerifyNavigatingToShowPageFromVideoSectionFromSearchResult.java:78) - 16 Video(s) present in search result
 INFO [main] (VerifyNavigatingToShowPageFromVideoSectionFromSearchResult.java:80) - The Video(s) present in search result are:
 INFO [main] (searchFun.java:115) - Successfully clicked on first show title link
 INFO [main] (AssertionRepoFunctions.java:304) - User is successfully navigate to Show detail page.
 INFO [main] (VerifyNavigatingToShowPageFromVideoSectionFromSearchResult.java:95) - 
 INFO [main] (VerifyClickingOnHomeFooterLinkFromSearchResultPageNavigatesHomePage.java:36) - Script: VerifyClickingOnHomeFooterLinkFromSearchResultPageNavigatesHomePage
 INFO [main] (VerifyClickingOnHomeFooterLinkFromSearchResultPageNavigatesHomePage.java:37) - ***************************************************************************
 INFO [main] (VerifyClickingOnHomeFooterLinkFromSearchResultPageNavigatesHomePage.java:43) - Successfully opened the application
 INFO [main] (VerifyClickingOnHomeFooterLinkFromSearchResultPageNavigatesHomePage.java:51) - Search icon(button) is present in header
 INFO [main] (searchFun.java:26) - Successfully clicked on Search icon
 INFO [main] (VerifyClickingOnHomeFooterLinkFromSearchResultPageNavigatesHomePage.java:62) - Search text box is present in header
 INFO [main] (searchFun.java:47) - The search key entered is : 8050
 INFO [main] (AssertionRepoFunctions.java:58) - Successfully navigate to search result page
 INFO [main] (VerifyClickingOnHomeFooterLinkFromSearchResultPageNavigatesHomePage.java:77) - Home Link is present
 INFO [main] (FooterLinkFun.java:50) - Successfully clicked On Home link
 INFO [main] (VerifyClickingOnHomeFooterLinkFromSearchResultPageNavigatesHomePage.java:85) - Successfully Navigated to Home page after clicking on Home link from search result page
 INFO [main] (VerifyClickingOnHomeFooterLinkFromSearchResultPageNavigatesHomePage.java:87) - 
 INFO [main] (VerifyUserNavigatingToHomePageLogoutFromSearchResultPage.java:35) - Script: VerifyUserNavigatingToHomePageLogoutFromSearchResultPage
 INFO [main] (VerifyUserNavigatingToHomePageLogoutFromSearchResultPage.java:36) - ****************************************************************
 INFO [main] (VerifyUserNavigatingToHomePageLogoutFromSearchResultPage.java:42) - Successfully opened the application
 INFO [main] (LoginFun.java:44) - Login form opened successfully
 INFO [main] (LoginFun.java:52) - User name entered: watchable_v2.30.26.6@gmail.com
 INFO [main] (LoginFun.java:60) - Password entered: Demo1111
 INFO [main] (LoginFun.java:66) - Clicked on Login button from Login form
 INFO [main] (LoginFun.java:78) - Successfully login Watchable application...!
 INFO [main] (VerifyUserNavigatingToHomePageLogoutFromSearchResultPage.java:58) - Search icon(button) is present in header
 INFO [main] (searchFun.java:26) - Successfully clicked on Search icon
 INFO [main] (VerifyUserNavigatingToHomePageLogoutFromSearchResultPage.java:69) - Search text box is present in header
 INFO [main] (searchFun.java:47) - The search key entered is : food
 INFO [main] (AssertionRepoFunctions.java:58) - Successfully navigate to search result page
 INFO [main] (LoginFun.java:181) - Successfully Selected Logout option
 INFO [main] (LoginFun.java:189) - Successfully logout from the application...!
 INFO [main] (VerifyUserNavigatingToHomePageLogoutFromSearchResultPage.java:81) - Successfully navigate back to Home Page after logout from search result Page
 INFO [main] (VerifyUserNavigatingToHomePageLogoutFromSearchResultPage.java:83) - 
 INFO [main] (VeriyMyWatchlistTitle.java:28) - Script: VeriyMyWatchlistTitle
 INFO [main] (VeriyMyWatchlistTitle.java:29) - *****************************
 INFO [main] (VeriyMyWatchlistTitle.java:36) - Successfully opened the application
 INFO [main] (VeriyMyWatchlistTitle.java:45) - My Shows menu is present
 INFO [main] (VeriyMyWatchlistTitle.java:52) - The menu title 'My Shows' is present
 INFO [main] (VeriyMyWatchlistTitle.java:57) - 
 INFO [main] (VeriyClickOnMyWatchlistWithOutLogin.java:28) - Script: VeriyClickOnMyWatchlistWithOutLogin
 INFO [main] (VeriyClickOnMyWatchlistWithOutLogin.java:29) - *******************************************
 INFO [main] (VeriyClickOnMyWatchlistWithOutLogin.java:36) - Successfully opened the application
 INFO [main] (VeriyClickOnMyWatchlistWithOutLogin.java:45) - My Shows menu is present
 INFO [main] (MyWatchlistFun.java:26) - Successfully clicked on title 'My Shows' from Header menu
 INFO [main] (VeriyClickOnMyWatchlistWithOutLogin.java:56) - Login pop up is opened on clicking My Shows menu if user is not logged in to application
 INFO [main] (VeriyClickOnMyWatchlistWithOutLogin.java:58) - 
 INFO [main] (VerifyNavigatingToMyWatchlistAfterLoginFromPopup.java:33) - Script: VerifyNavigatingToMyWatchlistAfterLoginFromPopup
 INFO [main] (VerifyNavigatingToMyWatchlistAfterLoginFromPopup.java:34) - ********************************************************
 INFO [main] (VerifyNavigatingToMyWatchlistAfterLoginFromPopup.java:41) - Successfully opened the application
 INFO [main] (VerifyNavigatingToMyWatchlistAfterLoginFromPopup.java:50) - My Show menu is present
 INFO [main] (MyWatchlistFun.java:26) - Successfully clicked on title 'My Shows' from Header menu
 INFO [main] (VerifyNavigatingToMyWatchlistAfterLoginFromPopup.java:61) - Login pop up is opened on clicking My Watchlist menu if user is not logged in to application
 INFO [main] (LoginFun.java:109) - User name entered: watchable_v2.30.26.6@gmail.com
 INFO [main] (LoginFun.java:117) - Password entered: Demo1111
 INFO [main] (LoginFun.java:123) - Clicked on Login button from Login form
 INFO [main] (LoginFun.java:135) - Successfully login Watchable application...!
 INFO [main] (AssertionRepoFunctions.java:288) - Successfully navigate to my Shows page
 INFO [main] (VerifyNavigatingToMyWatchlistAfterLoginFromPopup.java:76) - The title 'MY SHOWS' is present in My Shows Page
 INFO [main] (VerifyNavigatingToMyWatchlistAfterLoginFromPopup.java:81) - 
 INFO [main] (VerifyNavigatingToMyWatchlistAfterLogin.java:32) - Script: VerifyNavigatingToMyWatchlistAfterLogin
 INFO [main] (VerifyNavigatingToMyWatchlistAfterLogin.java:33) - ***********************************************
 INFO [main] (VerifyNavigatingToMyWatchlistAfterLogin.java:40) - Successfully opened the application
 INFO [main] (LoginFun.java:44) - Login form opened successfully
 INFO [main] (LoginFun.java:52) - User name entered: watchable_v2.30.26.6@gmail.com
 INFO [main] (LoginFun.java:60) - Password entered: Demo1111
 INFO [main] (LoginFun.java:66) - Clicked on Login button from Login form
 INFO [main] (LoginFun.java:78) - Successfully login Watchable application...!
 INFO [main] (VerifyNavigatingToMyWatchlistAfterLogin.java:57) - My Shows menu is present
 INFO [main] (MyWatchlistFun.java:26) - Successfully clicked on title 'My Shows' from Header menu
 INFO [main] (AssertionRepoFunctions.java:288) - Successfully navigate to my Shows page
 INFO [main] (VerifyNavigatingToMyWatchlistAfterLogin.java:73) - The title 'MY SHOWS' is present in My Shows Page
 INFO [main] (VerifyNavigatingToMyWatchlistAfterLogin.java:79) - 
 INFO [main] (VerifyNavigatingToChannelPageFromMyWatchlistPage.java:33) - Script: VerifyNavigatingToChannelPageFromMyWatchlistPage
 INFO [main] (VerifyNavigatingToChannelPageFromMyWatchlistPage.java:34) - ********************************************************
 INFO [main] (VerifyNavigatingToChannelPageFromMyWatchlistPage.java:41) - Successfully opened the application
 INFO [main] (LoginFun.java:44) - Login form opened successfully
 INFO [main] (LoginFun.java:52) - User name entered: watchable_v2.30.26.6@gmail.com
 INFO [main] (LoginFun.java:60) - Password entered: Demo1111
 INFO [main] (LoginFun.java:66) - Clicked on Login button from Login form
 INFO [main] (LoginFun.java:78) - Successfully login Watchable application...!
 INFO [main] (VerifyNavigatingToChannelPageFromMyWatchlistPage.java:58) - My Shows menu is present
 INFO [main] (MyWatchlistFun.java:26) - Successfully clicked on title 'My Shows' from Header menu
 INFO [main] (AssertionRepoFunctions.java:288) - Successfully navigate to my Shows page
 INFO [main] (VerifyNavigatingToChannelPageFromMyWatchlistPage.java:78) - 4 Vedeos present under 1 show(s) in My Shows page
 INFO [main] (VerifyNavigatingToChannelPageFromMyWatchlistPage.java:144) - myShowsShowTitle: Devin Supertramp
 INFO [main] (MyWatchlistFun.java:49) - Successfully clicked on shows title 'Devin Supertramp' from video section
 INFO [main] (AssertionRepoFunctions.java:304) - User is successfully navigate to Show detail page.
 INFO [main] (VerifyNavigatingToChannelPageFromMyWatchlistPage.java:159) - showsPageShowTitle: Devin Supertramp
 INFO [main] (VerifyNavigatingToChannelPageFromMyWatchlistPage.java:166) - Successfully navigated to the Shows page of the Shows 'Devin Supertramp
 INFO [main] (VerifyNavigatingToChannelPageFromMyWatchlistPage.java:169) - 
 INFO [main] (VerifyChannelNameDisplayInMyWatchlistPageWhenVideosPresent.java:34) - Script: VerifyChannelNameDisplayInMyWatchlistPageWhenVideosPresent
 INFO [main] (VerifyChannelNameDisplayInMyWatchlistPageWhenVideosPresent.java:35) - ******************************************************************
 INFO [main] (VerifyChannelNameDisplayInMyWatchlistPageWhenVideosPresent.java:42) - Successfully opened the application
 INFO [main] (LoginFun.java:44) - Login form opened successfully
 INFO [main] (LoginFun.java:52) - User name entered: watchable_v2.30.26.6@gmail.com
 INFO [main] (LoginFun.java:60) - Password entered: Demo1111
 INFO [main] (LoginFun.java:66) - Clicked on Login button from Login form
 INFO [main] (LoginFun.java:78) - Successfully login Watchable application...!
 INFO [main] (VerifyChannelNameDisplayInMyWatchlistPageWhenVideosPresent.java:59) - My Shows menu is present
 INFO [main] (MyWatchlistFun.java:26) - Successfully clicked on title 'My Shows' from Header menu
 INFO [main] (AssertionRepoFunctions.java:288) - Successfully navigate to my Shows page
 INFO [main] (VerifyChannelNameDisplayInMyWatchlistPageWhenVideosPresent.java:79) - Shows names are displaying in My Shows page
 INFO [main] (VerifyChannelNameDisplayInMyWatchlistPageWhenVideosPresent.java:81) - 4 Vedeos present under 1 Shows in My Watchlist page
 INFO [main] (VerifyChannelNameDisplayInMyWatchlistPageWhenVideosPresent.java:85) - Videos are present from following Shows in My Shows page
 INFO [main] (VerifyChannelNameDisplayInMyWatchlistPageWhenVideosPresent.java:86) - ----------------------------------------------------------------
 INFO [main] (VerifyChannelNameDisplayInMyWatchlistPageWhenVideosPresent.java:98) - 1. Devin Supertramp
 INFO [main] (VerifyChannelNameDisplayInMyWatchlistPageWhenVideosPresent.java:101) - 
 INFO [main] (VerifyMyWatchlistPageContentWhenVideosPresent.java:33) - Script: VerifyMyWatchlistPageContentWhenVideosPresent
 INFO [main] (VerifyMyWatchlistPageContentWhenVideosPresent.java:34) - *****************************************************
 INFO [main] (VerifyMyWatchlistPageContentWhenVideosPresent.java:41) - Successfully opened the application
 INFO [main] (LoginFun.java:44) - Login form opened successfully
 INFO [main] (LoginFun.java:52) - User name entered: watchable_v2.30.26.6@gmail.com
 INFO [main] (LoginFun.java:60) - Password entered: Demo1111
 INFO [main] (LoginFun.java:66) - Clicked on Login button from Login form
 INFO [main] (LoginFun.java:78) - Successfully login Watchable application...!
 INFO [main] (VerifyMyWatchlistPageContentWhenVideosPresent.java:58) - My Shows menu is present
 INFO [main] (MyWatchlistFun.java:26) - Successfully clicked on title 'My Shows' from Header menu
 INFO [main] (AssertionRepoFunctions.java:288) - Successfully navigate to my Shows page
 INFO [main] (VerifyMyWatchlistPageContentWhenVideosPresent.java:73) - The title 'MY SHOWS' is present in My Shows Page
 INFO [main] (VerifyMyWatchlistPageContentWhenVideosPresent.java:85) - Videos are displaying in My Shows page
 INFO [main] (VerifyMyWatchlistPageContentWhenVideosPresent.java:86) - Total number of Videos displaying: 4
 INFO [main] (VerifyMyWatchlistPageContentWhenVideosPresent.java:93) - Shows names are displaying in My Shows page
 INFO [main] (VerifyMyWatchlistPageContentWhenVideosPresent.java:95) - 4 Vedeos present under 1 channel(s) in My Shows page
 INFO [main] (VerifyMyWatchlistPageContentWhenVideosPresent.java:98) - Videos are present from following Shows in My Shows page
 INFO [main] (VerifyMyWatchlistPageContentWhenVideosPresent.java:99) - ----------------------------------------------------------------
 INFO [main] (VerifyMyWatchlistPageContentWhenVideosPresent.java:111) - 1. Devin Supertramp
 INFO [main] (VerifyMyWatchlistPageContentWhenVideosPresent.java:134) - 
 INFO [main] (VerifyMyWatchlistPageContentWhenVideosNotPresent.java:33) - Script: VerifyMyWatchlistPageContentWhenVideosNotPresent
 INFO [main] (VerifyMyWatchlistPageContentWhenVideosNotPresent.java:34) - ********************************************************
 INFO [main] (VerifyMyWatchlistPageContentWhenVideosNotPresent.java:41) - Successfully opened the application
 INFO [main] (LoginFun.java:44) - Login form opened successfully
 INFO [main] (LoginFun.java:52) - User name entered: nowatchlist@gmail.com
 INFO [main] (LoginFun.java:60) - Password entered: Demo1111
 INFO [main] (LoginFun.java:66) - Clicked on Login button from Login form
 INFO [main] (LoginFun.java:78) - Successfully login Watchable application...!
 INFO [main] (VerifyMyWatchlistPageContentWhenVideosNotPresent.java:58) - My Shows menu is present
 INFO [main] (MyWatchlistFun.java:26) - Successfully clicked on title 'My Shows' from Header menu
 INFO [main] (AssertionRepoFunctions.java:288) - Successfully navigate to my Shows page
 INFO [main] (VerifyMyWatchlistPageContentWhenVideosNotPresent.java:73) - The title 'Watchable SHOWS OF THE WEEK' is present in My Shows Page
 INFO [main] (VerifyMyWatchlistPageContentWhenVideosNotPresent.java:92) - The Message 'You are not following any shows yet.' is present in My Shows Page when no items present in My Shows
 INFO [main] (VerifyMyWatchlistPageContentWhenVideosNotPresent.java:106) - The Message 'Check and follow some of our featured shows.' is present in My Shows Page when no items present in My Shows
 INFO [main] (VerifyMyWatchlistPageContentWhenVideosNotPresent.java:120) - Featured Shows title 'Watchable SHOWS OF THE WEEK' is present in My Shows Page when no items present in My Shows
 INFO [main] (VerifyMyWatchlistPageContentWhenVideosNotPresent.java:133) - 8 Shows present in featured Shows section
 INFO [main] (VerifyMyWatchlistPageContentWhenVideosNotPresent.java:136) - The following Shows are present in featured Shows section
 INFO [main] (VerifyMyWatchlistPageContentWhenVideosNotPresent.java:137) - -----------------------------------------------------
 INFO [main] (VerifyMyWatchlistPageContentWhenVideosNotPresent.java:139) - 1. JukinVideo
 INFO [main] (VerifyMyWatchlistPageContentWhenVideosNotPresent.java:139) - 2. POPSUGAR Fashion
 INFO [main] (VerifyMyWatchlistPageContentWhenVideosNotPresent.java:139) - 3. Fail Army
 INFO [main] (VerifyMyWatchlistPageContentWhenVideosNotPresent.java:139) - 4. Devin Supertramp
 INFO [main] (VerifyMyWatchlistPageContentWhenVideosNotPresent.java:139) - 5. LinusTechTips
 INFO [main] (VerifyMyWatchlistPageContentWhenVideosNotPresent.java:139) - 6. Munchies
 INFO [main] (VerifyMyWatchlistPageContentWhenVideosNotPresent.java:139) - 7. The Verge
 INFO [main] (VerifyMyWatchlistPageContentWhenVideosNotPresent.java:139) - 8. Raw.Vegan.Not Gross
 INFO [main] (VerifyMyWatchlistPageContentWhenVideosNotPresent.java:146) - 
 INFO [main] (VerifyNavigatingToChannelPageFromMyWatchlist.java:33) - Script: VerifyNavigatingToChannelPageFromMyWatchlist
 INFO [main] (VerifyNavigatingToChannelPageFromMyWatchlist.java:34) - ****************************************************
 INFO [main] (VerifyNavigatingToChannelPageFromMyWatchlist.java:41) - Successfully opened the application
 INFO [main] (LoginFun.java:44) - Login form opened successfully
 INFO [main] (LoginFun.java:52) - User name entered: nowatchlist@gmail.com
 INFO [main] (LoginFun.java:60) - Password entered: Demo1111
 INFO [main] (LoginFun.java:66) - Clicked on Login button from Login form
 INFO [main] (LoginFun.java:78) - Successfully login Watchable application...!
 INFO [main] (VerifyNavigatingToChannelPageFromMyWatchlist.java:58) - My Shows menu is present
 INFO [main] (MyWatchlistFun.java:26) - Successfully clicked on title 'My Shows' from Header menu
 INFO [main] (AssertionRepoFunctions.java:288) - Successfully navigate to my Shows page
 INFO [main] (VerifyNavigatingToChannelPageFromMyWatchlist.java:73) - The title 'Watchable SHOWS OF THE WEEK' is present in My Shows Page
 INFO [main] (VerifyNavigatingToChannelPageFromMyWatchlist.java:91) - The Message 'You are not following any shows yet.' is present in My Shows Page when no items present in My Shows
 INFO [main] (VerifyNavigatingToChannelPageFromMyWatchlist.java:105) - The Message 'Check and follow some of our featured shows.' is present in My Shows Page when no items present in My Shows
 INFO [main] (VerifyNavigatingToChannelPageFromMyWatchlist.java:119) - Popular Shows title 'Watchable SHOWS OF THE WEEK' is present in My Shows Page when no items present in My Shows
 INFO [main] (AssertionRepoFunctions.java:304) - User is successfully navigate to Show detail page.
 INFO [main] (AssertionRepoFunctions.java:304) - User is successfully navigate to Show detail page.
 INFO [main] (AssertionRepoFunctions.java:304) - User is successfully navigate to Show detail page.
 INFO [main] (AssertionRepoFunctions.java:304) - User is successfully navigate to Show detail page.
 INFO [main] (VerifyNavigatingToChannelPageFromMyWatchlist.java:157) - 
 INFO [main] (VerifyUserNavigatingToHomePageLogoutFromMyWatchlist.java:34) - Script: VerifyUserNavigatingToHomePageLogoutFromMyWatchlist
 INFO [main] (VerifyUserNavigatingToHomePageLogoutFromMyWatchlist.java:35) - ***********************************************************
 INFO [main] (VerifyUserNavigatingToHomePageLogoutFromMyWatchlist.java:42) - Successfully opened the application
 INFO [main] (LoginFun.java:44) - Login form opened successfully
 INFO [main] (LoginFun.java:52) - User name entered: watchable_v2.30.26.6@gmail.com
 INFO [main] (LoginFun.java:60) - Password entered: Demo1111
 INFO [main] (LoginFun.java:66) - Clicked on Login button from Login form
 INFO [main] (LoginFun.java:78) - Successfully login Watchable application...!
 INFO [main] (VerifyUserNavigatingToHomePageLogoutFromMyWatchlist.java:59) - My Shows menu is present
 INFO [main] (MyWatchlistFun.java:26) - Successfully clicked on title 'My Shows' from Header menu
 INFO [main] (AssertionRepoFunctions.java:288) - Successfully navigate to my Shows page
 INFO [main] (VerifyUserNavigatingToHomePageLogoutFromMyWatchlist.java:75) - The title 'MY SHOWS' is present in My Shows Page
 INFO [main] (LoginFun.java:181) - Successfully Selected Logout option
 INFO [main] (LoginFun.java:189) - Successfully logout from the application...!
 INFO [main] (VerifyUserNavigatingToHomePageLogoutFromMyWatchlist.java:87) - Successfully navigate back to Home Page after logout from My Shows Page
 INFO [main] (VerifyUserNavigatingToHomePageLogoutFromMyWatchlist.java:89) - 
 INFO [main] (VerifyClickOnWatchableLogoFromMyWatchlistPageNavigatesHomePage.java:35) - Script: VerifyClickOnWatchableLogoFromMyWatchlistPageNavigatesHomePage
 INFO [main] (VerifyClickOnWatchableLogoFromMyWatchlistPageNavigatesHomePage.java:36) - **********************************************************************
 INFO [main] (VerifyClickOnWatchableLogoFromMyWatchlistPageNavigatesHomePage.java:43) - Successfully opened the application
 INFO [main] (LoginFun.java:44) - Login form opened successfully
 INFO [main] (LoginFun.java:52) - User name entered: watchable_v2.30.26.6@gmail.com
 INFO [main] (LoginFun.java:60) - Password entered: Demo1111
 INFO [main] (LoginFun.java:66) - Clicked on Login button from Login form
 INFO [main] (LoginFun.java:78) - Successfully login Watchable application...!
 INFO [main] (VerifyClickOnWatchableLogoFromMyWatchlistPageNavigatesHomePage.java:60) - My Shows menu is present
 INFO [main] (MyWatchlistFun.java:26) - Successfully clicked on title 'My Shows' from Header menu
 INFO [main] (AssertionRepoFunctions.java:288) - Successfully navigate to my Shows page
 INFO [main] (HomeFun.java:85) - Successfully clicked On Top Watchable Logo
 INFO [main] (VerifyClickOnWatchableLogoFromMyWatchlistPageNavigatesHomePage.java:78) - Successfully Navigated to Home page after clicking on Watchable logo from My Shows list Page
 INFO [main] (VerifyClickOnWatchableLogoFromMyWatchlistPageNavigatesHomePage.java:80) - 
 INFO [main] (VerifyMyWatchlistPageTitle.java:31) - Script: VerifyMyWatchlistPageTitle
 INFO [main] (VerifyMyWatchlistPageTitle.java:32) - ***********************************************
 INFO [main] (VerifyMyWatchlistPageTitle.java:39) - Successfully opened the application
 INFO [main] (LoginFun.java:44) - Login form opened successfully
 INFO [main] (LoginFun.java:52) - User name entered: watchable_v2.30.26.6@gmail.com
 INFO [main] (LoginFun.java:60) - Password entered: Demo1111
 INFO [main] (LoginFun.java:66) - Clicked on Login button from Login form
 INFO [main] (LoginFun.java:78) - Successfully login Watchable application...!
 INFO [main] (VerifyMyWatchlistPageTitle.java:56) - My Shows menu is present
 INFO [main] (MyWatchlistFun.java:26) - Successfully clicked on title 'My Shows' from Header menu
 INFO [main] (AssertionRepoFunctions.java:288) - Successfully navigate to my Shows page
 INFO [main] (VerifyMyWatchlistPageTitle.java:66) - The  My Shows list page title displayed is 'My Shows | Watchable'
 INFO [main] (VerifyMyWatchlistPageTitle.java:69) - 
 INFO [main] (VerifyNavigatingToShowsPageFromFeaturedShowsSectionOfMyShows.java:36) - Script: VerifyNavigatingToShowsPageFromFeaturedShowsSectionOfMyShows
 INFO [main] (VerifyNavigatingToShowsPageFromFeaturedShowsSectionOfMyShows.java:37) - ********************************************************************
 INFO [main] (VerifyNavigatingToShowsPageFromFeaturedShowsSectionOfMyShows.java:44) - Successfully opened the application
 INFO [main] (LoginFun.java:44) - Login form opened successfully
 INFO [main] (LoginFun.java:52) - User name entered: nowatchlist@gmail.com
 INFO [main] (LoginFun.java:60) - Password entered: Demo1111
 INFO [main] (LoginFun.java:66) - Clicked on Login button from Login form
 INFO [main] (LoginFun.java:78) - Successfully login Watchable application...!
 INFO [main] (VerifyNavigatingToShowsPageFromFeaturedShowsSectionOfMyShows.java:61) - My Shows menu is present
 INFO [main] (MyWatchlistFun.java:26) - Successfully clicked on title 'My Shows' from Header menu
 INFO [main] (AssertionRepoFunctions.java:288) - Successfully navigate to my Shows page
 INFO [main] (VerifyNavigatingToShowsPageFromFeaturedShowsSectionOfMyShows.java:76) - The title 'Watchable SHOWS OF THE WEEK' is present in My Shows Page
 INFO [main] (VerifyNavigatingToShowsPageFromFeaturedShowsSectionOfMyShows.java:94) - The Message 'You are not following any shows yet.' is present in My Shows Page when no items present in My Shows
 INFO [main] (VerifyNavigatingToShowsPageFromFeaturedShowsSectionOfMyShows.java:108) - The Message 'Check and follow some of our featured shows.' is present in My Shows Page when no items present in My Shows
 INFO [main] (VerifyNavigatingToShowsPageFromFeaturedShowsSectionOfMyShows.java:123) - Watchable SHOWS OF THE WEEK title 'Watchable SHOWS OF THE WEEK' is present in My Shows Page when no items present in My Shows
 INFO [main] (VerifyNavigatingToShowsPageFromFeaturedShowsSectionOfMyShows.java:137) - 8 Shows present in Watchable SHOWS OF THE WEEK section
 INFO [main] (ChannelPageFun.java:30) - Successfully clicked On First Show 'Devin Supertramp' from Watchable SHOWS OF THE WEEK section
 INFO [main] (AssertionRepoFunctions.java:304) - User is successfully navigate to Show detail page.
 INFO [main] (VerifyNavigatingToShowsPageFromFeaturedShowsSectionOfMyShows.java:149) - 
 INFO [main] (VerifyMyWatchlistPageVideosSectionDetails.java:33) - Script: VerifyMyWatchlistPageVideosSectionDetails
 INFO [main] (VerifyMyWatchlistPageVideosSectionDetails.java:34) - *****************************************************
 INFO [main] (VerifyMyWatchlistPageVideosSectionDetails.java:41) - Successfully opened the application
 INFO [main] (LoginFun.java:44) - Login form opened successfully
 INFO [main] (LoginFun.java:52) - User name entered: watchable_v2.30.26.6@gmail.com
 INFO [main] (LoginFun.java:60) - Password entered: Demo1111
 INFO [main] (LoginFun.java:66) - Clicked on Login button from Login form
 INFO [main] (LoginFun.java:78) - Successfully login Watchable application...!
 INFO [main] (VerifyMyWatchlistPageVideosSectionDetails.java:58) - My Shows menu is present
 INFO [main] (MyWatchlistFun.java:26) - Successfully clicked on title 'My Shows' from Header menu
 INFO [main] (AssertionRepoFunctions.java:288) - Successfully navigate to my Shows page
 INFO [main] (VerifyMyWatchlistPageVideosSectionDetails.java:73) - The title 'MY SHOWS' is present in My Shows Page
 INFO [main] (VerifyMyWatchlistPageVideosSectionDetails.java:85) - Videos are displaying in My Shows page
 INFO [main] (VerifyMyWatchlistPageVideosSectionDetails.java:86) - Total number of Videos displaying: 4
 INFO [main] (VerifyMyWatchlistPageVideosSectionDetails.java:89) - Shows names are displaying in My Shows page
 INFO [main] (VerifyMyWatchlistPageVideosSectionDetails.java:92) - The details of videos oresent in first  row of My Shows page are below
 INFO [main] (VerifyMyWatchlistPageVideosSectionDetails.java:93) - ----------------------------------------------------------------------
 INFO [main] (VerifyMyWatchlistPageVideosSectionDetails.java:100) - 1. X Games in Slow Motion- 1000 fps
 INFO [main] (VerifyMyWatchlistPageVideosSectionDetails.java:121) -    Last Updated: 4 months ago
 INFO [main] (VerifyMyWatchlistPageVideosSectionDetails.java:123) -  
 INFO [main] (VerifyMyWatchlistPageVideosSectionDetails.java:100) - 2. YoYo Kid- World s Best YoYo Champion
 INFO [main] (VerifyMyWatchlistPageVideosSectionDetails.java:121) -    Last Updated: 4 months ago
 INFO [main] (VerifyMyWatchlistPageVideosSectionDetails.java:123) -  
 INFO [main] (VerifyMyWatchlistPageVideosSectionDetails.java:100) - 3. Zelda Medley
 INFO [main] (VerifyMyWatchlistPageVideosSectionDetails.java:121) -    Last Updated: 4 months ago
 INFO [main] (VerifyMyWatchlistPageVideosSectionDetails.java:123) -  
 INFO [main] (VerifyMyWatchlistPageVideosSectionDetails.java:100) - 4. Zipline Catapult- Bluehouse Skis
 INFO [main] (VerifyMyWatchlistPageVideosSectionDetails.java:121) -    Last Updated: 4 months ago
 INFO [main] (VerifyMyWatchlistPageVideosSectionDetails.java:123) -  
 INFO [main] (VerifyMyWatchlistPageVideosSectionDetails.java:128) - 
 INFO [main] (VerifyNavigatingToShowPageAfterClickingOnShowTitle.java:34) - Script: VerifyNavigatingToShowPageAfterClickingOnShowTitle
 INFO [main] (VerifyNavigatingToShowPageAfterClickingOnShowTitle.java:35) - ********************************************************
 INFO [main] (VerifyNavigatingToShowPageAfterClickingOnShowTitle.java:42) - Successfully opened the application
 INFO [main] (LoginFun.java:44) - Login form opened successfully
 INFO [main] (LoginFun.java:52) - User name entered: watchable_v2.30.26.6@gmail.com
 INFO [main] (LoginFun.java:60) - Password entered: Demo1111
 INFO [main] (LoginFun.java:66) - Clicked on Login button from Login form
 INFO [main] (LoginFun.java:78) - Successfully login Watchable application...!
 INFO [main] (VerifyNavigatingToShowPageAfterClickingOnShowTitle.java:59) - My Shows menu is present
 INFO [main] (MyWatchlistFun.java:26) - Successfully clicked on title 'My Shows' from Header menu
 INFO [main] (AssertionRepoFunctions.java:288) - Successfully navigate to my Shows page
 INFO [main] (VerifyNavigatingToShowPageAfterClickingOnShowTitle.java:79) - 4 Vedeos present under 1 show(s) in My Shows page
 INFO [main] (MyWatchlistFun.java:75) - Successfully clicked on shows title 'Devin Supertramp' from video section
 INFO [main] (AssertionRepoFunctions.java:304) - User is successfully navigate to Show detail page.
 INFO [main] (VerifyNavigatingToShowPageAfterClickingOnShowTitle.java:162) - Successfully navigated to the Shows page of the Shows 'Devin Supertramp
 INFO [main] (VerifyNavigatingToShowPageAfterClickingOnShowTitle.java:165) - 
 INFO [main] (VerifyClickingOnHomeFooterLinkFromMyShowsPageNavigatesHomePage.java:36) - Script: VerifyClickingOnHomeFooterLinkFromMyShowsPageNavigatesHomePage
 INFO [main] (VerifyClickingOnHomeFooterLinkFromMyShowsPageNavigatesHomePage.java:37) - ***********************************************************************
 INFO [main] (VerifyClickingOnHomeFooterLinkFromMyShowsPageNavigatesHomePage.java:44) - Successfully opened the application
 INFO [main] (LoginFun.java:44) - Login form opened successfully
 INFO [main] (LoginFun.java:52) - User name entered: watchable_v2.30.26.6@gmail.com
 INFO [main] (LoginFun.java:60) - Password entered: Demo1111
 INFO [main] (LoginFun.java:66) - Clicked on Login button from Login form
 INFO [main] (LoginFun.java:78) - Successfully login Watchable application...!
 INFO [main] (VerifyClickingOnHomeFooterLinkFromMyShowsPageNavigatesHomePage.java:61) - My Shows menu is present
 INFO [main] (MyWatchlistFun.java:26) - Successfully clicked on title 'My Shows' from Header menu
 INFO [main] (AssertionRepoFunctions.java:288) - Successfully navigate to my Shows page
 INFO [main] (VerifyClickingOnHomeFooterLinkFromMyShowsPageNavigatesHomePage.java:78) - Home Link is present
 INFO [main] (FooterLinkFun.java:50) - Successfully clicked On Home link
 INFO [main] (VerifyClickingOnHomeFooterLinkFromMyShowsPageNavigatesHomePage.java:86) - Successfully Navigated to Home page after clicking on Home link from My Shows page
 INFO [main] (VerifyClickingOnHomeFooterLinkFromMyShowsPageNavigatesHomePage.java:88) - 
 INFO [main] (VerifyFollowFromChannelPageWithoutLogin.java:29) - Script: VerifyFollowFromChannelPageWithoutLogin
 INFO [main] (VerifyFollowFromChannelPageWithoutLogin.java:30) - ***********************************************
 INFO [main] (VerifyFollowFromChannelPageWithoutLogin.java:38) - Successfully opened the application
 INFO [main] (AssertionRepoFunctions.java:1433) - The shows Section title 'Watchable shows of the week' is present  in Home Page
 INFO [main] (VerifyFollowFromChannelPageWithoutLogin.java:54) - 8 Channels are present in featured channels section in home page
 INFO [main] (ChannelPageFun.java:30) - Successfully clicked On First Show 'Devin Supertramp' from Watchable SHOWS OF THE WEEK section
 INFO [main] (AssertionRepoFunctions.java:304) - User is successfully navigate to Show detail page.
 INFO [main] (VerifyFollowFromChannelPageWithoutLogin.java:71) - Follow button is present in Shows page
 INFO [main] (FollowFun.java:23) - Successfully clicked on follow button
 INFO [main] (VerifyFollowFromChannelPageWithoutLogin.java:82) - Login pop up is opened on clicking Follow button if user is not logged in to application
 INFO [main] (VerifyFollowFromChannelPageWithoutLogin.java:83) - 
 INFO [main] (VerifyFollowFromVideoPageWithoutLogin.java:29) - Script: VerifyFollowFromVideoPageWithoutLogin
 INFO [main] (VerifyFollowFromVideoPageWithoutLogin.java:30) - *********************************************
 INFO [main] (VerifyFollowFromVideoPageWithoutLogin.java:38) - Successfully opened the application
 INFO [main] (VerifyFollowFromVideoPageWithoutLogin.java:50) - Featured video row is present in home page
 INFO [main] (PlayerPageFun.java:25) - Successfully clicked on video title form video section
 INFO [main] (AssertionRepoFunctions.java:136) - Successfully navigate to video page
 INFO [main] (PlayerPageFun.java:149) - Successfully clicked on pause button from player
 INFO [main] (VerifyFollowFromVideoPageWithoutLogin.java:80) - Follow button is present in video page
 INFO [main] (FollowFun.java:23) - Successfully clicked on follow button
 INFO [main] (VerifyFollowFromVideoPageWithoutLogin.java:91) - Login pop up is opened on clicking Follow button if user is not logged in to application
 INFO [main] (VerifyFollowFromVideoControlWithoutLogin.java:31) - Script: VerifyFollowFromVideoControlWithoutLogin
 INFO [main] (VerifyFollowFromVideoControlWithoutLogin.java:32) - ************************************************
 INFO [main] (VerifyFollowFromVideoControlWithoutLogin.java:40) - Successfully opened the application
 INFO [main] (VerifyFollowFromVideoControlWithoutLogin.java:53) - Featured video row is present in home page
 INFO [main] (PlayerPageFun.java:25) - Successfully clicked on video title form video section
 INFO [main] (AssertionRepoFunctions.java:136) - Successfully navigate to video page
 INFO [main] (AssertionRepoFunctions.java:169) - Video player is present in video page
 INFO [main] (VerifyFollowFromVideoControlWithoutLogin.java:84) - Follow Button is present in video player
 INFO [main] (PlayerPageFun.java:174) - Successfully clicked on follow button from player
 INFO [main] (VerifyFollowFromVideoControlWithoutLogin.java:95) - Login pop up is opened on clicking Follow icon if user is not logged in to application
 INFO [main] (VerifyFollowFromChannelPageAfterLogin.java:35) - Script: VerifyFollowFromChannelPageAfterLogin
 INFO [main] (VerifyFollowFromChannelPageAfterLogin.java:36) - ***********************************************
 INFO [main] (VerifyFollowFromChannelPageAfterLogin.java:44) - Successfully opened the application
 INFO [main] (LoginFun.java:44) - Login form opened successfully
 INFO [main] (LoginFun.java:52) - User name entered: watchable_v2.30.26.6@gmail.com
 INFO [main] (LoginFun.java:60) - Password entered: Demo1111
 INFO [main] (LoginFun.java:66) - Clicked on Login button from Login form
 INFO [main] (LoginFun.java:78) - Successfully login Watchable application...!
 INFO [main] (AssertionRepoFunctions.java:1433) - The shows Section title 'Watchable shows of the week' is present  in Home Page
 INFO [main] (VerifyFollowFromChannelPageAfterLogin.java:69) - 8 Channels are present in featured channels section in home page
 INFO [main] (VerifyFollowFromChannelPageAfterLogin.java:76) - Selected channel: Devin Supertramp
 INFO [main] (ChannelPageFun.java:30) - Successfully clicked On First Show 'Devin Supertramp' from Watchable SHOWS OF THE WEEK section
 INFO [main] (AssertionRepoFunctions.java:304) - User is successfully navigate to Show detail page.
 INFO [main] (VerifyFollowFromChannelPageAfterLogin.java:93) - thumbSubscribe
            
                unfollow web
 INFO [main] (VerifyFollowFromChannelPageAfterLogin.java:178) - Your are already following this Shows...!
 INFO [main] (VerifyFollowFromVideoPageAfterLogin.java:35) - Script: VerifyFollowFromVideoPageAfterLogin
 INFO [main] (VerifyFollowFromVideoPageAfterLogin.java:36) - *********************************************
 INFO [main] (VerifyFollowFromVideoPageAfterLogin.java:44) - Successfully opened the application
 INFO [main] (LoginFun.java:44) - Login form opened successfully
 INFO [main] (LoginFun.java:52) - User name entered: watchable_v2.30.26.6@gmail.com
 INFO [main] (LoginFun.java:60) - Password entered: Demo1111
 INFO [main] (LoginFun.java:66) - Clicked on Login button from Login form
 INFO [main] (LoginFun.java:78) - Successfully login Watchable application...!
 INFO [main] (VerifyFollowFromVideoPageAfterLogin.java:66) - Featured video row is present in home page
 INFO [main] (PlayerPageFun.java:25) - Successfully clicked on video title form video section
 INFO [main] (VerifyFollowFromVideoPageAfterLogin.java:99) - true
 INFO [main] (VerifyFollowFromVideoPageAfterLogin.java:102) - play from start present
 INFO [main] (AssertionRepoFunctions.java:136) - Successfully navigate to video page
 INFO [main] (AssertionRepoFunctions.java:169) - Video player is present in video page
 INFO [main] (PlayerPageFun.java:149) - Successfully clicked on pause button from player
 INFO [main] (VerifyFollowFromVideoPageAfterLogin.java:134) - thumbSubscribe
            
                follow web
 INFO [main] (FollowFun.java:23) - Successfully clicked on follow button
 INFO [main] (VerifyFollowFromVideoPageAfterLogin.java:152) - Successful follow message is displayed
 INFO [main] (VerifyFollowFromVideoPageAfterLogin.java:163) - My Shows menu is present
 INFO [main] (MyWatchlistFun.java:26) - Successfully clicked on title 'My Shows' from Header menu
 INFO [main] (AssertionRepoFunctions.java:288) - Successfully navigate to my Shows page
 INFO [main] (VerifyFollowFromVideoPageAfterLogin.java:196) - The Followed Shows 'LINUSTECHTIPS' is present in My Shows list
 INFO [main] (VerifyFollowFromVideoPageAfterLogin.java:201) - 
 INFO [main] (VerifyFollowFromVideoControlAfterLogin.java:34) - Script: VerifyFollowFromVideoControlAfterLogin
 INFO [main] (VerifyFollowFromVideoControlAfterLogin.java:35) - ************************************************
 INFO [main] (VerifyFollowFromVideoControlAfterLogin.java:43) - Successfully opened the application
 INFO [main] (LoginFun.java:44) - Login form opened successfully
 INFO [main] (LoginFun.java:52) - User name entered: watchable_v2.30.26.6@gmail.com
 INFO [main] (LoginFun.java:60) - Password entered: Demo1111
 INFO [main] (LoginFun.java:66) - Clicked on Login button from Login form
 INFO [main] (LoginFun.java:78) - Successfully login Watchable application...!
 INFO [main] (VerifyFollowFromVideoControlAfterLogin.java:66) - Featured video row is present in home page
 INFO [main] (PlayerPageFun.java:25) - Successfully clicked on video title form video section
 INFO [main] (VerifyFollowFromVideoControlAfterLogin.java:99) - true
 INFO [main] (VerifyFollowFromVideoControlAfterLogin.java:102) - play from start present
 INFO [main] (AssertionRepoFunctions.java:136) - Successfully navigate to video page
 INFO [main] (AssertionRepoFunctions.java:169) - Video player is present in video page
 INFO [main] (VerifyFollowFromVideoControlAfterLogin.java:127) - Follow Button is present in video player
 INFO [main] (VerifyFollowFromVideoControlAfterLogin.java:137) - thumbSubscribe
            
                unfollow web
 INFO [main] (VerifyFollowFromVideoControlAfterLogin.java:218) - Your are already following this channel...!
 INFO [main] (VerifyUnfollowConfirmationPopupDisplay.java:33) - Script: VerifyUnfollowConfirmationPopupDisplay
 INFO [main] (VerifyUnfollowConfirmationPopupDisplay.java:34) - **********************************************
 INFO [main] (VerifyUnfollowConfirmationPopupDisplay.java:41) - Successfully opened the application
 INFO [main] (LoginFun.java:44) - Login form opened successfully
 INFO [main] (LoginFun.java:52) - User name entered: watchable_v2.30.26.6@gmail.com
 INFO [main] (LoginFun.java:60) - Password entered: Demo1111
 INFO [main] (LoginFun.java:66) - Clicked on Login button from Login form
 INFO [main] (LoginFun.java:78) - Successfully login Watchable application...!
 INFO [main] (VerifyUnfollowConfirmationPopupDisplay.java:58) - My Watchlist menu is present
 INFO [main] (MyWatchlistFun.java:26) - Successfully clicked on title 'My Shows' from Header menu
 INFO [main] (AssertionRepoFunctions.java:288) - Successfully navigate to my Shows page
 INFO [main] (MyWatchlistFun.java:49) - Successfully clicked on shows title 'Devin Supertramp' from video section
 INFO [main] (AssertionRepoFunctions.java:304) - User is successfully navigate to Show detail page.
 INFO [main] (FollowFun.java:39) - Successfully clicked on un follow button
 INFO [main] (VerifyUnfollowConfirmationPopupDisplay.java:108) - Un-follow confirmation message is displayed
 INFO [main] (VerifyUnfollowConfirmationPopupDisplay.java:110) - The message displayed: YOU ARE NO LONGER FOLLOWING Devin Supertramp
 INFO [main] (VerifyUnfollowConfirmationPopupDisplay.java:115) - 
 INFO [main] (VerifyUnfollowFromChannelPage.java:31) - Script: VerifyUnfollowFromChannelPage
 INFO [main] (VerifyUnfollowFromChannelPage.java:32) - ***************************************
 INFO [main] (VerifyUnfollowFromChannelPage.java:39) - Successfully opened the application
 INFO [main] (LoginFun.java:44) - Login form opened successfully
 INFO [main] (LoginFun.java:52) - User name entered: watchable_v2.30.26.6@gmail.com
 INFO [main] (LoginFun.java:60) - Password entered: Demo1111
 INFO [main] (LoginFun.java:66) - Clicked on Login button from Login form
 INFO [main] (LoginFun.java:78) - Successfully login Watchable application...!
 INFO [main] (VerifyUnfollowFromChannelPage.java:56) - My Watchlist menu is present
 INFO [main] (MyWatchlistFun.java:26) - Successfully clicked on title 'My Shows' from Header menu
 INFO [main] (AssertionRepoFunctions.java:288) - Successfully navigate to my Shows page
ERROR [main] (VerifyUnfollowFromChannelPage.java:215) - GO TO CHANNEL option is NOT present in My Watch list page when it contains Videos 
 INFO [main] (VerifyUnfollowFromChannelPage.java:216) - 
 INFO [main] (VerifyUnfollowFromVideoPage.java:35) - Script: VerifyUnfollowFromVideoPage
 INFO [main] (VerifyUnfollowFromVideoPage.java:36) - *************************************
 INFO [main] (VerifyUnfollowFromVideoPage.java:43) - Successfully opened the application
 INFO [main] (LoginFun.java:44) - Login form opened successfully
 INFO [main] (LoginFun.java:52) - User name entered: watchable_v2.30.26.6@gmail.com
 INFO [main] (LoginFun.java:60) - Password entered: Demo1111
 INFO [main] (LoginFun.java:66) - Clicked on Login button from Login form
 INFO [main] (LoginFun.java:78) - Successfully login Watchable application...!
 INFO [main] (VerifyUnfollowFromVideoPage.java:60) - My Shows menu is present
 INFO [main] (MyWatchlistFun.java:26) - Successfully clicked on title 'My Shows' from Header menu
 INFO [main] (AssertionRepoFunctions.java:288) - Successfully navigate to my Shows page
 INFO [main] (PlayerPageFun.java:43) - Successfully clicked on video title form  My watch list video section
 INFO [main] (VerifyUnfollowFromVideoPage.java:100) - true
 INFO [main] (VerifyUnfollowFromVideoPage.java:103) - play from start present
 INFO [main] (AssertionRepoFunctions.java:136) - Successfully navigate to video page
 INFO [main] (AssertionRepoFunctions.java:169) - Video player is present in video page
 INFO [main] (PlayerPageFun.java:149) - Successfully clicked on pause button from player
 INFO [main] (FollowFun.java:39) - Successfully clicked on un follow button
 INFO [main] (VerifyUnfollowFromVideoPage.java:142) - Un-follow confirmation message is displayed
 INFO [main] (VerifyUnfollowFromVideoPage.java:167) - My Shows menu is present
 INFO [main] (MyWatchlistFun.java:26) - Successfully clicked on title 'My Shows' from Header menu
 INFO [main] (AssertionRepoFunctions.java:288) - Successfully navigate to my Shows page
 INFO [main] (VerifyUnfollowFromVideoPage.java:221) - The UN Followed Shows 'LINUSTECHTIPS' is not present in My Shows list
 INFO [main] (VerifyUnfollowFromVideoPage.java:225) - 
 INFO [main] (VerifyUnfollowFromVideoPlayerControls.java:31) - Script: VerifyUnfollowFromVideoPlayerControls
 INFO [main] (VerifyUnfollowFromVideoPlayerControls.java:32) - *********************************************
 INFO [main] (VerifyUnfollowFromVideoPlayerControls.java:39) - Successfully opened the application
 INFO [main] (LoginFun.java:44) - Login form opened successfully
 INFO [main] (LoginFun.java:52) - User name entered: watchable_v2.30.26.6@gmail.com
 INFO [main] (LoginFun.java:60) - Password entered: Demo1111
 INFO [main] (LoginFun.java:66) - Clicked on Login button from Login form
 INFO [main] (LoginFun.java:78) - Successfully login Watchable application...!
 INFO [main] (VerifyUnfollowFromVideoPlayerControls.java:56) - My Shows menu is present
 INFO [main] (MyWatchlistFun.java:26) - Successfully clicked on title 'My Shows' from Header menu
 INFO [main] (AssertionRepoFunctions.java:288) - Successfully navigate to my Shows page
ERROR [main] (VerifyUnfollowFromVideoPlayerControls.java:215) - My Watchlist section does not contain chaneels
 INFO [main] (VerifyUnfollowFromVideoPlayerControls.java:216) - 
 INFO [main] (VerifyFollowConfirmationPopupDisplay.java:32) - Script: VerifyFollowConfirmationPopupDisplay
 INFO [main] (VerifyFollowConfirmationPopupDisplay.java:33) - ***********************************************
 INFO [main] (VerifyFollowConfirmationPopupDisplay.java:41) - Successfully opened the application
 INFO [main] (LoginFun.java:44) - Login form opened successfully
 INFO [main] (LoginFun.java:52) - User name entered: watchable_v2.30.26.6@gmail.com
 INFO [main] (LoginFun.java:60) - Password entered: Demo1111
 INFO [main] (LoginFun.java:66) - Clicked on Login button from Login form
 INFO [main] (LoginFun.java:78) - Successfully login Watchable application...!
 INFO [main] (AssertionRepoFunctions.java:1433) - The shows Section title 'Watchable shows of the week' is present  in Home Page
 INFO [main] (VerifyFollowConfirmationPopupDisplay.java:66) - 8 Channels are present in featured channels section in home page
 INFO [main] (VerifyFollowConfirmationPopupDisplay.java:73) - Selected channel: Devin Supertramp
 INFO [main] (ChannelPageFun.java:30) - Successfully clicked On First Show 'Devin Supertramp' from Watchable SHOWS OF THE WEEK section
 INFO [main] (AssertionRepoFunctions.java:304) - User is successfully navigate to Show detail page.
 INFO [main] (VerifyFollowConfirmationPopupDisplay.java:90) - thumbSubscribe
            
                follow web
 INFO [main] (FollowFun.java:23) - Successfully clicked on follow button
 INFO [main] (VerifyFollowConfirmationPopupDisplay.java:104) - Successful follow message is displayed
 INFO [main] (VerifyFollowConfirmationPopupDisplay.java:106) - The message displayed: YOU ARE NOW FOLLOWING Devin Supertramp
 INFO [main] (VerifyPresenceOfSocialSharingFunctionalityInVideoControls.java:31) - Script: VerifyPresenceOfSocialSharingFunctionalityInVideoControls
 INFO [main] (VerifyPresenceOfSocialSharingFunctionalityInVideoControls.java:32) - *****************************************************************
 INFO [main] (VerifyPresenceOfSocialSharingFunctionalityInVideoControls.java:40) - Successfully opened the application
 INFO [main] (VerifyPresenceOfSocialSharingFunctionalityInVideoControls.java:52) - Featured video row is present in home page
 INFO [main] (PlayerPageFun.java:25) - Successfully clicked on video title form video section
 INFO [main] (AssertionRepoFunctions.java:136) - Successfully navigate to video page
 INFO [main] (AssertionRepoFunctions.java:169) - Video player is present in video page
 INFO [main] (VerifyPresenceOfSocialSharingFunctionalityInVideoControls.java:83) - Face book button is present in video control
 INFO [main] (VerifyPresenceOfSocialSharingFunctionalityInVideoControls.java:97) - Twitter button is present in video control
 INFO [main] (VerifyPresenceOfSocialSharingFunctionalityInVideoControls.java:110) - Copy URL button is present in video control
 INFO [main] (VerifyPresenceOfSocialSharingFunctionalityInVideoControls.java:124) - Email button is present in video control
 INFO [main] (VerifyFacebookFunctionalityFromVideoControls.java:34) - Script: VerifyFacebookFunctionalityFromVideoControls
 INFO [main] (VerifyFacebookFunctionalityFromVideoControls.java:35) - ****************************************************
 INFO [main] (VerifyFacebookFunctionalityFromVideoControls.java:43) - Successfully opened the application
 INFO [main] (VerifyFacebookFunctionalityFromVideoControls.java:54) - Featured video row is present in home page
 INFO [main] (PlayerPageFun.java:25) - Successfully clicked on video title form video section
 INFO [main] (AssertionRepoFunctions.java:136) - Successfully navigate to video page
 INFO [main] (AssertionRepoFunctions.java:169) - Video player is present in video page
 INFO [main] (VerifyFacebookFunctionalityFromVideoControls.java:85) - Face book button is present in video control
 INFO [main] (SocialSharingFun.java:81) - Successfully clicked on Face book button from player controls
 INFO [main] (VerifyFacebookFunctionalityFromVideoControls.java:100) - Share a link on Face book popup window opened after clicking on Face book button
 INFO [main] (VerifyFacebookFunctionalityFromVideoControls.java:106) - Face Book pop up window opened after clicking on FB button
 INFO [main] (VerifyTwitterFunctionalityFromVideoControls.java:33) - Script: VerifyTwitterFunctionalityFromVideoControls
 INFO [main] (VerifyTwitterFunctionalityFromVideoControls.java:34) - ****************************************************
 INFO [main] (VerifyTwitterFunctionalityFromVideoControls.java:42) - Successfully opened the application
 INFO [main] (VerifyTwitterFunctionalityFromVideoControls.java:54) - Featured video row is present in home page
 INFO [main] (PlayerPageFun.java:25) - Successfully clicked on video title form video section
 INFO [main] (AssertionRepoFunctions.java:136) - Successfully navigate to video page
 INFO [main] (AssertionRepoFunctions.java:169) - Video player is present in video page
 INFO [main] (VerifyTwitterFunctionalityFromVideoControls.java:81) - Twitter button is present in video control
 INFO [main] (VerifyTwitterFunctionalityFromVideoControls.java:86) - Currently playing video: ideos/17788-build-a-gaming-pc-on-your-budget-holiday-buyer-s
comcast.test.app.testCases.socialSharing.VerifyTwitterFunctionalityFromVideoControls
VerifyTwitterFunctionalityFromVideoControls
comcast.test.app.testCases.socialSharing.VerifyTwitterFunctionalityFromVideoControls
 INFO [main] (VerifyEmailFunctionalityFromVideoControls.java:31) - Script: VerifyEmailFunctionalityFromVideoControls
 INFO [main] (VerifyEmailFunctionalityFromVideoControls.java:32) - ****************************************************
 INFO [main] (VerifyEmailFunctionalityFromVideoControls.java:40) - Successfully opened the application
 INFO [main] (VerifyEmailFunctionalityFromVideoControls.java:52) - Featured video row is present in home page
 INFO [main] (PlayerPageFun.java:25) - Successfully clicked on video title form video section
 INFO [main] (AssertionRepoFunctions.java:136) - Successfully navigate to video page
 INFO [main] (AssertionRepoFunctions.java:169) - Video player is present in video page
 INFO [main] (VerifyEmailFunctionalityFromVideoControls.java:82) - Email button is present in video control
comcast.test.app.testCases.socialSharing.VerifyEmailFunctionalityFromVideoControls
VerifyEmailFunctionalityFromVideoControls
comcast.test.app.testCases.socialSharing.VerifyEmailFunctionalityFromVideoControls
 INFO [main] (VerifyEmailSharringPopuoWindowContents.java:30) - Script: VerifyEmailSharringPopuoWindowContents
 INFO [main] (VerifyEmailSharringPopuoWindowContents.java:31) - ************************************************
 INFO [main] (VerifyEmailSharringPopuoWindowContents.java:39) - Successfully opened the application
 INFO [main] (VerifyEmailSharringPopuoWindowContents.java:51) - Featured video row is present in home page
 INFO [main] (PlayerPageFun.java:25) - Successfully clicked on video title form video section
 INFO [main] (AssertionRepoFunctions.java:136) - Successfully navigate to video page
 INFO [main] (AssertionRepoFunctions.java:169) - Video player is present in video page
 INFO [main] (VerifyEmailSharringPopuoWindowContents.java:78) - Email button is present in sharing section
 INFO [main] (SocialSharingFun.java:124) - Successfully clicked on Email button from player controls
 INFO [main] (VerifyEmailSharringPopuoWindowContents.java:89) - Email sharing pop up window is displayed after clicking on Email button
 INFO [main] (VerifyEmailSharringPopuoWindowContents.java:97) - The Title Email This Video is displaying email pop up window
 INFO [main] (VerifyEmailSharringPopuoWindowContents.java:112) - Close button is displaying email pop up window
 INFO [main] (VerifyEmailSharringPopuoWindowContents.java:121) - From email address text box is displaying email pop up window
 INFO [main] (VerifyEmailSharringPopuoWindowContents.java:130) - To email address text box is displaying email pop up window
 INFO [main] (VerifyEmailSharringPopuoWindowContents.java:139) - Message text box is displaying email pop up window
 INFO [main] (VerifyEmailSharringPopuoWindowContents.java:148) - Send button is displaying email pop up window
 INFO [main] (VerifyEmailSharringPopuoWindowContents.java:156) - The video URL http://portal2qa.xidio.com/videos/17788-build-a-gaming-pc-on-your-budget-holiday-buyer-s is displaying in message area of email pop up window
 INFO [main] (VerifyEmailSharingFormMessageContent.java:30) - Script: VerifyEmailSharingFormMessageContent
 INFO [main] (VerifyEmailSharingFormMessageContent.java:31) - ************************************************
 INFO [main] (VerifyEmailSharingFormMessageContent.java:39) - Successfully opened the application
 INFO [main] (VerifyEmailSharingFormMessageContent.java:51) - Featured video row is present in home page
 INFO [main] (PlayerPageFun.java:25) - Successfully clicked on video title form video section
 INFO [main] (AssertionRepoFunctions.java:136) - Successfully navigate to video page
 INFO [main] (AssertionRepoFunctions.java:169) - Video player is present in video page
 INFO [main] (VerifyEmailSharingFormMessageContent.java:81) - Email button is present in sharing section
 INFO [main] (VerifyEmailSharingFormCloseButton.java:31) - Script: VerifyEmailSharingFormCloseButton
 INFO [main] (VerifyEmailSharingFormCloseButton.java:32) - ************************************************
 INFO [main] (VerifyEmailSharingFormCloseButton.java:40) - Successfully opened the application
 INFO [main] (VerifyEmailSharingFormCloseButton.java:52) - Featured video row is present in home page
 INFO [main] (PlayerPageFun.java:25) - Successfully clicked on video title form video section
 INFO [main] (AssertionRepoFunctions.java:136) - Successfully navigate to video page
 INFO [main] (AssertionRepoFunctions.java:169) - Video player is present in video page
 INFO [main] (VerifyEmailSharingFormCloseButton.java:79) - Email button is present in sharing section
 INFO [main] (SocialSharingFun.java:124) - Successfully clicked on Email button from player controls
 INFO [main] (VerifyEmailSharingFormCloseButton.java:90) - Email sharing pop up window is displayed after clicking on Email button
 INFO [main] (VerifyEmailSharingFormCloseButton.java:99) - Close button is displaying email pop up window
 INFO [main] (SocialSharingFun.java:232) - Successfully clicked on close icon from email sharing window
 INFO [main] (VerifyEmailSharingFormCloseButton.java:110) - Email sharing Form is closed
 INFO [main] (VerifyEmailSharingFormCloseButton.java:112) - 
 INFO [main] (VerifyEmailSharingSendWithBlankFields.java:31) - Script: VerifyEmailSharingSendWithBlankFields
 INFO [main] (VerifyEmailSharingSendWithBlankFields.java:32) - ************************************************
 INFO [main] (VerifyEmailSharingSendWithBlankFields.java:40) - Successfully opened the application
 INFO [main] (VerifyEmailSharingSendWithBlankFields.java:51) - Featured video row is present in home page
 INFO [main] (PlayerPageFun.java:25) - Successfully clicked on video title form video section
 INFO [main] (AssertionRepoFunctions.java:136) - Successfully navigate to video page
 INFO [main] (AssertionRepoFunctions.java:169) - Video player is present in video page
 INFO [main] (VerifyEmailSharingSendWithBlankFields.java:82) - Email button is present in sharing section
 INFO [main] (VerifyEmailSharingSendWithBlankFields.java:144) - 
 INFO [main] (VerifyEmailSharingSendFunctionality.java:32) - Script: VerifyEmailSharingSendFunctionality
 INFO [main] (VerifyEmailSharingSendFunctionality.java:33) - ************************************************
 INFO [main] (VerifyEmailSharingSendFunctionality.java:41) - Successfully opened the application
 INFO [main] (VerifyEmailSharingSendFunctionality.java:53) - Featured video row is present in home page
 INFO [main] (PlayerPageFun.java:25) - Successfully clicked on video title form video section
 INFO [main] (AssertionRepoFunctions.java:136) - Successfully navigate to video page
 INFO [main] (AssertionRepoFunctions.java:169) - Video player is present in video page
 INFO [main] (VerifyEmailSharingSendFunctionality.java:83) - Email button is present in video control
comcast.test.app.testCases.socialSharing.VerifyEmailSharingSendFunctionality
VerifyEmailSharingSendFunctionality
comcast.test.app.testCases.socialSharing.VerifyEmailSharingSendFunctionality
 INFO [main] (VerifyEmailSharingSendWithInvalidEmails.java:32) - Script: VerifyEmailSharingSendWithInvalidEmails
 INFO [main] (VerifyEmailSharingSendWithInvalidEmails.java:33) - ************************************************
 INFO [main] (VerifyEmailSharingSendWithInvalidEmails.java:41) - Successfully opened the application
 INFO [main] (VerifyEmailSharingSendWithInvalidEmails.java:53) - Featured video row is present in home page
 INFO [main] (PlayerPageFun.java:25) - Successfully clicked on video title form video section
 INFO [main] (AssertionRepoFunctions.java:136) - Successfully navigate to video page
 INFO [main] (AssertionRepoFunctions.java:169) - Video player is present in video page
 INFO [main] (VerifyEmailSharingSendWithInvalidEmails.java:83) - Email button is present in video control
 INFO [main] (SocialSharingFun.java:124) - Successfully clicked on Email button from player controls
 INFO [main] (VerifyEmailSharingSendWithInvalidEmails.java:102) - Email sharing pop up window is displayed after clicking on Email button
 INFO [main] (SocialSharingFun.java:268) - The From email address entered is: abc.com@d
 INFO [main] (SocialSharingFun.java:276) - The To email address entered is: abc.com@d
 INFO [main] (SocialSharingFun.java:248) - Successfully clicked on send button  from email sharing window
 INFO [main] (VerifyEmailSharingSendWithInvalidEmails.java:122) - The Error message 'Please enter a valid email address' displayed for From email address
 INFO [main] (VerifyEmailSharingSendWithInvalidEmails.java:135) - The Error message 'Please enter a valid email address' displayed for To email address
 INFO [main] (VerifyEmailSharingSendWithInvalidEmails.java:141) - 
 INFO [main] (VerifyEmailSharingSendWithInvalidFromEmail.java:33) - Script: VerifyEmailSharingSendWithInvalidFromEmail
 INFO [main] (VerifyEmailSharingSendWithInvalidFromEmail.java:34) - ************************************************
 INFO [main] (VerifyEmailSharingSendWithInvalidFromEmail.java:42) - Successfully opened the application
 INFO [main] (VerifyEmailSharingSendWithInvalidFromEmail.java:54) - Featured video row is present in home page
 INFO [main] (PlayerPageFun.java:25) - Successfully clicked on video title form video section
 INFO [main] (AssertionRepoFunctions.java:136) - Successfully navigate to video page
 INFO [main] (AssertionRepoFunctions.java:169) - Video player is present in video page
 INFO [main] (VerifyEmailSharingSendWithInvalidFromEmail.java:80) - Email button is present in video control
comcast.test.app.testCases.socialSharing.VerifyEmailSharingSendWithInvalidFromEmail
VerifyEmailSharingSendWithInvalidFromEmail
comcast.test.app.testCases.socialSharing.VerifyEmailSharingSendWithInvalidFromEmail
 INFO [main] (VerifyEmailSharingSendWithInvalidToEmail.java:32) - Script: VerifyEmailSharingSendWithInvalidToEmail
 INFO [main] (VerifyEmailSharingSendWithInvalidToEmail.java:33) - ************************************************
 INFO [main] (VerifyEmailSharingSendWithInvalidToEmail.java:41) - Successfully opened the application
 INFO [main] (VerifyEmailSharingSendWithInvalidToEmail.java:52) - Featured video row is present in home page
 INFO [main] (PlayerPageFun.java:25) - Successfully clicked on video title form video section
 INFO [main] (AssertionRepoFunctions.java:136) - Successfully navigate to video page
 INFO [main] (AssertionRepoFunctions.java:169) - Video player is present in video page
 INFO [main] (VerifyEmailSharingSendWithInvalidToEmail.java:78) - Email button is present in video control
 INFO [main] (SocialSharingFun.java:124) - Successfully clicked on Email button from player controls
 INFO [main] (VerifyEmailSharingSendWithInvalidToEmail.java:93) - Email sharing pop up window is displayed after clicking on Email button
 INFO [main] (SocialSharingFun.java:268) - The From email address entered is: new.user@gmail.com
 INFO [main] (SocialSharingFun.java:276) - The To email address entered is: abc.com@d
 INFO [main] (SocialSharingFun.java:248) - Successfully clicked on send button  from email sharing window
 INFO [main] (VerifyEmailSharingSendWithInvalidToEmail.java:117) - The Error message 'Please enter a valid email address' displayed for To email address
 INFO [main] (VerifyEmailSharingSendWithInvalidToEmail.java:123) - 
 INFO [main] (VerifyCopyUrlFunctionalityFromVideoControls.java:31) - Script: VerifyCopyUrlFunctionalityFromVideoControls
 INFO [main] (VerifyCopyUrlFunctionalityFromVideoControls.java:32) - ****************************************************
 INFO [main] (VerifyCopyUrlFunctionalityFromVideoControls.java:40) - Successfully opened the application
 INFO [main] (VerifyCopyUrlFunctionalityFromVideoControls.java:52) - Featured video row is present in home page
 INFO [main] (PlayerPageFun.java:25) - Successfully clicked on video title form video section
 INFO [main] (AssertionRepoFunctions.java:136) - Successfully navigate to video page
 INFO [main] (AssertionRepoFunctions.java:169) - Video player is present in video page
 INFO [main] (VerifyCopyUrlFunctionalityFromVideoControls.java:83) - Copy URL button is present in video control
 INFO [main] (SocialSharingFun.java:163) - Successfully clicked on Copy URL button from player controls
 INFO [main] (VerifyCopyUrlFunctionalityFromVideoControls.java:92) - 'COPY URL button is clickable button
 INFO [main] (VeriyPlayListsTitle.java:28) - Script: VeriyPlayListsTitle
 INFO [main] (VeriyPlayListsTitle.java:29) - *****************************
 INFO [main] (VeriyPlayListsTitle.java:36) - Successfully opened the application
 INFO [main] (VeriyPlayListsTitle.java:45) - Play List menu is present
 INFO [main] (VeriyPlayListsTitle.java:51) - The menu title 'Playlists' is present
 INFO [main] (VeriyPlayListsTitle.java:56) - 
 INFO [main] (VeriyPlayListsPageTitle.java:27) - Script: VeriyPlayListsPageTitle
 INFO [main] (VeriyPlayListsPageTitle.java:28) - *******************************
 INFO [main] (VeriyPlayListsPageTitle.java:35) - Successfully opened the application
 INFO [main] (VeriyPlayListsPageTitle.java:44) - Play List menu is present
 INFO [main] (PlayListsFun.java:27) - Successfully clicked on title 'Playlists' from Header menu
 INFO [main] (AssertionRepoFunctions.java:120) - Successfully navigate to All Play Lists page
 INFO [main] (VeriyPlayListsPageTitle.java:56) - The All Play Lists page title displayed is 'All Playlists | Watchable'
 INFO [main] (VeriyPlayListsPageTitle.java:59) - 
 INFO [main] (VerifyClickOnWatchableLogoFromAllPlayListsPageNavigatesHomePage.java:31) - Script: VerifyClickOnWatchableLogoFromAllPlayListsPageNavigatesHomePage
 INFO [main] (VerifyClickOnWatchableLogoFromAllPlayListsPageNavigatesHomePage.java:32) - ***********************************************************************
 INFO [main] (VerifyClickOnWatchableLogoFromAllPlayListsPageNavigatesHomePage.java:39) - Successfully opened the application
 INFO [main] (VerifyClickOnWatchableLogoFromAllPlayListsPageNavigatesHomePage.java:48) - Play List menu is present
 INFO [main] (PlayListsFun.java:27) - Successfully clicked on title 'Playlists' from Header menu
 INFO [main] (AssertionRepoFunctions.java:120) - Successfully navigate to All Play Lists page
 INFO [main] (HomeFun.java:85) - Successfully clicked On Top Watchable Logo
 INFO [main] (VerifyClickOnWatchableLogoFromAllPlayListsPageNavigatesHomePage.java:65) - Successfully Navigated to Home page after clicking on Watchable logo from All Play Lists Page
 INFO [main] (VerifyClickOnWatchableLogoFromAllPlayListsPageNavigatesHomePage.java:67) - 
 INFO [main] (VerifyAllPlayListsPageContents.java:27) - Script: VerifyAllPlayListsPageContents
 INFO [main] (VerifyAllPlayListsPageContents.java:28) - **************************************
 INFO [main] (VerifyAllPlayListsPageContents.java:35) - Successfully opened the application
 INFO [main] (VerifyAllPlayListsPageContents.java:44) - Play Lists menu is present
 INFO [main] (PlayListsFun.java:27) - Successfully clicked on title 'Playlists' from Header menu
 INFO [main] (AssertionRepoFunctions.java:120) - Successfully navigate to All Play Lists page
 INFO [main] (VerifyAllPlayListsPageContents.java:58) - The Title 'All PLAYLISTS' is present for all play lists
 INFO [main] (VerifyAllPlayListsPageContents.java:68) - Play Lists contains Play list
 INFO [main] (VerifyAllPlayListsPageContents.java:69) - Play Lists contains 10 Play list
 INFO [main] (VerifyAllPlayListsPageContents.java:74) - 
 INFO [main] (VerifySinglePlayListContents.java:27) - Script: VerifySinglePlayListContents
 INFO [main] (VerifySinglePlayListContents.java:28) - **************************************
 INFO [main] (VerifySinglePlayListContents.java:35) - Successfully opened the application
 INFO [main] (VerifySinglePlayListContents.java:44) - Play Lists menu is present
 INFO [main] (PlayListsFun.java:27) - Successfully clicked on title 'Playlists' from Header menu
 INFO [main] (AssertionRepoFunctions.java:120) - Successfully navigate to All Play Lists page
 INFO [main] (VerifySinglePlayListContents.java:62) - Genre button present in play list
 INFO [main] (VerifySinglePlayListContents.java:69) - Watch link present in play list
 INFO [main] (VerifySinglePlayListContents.java:75) - Play Icon present in play list
 INFO [main] (VerifySinglePlayListContents.java:82) - The title 'Do Your Best' is present in play list
 INFO [main] (VerifySinglePlayListContents.java:92) - The description 'Videos of healthy and fitness tips...' is present in play list
 INFO [main] (VerifySinglePlayListContents.java:103) - The video detail '11 videos / 1:06:16' is present in play list
 INFO [main] (VerifySinglePlayListContents.java:108) - 
 INFO [main] (VerifyVideoPageTitleNavigatingFromPlayList.java:29) - Script: VerifyVideoPageTitleNavigatingFromPlayList
 INFO [main] (VerifyVideoPageTitleNavigatingFromPlayList.java:30) - *************************************************
 INFO [main] (VerifyVideoPageTitleNavigatingFromPlayList.java:37) - Successfully opened the application
 INFO [main] (VerifyVideoPageTitleNavigatingFromPlayList.java:46) - Play Lists menu is present
 INFO [main] (PlayListsFun.java:27) - Successfully clicked on title 'Playlists' from Header menu
 INFO [main] (AssertionRepoFunctions.java:120) - Successfully navigate to All Play Lists page
 INFO [main] (VerifyVideoPageTitleNavigatingFromPlayList.java:62) - Watch link present in play list
 INFO [main] (PlayListsFun.java:44) - Successfully clicked on watch link from play list
 INFO [main] (AssertionRepoFunctions.java:153) - Successfully navigate to video page
 INFO [main] (VerifyVideoPageTitleNavigatingFromPlayList.java:69) - The Video page title displayed after navigating from play list is 'Playlist | Watchable'
 INFO [main] (VerifyVideoPageTitleNavigatingFromPlayList.java:72) - 
 INFO [main] (VerifyNavigatingToVideoPageClickingOnWatchLinkFromPlayList.java:30) - Script: VerifyNavigatingToVideoPageClickingOnWatchLinkFromPlayList
 INFO [main] (VerifyNavigatingToVideoPageClickingOnWatchLinkFromPlayList.java:31) - ******************************************************************
 INFO [main] (VerifyNavigatingToVideoPageClickingOnWatchLinkFromPlayList.java:38) - Successfully opened the application
 INFO [main] (VerifyNavigatingToVideoPageClickingOnWatchLinkFromPlayList.java:47) - Play Lists menu is present
 INFO [main] (PlayListsFun.java:27) - Successfully clicked on title 'Playlists' from Header menu
 INFO [main] (AssertionRepoFunctions.java:120) - Successfully navigate to All Play Lists page
 INFO [main] (VerifyNavigatingToVideoPageClickingOnWatchLinkFromPlayList.java:63) - Watch link present in play list
 INFO [main] (PlayListsFun.java:44) - Successfully clicked on watch link from play list
 INFO [main] (AssertionRepoFunctions.java:153) - Successfully navigate to video page
 INFO [main] (VerifyNavigatingToVideoPageClickingOnWatchLinkFromPlayList.java:70) - The Video page title displayed after navigating from play list is 'Playlist | Watchable'
 INFO [main] (AssertionRepoFunctions.java:169) - Video player is present in video page
 INFO [main] (VerifyNavigatingToVideoPageClickingOnWatchLinkFromPlayList.java:76) - 
 INFO [main] (VerifyNavigatingToVideoPageClickingOnPlayIconFromPlayList.java:30) - Script: VerifyNavigatingToVideoPageClickingOnPlayIconFromPlayList
 INFO [main] (VerifyNavigatingToVideoPageClickingOnPlayIconFromPlayList.java:31) - ******************************************************************
 INFO [main] (VerifyNavigatingToVideoPageClickingOnPlayIconFromPlayList.java:38) - Successfully opened the application
 INFO [main] (VerifyNavigatingToVideoPageClickingOnPlayIconFromPlayList.java:47) - Play Lists menu is present
 INFO [main] (PlayListsFun.java:27) - Successfully clicked on title 'Playlists' from Header menu
 INFO [main] (AssertionRepoFunctions.java:120) - Successfully navigate to All Play Lists page
 INFO [main] (VerifyNavigatingToVideoPageClickingOnPlayIconFromPlayList.java:62) - Play Icon present in play list
 INFO [main] (PlayListsFun.java:62) - Successfully clicked on play icon from play list
 INFO [main] (AssertionRepoFunctions.java:153) - Successfully navigate to video page
 INFO [main] (VerifyNavigatingToVideoPageClickingOnPlayIconFromPlayList.java:69) - The Video page title displayed after navigating from play list is 'Playlist | Watchable'
 INFO [main] (AssertionRepoFunctions.java:169) - Video player is present in video page
 INFO [main] (VerifyNavigatingToVideoPageClickingOnPlayIconFromPlayList.java:75) - 
 INFO [main] (VerifyNavigatingToVideoPageClickingOnGenreButtonFromPlayList.java:30) - Script: VerifyNavigatingToVideoPageClickingOnGenreButtonFromPlayList
 INFO [main] (VerifyNavigatingToVideoPageClickingOnGenreButtonFromPlayList.java:31) - ******************************************************************
 INFO [main] (VerifyNavigatingToVideoPageClickingOnGenreButtonFromPlayList.java:38) - Successfully opened the application
 INFO [main] (VerifyNavigatingToVideoPageClickingOnGenreButtonFromPlayList.java:47) - Play Lists menu is present
 INFO [main] (PlayListsFun.java:27) - Successfully clicked on title 'Playlists' from Header menu
 INFO [main] (AssertionRepoFunctions.java:120) - Successfully navigate to All Play Lists page
 INFO [main] (VerifyNavigatingToVideoPageClickingOnGenreButtonFromPlayList.java:64) - Genre button present in play list
 INFO [main] (PlayListsFun.java:80) - Successfully clicked genre button from play list
 INFO [main] (AssertionRepoFunctions.java:153) - Successfully navigate to video page
 INFO [main] (VerifyNavigatingToVideoPageClickingOnGenreButtonFromPlayList.java:71) - The Video page title displayed after navigating from play list is 'Playlist | Watchable'
 INFO [main] (AssertionRepoFunctions.java:169) - Video player is present in video page
 INFO [main] (VerifyNavigatingToVideoPageClickingOnGenreButtonFromPlayList.java:77) - 
 INFO [main] (VerifyNavigatingToVideoPageClickingOnPlayListImgFromPlayList.java:30) - Script: VerifyNavigatingToVideoPageClickingOnPlayListImgFromPlayList
 INFO [main] (VerifyNavigatingToVideoPageClickingOnPlayListImgFromPlayList.java:31) - ********************************************************************
 INFO [main] (VerifyNavigatingToVideoPageClickingOnPlayListImgFromPlayList.java:38) - Successfully opened the application
 INFO [main] (VerifyNavigatingToVideoPageClickingOnPlayListImgFromPlayList.java:47) - Play Lists menu is present
 INFO [main] (PlayListsFun.java:27) - Successfully clicked on title 'Playlists' from Header menu
 INFO [main] (AssertionRepoFunctions.java:120) - Successfully navigate to All Play Lists page
 INFO [main] (VerifyNavigatingToVideoPageClickingOnPlayListImgFromPlayList.java:63) - Play list image present in play list
 INFO [main] (PlayListsFun.java:98) - Successfully clicked play list image from play list
 INFO [main] (AssertionRepoFunctions.java:153) - Successfully navigate to video page
 INFO [main] (VerifyNavigatingToVideoPageClickingOnPlayListImgFromPlayList.java:70) - The Video page title displayed after navigating from play list is 'Playlist | Watchable'
 INFO [main] (AssertionRepoFunctions.java:169) - Video player is present in video page
 INFO [main] (VerifyNavigatingToVideoPageClickingOnPlayListImgFromPlayList.java:76) - 
 INFO [main] (VerifyNavigatingToVideoPageClickingOnPlayListTitleFromPlayList.java:30) - Script: VerifyNavigatingToVideoPageClickingOnPlayListTitleFromPlayList
 INFO [main] (VerifyNavigatingToVideoPageClickingOnPlayListTitleFromPlayList.java:31) - ***********************************************************************
 INFO [main] (VerifyNavigatingToVideoPageClickingOnPlayListTitleFromPlayList.java:38) - Successfully opened the application
 INFO [main] (VerifyNavigatingToVideoPageClickingOnPlayListTitleFromPlayList.java:47) - Play Lists menu is present
 INFO [main] (PlayListsFun.java:27) - Successfully clicked on title 'Playlists' from Header menu
 INFO [main] (AssertionRepoFunctions.java:120) - Successfully navigate to All Play Lists page
 INFO [main] (VerifyNavigatingToVideoPageClickingOnPlayListTitleFromPlayList.java:63) - The title 'Do Your Best' is present in play list
 INFO [main] (PlayListsFun.java:116) - Successfully clicked play list title from play list
 INFO [main] (AssertionRepoFunctions.java:153) - Successfully navigate to video page
 INFO [main] (VerifyNavigatingToVideoPageClickingOnPlayListTitleFromPlayList.java:73) - The Video page title displayed after navigating from play list is 'Playlist | Watchable'
 INFO [main] (AssertionRepoFunctions.java:169) - Video player is present in video page
 INFO [main] (VerifyNavigatingToVideoPageClickingOnPlayListTitleFromPlayList.java:79) - 
 INFO [main] (VerifyNavigatingToVideoPageClickingOnPlayListDescFromPlayList.java:30) - Script: VerifyNavigatingToVideoPageClickingOnPlayListDescFromPlayList
 INFO [main] (VerifyNavigatingToVideoPageClickingOnPlayListDescFromPlayList.java:31) - ***********************************************************************
 INFO [main] (VerifyNavigatingToVideoPageClickingOnPlayListDescFromPlayList.java:38) - Successfully opened the application
 INFO [main] (VerifyNavigatingToVideoPageClickingOnPlayListDescFromPlayList.java:47) - Play Lists menu is present
 INFO [main] (PlayListsFun.java:27) - Successfully clicked on title 'Playlists' from Header menu
 INFO [main] (AssertionRepoFunctions.java:120) - Successfully navigate to All Play Lists page
 INFO [main] (VerifyNavigatingToVideoPageClickingOnPlayListDescFromPlayList.java:63) - The description 'Videos of healthy and fitness tips...' is present in play list
 INFO [main] (PlayListsFun.java:134) - Successfully clicked play list description from play list
 INFO [main] (AssertionRepoFunctions.java:153) - Successfully navigate to video page
 INFO [main] (VerifyNavigatingToVideoPageClickingOnPlayListDescFromPlayList.java:73) - The Video page title displayed after navigating from play list is 'Playlist | Watchable'
 INFO [main] (AssertionRepoFunctions.java:169) - Video player is present in video page
 INFO [main] (VerifyNavigatingToVideoPageClickingOnPlayListDescFromPlayList.java:79) - 
 INFO [main] (VerifyNavigatingToVideoPageClickingOnPlayListVideoDetailFromPlayList.java:31) - Script: VerifyNavigatingToVideoPageClickingOnPlayListVideoDetailFromPlayList
 INFO [main] (VerifyNavigatingToVideoPageClickingOnPlayListVideoDetailFromPlayList.java:32) - *****************************************************************************
 INFO [main] (VerifyNavigatingToVideoPageClickingOnPlayListVideoDetailFromPlayList.java:39) - Successfully opened the application
 INFO [main] (VerifyNavigatingToVideoPageClickingOnPlayListVideoDetailFromPlayList.java:48) - Play Lists menu is present
 INFO [main] (PlayListsFun.java:27) - Successfully clicked on title 'Playlists' from Header menu
 INFO [main] (AssertionRepoFunctions.java:120) - Successfully navigate to All Play Lists page
 INFO [main] (VerifyNavigatingToVideoPageClickingOnPlayListVideoDetailFromPlayList.java:65) - The video detail '11 videos / 1:06:16' is present in play list
 INFO [main] (PlayListsFun.java:152) - Successfully clicked play list video detail from play list
 INFO [main] (AssertionRepoFunctions.java:153) - Successfully navigate to video page
 INFO [main] (VerifyNavigatingToVideoPageClickingOnPlayListVideoDetailFromPlayList.java:75) - The Video page title displayed after navigating from play list is 'Playlist | Watchable'
 INFO [main] (AssertionRepoFunctions.java:169) - Video player is present in video page
 INFO [main] (VerifyNavigatingToVideoPageClickingOnPlayListVideoDetailFromPlayList.java:81) - 
 INFO [main] (VerifyPlayListShareOptionInVideoPage.java:28) - Script: VerifyPlayListShareOptionInVideoPage
 INFO [main] (VerifyPlayListShareOptionInVideoPage.java:29) - ********************************************
 INFO [main] (VerifyPlayListShareOptionInVideoPage.java:36) - Successfully opened the application
 INFO [main] (VerifyPlayListShareOptionInVideoPage.java:45) - Play Lists menu is present
 INFO [main] (PlayListsFun.java:27) - Successfully clicked on title 'Playlists' from Header menu
 INFO [main] (AssertionRepoFunctions.java:120) - Successfully navigate to All Play Lists page
 INFO [main] (VerifyPlayListShareOptionInVideoPage.java:61) - Watch link present in play list
 INFO [main] (PlayListsFun.java:44) - Successfully clicked on watch link from play list
 INFO [main] (AssertionRepoFunctions.java:153) - Successfully navigate to video page
 INFO [main] (VerifyPlayListShareOptionInVideoPage.java:68) - The Video page title displayed after navigating from play list is 'Playlist | Watchable'
 INFO [main] (AssertionRepoFunctions.java:169) - Video player is present in video page
 INFO [main] (VerifyPlayListShareOptionInVideoPage.java:80) - Play List share button present in play list
 INFO [main] (VerifyPlayListShareOptionInVideoPage.java:91) - Play List URL button present in play list share option
 INFO [main] (VerifyPlayListShareOptionInVideoPage.java:100) - Email button present in play list share option
 INFO [main] (VerifyPlayListShareOptionInVideoPage.java:109) - Face Book button present in play list share option
 INFO [main] (VerifyPlayListShareOptionInVideoPage.java:118) - Twitter button present in play list share option
 INFO [main] (VerifyPlayListShareOptionInVideoPage.java:122) - 
 INFO [main] (VerifyCopyPlayListUrlButton.java:27) - Script: VerifyCopyPlayListUrlButton
 INFO [main] (VerifyCopyPlayListUrlButton.java:28) - ***********************************
 INFO [main] (VerifyCopyPlayListUrlButton.java:35) - Successfully opened the application
 INFO [main] (VerifyCopyPlayListUrlButton.java:44) - Play Lists menu is present
 INFO [main] (PlayListsFun.java:27) - Successfully clicked on title 'Playlists' from Header menu
 INFO [main] (AssertionRepoFunctions.java:120) - Successfully navigate to All Play Lists page
 INFO [main] (VerifyCopyPlayListUrlButton.java:60) - Watch link present in play list
 INFO [main] (PlayListsFun.java:44) - Successfully clicked on watch link from play list
 INFO [main] (AssertionRepoFunctions.java:153) - Successfully navigate to video page
 INFO [main] (VerifyCopyPlayListUrlButton.java:67) - The Video page title displayed after navigating from play list is 'Playlist | Watchable'
 INFO [main] (AssertionRepoFunctions.java:169) - Video player is present in video page
 INFO [main] (VerifyCopyPlayListUrlButton.java:79) - Play List share button present in play list
 INFO [main] (VerifyCopyPlayListUrlButton.java:90) - Play List URL button present in play list share option
 INFO [main] (CommonFun.java:88) - auto
 INFO [main] (CommonFun.java:106) - Copy Play List UR button is not clickable
 INFO [main] (VerifyCopyPlayListUrlButton.java:99) - true
 INFO [main] (VerifyCopyPlayListUrlButton.java:103) - The Copy Play List UR button is clickable
 INFO [main] (VerifyCopyPlayListUrlButton.java:107) - 
 INFO [main] (VerifyPlayListEmailSharringPopuoWindowContents.java:30) - Script: VerifyPlayListEmailSharringPopuoWindowContents
 INFO [main] (VerifyPlayListEmailSharringPopuoWindowContents.java:31) - ******************************************************
 INFO [main] (VerifyPlayListEmailSharringPopuoWindowContents.java:38) - Successfully opened the application
 INFO [main] (VerifyPlayListEmailSharringPopuoWindowContents.java:47) - Play Lists menu is present
 INFO [main] (PlayListsFun.java:27) - Successfully clicked on title 'Playlists' from Header menu
 INFO [main] (AssertionRepoFunctions.java:120) - Successfully navigate to All Play Lists page
 INFO [main] (VerifyPlayListEmailSharringPopuoWindowContents.java:63) - Watch link present in play list
 INFO [main] (PlayListsFun.java:44) - Successfully clicked on watch link from play list
 INFO [main] (AssertionRepoFunctions.java:153) - Successfully navigate to video page
 INFO [main] (VerifyPlayListEmailSharringPopuoWindowContents.java:70) - The Video page title displayed after navigating from play list is 'Playlist | Watchable'
 INFO [main] (AssertionRepoFunctions.java:169) - Video player is present in video page
 INFO [main] (VerifyPlayListEmailSharringPopuoWindowContents.java:82) - Play List share button present in play list
 INFO [main] (VerifyPlayListEmailSharringPopuoWindowContents.java:93) - Email button present in play list share option
 INFO [main] (PlayListsFun.java:174) - Successfully clicked on play list email share button
 INFO [main] (VerifyPlayListEmailSharringPopuoWindowContents.java:107) - Play List Email sharing pop up window is displayed after clicking on Email button
 INFO [main] (VerifyPlayListEmailSharringPopuoWindowContents.java:116) - The Title Email This Playlist is displaying email pop up window
 INFO [main] (VerifyPlayListEmailSharringPopuoWindowContents.java:131) - Close button is displaying email pop up window
 INFO [main] (VerifyPlayListEmailSharringPopuoWindowContents.java:139) - From email address text box is displaying email pop up window
 INFO [main] (VerifyPlayListEmailSharringPopuoWindowContents.java:147) - To email address text box is displaying email pop up window
 INFO [main] (VerifyPlayListEmailSharringPopuoWindowContents.java:155) - Message text box is displaying email pop up window
 INFO [main] (VerifyPlayListEmailSharringPopuoWindowContents.java:164) - Send button is displaying email pop up window
ERROR [main] (VerifyPlayListEmailSharringPopuoWindowContents.java:178) - The Play list URL is not displaying in message area of email pop up window
 INFO [main] (VerifyPlayListEmailSharringPopuoWindowContents.java:181) - 
 INFO [main] (VerifyPlayListEmailSharringFormCloseButton.java:29) - Script: VerifyPlayListEmailSharringFormCloseButton
 INFO [main] (VerifyPlayListEmailSharringFormCloseButton.java:30) - ******************************************************
 INFO [main] (VerifyPlayListEmailSharringFormCloseButton.java:37) - Successfully opened the application
 INFO [main] (VerifyPlayListEmailSharringFormCloseButton.java:46) - Play Lists menu is present
 INFO [main] (PlayListsFun.java:27) - Successfully clicked on title 'Playlists' from Header menu
 INFO [main] (AssertionRepoFunctions.java:120) - Successfully navigate to All Play Lists page
 INFO [main] (VerifyPlayListEmailSharringFormCloseButton.java:62) - Watch link present in play list
 INFO [main] (PlayListsFun.java:44) - Successfully clicked on watch link from play list
 INFO [main] (AssertionRepoFunctions.java:153) - Successfully navigate to video page
 INFO [main] (VerifyPlayListEmailSharringFormCloseButton.java:69) - The Video page title displayed after navigating from play list is 'Playlist | Watchable'
 INFO [main] (AssertionRepoFunctions.java:169) - Video player is present in video page
 INFO [main] (VerifyPlayListEmailSharringFormCloseButton.java:81) - Play List share button present in play list
 INFO [main] (VerifyPlayListEmailSharringFormCloseButton.java:92) - Email button present in play list share option
 INFO [main] (PlayListsFun.java:174) - Successfully clicked on play list email share button
 INFO [main] (VerifyPlayListEmailSharringFormCloseButton.java:106) - Play List Email sharing pop up window is displayed after clicking on Email button
 INFO [main] (VerifyPlayListEmailSharringFormCloseButton.java:115) - Close button is displaying email pop up window
 INFO [main] (PlayListsFun.java:239) - Successfully clicked on close button from share form
 INFO [main] (VerifyPlayListEmailSharringFormCloseButton.java:126) - Play List sharing Form is closed
 INFO [main] (VerifyPlayListEmailSharringFormCloseButton.java:128) - 
 INFO [main] (VerifyPlayListEmailSharringFunctionality.java:27) - Script: VerifyPlayListEmailSharringFunctionality
 INFO [main] (VerifyPlayListEmailSharringFunctionality.java:28) - *************************************************
 INFO [main] (VerifyPlayListEmailSharringFunctionality.java:35) - Successfully opened the application
 INFO [main] (VerifyPlayListEmailSharringFunctionality.java:44) - Play Lists menu is present
 INFO [main] (PlayListsFun.java:27) - Successfully clicked on title 'Playlists' from Header menu
 INFO [main] (AssertionRepoFunctions.java:120) - Successfully navigate to All Play Lists page
 INFO [main] (VerifyPlayListEmailSharringFunctionality.java:60) - Watch link present in play list
 INFO [main] (PlayListsFun.java:44) - Successfully clicked on watch link from play list
 INFO [main] (AssertionRepoFunctions.java:153) - Successfully navigate to video page
 INFO [main] (VerifyPlayListEmailSharringFunctionality.java:67) - The Video page title displayed after navigating from play list is 'Playlist | Watchable'
 INFO [main] (AssertionRepoFunctions.java:169) - Video player is present in video page
 INFO [main] (VerifyPlayListEmailSharringFunctionality.java:79) - Play List share button present in play list
 INFO [main] (VerifyPlayListEmailSharringFunctionality.java:90) - Email button present in play list share option
 INFO [main] (PlayListsFun.java:174) - Successfully clicked on play list email share button
 INFO [main] (VerifyPlayListEmailSharringFunctionality.java:104) - Play List Email sharing pop up window is displayed after clicking on Email button
 INFO [main] (VerifyPlayListEmailSharringFunctionality.java:106) - 
 INFO [main] (VerifyPlayListSharingFormMessageContent.java:29) - Script: VerifyPlayListSharingFormMessageContent
 INFO [main] (VerifyPlayListSharingFormMessageContent.java:30) - *************************************************
 INFO [main] (VerifyPlayListSharingFormMessageContent.java:37) - Successfully opened the application
 INFO [main] (VerifyPlayListSharingFormMessageContent.java:46) - Play Lists menu is present
 INFO [main] (PlayListsFun.java:27) - Successfully clicked on title 'Playlists' from Header menu
 INFO [main] (AssertionRepoFunctions.java:120) - Successfully navigate to All Play Lists page
 INFO [main] (VerifyPlayListSharingFormMessageContent.java:62) - Watch link present in play list
 INFO [main] (PlayListsFun.java:44) - Successfully clicked on watch link from play list
 INFO [main] (AssertionRepoFunctions.java:153) - Successfully navigate to video page
 INFO [main] (VerifyPlayListSharingFormMessageContent.java:69) - The Video page title displayed after navigating from play list is 'Playlist | Watchable'
 INFO [main] (AssertionRepoFunctions.java:169) - Video player is present in video page
 INFO [main] (VerifyPlayListSharingFormMessageContent.java:81) - Play List share button present in play list
 INFO [main] (VerifyPlayListSharingFormMessageContent.java:92) - Email button present in play list share option
 INFO [main] (PlayListsFun.java:174) - Successfully clicked on play list email share button
 INFO [main] (VerifyPlayListSharingFormMessageContent.java:106) - Play List Email sharing pop up window is displayed after clicking on Email button
 INFO [main] (VerifyPlayListSharingFormMessageContent.java:110) - play List Url: http://portal2qa.xidio.com/playlists/DPWJe7Ajn_3685
 INFO [main] (VerifyPlayListSharingFormMessageContent.java:119) - Message text box is displaying email pop up window
 INFO [main] (VerifyPlayListSharingFormMessageContent.java:131) - Message Text: http://portal2qa.xidio.com/playlists/DPWJe7Ajn_3685
 INFO [main] (VerifyPlayListSharingFormMessageContent.java:136) - The message text box contains Play List Url URL
 INFO [main] (VerifyPlayListSharingFormMessageContent.java:138) - 
 INFO [main] (VerifyPlayListSharingSendFunctionality.java:30) - Script: VerifyPlayListSharingSendFunctionality
 INFO [main] (VerifyPlayListSharingSendFunctionality.java:31) - **********************************************
 INFO [main] (VerifyPlayListSharingSendFunctionality.java:38) - Successfully opened the application
 INFO [main] (VerifyPlayListSharingSendFunctionality.java:47) - Play Lists menu is present
 INFO [main] (PlayListsFun.java:27) - Successfully clicked on title 'Playlists' from Header menu
 INFO [main] (AssertionRepoFunctions.java:120) - Successfully navigate to All Play Lists page
 INFO [main] (VerifyPlayListSharingSendFunctionality.java:63) - Watch link present in play list
 INFO [main] (PlayListsFun.java:44) - Successfully clicked on watch link from play list
 INFO [main] (AssertionRepoFunctions.java:153) - Successfully navigate to video page
 INFO [main] (VerifyPlayListSharingSendFunctionality.java:70) - The Video page title displayed after navigating from play list is 'Playlist | Watchable'
 INFO [main] (AssertionRepoFunctions.java:169) - Video player is present in video page
 INFO [main] (VerifyPlayListSharingSendFunctionality.java:82) - Play List share button present in play list
 INFO [main] (VerifyPlayListSharingSendFunctionality.java:93) - Email button present in play list share option
 INFO [main] (PlayListsFun.java:174) - Successfully clicked on play list email share button
 INFO [main] (VerifyPlayListSharingSendFunctionality.java:107) - Play List Email sharing pop up window is displayed after clicking on Email button
 INFO [main] (PlayListsFun.java:260) - The From email address entered is: watchable_v2.30.26.6@gmail.com
 INFO [main] (PlayListsFun.java:268) - The To email address entered is: new.user@gmail.com
 INFO [main] (PlayListsFun.java:282) - Successfully clicked on send button  from email sharing window
 INFO [main] (VerifyPlayListSharingSendFunctionality.java:123) - The successful confirmation message 'Great, Playlist has been sent to your friend!' displayed after sending Play List link
 INFO [main] (VerifyPlayListSharingSendFunctionality.java:129) - 
 INFO [main] (VerifyPlayListSharingSendWithBlankFields.java:28) - Script: VerifyPlayListSharingSendWithBlankFields
 INFO [main] (VerifyPlayListSharingSendWithBlankFields.java:29) - ************************************************
 INFO [main] (VerifyPlayListSharingSendWithBlankFields.java:36) - Successfully opened the application
 INFO [main] (VerifyPlayListSharingSendWithBlankFields.java:45) - Play Lists menu is present
 INFO [main] (PlayListsFun.java:27) - Successfully clicked on title 'Playlists' from Header menu
 INFO [main] (AssertionRepoFunctions.java:120) - Successfully navigate to All Play Lists page
 INFO [main] (VerifyPlayListSharingSendWithBlankFields.java:61) - Watch link present in play list
 INFO [main] (PlayListsFun.java:44) - Successfully clicked on watch link from play list
 INFO [main] (AssertionRepoFunctions.java:153) - Successfully navigate to video page
 INFO [main] (VerifyPlayListSharingSendWithBlankFields.java:68) - The Video page title displayed after navigating from play list is 'Playlist | Watchable'
 INFO [main] (AssertionRepoFunctions.java:169) - Video player is present in video page
 INFO [main] (VerifyPlayListSharingSendWithBlankFields.java:80) - Play List share button present in play list
 INFO [main] (VerifyPlayListSharingSendWithBlankFields.java:91) - Email button present in play list share option
 INFO [main] (PlayListsFun.java:174) - Successfully clicked on play list email share button
 INFO [main] (VerifyPlayListSharingSendWithBlankFields.java:105) - Play List Email sharing pop up window is displayed after clicking on Email button
 INFO [main] (PlayListsFun.java:282) - Successfully clicked on send button  from email sharing window
 INFO [main] (VerifyPlayListSharingSendWithBlankFields.java:121) - The Error message 'Email is required' displayed for From email address
 INFO [main] (VerifyPlayListSharingSendWithBlankFields.java:133) - The Error message 'Email is required' displayed for To email address
 INFO [main] (VerifyPlayListSharingSendWithBlankFields.java:144) - The Error message 'Email content can not be empty' displayed for email share message
 INFO [main] (VerifyPlayListSharingSendWithBlankFields.java:150) - 
 INFO [main] (VerifyPlayListSharingSendWithInvalidEmails.java:32) - Script: VerifyPlayListSharingSendWithInvalidEmails
 INFO [main] (VerifyPlayListSharingSendWithInvalidEmails.java:33) - ************************************************
 INFO [main] (VerifyPlayListSharingSendWithInvalidEmails.java:40) - Successfully opened the application
 INFO [main] (VerifyPlayListSharingSendWithInvalidEmails.java:49) - Play Lists menu is present
 INFO [main] (PlayListsFun.java:27) - Successfully clicked on title 'Playlists' from Header menu
 INFO [main] (AssertionRepoFunctions.java:120) - Successfully navigate to All Play Lists page
 INFO [main] (VerifyPlayListSharingSendWithInvalidEmails.java:65) - Watch link present in play list
 INFO [main] (PlayListsFun.java:44) - Successfully clicked on watch link from play list
 INFO [main] (AssertionRepoFunctions.java:153) - Successfully navigate to video page
 INFO [main] (VerifyPlayListSharingSendWithInvalidEmails.java:72) - The Video page title displayed after navigating from play list is 'Playlist | Watchable'
 INFO [main] (AssertionRepoFunctions.java:169) - Video player is present in video page
 INFO [main] (VerifyPlayListSharingSendWithInvalidEmails.java:84) - Play List share button present in play list
 INFO [main] (VerifyPlayListSharingSendWithInvalidEmails.java:95) - Email button present in play list share option
 INFO [main] (PlayListsFun.java:174) - Successfully clicked on play list email share button
 INFO [main] (VerifyPlayListSharingSendWithInvalidEmails.java:109) - Play List Email sharing pop up window is displayed after clicking on Email button
 INFO [main] (PlayListsFun.java:260) - The From email address entered is: abc.com@d
 INFO [main] (PlayListsFun.java:268) - The To email address entered is: abc.com@d
 INFO [main] (PlayListsFun.java:282) - Successfully clicked on send button  from email sharing window
 INFO [main] (VerifyPlayListSharingSendWithInvalidEmails.java:124) - The Error message 'Please enter a valid email address' displayed for From email address
 INFO [main] (VerifyPlayListSharingSendWithInvalidEmails.java:136) - The Error message 'Please enter a valid email address' displayed for To email address
 INFO [main] (VerifyPlayListSharingSendWithInvalidEmails.java:141) - 
 INFO [main] (VerifyPlayListSharingSendWithInvalidFromEmail.java:32) - Script: VerifyPlayListSharingSendWithInvalidFromEmail
 INFO [main] (VerifyPlayListSharingSendWithInvalidFromEmail.java:33) - ************************************************
 INFO [main] (VerifyPlayListSharingSendWithInvalidFromEmail.java:40) - Successfully opened the application
 INFO [main] (VerifyPlayListSharingSendWithInvalidFromEmail.java:49) - Play Lists menu is present
 INFO [main] (PlayListsFun.java:27) - Successfully clicked on title 'Playlists' from Header menu
 INFO [main] (AssertionRepoFunctions.java:120) - Successfully navigate to All Play Lists page
 INFO [main] (VerifyPlayListSharingSendWithInvalidFromEmail.java:65) - Watch link present in play list
 INFO [main] (PlayListsFun.java:44) - Successfully clicked on watch link from play list
 INFO [main] (AssertionRepoFunctions.java:153) - Successfully navigate to video page
 INFO [main] (VerifyPlayListSharingSendWithInvalidFromEmail.java:72) - The Video page title displayed after navigating from play list is 'Playlist | Watchable'
 INFO [main] (AssertionRepoFunctions.java:169) - Video player is present in video page
 INFO [main] (VerifyPlayListSharingSendWithInvalidFromEmail.java:84) - Play List share button present in play list
 INFO [main] (VerifyPlayListSharingSendWithInvalidFromEmail.java:95) - Email button present in play list share option
 INFO [main] (PlayListsFun.java:174) - Successfully clicked on play list email share button
 INFO [main] (VerifyPlayListSharingSendWithInvalidFromEmail.java:109) - Play List Email sharing pop up window is displayed after clicking on Email button
 INFO [main] (PlayListsFun.java:260) - The From email address entered is: abc.com@d
 INFO [main] (PlayListsFun.java:268) - The To email address entered is: new.user@gmail.com
 INFO [main] (PlayListsFun.java:282) - Successfully clicked on send button  from email sharing window
 INFO [main] (VerifyPlayListSharingSendWithInvalidFromEmail.java:125) - The Error message 'Please enter a valid email address' displayed for From email address
 INFO [main] (VerifyPlayListSharingSendWithInvalidFromEmail.java:131) - 
 INFO [main] (VerifyPlayListSharingSendWithInvalidToEmail.java:32) - Script: VerifyPlayListSharingSendWithInvalidToEmail
 INFO [main] (VerifyPlayListSharingSendWithInvalidToEmail.java:33) - ****************************************************
 INFO [main] (VerifyPlayListSharingSendWithInvalidToEmail.java:40) - Successfully opened the application
 INFO [main] (VerifyPlayListSharingSendWithInvalidToEmail.java:49) - Play Lists menu is present
 INFO [main] (PlayListsFun.java:27) - Successfully clicked on title 'Playlists' from Header menu
 INFO [main] (AssertionRepoFunctions.java:120) - Successfully navigate to All Play Lists page
 INFO [main] (VerifyPlayListSharingSendWithInvalidToEmail.java:65) - Watch link present in play list
 INFO [main] (PlayListsFun.java:44) - Successfully clicked on watch link from play list
 INFO [main] (AssertionRepoFunctions.java:153) - Successfully navigate to video page
 INFO [main] (VerifyPlayListSharingSendWithInvalidToEmail.java:72) - The Video page title displayed after navigating from play list is 'Playlist | Watchable'
 INFO [main] (AssertionRepoFunctions.java:169) - Video player is present in video page
 INFO [main] (VerifyPlayListSharingSendWithInvalidToEmail.java:84) - Play List share button present in play list
 INFO [main] (VerifyPlayListSharingSendWithInvalidToEmail.java:95) - Email button present in play list share option
 INFO [main] (PlayListsFun.java:174) - Successfully clicked on play list email share button
 INFO [main] (VerifyPlayListSharingSendWithInvalidToEmail.java:109) - Play List Email sharing pop up window is displayed after clicking on Email button
 INFO [main] (PlayListsFun.java:260) - The From email address entered is: new.user@gmail.com
 INFO [main] (PlayListsFun.java:268) - The To email address entered is: abc.com@d
 INFO [main] (PlayListsFun.java:282) - Successfully clicked on send button  from email sharing window
 INFO [main] (VerifyPlayListSharingSendWithInvalidToEmail.java:123) - The Error message 'Please enter a valid email address' displayed for To email address
 INFO [main] (VerifyPlayListSharingSendWithInvalidToEmail.java:128) - 
 INFO [main] (VerifyPlayListSharingTwitterFunctionality.java:30) - Script: VerifyPlayListSharingTwitterFunctionality
 INFO [main] (VerifyPlayListSharingTwitterFunctionality.java:31) - *************************************************
 INFO [main] (VerifyPlayListSharingTwitterFunctionality.java:38) - Successfully opened the application
 INFO [main] (VerifyPlayListSharingTwitterFunctionality.java:47) - Play Lists menu is present
 INFO [main] (PlayListsFun.java:27) - Successfully clicked on title 'Playlists' from Header menu
 INFO [main] (AssertionRepoFunctions.java:120) - Successfully navigate to All Play Lists page
 INFO [main] (VerifyPlayListSharingTwitterFunctionality.java:63) - Watch link present in play list
 INFO [main] (PlayListsFun.java:44) - Successfully clicked on watch link from play list
 INFO [main] (AssertionRepoFunctions.java:153) - Successfully navigate to video page
 INFO [main] (VerifyPlayListSharingTwitterFunctionality.java:70) - The Video page title displayed after navigating from play list is 'Playlist | Watchable'
 INFO [main] (AssertionRepoFunctions.java:169) - Video player is present in video page
 INFO [main] (VerifyPlayListSharingTwitterFunctionality.java:82) - Play List share button present in play list
 INFO [main] (VerifyPlayListSharingTwitterFunctionality.java:93) - Twitter button present in play list share option
 INFO [main] (VerifyPlayListSharingTwitterFunctionality.java:99) - Currently playing play list: http://portal2qa.xidio.com/playlists/DPWJe7Ajn_3685
 INFO [main] (PlayListsFun.java:197) - Successfully clicked on play list twitter share button
 INFO [main] (VerifyPlayListSharingTwitterFunctionality.java:112) - Share a link on Twitter popup window opened after clicking on Tweet button
 INFO [main] (VerifyPlayListSharingTwitterFunctionality.java:118) - Text present in share text box in Twitter pop up window
 INFO [main] (VerifyPlayListSharingTwitterFunctionality.java:119) - Share text box content : Checkout This Awesome Playlist http://portal2qa.xidio.com/playlists/DPWJe7Ajn_3685 #Watchable
 INFO [main] (VerifyPlayListSharingTwitterFunctionality.java:125) - Text present in share text box in Twitter pop up window contains currently playing video URL
 INFO [main] (VerifyPlayListSharingTwitterFunctionality.java:141) - 
 INFO [main] (VerifyPlayListSharingFaceBookFunctionality.java:32) - Script: VerifyPlayListSharingFaceBookFunctionality
 INFO [main] (VerifyPlayListSharingFaceBookFunctionality.java:33) - *************************************************
 INFO [main] (VerifyPlayListSharingFaceBookFunctionality.java:40) - Successfully opened the application
 INFO [main] (VerifyPlayListSharingFaceBookFunctionality.java:49) - Play Lists menu is present
 INFO [main] (PlayListsFun.java:27) - Successfully clicked on title 'Playlists' from Header menu
 INFO [main] (AssertionRepoFunctions.java:120) - Successfully navigate to All Play Lists page
 INFO [main] (VerifyPlayListSharingFaceBookFunctionality.java:65) - Watch link present in play list
 INFO [main] (PlayListsFun.java:44) - Successfully clicked on watch link from play list
 INFO [main] (AssertionRepoFunctions.java:153) - Successfully navigate to video page
 INFO [main] (VerifyPlayListSharingFaceBookFunctionality.java:72) - The Video page title displayed after navigating from play list is 'Playlist | Watchable'
 INFO [main] (AssertionRepoFunctions.java:169) - Video player is present in video page
 INFO [main] (VerifyPlayListSharingFaceBookFunctionality.java:84) - Play List share button present in play list
 INFO [main] (VerifyPlayListSharingFaceBookFunctionality.java:95) - Face Book button present in play list share option
 INFO [main] (PlayListsFun.java:220) - Successfully clicked on play list face book share button
 INFO [main] (VerifyPlayListSharingFaceBookFunctionality.java:110) - Share a link on Face book popup window opened after clicking on Face book button
 INFO [main] (VerifyPlayListSharingFaceBookFunctionality.java:116) - Face Book pop up window opened after clicking on FB button
 INFO [main] (VerifyPlayListSharingFaceBookFunctionality.java:128) - 
 INFO [main] (VerifyClickingOnHomeFooterLinkFromPlayListsPageNavigatesHomePage.java:34) - Script: VerifyClickingOnHomeFooterLinkFromPlayListsPageNavigatesHomePage
 INFO [main] (VerifyClickingOnHomeFooterLinkFromPlayListsPageNavigatesHomePage.java:35) - **********************************************************************
 INFO [main] (VerifyClickingOnHomeFooterLinkFromPlayListsPageNavigatesHomePage.java:42) - Successfully opened the application
 INFO [main] (VerifyClickingOnHomeFooterLinkFromPlayListsPageNavigatesHomePage.java:51) - Play List menu is present
 INFO [main] (PlayListsFun.java:27) - Successfully clicked on title 'Playlists' from Header menu
 INFO [main] (AssertionRepoFunctions.java:120) - Successfully navigate to All Play Lists page
 INFO [main] (VerifyClickingOnHomeFooterLinkFromPlayListsPageNavigatesHomePage.java:73) - Home Link is present
 INFO [main] (FooterLinkFun.java:50) - Successfully clicked On Home link
 INFO [main] (VerifyClickingOnHomeFooterLinkFromPlayListsPageNavigatesHomePage.java:81) - Successfully Navigated to Home page after clicking on Home link from All Play Lists page
 INFO [main] (VerifyClickingOnHomeFooterLinkFromPlayListsPageNavigatesHomePage.java:83) - 
 INFO [main] (VerifyUserNavigatingToHomePageLogoutFromAllPlayListsPage.java:34) - Script: VerifyUserNavigatingToHomePageLogoutFromAllPlayListsPage
 INFO [main] (VerifyUserNavigatingToHomePageLogoutFromAllPlayListsPage.java:35) - ***************************************************************
 INFO [main] (VerifyUserNavigatingToHomePageLogoutFromAllPlayListsPage.java:42) - Successfully opened the application
 INFO [main] (LoginFun.java:44) - Login form opened successfully
 INFO [main] (LoginFun.java:52) - User name entered: watchable_v2.30.26.6@gmail.com
 INFO [main] (LoginFun.java:60) - Password entered: Demo1111
 INFO [main] (LoginFun.java:66) - Clicked on Login button from Login form
 INFO [main] (LoginFun.java:78) - Successfully login Watchable application...!
 INFO [main] (VerifyUserNavigatingToHomePageLogoutFromAllPlayListsPage.java:59) - Play List menu is present
 INFO [main] (PlayListsFun.java:27) - Successfully clicked on title 'Playlists' from Header menu
 INFO [main] (AssertionRepoFunctions.java:120) - Successfully navigate to All Play Lists page
 INFO [main] (LoginFun.java:181) - Successfully Selected Logout option
 INFO [main] (LoginFun.java:189) - Successfully logout from the application...!
 INFO [main] (VerifyUserNavigatingToHomePageLogoutFromAllPlayListsPage.java:73) - Successfully navigate back to Home Page after logout from All Play Lists Page
 INFO [main] (VerifyUserNavigatingToHomePageLogoutFromAllPlayListsPage.java:75) - 
 INFO [main] (VerifyNavigatingToVideoPageFromHomePage.java:33) - Script: VerifyNavigatingToVideoPageFromHomePage
 INFO [main] (VerifyNavigatingToVideoPageFromHomePage.java:34) - ***********************************************
 INFO [main] (VerifyNavigatingToVideoPageFromHomePage.java:42) - Successfully opened the application
 INFO [main] (AssertionRepoFunctions.java:1377) - Video Section title 'What we're watching' is present in Home Page
 INFO [main] (VerifyNavigatingToVideoPageFromHomePage.java:56) - What we're watching video row is present in home page
 INFO [main] (PlayerPageFun.java:25) - Successfully clicked on video title form video section
 INFO [main] (AssertionRepoFunctions.java:136) - Successfully navigate to video page
 INFO [main] (AssertionRepoFunctions.java:169) - Video player is present in video page
 INFO [main] (VerifyNavigatingToVideoPageFromChannelPage.java:35) - Script: VerifyNavigatingToVideoPageFromChannelPage
 INFO [main] (VerifyNavigatingToVideoPageFromChannelPage.java:36) - **************************************************
 INFO [main] (VerifyNavigatingToVideoPageFromChannelPage.java:44) - Successfully opened the application
 INFO [main] (AssertionRepoFunctions.java:1433) - The shows Section title 'Watchable shows of the week' is present  in Home Page
 INFO [main] (ChannelPageFun.java:30) - Successfully clicked On First Show 'Devin Supertramp' from Watchable SHOWS OF THE WEEK section
 INFO [main] (AssertionRepoFunctions.java:304) - User is successfully navigate to Show detail page.
 INFO [main] (PlayerPageFun.java:25) - Successfully clicked on video title form video section
 INFO [main] (AssertionRepoFunctions.java:136) - Successfully navigate to video page
 INFO [main] (AssertionRepoFunctions.java:169) - Video player is present in video page
 INFO [main] (VerifyNavigatingToVideoPageFromChannelPage.java:88) - 
 INFO [main] (VerifyNavigatingToVideoPageFromSearchResultPage.java:33) - Script: VerifyNavigatingToVideoPageFromSearchResultPage
 INFO [main] (VerifyNavigatingToVideoPageFromSearchResultPage.java:34) - *******************************************************
 INFO [main] (VerifyNavigatingToVideoPageFromSearchResultPage.java:40) - Successfully opened the application
 INFO [main] (VerifyNavigatingToVideoPageFromSearchResultPage.java:48) - Search icon(button) is present in header
 INFO [main] (searchFun.java:26) - Successfully clicked on Search icon
 INFO [main] (VerifyNavigatingToVideoPageFromSearchResultPage.java:58) - Search text box is present in header
 INFO [main] (searchFun.java:47) - The search key entered is : food
 INFO [main] (AssertionRepoFunctions.java:58) - Successfully navigate to search result page
 INFO [main] (PlayerPageFun.java:60) - Successfully clicked on video title form video section of search result page
 INFO [main] (AssertionRepoFunctions.java:136) - Successfully navigate to video page
 INFO [main] (AssertionRepoFunctions.java:169) - Video player is present in video page
 INFO [main] (VerifyNavigatingToVideoPageFromSearchResultPage.java:93) - 
 INFO [main] (VerifyNavigatingToVideoPageFromMyWatchlistPage.java:33) - Script: VerifyNavigatingToVideoPageFromMyWatchlistPage
 INFO [main] (VerifyNavigatingToVideoPageFromMyWatchlistPage.java:34) - ******************************************************
 INFO [main] (VerifyNavigatingToVideoPageFromMyWatchlistPage.java:41) - Successfully opened the application
 INFO [main] (LoginFun.java:44) - Login form opened successfully
 INFO [main] (LoginFun.java:52) - User name entered: watchable_v2.30.26.6@gmail.com
 INFO [main] (LoginFun.java:60) - Password entered: Demo1111
 INFO [main] (LoginFun.java:66) - Clicked on Login button from Login form
 INFO [main] (LoginFun.java:78) - Successfully login Watchable application...!
 INFO [main] (VerifyNavigatingToVideoPageFromMyWatchlistPage.java:58) - My Watchlist menu is present in header
 INFO [main] (PlayerPageFun.java:75) - Successfully clicked on My Watchlist menu from header
 INFO [main] (AssertionRepoFunctions.java:288) - Successfully navigate to my Shows page
 INFO [main] (PlayerPageFun.java:43) - Successfully clicked on video title form  My watch list video section
 INFO [main] (VerifyNavigatingToVideoPageFromMyWatchlistPage.java:97) - true
 INFO [main] (VerifyNavigatingToVideoPageFromMyWatchlistPage.java:100) - play from start present
 INFO [main] (AssertionRepoFunctions.java:136) - Successfully navigate to video page
 INFO [main] (AssertionRepoFunctions.java:169) - Video player is present in video page
 INFO [main] (VerifyControlsOnVideoPlayerDuringPlay.java:33) - Script: VerifyControlsOnVideoPlayerDuringPlay
 INFO [main] (VerifyControlsOnVideoPlayerDuringPlay.java:34) - *********************************************
 INFO [main] (VerifyControlsOnVideoPlayerDuringPlay.java:42) - Successfully opened the application
 INFO [main] (AssertionRepoFunctions.java:1377) - Video Section title 'What we're watching' is present in Home Page
 INFO [main] (VerifyControlsOnVideoPlayerDuringPlay.java:56) - Featured video row is present in home page
 INFO [main] (PlayerPageFun.java:25) - Successfully clicked on video title form video section
 INFO [main] (AssertionRepoFunctions.java:136) - Successfully navigate to video page
 INFO [main] (AssertionRepoFunctions.java:169) - Video player is present in video page
 INFO [main] (VerifyControlsOnVideoPlayerDuringPlay.java:82) - Pause button is displaying on player while playing video
 INFO [main] (AssertionRepoFunctions.java:189) - Rewind Button is present in video player
 INFO [main] (AssertionRepoFunctions.java:198) - Video played time display is present in video player
 INFO [main] (AssertionRepoFunctions.java:207) - Scrubber Button is present in video player
 INFO [main] (AssertionRepoFunctions.java:216) - Video duration time is present in video player
 INFO [main] (AssertionRepoFunctions.java:225) - Volume Button is present in video player
 INFO [main] (AssertionRepoFunctions.java:234) - Share Button is present in video player
 INFO [main] (AssertionRepoFunctions.java:252) - Follow Button is present in video player
 INFO [main] (AssertionRepoFunctions.java:261) - Full screen Button is present in video player
 INFO [main] (AssertionRepoFunctions.java:270) - More Button is present in video player
 INFO [main] (VerifyControlsOnVideoPlayerDuringPause.java:33) - Script: VerifyControlsOnVideoPlayerDuringPause
 INFO [main] (VerifyControlsOnVideoPlayerDuringPause.java:34) - **********************************************
 INFO [main] (VerifyControlsOnVideoPlayerDuringPause.java:42) - Successfully opened the application
 INFO [main] (AssertionRepoFunctions.java:1377) - Video Section title 'What we're watching' is present in Home Page
 INFO [main] (VerifyControlsOnVideoPlayerDuringPause.java:56) - What we're watching video row is present in home page
 INFO [main] (PlayerPageFun.java:25) - Successfully clicked on video title form video section
 INFO [main] (AssertionRepoFunctions.java:136) - Successfully navigate to video page
 INFO [main] (AssertionRepoFunctions.java:169) - Video player is present in video page
 INFO [main] (PlayerPageFun.java:149) - Successfully clicked on pause button from player
 INFO [main] (VerifyControlsOnVideoPlayerDuringPause.java:86) - Play button is displaying on player when play is paused
 INFO [main] (AssertionRepoFunctions.java:189) - Rewind Button is present in video player
 INFO [main] (AssertionRepoFunctions.java:198) - Video played time display is present in video player
 INFO [main] (AssertionRepoFunctions.java:207) - Scrubber Button is present in video player
 INFO [main] (AssertionRepoFunctions.java:216) - Video duration time is present in video player
 INFO [main] (AssertionRepoFunctions.java:225) - Volume Button is present in video player
 INFO [main] (AssertionRepoFunctions.java:234) - Share Button is present in video player
 INFO [main] (AssertionRepoFunctions.java:252) - Follow Button is present in video player
 INFO [main] (AssertionRepoFunctions.java:261) - Full screen Button is present in video player
 INFO [main] (AssertionRepoFunctions.java:270) - More Button is present in video player
 INFO [main] (VerifyCurrentDuration.java:33) - Script: VerifyCurrentDuration
 INFO [main] (VerifyCurrentDuration.java:34) - *******************************
 INFO [main] (VerifyCurrentDuration.java:42) - Successfully opened the application
 INFO [main] (AssertionRepoFunctions.java:1377) - Video Section title 'What we're watching' is present in Home Page
 INFO [main] (VerifyCurrentDuration.java:56) - What we're watching video row is present in home page
 INFO [main] (PlayerPageFun.java:25) - Successfully clicked on video title form video section
 INFO [main] (AssertionRepoFunctions.java:136) - Successfully navigate to video page
 INFO [main] (AssertionRepoFunctions.java:169) - Video player is present in video page
 INFO [main] (VerifyCurrentDuration.java:82) - Video current played time is displayed in video player
 INFO [main] (VerifyCurrentDuration.java:86) - Video current played time is: 0:39
 INFO [main] (VerifyCurrentDuration.java:92) - Video current played time is:  Minutes
 INFO [main] (VerifyVideoTotalDuration.java:32) - Script: VerifyVideoTotalDuration
 INFO [main] (VerifyVideoTotalDuration.java:33) - ********************************
 INFO [main] (VerifyVideoTotalDuration.java:41) - Successfully opened the application
 INFO [main] (AssertionRepoFunctions.java:1377) - Video Section title 'What we're watching' is present in Home Page
 INFO [main] (VerifyVideoTotalDuration.java:54) - What we're watching video row is present in home page
 INFO [main] (PlayerPageFun.java:25) - Successfully clicked on video title form video section
 INFO [main] (AssertionRepoFunctions.java:136) - Successfully navigate to video page
 INFO [main] (AssertionRepoFunctions.java:169) - Video player is present in video page
 INFO [main] (VerifyVideoTotalDuration.java:83) - Video total duration time is displayed in video player
 INFO [main] (VerifyVideoTotalDuration.java:94) - Video total duration time is: 13:47 Minutes
 INFO [main] (VerifyVideoTotalDuration.java:99) - Video total duration time is:  Minutes
 INFO [main] (VerifyCurrentPlayingVideoTitle.java:33) - Script: VerifyCurrentPlayingVideoTitle
 INFO [main] (VerifyCurrentPlayingVideoTitle.java:34) - *******************************
 INFO [main] (VerifyCurrentPlayingVideoTitle.java:42) - Successfully opened the application
 INFO [main] (AssertionRepoFunctions.java:1377) - Video Section title 'What we're watching' is present in Home Page
 INFO [main] (VerifyCurrentPlayingVideoTitle.java:55) - What we're watching video row is present in home page
 INFO [main] (PlayerPageFun.java:25) - Successfully clicked on video title form video section
 INFO [main] (AssertionRepoFunctions.java:136) - Successfully navigate to video page
 INFO [main] (PlayerPageFun.java:343) - Successfully clicked on video player
 INFO [main] (VerifyCurrentPlayingVideoTitle.java:79) - Currently playing video title is present in video page
 INFO [main] (VerifyCurrentPlayingVideoTitle.java:82) - The title of the video is: Build a Gaming PC on Your Budget- Holiday Buyer's..
 INFO [main] (VerifyChannelNameOfCurrentPlayingVideo.java:33) - Script: VerifyChannelNameOfCurrentPlayingVideo
 INFO [main] (VerifyChannelNameOfCurrentPlayingVideo.java:34) - **********************************************
 INFO [main] (VerifyChannelNameOfCurrentPlayingVideo.java:42) - Successfully opened the application
 INFO [main] (AssertionRepoFunctions.java:1377) - Video Section title 'What we're watching' is present in Home Page
 INFO [main] (VerifyChannelNameOfCurrentPlayingVideo.java:55) - What we're watching video row is present in home page
 INFO [main] (PlayerPageFun.java:25) - Successfully clicked on video title form video section
 INFO [main] (AssertionRepoFunctions.java:136) - Successfully navigate to video page
 INFO [main] (PlayerPageFun.java:343) - Successfully clicked on video player
 INFO [main] (VerifyChannelNameOfCurrentPlayingVideo.java:80) - Currently playing video channel title is present in video page
 INFO [main] (VerifyChannelNameOfCurrentPlayingVideo.java:83) - The title of the channel is: LINUSTECHTIPS
 INFO [main] (VerifyNavigatingToChannelPageFromVideoPage.java:34) - Script: VerifyNavigatingToChannelPageFromVideoPage
 INFO [main] (VerifyNavigatingToChannelPageFromVideoPage.java:35) - **************************************************
 INFO [main] (VerifyNavigatingToChannelPageFromVideoPage.java:43) - Successfully opened the application
 INFO [main] (AssertionRepoFunctions.java:1377) - Video Section title 'What we're watching' is present in Home Page
 INFO [main] (VerifyNavigatingToChannelPageFromVideoPage.java:56) - What we're watching video row is present in home page
 INFO [main] (PlayerPageFun.java:25) - Successfully clicked on video title form video section
 INFO [main] (AssertionRepoFunctions.java:136) - Successfully navigate to video page
 INFO [main] (PlayerPageFun.java:343) - Successfully clicked on video player
 INFO [main] (VerifyNavigatingToChannelPageFromVideoPage.java:81) - Currently playing video channel title is present in video page
 INFO [main] (VerifyNavigatingToChannelPageFromVideoPage.java:84) - The title of the channel is: LINUSTECHTIPS
 INFO [main] (PlayerPageFun.java:214) - Successfully clicked on channel title link from video page
 INFO [main] (AssertionRepoFunctions.java:304) - User is successfully navigate to Show detail page.
 INFO [main] (VerifyPauseFunctionality.java:33) - Script: VerifyPauseFunctionality
 INFO [main] (VerifyPauseFunctionality.java:34) - ********************************
 INFO [main] (VerifyPauseFunctionality.java:42) - Successfully opened the application
 INFO [main] (AssertionRepoFunctions.java:1377) - Video Section title 'What we're watching' is present in Home Page
 INFO [main] (VerifyPauseFunctionality.java:55) - What we're watching video row is present in home page
 INFO [main] (PlayerPageFun.java:25) - Successfully clicked on video title form video section
 INFO [main] (AssertionRepoFunctions.java:136) - Successfully navigate to video page
 INFO [main] (AssertionRepoFunctions.java:169) - Video player is present in video page
 INFO [main] (PlayerPageFun.java:149) - Successfully clicked on pause button from player
 INFO [main] (VerifyPauseFunctionality.java:85) - Play button is displaying on player when play is paused
 INFO [main] (VerifyReportWithoutLogin.java:33) - Script: VerifyReportWithoutLogin
 INFO [main] (VerifyReportWithoutLogin.java:34) - ********************************
 INFO [main] (VerifyReportWithoutLogin.java:42) - Successfully opened the application
 INFO [main] (AssertionRepoFunctions.java:1377) - Video Section title 'What we're watching' is present in Home Page
 INFO [main] (VerifyReportWithoutLogin.java:55) - What we're watching video row is present in home page
 INFO [main] (PlayerPageFun.java:25) - Successfully clicked on video title form video section
 INFO [main] (AssertionRepoFunctions.java:136) - Successfully navigate to video page
 INFO [main] (AssertionRepoFunctions.java:169) - Video player is present in video page
comcast.test.app.testCases.playerVideoPage.VerifyReportWithoutLogin
VerifyReportWithoutLogin
comcast.test.app.testCases.playerVideoPage.VerifyReportWithoutLogin
 INFO [main] (VerifyReportAfterLogin.java:35) - Script: VerifyReportAfterLogin
 INFO [main] (VerifyReportAfterLogin.java:36) - ********************************
 INFO [main] (VerifyReportAfterLogin.java:44) - Successfully opened the application
 INFO [main] (LoginFun.java:44) - Login form opened successfully
 INFO [main] (LoginFun.java:52) - User name entered: watchable_v2.30.26.6@gmail.com
 INFO [main] (LoginFun.java:60) - Password entered: Demo1111
 INFO [main] (LoginFun.java:66) - Clicked on Login button from Login form
 INFO [main] (LoginFun.java:78) - Successfully login Watchable application...!
 INFO [main] (AssertionRepoFunctions.java:1377) - Video Section title 'What we're watching' is present in Home Page
 INFO [main] (VerifyReportAfterLogin.java:67) - What we're watching video row is present in home page
 INFO [main] (PlayerPageFun.java:25) - Successfully clicked on video title form video section
 INFO [main] (VerifyReportAfterLogin.java:98) - true
 INFO [main] (VerifyReportAfterLogin.java:101) - play from start present
 INFO [main] (AssertionRepoFunctions.java:136) - Successfully navigate to video page
 INFO [main] (AssertionRepoFunctions.java:169) - Video player is present in video page
comcast.test.app.testCases.playerVideoPage.VerifyReportAfterLogin
VerifyReportAfterLogin
comcast.test.app.testCases.playerVideoPage.VerifyReportAfterLogin
 INFO [main] (VerifyReportCancelAfterLogin.java:37) - Script: VerifyReportCancelAfterLogin
 INFO [main] (VerifyReportCancelAfterLogin.java:38) - ************************************
 INFO [main] (VerifyReportCancelAfterLogin.java:46) - Successfully opened the application
 INFO [main] (LoginFun.java:44) - Login form opened successfully
 INFO [main] (LoginFun.java:52) - User name entered: watchable_v2.30.26.6@gmail.com
 INFO [main] (LoginFun.java:60) - Password entered: Demo1111
 INFO [main] (LoginFun.java:66) - Clicked on Login button from Login form
 INFO [main] (LoginFun.java:78) - Successfully login Watchable application...!
 INFO [main] (AssertionRepoFunctions.java:1377) - Video Section title 'What we're watching' is present in Home Page
 INFO [main] (VerifyReportCancelAfterLogin.java:69) - What we're watching video row is present in home page
 INFO [main] (PlayerPageFun.java:25) - Successfully clicked on video title form video section
 INFO [main] (VerifyReportCancelAfterLogin.java:101) - true
 INFO [main] (VerifyReportCancelAfterLogin.java:104) - play from start present
 INFO [main] (AssertionRepoFunctions.java:136) - Successfully navigate to video page
 INFO [main] (AssertionRepoFunctions.java:169) - Video player is present in video page
 INFO [main] (PlayerPageFun.java:275) - Successfully clicked on report button from player
 INFO [main] (VerifyReportCancelAfterLogin.java:135) - Report this video pop up is opened
 INFO [main] (PlayerPageFun.java:325) - Successfully clicked on report cancel button
 INFO [main] (VerifyReportCancelAfterLogin.java:147) - Report this video pop up is closed
 INFO [main] (VerifyPartiallyPlayedVideo.java:35) - Script: VerifyPartiallyPlayedVideo
 INFO [main] (VerifyPartiallyPlayedVideo.java:36) - **********************************
 INFO [main] (VerifyPartiallyPlayedVideo.java:44) - Successfully opened the application
 INFO [main] (LoginFun.java:44) - Login form opened successfully
 INFO [main] (LoginFun.java:52) - User name entered: watchable_v2.30.26.6@gmail.com
 INFO [main] (LoginFun.java:60) - Password entered: Demo1111
 INFO [main] (LoginFun.java:66) - Clicked on Login button from Login form
 INFO [main] (LoginFun.java:78) - Successfully login Watchable application...!
 INFO [main] (AssertionRepoFunctions.java:1377) - Video Section title 'What we're watching' is present in Home Page
 INFO [main] (VerifyPartiallyPlayedVideo.java:67) - What we're watching video row is present in home page
 INFO [main] (PlayerPageFun.java:25) - Successfully clicked on video title form video section
 INFO [main] (VerifyPartiallyPlayedVideo.java:91) - The selected video is partially played
 INFO [main] (VerifyPartiallyPlayedVideo.java:98) - The title 'NOW PLAYING' is displayed
 INFO [main] (VerifyPartiallyPlayedVideo.java:110) - Play from start button is not displayed
 INFO [main] (VerifyPartiallyPlayedVideo.java:119) - Play from resume point button is not displayed
 INFO [main] (VerifyPlayFromStartPoint.java:35) - Script: VerifyPlayFromStartPoint
 INFO [main] (VerifyPlayFromStartPoint.java:36) - ********************************
 INFO [main] (VerifyPlayFromStartPoint.java:44) - Successfully opened the application
 INFO [main] (LoginFun.java:44) - Login form opened successfully
 INFO [main] (LoginFun.java:52) - User name entered: watchable_v2.30.26.6@gmail.com
 INFO [main] (LoginFun.java:60) - Password entered: Demo1111
 INFO [main] (LoginFun.java:66) - Clicked on Login button from Login form
 INFO [main] (LoginFun.java:78) - Successfully login Watchable application...!
 INFO [main] (AssertionRepoFunctions.java:1377) - Video Section title 'What we're watching' is present in Home Page
 INFO [main] (VerifyPlayFromStartPoint.java:67) - What we're watching video row is present in home page
 INFO [main] (PlayerPageFun.java:25) - Successfully clicked on video title form video section
 INFO [main] (VerifyPlayFromStartPoint.java:91) - The selected video is partially played
 INFO [main] (VerifyPlayFromStartPoint.java:99) - Play from start button is not displayed
 INFO [main] (VerifyPlayFromStartPoint.java:106) - Successfully clicked on play from start button
 INFO [main] (AssertionRepoFunctions.java:136) - Successfully navigate to video page
 INFO [main] (VerifyPlayFromResumePoint.java:35) - Script: VerifyPlayFromResumePoint
 INFO [main] (VerifyPlayFromResumePoint.java:36) - *********************************
 INFO [main] (VerifyPlayFromResumePoint.java:44) - Successfully opened the application
 INFO [main] (LoginFun.java:44) - Login form opened successfully
 INFO [main] (LoginFun.java:52) - User name entered: watchable_v2.30.26.6@gmail.com
 INFO [main] (LoginFun.java:60) - Password entered: Demo1111
 INFO [main] (LoginFun.java:66) - Clicked on Login button from Login form
ERROR [main] (LoginFun.java:80) - Login to Watchable application is failed with invalid credentials...!
 INFO [main] (VerifyClickOnWatchableLogoFromVideoPageNavigatesHomePage.java:36) - Script: VerifyClickOnWatchableLogoFromVideoPageNavigatesHomePage
 INFO [main] (VerifyClickOnWatchableLogoFromVideoPageNavigatesHomePage.java:37) - ****************************************************************
 INFO [main] (VerifyClickOnWatchableLogoFromVideoPageNavigatesHomePage.java:45) - Successfully opened the application
 INFO [main] (AssertionRepoFunctions.java:1377) - Video Section title 'What we're watching' is present in Home Page
 INFO [main] (VerifyClickOnWatchableLogoFromVideoPageNavigatesHomePage.java:58) - What we're watching video row is present in home page
 INFO [main] (PlayerPageFun.java:25) - Successfully clicked on video title form video section
 INFO [main] (AssertionRepoFunctions.java:136) - Successfully navigate to video page
 INFO [main] (HomeFun.java:85) - Successfully clicked On Top Watchable Logo
 INFO [main] (VerifyClickOnWatchableLogoFromVideoPageNavigatesHomePage.java:82) - Successfully Navigated to Home page after clicking on Watchable logo from Video Page
 INFO [main] (VerifyClickOnWatchableLogoFromVideoPageNavigatesHomePage.java:83) - 
 INFO [main] (VerifyVideoPageTitle.java:32) - Script: VerifyVideoPageTitle
 INFO [main] (VerifyVideoPageTitle.java:33) - ***********************************************
 INFO [main] (VerifyVideoPageTitle.java:41) - Successfully opened the application
 INFO [main] (AssertionRepoFunctions.java:1377) - Video Section title 'What we're watching' is present in Home Page
 INFO [main] (VerifyVideoPageTitle.java:54) - What we're watching video row is present in home page
 INFO [main] (PlayerPageFun.java:25) - Successfully clicked on video title form video section
 INFO [main] (AssertionRepoFunctions.java:136) - Successfully navigate to video page
 INFO [main] (VerifyVideoPageTitle.java:70) - The video page title displayed is 'Video | Watchable'
 INFO [main] (VerifyVideoContentsWhenPlayPaused.java:32) - Script: VerifyVideoContentsWhenPlayPaused
 INFO [main] (VerifyVideoContentsWhenPlayPaused.java:33) - ***********************************************
 INFO [main] (VerifyVideoContentsWhenPlayPaused.java:41) - Successfully opened the application
 INFO [main] (AssertionRepoFunctions.java:1377) - Video Section title 'What we're watching' is present in Home Page
 INFO [main] (VerifyVideoContentsWhenPlayPaused.java:54) - What we're watching video row is present in home page
 INFO [main] (PlayerPageFun.java:25) - Successfully clicked on video title form video section
 INFO [main] (AssertionRepoFunctions.java:136) - Successfully navigate to video page
 INFO [main] (PlayerPageFun.java:343) - Successfully clicked on video player
 INFO [main] (VerifyVideoContentsWhenPlayPaused.java:78) - The video title displayed is 'Build a Gaming PC on Your Budget- Holiday Buyer's..'
 INFO [main] (VerifyVideoContentsWhenPlayPaused.java:91) - The show title displayed is 'LINUSTECHTIPS'
 INFO [main] (VerifyVideoContentsWhenPlayPaused.java:104) - The show description displayed is 'Our second annual "Holiday Buyer's Guide" for systems at a variety of different price points is..'
 INFO [main] (VerifyVideoContentsWhenPlayPaused.java:116) - Selected video's show logo is displaying in video when play is paused
 INFO [main] (VerifyVideoContentsWhenPlayPaused.java:125) - follow button is displaying in video when play is paused
 INFO [main] (VerifyUpNexSectionInVideoPage.java:32) - Script: VerifyUpNexSectionInVideoPage
 INFO [main] (VerifyUpNexSectionInVideoPage.java:33) - ***********************************************
 INFO [main] (VerifyUpNexSectionInVideoPage.java:41) - Successfully opened the application
 INFO [main] (AssertionRepoFunctions.java:1377) - Video Section title 'What we're watching' is present in Home Page
 INFO [main] (VerifyUpNexSectionInVideoPage.java:54) - What we're watching video row is present in home page
 INFO [main] (PlayerPageFun.java:25) - Successfully clicked on video title form video section
 INFO [main] (AssertionRepoFunctions.java:136) - Successfully navigate to video page
 INFO [main] (VerifyUpNexSectionInVideoPage.java:77) - Up Next vidos section is prsent in Video page with videos
 INFO [main] (VerifyShowTitleInUpNextSectionInVideoPage.java:34) - Script: VerifyShowTitleInUpNextSectionInVideoPage
 INFO [main] (VerifyShowTitleInUpNextSectionInVideoPage.java:35) - ***********************************************
 INFO [main] (VerifyShowTitleInUpNextSectionInVideoPage.java:43) - Successfully opened the application
 INFO [main] (AssertionRepoFunctions.java:1377) - Video Section title 'What we're watching' is present in Home Page
 INFO [main] (VerifyShowTitleInUpNextSectionInVideoPage.java:56) - What we're watching video row is present in home page
 INFO [main] (PlayerPageFun.java:25) - Successfully clicked on video title form video section
 INFO [main] (AssertionRepoFunctions.java:136) - Successfully navigate to video page
 INFO [main] (VerifyShowTitleInUpNextSectionInVideoPage.java:82) - The show title displayed in Up Next section is 'linustechtips'
 INFO [main] (VerifyNavigatingToShowPageOnClickingShowTitleFromUpNextSection.java:35) - Script: VerifyNavigatingToShowPageOnClickingShowTitleFromUpNextSection
 INFO [main] (VerifyNavigatingToShowPageOnClickingShowTitleFromUpNextSection.java:36) - ***********************************************************************
 INFO [main] (VerifyNavigatingToShowPageOnClickingShowTitleFromUpNextSection.java:44) - Successfully opened the application
 INFO [main] (AssertionRepoFunctions.java:1377) - Video Section title 'What we're watching' is present in Home Page
 INFO [main] (VerifyNavigatingToShowPageOnClickingShowTitleFromUpNextSection.java:57) - What we're watching video row is present in home page
 INFO [main] (PlayerPageFun.java:25) - Successfully clicked on video title form video section
 INFO [main] (AssertionRepoFunctions.java:136) - Successfully navigate to video page
 INFO [main] (VerifyNavigatingToShowPageOnClickingShowTitleFromUpNextSection.java:83) - The show title displayed in Up Next section is 'linustechtips'
 INFO [main] (PlayerPageFun.java:365) - Successfully clicked on the show title linustechtips
 INFO [main] (AssertionRepoFunctions.java:304) - User is successfully navigate to Show detail page.
 INFO [main] (VerifyMetadataDisplayedMouseOverOnVideo.java:33) - Script: VerifyMetadataDisplayedMouseOverOnVideo
 INFO [main] (VerifyMetadataDisplayedMouseOverOnVideo.java:34) - ***********************************************
 INFO [main] (VerifyMetadataDisplayedMouseOverOnVideo.java:42) - Successfully opened the application
 INFO [main] (AssertionRepoFunctions.java:1377) - Video Section title 'What we're watching' is present in Home Page
 INFO [main] (VerifyMetadataDisplayedMouseOverOnVideo.java:56) - What we're watching video row is present in home page
 INFO [main] (PlayerPageFun.java:25) - Successfully clicked on video title form video section
 INFO [main] (AssertionRepoFunctions.java:136) - Successfully navigate to video page
 INFO [main] (AssertionRepoFunctions.java:169) - Video player is present in video page
 INFO [main] (VerifyMetadataDisplayedMouseOverOnVideo.java:83) - Verify video meta data is displayed over video on mouse over
 INFO [main] (VerifyClickingOnHomeFooterLinkFromVideoPageNavigatesHomePage.java:38) - Script: VerifyClickingOnHomeFooterLinkFromVideoPageNavigatesHomePage
 INFO [main] (VerifyClickingOnHomeFooterLinkFromVideoPageNavigatesHomePage.java:39) - *******************************************************************
 INFO [main] (VerifyClickingOnHomeFooterLinkFromVideoPageNavigatesHomePage.java:47) - Successfully opened the application
 INFO [main] (AssertionRepoFunctions.java:1377) - Video Section title 'What we're watching' is present in Home Page
 INFO [main] (VerifyClickingOnHomeFooterLinkFromVideoPageNavigatesHomePage.java:60) - What we're watching video row is present in home page
 INFO [main] (PlayerPageFun.java:25) - Successfully clicked on video title form video section
 INFO [main] (AssertionRepoFunctions.java:136) - Successfully navigate to video page
 INFO [main] (VerifyClickingOnHomeFooterLinkFromVideoPageNavigatesHomePage.java:83) - Home Link is present
 INFO [main] (FooterLinkFun.java:50) - Successfully clicked On Home link
 INFO [main] (VerifyClickingOnHomeFooterLinkFromVideoPageNavigatesHomePage.java:91) - Successfully Navigated to Home page after clicking on Home link from video page
 INFO [main] (VerifyUserNavigatingToHomePageLogoutFromVideoPage.java:37) - Script: VerifyUserNavigatingToHomePageLogoutFromVideoPage
 INFO [main] (VerifyUserNavigatingToHomePageLogoutFromVideoPage.java:38) - *********************************************************
 INFO [main] (VerifyUserNavigatingToHomePageLogoutFromVideoPage.java:46) - Successfully opened the application
 INFO [main] (LoginFun.java:44) - Login form opened successfully
 INFO [main] (LoginFun.java:52) - User name entered: watchable_v2.30.26.6@gmail.com
 INFO [main] (LoginFun.java:60) - Password entered: Demo1111
 INFO [main] (LoginFun.java:66) - Clicked on Login button from Login form
 INFO [main] (LoginFun.java:78) - Successfully login Watchable application...!
 INFO [main] (AssertionRepoFunctions.java:1377) - Video Section title 'What we're watching' is present in Home Page
 INFO [main] (VerifyUserNavigatingToHomePageLogoutFromVideoPage.java:65) - Featured video row is present in home page
 INFO [main] (PlayerPageFun.java:25) - Successfully clicked on video title form video section
 INFO [main] (VerifyUserNavigatingToHomePageLogoutFromVideoPage.java:97) - true
 INFO [main] (VerifyUserNavigatingToHomePageLogoutFromVideoPage.java:100) - play from start present
 INFO [main] (AssertionRepoFunctions.java:136) - Successfully navigate to video page
 INFO [main] (LoginFun.java:181) - Successfully Selected Logout option
 INFO [main] (LoginFun.java:189) - Successfully logout from the application...!
 INFO [main] (VerifyUserNavigatingToHomePageLogoutFromVideoPage.java:120) - Successfully navigate back to Home Page after logout from video Page
 INFO [main] (VerifyUserNavigatingToHomePageLogoutFromVideoPage.java:121) - 
]]></system-out>
  <system-err><![CDATA[Starting ChromeDriver (v2.9.248315) on port 9277
Starting ChromeDriver (v2.9.248315) on port 25774
Starting ChromeDriver (v2.9.248315) on port 39470
Starting ChromeDriver (v2.9.248315) on port 42787
Starting ChromeDriver (v2.9.248315) on port 31308
Starting ChromeDriver (v2.9.248315) on port 33129
Starting ChromeDriver (v2.9.248315) on port 26824
Starting ChromeDriver (v2.9.248315) on port 45944
Starting ChromeDriver (v2.9.248315) on port 40957
Starting ChromeDriver (v2.9.248315) on port 11567
Starting ChromeDriver (v2.9.248315) on port 48440
Starting ChromeDriver (v2.9.248315) on port 22258
Starting ChromeDriver (v2.9.248315) on port 20914
Starting ChromeDriver (v2.9.248315) on port 34112
Starting ChromeDriver (v2.9.248315) on port 19073
Starting ChromeDriver (v2.9.248315) on port 47069
Starting ChromeDriver (v2.9.248315) on port 29381
Starting ChromeDriver (v2.9.248315) on port 11206
Starting ChromeDriver (v2.9.248315) on port 48201
Starting ChromeDriver (v2.9.248315) on port 23576
Starting ChromeDriver (v2.9.248315) on port 45424
Starting ChromeDriver (v2.9.248315) on port 19352
Starting ChromeDriver (v2.9.248315) on port 1594
Starting ChromeDriver (v2.9.248315) on port 37174
Starting ChromeDriver (v2.9.248315) on port 14284
Starting ChromeDriver (v2.9.248315) on port 8965
Starting ChromeDriver (v2.9.248315) on port 8374
Starting ChromeDriver (v2.9.248315) on port 21544
Starting ChromeDriver (v2.9.248315) on port 11059
Starting ChromeDriver (v2.9.248315) on port 3817
Starting ChromeDriver (v2.9.248315) on port 7398
Starting ChromeDriver (v2.9.248315) on port 48361
Starting ChromeDriver (v2.9.248315) on port 11034
Starting ChromeDriver (v2.9.248315) on port 19340
Starting ChromeDriver (v2.9.248315) on port 48698
Starting ChromeDriver (v2.9.248315) on port 36969
Starting ChromeDriver (v2.9.248315) on port 46815
Starting ChromeDriver (v2.9.248315) on port 40392
Starting ChromeDriver (v2.9.248315) on port 17449
Starting ChromeDriver (v2.9.248315) on port 30261
Starting ChromeDriver (v2.9.248315) on port 41815
Starting ChromeDriver (v2.9.248315) on port 29262
Starting ChromeDriver (v2.9.248315) on port 13335
[0.974][SEVERE]: bind() returned an error: An attempt was made to access a socket in a way forbidden by its access permissions.
Starting ChromeDriver (v2.9.248315) on port 13123
Starting ChromeDriver (v2.9.248315) on port 11829
Starting ChromeDriver (v2.9.248315) on port 24893
Starting ChromeDriver (v2.9.248315) on port 7365
Starting ChromeDriver (v2.9.248315) on port 21562
Starting ChromeDriver (v2.9.248315) on port 30293
Starting ChromeDriver (v2.9.248315) on port 20267
Starting ChromeDriver (v2.9.248315) on port 20451
Starting ChromeDriver (v2.9.248315) on port 45255
Starting ChromeDriver (v2.9.248315) on port 22251
Starting ChromeDriver (v2.9.248315) on port 33668
Starting ChromeDriver (v2.9.248315) on port 16808
Starting ChromeDriver (v2.9.248315) on port 6268
Starting ChromeDriver (v2.9.248315) on port 15892
Starting ChromeDriver (v2.9.248315) on port 15885
Starting ChromeDriver (v2.9.248315) on port 45041
Starting ChromeDriver (v2.9.248315) on port 33956
Starting ChromeDriver (v2.9.248315) on port 42547
Starting ChromeDriver (v2.9.248315) on port 3593
Starting ChromeDriver (v2.9.248315) on port 35286
Starting ChromeDriver (v2.9.248315) on port 33755
Starting ChromeDriver (v2.9.248315) on port 26875
Starting ChromeDriver (v2.9.248315) on port 47419
Starting ChromeDriver (v2.9.248315) on port 40787
Starting ChromeDriver (v2.9.248315) on port 7840
Starting ChromeDriver (v2.9.248315) on port 20983
Starting ChromeDriver (v2.9.248315) on port 40207
Starting ChromeDriver (v2.9.248315) on port 40846
Starting ChromeDriver (v2.9.248315) on port 30389
Starting ChromeDriver (v2.9.248315) on port 9904
Starting ChromeDriver (v2.9.248315) on port 37286
Starting ChromeDriver (v2.9.248315) on port 48945
Starting ChromeDriver (v2.9.248315) on port 43055
Starting ChromeDriver (v2.9.248315) on port 38044
Starting ChromeDriver (v2.9.248315) on port 13463
Starting ChromeDriver (v2.9.248315) on port 16896
Starting ChromeDriver (v2.9.248315) on port 46137
Starting ChromeDriver (v2.9.248315) on port 7888
Starting ChromeDriver (v2.9.248315) on port 28729
Starting ChromeDriver (v2.9.248315) on port 29658
Starting ChromeDriver (v2.9.248315) on port 6873
Starting ChromeDriver (v2.9.248315) on port 44129
Starting ChromeDriver (v2.9.248315) on port 12888
Starting ChromeDriver (v2.9.248315) on port 7722
Starting ChromeDriver (v2.9.248315) on port 14633
Starting ChromeDriver (v2.9.248315) on port 25502
Starting ChromeDriver (v2.9.248315) on port 4193
Starting ChromeDriver (v2.9.248315) on port 16738
Starting ChromeDriver (v2.9.248315) on port 38643
Starting ChromeDriver (v2.9.248315) on port 20507
Starting ChromeDriver (v2.9.248315) on port 3931
Starting ChromeDriver (v2.9.248315) on port 13477
Starting ChromeDriver (v2.9.248315) on port 43342
Starting ChromeDriver (v2.9.248315) on port 2436
Starting ChromeDriver (v2.9.248315) on port 13880
Starting ChromeDriver (v2.9.248315) on port 21194
Starting ChromeDriver (v2.9.248315) on port 5625
Starting ChromeDriver (v2.9.248315) on port 38468
Starting ChromeDriver (v2.9.248315) on port 19988
Starting ChromeDriver (v2.9.248315) on port 10187
Starting ChromeDriver (v2.9.248315) on port 3673
Starting ChromeDriver (v2.9.248315) on port 3075
Starting ChromeDriver (v2.9.248315) on port 12802
Starting ChromeDriver (v2.9.248315) on port 27960
Starting ChromeDriver (v2.9.248315) on port 48446
Starting ChromeDriver (v2.9.248315) on port 40371
Starting ChromeDriver (v2.9.248315) on port 5664
Starting ChromeDriver (v2.9.248315) on port 28603
Starting ChromeDriver (v2.9.248315) on port 9250
Starting ChromeDriver (v2.9.248315) on port 44751
Starting ChromeDriver (v2.9.248315) on port 24287
Starting ChromeDriver (v2.9.248315) on port 42304
Starting ChromeDriver (v2.9.248315) on port 28937
Starting ChromeDriver (v2.9.248315) on port 27217
Starting ChromeDriver (v2.9.248315) on port 23316
Starting ChromeDriver (v2.9.248315) on port 7505
Starting ChromeDriver (v2.9.248315) on port 29481
Starting ChromeDriver (v2.9.248315) on port 42242
Starting ChromeDriver (v2.9.248315) on port 5419
Starting ChromeDriver (v2.9.248315) on port 12273
Starting ChromeDriver (v2.9.248315) on port 6105
Starting ChromeDriver (v2.9.248315) on port 36432
Starting ChromeDriver (v2.9.248315) on port 27073
Starting ChromeDriver (v2.9.248315) on port 40394
Starting ChromeDriver (v2.9.248315) on port 9071
Starting ChromeDriver (v2.9.248315) on port 35316
Starting ChromeDriver (v2.9.248315) on port 37474
Starting ChromeDriver (v2.9.248315) on port 9836
Starting ChromeDriver (v2.9.248315) on port 39791
Starting ChromeDriver (v2.9.248315) on port 11619
Starting ChromeDriver (v2.9.248315) on port 32702
Starting ChromeDriver (v2.9.248315) on port 25898
Starting ChromeDriver (v2.9.248315) on port 20489
Starting ChromeDriver (v2.9.248315) on port 41440
Starting ChromeDriver (v2.9.248315) on port 47722
Starting ChromeDriver (v2.9.248315) on port 22796
Starting ChromeDriver (v2.9.248315) on port 26615
Starting ChromeDriver (v2.9.248315) on port 7611
Starting ChromeDriver (v2.9.248315) on port 23363
Starting ChromeDriver (v2.9.248315) on port 7116
Starting ChromeDriver (v2.9.248315) on port 7789
Starting ChromeDriver (v2.9.248315) on port 3882
Starting ChromeDriver (v2.9.248315) on port 15696
Starting ChromeDriver (v2.9.248315) on port 39609
Starting ChromeDriver (v2.9.248315) on port 18305
Starting ChromeDriver (v2.9.248315) on port 7543
Starting ChromeDriver (v2.9.248315) on port 15229
Starting ChromeDriver (v2.9.248315) on port 14495
Starting ChromeDriver (v2.9.248315) on port 45517
Starting ChromeDriver (v2.9.248315) on port 45956
Starting ChromeDriver (v2.9.248315) on port 15836
Starting ChromeDriver (v2.9.248315) on port 19946
Starting ChromeDriver (v2.9.248315) on port 40586
Starting ChromeDriver (v2.9.248315) on port 9745
Starting ChromeDriver (v2.9.248315) on port 18060
Starting ChromeDriver (v2.9.248315) on port 7678
Starting ChromeDriver (v2.9.248315) on port 35812
Starting ChromeDriver (v2.9.248315) on port 41878
Starting ChromeDriver (v2.9.248315) on port 33422
Starting ChromeDriver (v2.9.248315) on port 22633
Starting ChromeDriver (v2.9.248315) on port 24349
Starting ChromeDriver (v2.9.248315) on port 3043
Starting ChromeDriver (v2.9.248315) on port 4688
Starting ChromeDriver (v2.9.248315) on port 45895
Starting ChromeDriver (v2.9.248315) on port 29293
Starting ChromeDriver (v2.9.248315) on port 23781
Starting ChromeDriver (v2.9.248315) on port 17997
Starting ChromeDriver (v2.9.248315) on port 30216
Starting ChromeDriver (v2.9.248315) on port 47952
Starting ChromeDriver (v2.9.248315) on port 45389
Starting ChromeDriver (v2.9.248315) on port 3095
Starting ChromeDriver (v2.9.248315) on port 34831
Starting ChromeDriver (v2.9.248315) on port 27840
Starting ChromeDriver (v2.9.248315) on port 17952
Starting ChromeDriver (v2.9.248315) on port 20510
Starting ChromeDriver (v2.9.248315) on port 7951
Starting ChromeDriver (v2.9.248315) on port 47475
Starting ChromeDriver (v2.9.248315) on port 4770
Starting ChromeDriver (v2.9.248315) on port 17535
Starting ChromeDriver (v2.9.248315) on port 11147
Starting ChromeDriver (v2.9.248315) on port 33841
Starting ChromeDriver (v2.9.248315) on port 20039
Starting ChromeDriver (v2.9.248315) on port 9670
Starting ChromeDriver (v2.9.248315) on port 24476
Starting ChromeDriver (v2.9.248315) on port 41774
Starting ChromeDriver (v2.9.248315) on port 38784
Starting ChromeDriver (v2.9.248315) on port 43395
Starting ChromeDriver (v2.9.248315) on port 19853
Starting ChromeDriver (v2.9.248315) on port 41650
Starting ChromeDriver (v2.9.248315) on port 15048
Starting ChromeDriver (v2.9.248315) on port 30418
Starting ChromeDriver (v2.9.248315) on port 7592
Starting ChromeDriver (v2.9.248315) on port 17790
Starting ChromeDriver (v2.9.248315) on port 14819
Starting ChromeDriver (v2.9.248315) on port 23802
Starting ChromeDriver (v2.9.248315) on port 25791
Starting ChromeDriver (v2.9.248315) on port 30076
Starting ChromeDriver (v2.9.248315) on port 20461
Starting ChromeDriver (v2.9.248315) on port 37309
Starting ChromeDriver (v2.9.248315) on port 46112
Starting ChromeDriver (v2.9.248315) on port 42973
Starting ChromeDriver (v2.9.248315) on port 2173
Starting ChromeDriver (v2.9.248315) on port 17253
Starting ChromeDriver (v2.9.248315) on port 47545
Starting ChromeDriver (v2.9.248315) on port 26117
Starting ChromeDriver (v2.9.248315) on port 20031
Starting ChromeDriver (v2.9.248315) on port 34793
Starting ChromeDriver (v2.9.248315) on port 22425
Starting ChromeDriver (v2.9.248315) on port 37320
Starting ChromeDriver (v2.9.248315) on port 31352
Starting ChromeDriver (v2.9.248315) on port 47319
Starting ChromeDriver (v2.9.248315) on port 2729
Starting ChromeDriver (v2.9.248315) on port 13857
Starting ChromeDriver (v2.9.248315) on port 34357
Starting ChromeDriver (v2.9.248315) on port 19153
Starting ChromeDriver (v2.9.248315) on port 4614
Starting ChromeDriver (v2.9.248315) on port 5030
Starting ChromeDriver (v2.9.248315) on port 48413
Starting ChromeDriver (v2.9.248315) on port 38663
Starting ChromeDriver (v2.9.248315) on port 39334
Starting ChromeDriver (v2.9.248315) on port 19757
Starting ChromeDriver (v2.9.248315) on port 39294
Starting ChromeDriver (v2.9.248315) on port 20026
Starting ChromeDriver (v2.9.248315) on port 48618
Starting ChromeDriver (v2.9.248315) on port 19282
Starting ChromeDriver (v2.9.248315) on port 20492
Starting ChromeDriver (v2.9.248315) on port 42219
Starting ChromeDriver (v2.9.248315) on port 29555
Starting ChromeDriver (v2.9.248315) on port 30151
Starting ChromeDriver (v2.9.248315) on port 44176
Starting ChromeDriver (v2.9.248315) on port 38896
[0.959][SEVERE]: bind() returned an error: An attempt was made to access a socket in a way forbidden by its access permissions.
Starting ChromeDriver (v2.9.248315) on port 7075
Starting ChromeDriver (v2.9.248315) on port 22101
Starting ChromeDriver (v2.9.248315) on port 37789
Starting ChromeDriver (v2.9.248315) on port 47651
]]></system-err>
</testsuite>
